{"level":30,"time":1715663151617,"pid":44,"hostname":"26d957ae-c7ab-4b65-8316-7b0c744c6531","msg":"Validation du fichier de configuration et des variables d'environnement"}
{"level":40,"time":1715663151618,"pid":44,"hostname":"26d957ae-c7ab-4b65-8316-7b0c744c6531","msg":"env: STRANGE_API_KEY est manquant. Les commandes d'image ne fonctionneront pas"}
{"level":30,"time":1715663151707,"pid":44,"hostname":"26d957ae-c7ab-4b65-8316-7b0c744c6531","msg":"Loading commands..."}
{"level":20,"time":1715663152180,"pid":44,"hostname":"26d957ae-c7ab-4b65-8316-7b0c744c6531","msg":"Skipping Command filter. Category IMAGE is disabled"}
{"level":20,"time":1715663152181,"pid":44,"hostname":"26d957ae-c7ab-4b65-8316-7b0c744c6531","msg":"Skipping Command generator. Category IMAGE is disabled"}
{"level":20,"time":1715663152182,"pid":44,"hostname":"26d957ae-c7ab-4b65-8316-7b0c744c6531","msg":"Skipping Command overlay. Category IMAGE is disabled"}
{"level":20,"time":1715663152189,"pid":44,"hostname":"26d957ae-c7ab-4b65-8316-7b0c744c6531","msg":"Skipping slash command avatar. Disabled!"}
{"level":20,"time":1715663152190,"pid":44,"hostname":"26d957ae-c7ab-4b65-8316-7b0c744c6531","msg":"Skipping slash command botinvite. Disabled!"}
{"level":20,"time":1715663152191,"pid":44,"hostname":"26d957ae-c7ab-4b65-8316-7b0c744c6531","msg":"Skipping slash command botstats. Disabled!"}
{"level":20,"time":1715663152193,"pid":44,"hostname":"26d957ae-c7ab-4b65-8316-7b0c744c6531","msg":"Skipping slash command channelinfo. Disabled!"}
{"level":20,"time":1715663152194,"pid":44,"hostname":"26d957ae-c7ab-4b65-8316-7b0c744c6531","msg":"Skipping slash command emojiinfo. Disabled!"}
{"level":20,"time":1715663152208,"pid":44,"hostname":"26d957ae-c7ab-4b65-8316-7b0c744c6531","msg":"Skipping slash command guildinfo. Disabled!"}
{"level":20,"time":1715663152209,"pid":44,"hostname":"26d957ae-c7ab-4b65-8316-7b0c744c6531","msg":"Skipping slash command uptime. Disabled!"}
{"level":20,"time":1715663152210,"pid":44,"hostname":"26d957ae-c7ab-4b65-8316-7b0c744c6531","msg":"Skipping slash command userinfo. Disabled!"}
{"level":20,"time":1715663152211,"pid":44,"hostname":"26d957ae-c7ab-4b65-8316-7b0c744c6531","msg":"Skipping command bot. Disabled!"}
{"level":20,"time":1715663152212,"pid":44,"hostname":"26d957ae-c7ab-4b65-8316-7b0c744c6531","msg":"Skipping command info. Disabled!"}
{"level":20,"time":1715663152223,"pid":44,"hostname":"26d957ae-c7ab-4b65-8316-7b0c744c6531","msg":"Skipping slash command deafen. Disabled!"}
{"level":20,"time":1715663152224,"pid":44,"hostname":"26d957ae-c7ab-4b65-8316-7b0c744c6531","msg":"Skipping slash command disconnect. Disabled!"}
{"level":20,"time":1715663152225,"pid":44,"hostname":"26d957ae-c7ab-4b65-8316-7b0c744c6531","msg":"Skipping slash command move. Disabled!"}
{"level":20,"time":1715663152225,"pid":44,"hostname":"26d957ae-c7ab-4b65-8316-7b0c744c6531","msg":"Skipping slash command purge. Disabled!"}
{"level":20,"time":1715663152226,"pid":44,"hostname":"26d957ae-c7ab-4b65-8316-7b0c744c6531","msg":"Skipping slash command purgeattach. Disabled!"}
{"level":20,"time":1715663152226,"pid":44,"hostname":"26d957ae-c7ab-4b65-8316-7b0c744c6531","msg":"Skipping slash command purgebots. Disabled!"}
{"level":20,"time":1715663152227,"pid":44,"hostname":"26d957ae-c7ab-4b65-8316-7b0c744c6531","msg":"Skipping slash command purgelinks. Disabled!"}
{"level":20,"time":1715663152227,"pid":44,"hostname":"26d957ae-c7ab-4b65-8316-7b0c744c6531","msg":"Skipping slash command purgetoken. Disabled!"}
{"level":20,"time":1715663152228,"pid":44,"hostname":"26d957ae-c7ab-4b65-8316-7b0c744c6531","msg":"Skipping slash command purgeuser. Disabled!"}
{"level":20,"time":1715663152230,"pid":44,"hostname":"26d957ae-c7ab-4b65-8316-7b0c744c6531","msg":"Skipping slash command undeafen. Disabled!"}
{"level":20,"time":1715663152231,"pid":44,"hostname":"26d957ae-c7ab-4b65-8316-7b0c744c6531","msg":"Skipping slash command vmute. Disabled!"}
{"level":20,"time":1715663152231,"pid":44,"hostname":"26d957ae-c7ab-4b65-8316-7b0c744c6531","msg":"Skipping slash command vunmute. Disabled!"}
{"level":20,"time":1715663152233,"pid":44,"hostname":"26d957ae-c7ab-4b65-8316-7b0c744c6531","msg":"Skipping command purge. Disabled!"}
{"level":20,"time":1715663152234,"pid":44,"hostname":"26d957ae-c7ab-4b65-8316-7b0c744c6531","msg":"Skipping command voice. Disabled!"}
{"level":20,"time":1715663152238,"pid":44,"hostname":"26d957ae-c7ab-4b65-8316-7b0c744c6531","msg":"Skipping Command bassboost. Category MUSIC is disabled"}
{"level":20,"time":1715663152240,"pid":44,"hostname":"26d957ae-c7ab-4b65-8316-7b0c744c6531","msg":"Skipping Command loop. Category MUSIC is disabled"}
{"level":20,"time":1715663152240,"pid":44,"hostname":"26d957ae-c7ab-4b65-8316-7b0c744c6531","msg":"Skipping Command lyric. Category MUSIC is disabled"}
{"level":20,"time":1715663152242,"pid":44,"hostname":"26d957ae-c7ab-4b65-8316-7b0c744c6531","msg":"Skipping Command np. Category MUSIC is disabled"}
{"level":20,"time":1715663152242,"pid":44,"hostname":"26d957ae-c7ab-4b65-8316-7b0c744c6531","msg":"Skipping Command pause. Category MUSIC is disabled"}
{"level":20,"time":1715663152243,"pid":44,"hostname":"26d957ae-c7ab-4b65-8316-7b0c744c6531","msg":"Skipping Command play. Category MUSIC is disabled"}
{"level":20,"time":1715663152244,"pid":44,"hostname":"26d957ae-c7ab-4b65-8316-7b0c744c6531","msg":"Skipping Command queue. Category MUSIC is disabled"}
{"level":20,"time":1715663152245,"pid":44,"hostname":"26d957ae-c7ab-4b65-8316-7b0c744c6531","msg":"Skipping Command resume. Category MUSIC is disabled"}
{"level":20,"time":1715663152245,"pid":44,"hostname":"26d957ae-c7ab-4b65-8316-7b0c744c6531","msg":"Skipping Command search. Category MUSIC is disabled"}
{"level":20,"time":1715663152246,"pid":44,"hostname":"26d957ae-c7ab-4b65-8316-7b0c744c6531","msg":"Skipping Command seek. Category MUSIC is disabled"}
{"level":20,"time":1715663152246,"pid":44,"hostname":"26d957ae-c7ab-4b65-8316-7b0c744c6531","msg":"Skipping Command shuffle. Category MUSIC is disabled"}
{"level":20,"time":1715663152247,"pid":44,"hostname":"26d957ae-c7ab-4b65-8316-7b0c744c6531","msg":"Skipping Command skip. Category MUSIC is disabled"}
{"level":20,"time":1715663152247,"pid":44,"hostname":"26d957ae-c7ab-4b65-8316-7b0c744c6531","msg":"Skipping Command stop. Category MUSIC is disabled"}
{"level":20,"time":1715663152248,"pid":44,"hostname":"26d957ae-c7ab-4b65-8316-7b0c744c6531","msg":"Skipping Command volume. Category MUSIC is disabled"}
{"level":20,"time":1715663152249,"pid":44,"hostname":"26d957ae-c7ab-4b65-8316-7b0c744c6531","msg":"Skipping slash command eval. Disabled!"}
{"level":20,"time":1715663152249,"pid":44,"hostname":"26d957ae-c7ab-4b65-8316-7b0c744c6531","msg":"Skipping slash command leaveserver. Disabled!"}
{"level":20,"time":1715663152250,"pid":44,"hostname":"26d957ae-c7ab-4b65-8316-7b0c744c6531","msg":"Skipping slash command listservers. Disabled!"}
{"level":20,"time":1715663152371,"pid":44,"hostname":"26d957ae-c7ab-4b65-8316-7b0c744c6531","msg":"Skipping command link. Disabled!"}
{"level":20,"time":1715663152371,"pid":44,"hostname":"26d957ae-c7ab-4b65-8316-7b0c744c6531","msg":"Skipping slash command link. Disabled!"}
{"level":30,"time":1715663152375,"pid":44,"hostname":"26d957ae-c7ab-4b65-8316-7b0c744c6531","msg":"Loaded 88 commands"}
{"level":30,"time":1715663152375,"pid":44,"hostname":"26d957ae-c7ab-4b65-8316-7b0c744c6531","msg":"Loaded 69 slash commands"}
{"level":30,"time":1715663152375,"pid":44,"hostname":"26d957ae-c7ab-4b65-8316-7b0c744c6531","msg":"Loading contexts..."}
{"level":30,"time":1715663152376,"pid":44,"hostname":"26d957ae-c7ab-4b65-8316-7b0c744c6531","msg":"Loaded 0 USER contexts"}
{"level":30,"time":1715663152376,"pid":44,"hostname":"26d957ae-c7ab-4b65-8316-7b0c744c6531","msg":"Loaded 0 MESSAGE contexts"}
{"level":30,"time":1715663152384,"pid":44,"hostname":"26d957ae-c7ab-4b65-8316-7b0c744c6531","msg":"Loading events..."}
{"level":30,"time":1715663152447,"pid":44,"hostname":"26d957ae-c7ab-4b65-8316-7b0c744c6531","msg":"Loaded 16 events. Success (16) Failed (0)"}
{"level":40,"time":1715663152811,"pid":44,"hostname":"26d957ae-c7ab-4b65-8316-7b0c744c6531","msg":"VersionCheck: 5.5.0 update is available"}
{"level":40,"time":1715663152811,"pid":44,"hostname":"26d957ae-c7ab-4b65-8316-7b0c744c6531","msg":"download: https://github.com/saiteja-madha/discord-js-bot/releases/latest"}
{"level":30,"time":1715663152811,"pid":44,"hostname":"26d957ae-c7ab-4b65-8316-7b0c744c6531","msg":"Lancement du tableau de bord"}
{"level":30,"time":1715663153007,"pid":44,"hostname":"26d957ae-c7ab-4b65-8316-7b0c744c6531","msg":"Connecting to MongoDb..."}
{"level":30,"time":1715663153815,"pid":44,"hostname":"26d957ae-c7ab-4b65-8316-7b0c744c6531","msg":"Mongoose: Database connection established"}
{"level":30,"time":1715663153862,"pid":44,"hostname":"26d957ae-c7ab-4b65-8316-7b0c744c6531","msg":"Le Dashboard fonctionne sous le port 3265"}
{"level":30,"time":1715663155324,"pid":44,"hostname":"26d957ae-c7ab-4b65-8316-7b0c744c6531","msg":"Connecté à VersaLink(BETA)#0390! (1229810158645809253)"}
{"level":30,"time":1715663155324,"pid":44,"hostname":"26d957ae-c7ab-4b65-8316-7b0c744c6531","msg":"Initialisation du système de Giveways..."}
{"level":30,"time":1715663155406,"pid":44,"hostname":"26d957ae-c7ab-4b65-8316-7b0c744c6531","msg":"Gestionaire de Giveways initialisé !"}
{"level":30,"time":1715663155971,"pid":44,"hostname":"26d957ae-c7ab-4b65-8316-7b0c744c6531","msg":"Successfully registered interactions"}
{"level":50,"time":1715673853488,"pid":44,"hostname":"26d957ae-c7ab-4b65-8316-7b0c744c6531","err":{"type":"PoolClearedOnNetworkError","message":"Connection to ac-9loqot0-shard-00-02.edphqgj.mongodb.net:27017 interrupted due to server monitor timeout","stack":"PoolClearedOnNetworkError: Connection to ac-9loqot0-shard-00-02.edphqgj.mongodb.net:27017 interrupted due to server monitor timeout\n    at ConnectionPool.interruptInUseConnections (/home/container/node_modules/mongodb/src/cmap/connection_pool.ts:485:28)\n    at /home/container/node_modules/mongodb/src/cmap/connection_pool.ts:470:35\n    at processTicksAndRejections (node:internal/process/task_queues:77:11)","address":"ac-9loqot0-shard-00-02.edphqgj.mongodb.net:27017"},"msg":"Unhandled exception: Connection to ac-9loqot0-shard-00-02.edphqgj.mongodb.net:27017 interrupted due to server monitor timeout"}
{"level":50,"time":1715676684234,"pid":44,"hostname":"26d957ae-c7ab-4b65-8316-7b0c744c6531","err":{"type":"MongoServerSelectionError","message":"getaddrinfo EAI_AGAIN ac-9loqot0-shard-00-00.edphqgj.mongodb.net","stack":"MongoServerSelectionError: getaddrinfo EAI_AGAIN ac-9loqot0-shard-00-00.edphqgj.mongodb.net\n    at Timeout._onTimeout (/home/container/node_modules/mongodb/src/sdam/topology.ts:567:30)\n    at listOnTimeout (node:internal/timers:573:17)\n    at processTimers (node:internal/timers:514:7)","reason":{"type":"ReplicaSetNoPrimary","servers":{},"stale":false,"compatible":true,"heartbeatFrequencyMS":10000,"localThresholdMS":15,"setName":"atlas-5jecz8-shard-0","maxElectionId":"7fffffff00000000000000ac","maxSetVersion":6,"commonWireVersion":0,"logicalSessionTimeoutMinutes":null}},"msg":"Unhandled exception: getaddrinfo EAI_AGAIN ac-9loqot0-shard-00-00.edphqgj.mongodb.net"}
{"level":50,"time":1715676744230,"pid":44,"hostname":"26d957ae-c7ab-4b65-8316-7b0c744c6531","err":{"type":"MongoServerSelectionError","message":"connection timed out","stack":"MongoServerSelectionError: connection timed out\n    at Timeout._onTimeout (/home/container/node_modules/mongodb/src/sdam/topology.ts:567:30)\n    at listOnTimeout (node:internal/timers:573:17)\n    at processTimers (node:internal/timers:514:7)","reason":{"type":"ReplicaSetNoPrimary","servers":{},"stale":false,"compatible":true,"heartbeatFrequencyMS":10000,"localThresholdMS":15,"setName":"atlas-5jecz8-shard-0","maxElectionId":"7fffffff00000000000000ac","maxSetVersion":6,"commonWireVersion":0,"logicalSessionTimeoutMinutes":null}},"msg":"Unhandled exception: connection timed out"}
{"level":50,"time":1715676804233,"pid":44,"hostname":"26d957ae-c7ab-4b65-8316-7b0c744c6531","err":{"type":"MongoServerSelectionError","message":"connection timed out","stack":"MongoServerSelectionError: connection timed out\n    at Timeout._onTimeout (/home/container/node_modules/mongodb/src/sdam/topology.ts:567:30)\n    at listOnTimeout (node:internal/timers:573:17)\n    at processTimers (node:internal/timers:514:7)","reason":{"type":"ReplicaSetNoPrimary","servers":{},"stale":false,"compatible":true,"heartbeatFrequencyMS":10000,"localThresholdMS":15,"setName":"atlas-5jecz8-shard-0","maxElectionId":"7fffffff00000000000000ac","maxSetVersion":6,"commonWireVersion":0,"logicalSessionTimeoutMinutes":null}},"msg":"Unhandled exception: connection timed out"}
{"level":50,"time":1715676969555,"pid":44,"hostname":"26d957ae-c7ab-4b65-8316-7b0c744c6531","err":{"type":"PoolClearedOnNetworkError","message":"Connection to ac-9loqot0-shard-00-02.edphqgj.mongodb.net:27017 interrupted due to server monitor timeout","stack":"PoolClearedOnNetworkError: Connection to ac-9loqot0-shard-00-02.edphqgj.mongodb.net:27017 interrupted due to server monitor timeout\n    at ConnectionPool.interruptInUseConnections (/home/container/node_modules/mongodb/src/cmap/connection_pool.ts:485:28)\n    at /home/container/node_modules/mongodb/src/cmap/connection_pool.ts:470:35\n    at processTicksAndRejections (node:internal/process/task_queues:77:11)","address":"ac-9loqot0-shard-00-02.edphqgj.mongodb.net:27017"},"msg":"Unhandled exception: Connection to ac-9loqot0-shard-00-02.edphqgj.mongodb.net:27017 interrupted due to server monitor timeout"}
{"level":50,"time":1715677044235,"pid":44,"hostname":"26d957ae-c7ab-4b65-8316-7b0c744c6531","err":{"type":"MongoServerSelectionError","message":"connection timed out","stack":"MongoServerSelectionError: connection timed out\n    at Timeout._onTimeout (/home/container/node_modules/mongodb/src/sdam/topology.ts:567:30)\n    at listOnTimeout (node:internal/timers:573:17)\n    at processTimers (node:internal/timers:514:7)","reason":{"type":"ReplicaSetNoPrimary","servers":{},"stale":false,"compatible":true,"heartbeatFrequencyMS":10000,"localThresholdMS":15,"setName":"atlas-5jecz8-shard-0","maxElectionId":"7fffffff00000000000000ac","maxSetVersion":6,"commonWireVersion":0,"logicalSessionTimeoutMinutes":null}},"msg":"Unhandled exception: connection timed out"}
{"level":50,"time":1715677164237,"pid":44,"hostname":"26d957ae-c7ab-4b65-8316-7b0c744c6531","err":{"type":"MongoServerSelectionError","message":"connection timed out","stack":"MongoServerSelectionError: connection timed out\n    at Timeout._onTimeout (/home/container/node_modules/mongodb/src/sdam/topology.ts:567:30)\n    at listOnTimeout (node:internal/timers:573:17)\n    at processTimers (node:internal/timers:514:7)","reason":{"type":"ReplicaSetNoPrimary","servers":{},"stale":false,"compatible":true,"heartbeatFrequencyMS":10000,"localThresholdMS":15,"setName":"atlas-5jecz8-shard-0","maxElectionId":"7fffffff00000000000000ac","maxSetVersion":6,"commonWireVersion":0,"logicalSessionTimeoutMinutes":null}},"msg":"Unhandled exception: connection timed out"}
{"level":50,"time":1715677224237,"pid":44,"hostname":"26d957ae-c7ab-4b65-8316-7b0c744c6531","err":{"type":"MongoServerSelectionError","message":"connection timed out","stack":"MongoServerSelectionError: connection timed out\n    at Timeout._onTimeout (/home/container/node_modules/mongodb/src/sdam/topology.ts:567:30)\n    at listOnTimeout (node:internal/timers:573:17)\n    at processTimers (node:internal/timers:514:7)","reason":{"type":"ReplicaSetNoPrimary","servers":{},"stale":false,"compatible":true,"heartbeatFrequencyMS":10000,"localThresholdMS":15,"setName":"atlas-5jecz8-shard-0","maxElectionId":"7fffffff00000000000000ac","maxSetVersion":6,"commonWireVersion":0,"logicalSessionTimeoutMinutes":null}},"msg":"Unhandled exception: connection timed out"}
{"level":50,"time":1715677284236,"pid":44,"hostname":"26d957ae-c7ab-4b65-8316-7b0c744c6531","err":{"type":"MongoServerSelectionError","message":"connection timed out","stack":"MongoServerSelectionError: connection timed out\n    at Timeout._onTimeout (/home/container/node_modules/mongodb/src/sdam/topology.ts:567:30)\n    at listOnTimeout (node:internal/timers:573:17)\n    at processTimers (node:internal/timers:514:7)","reason":{"type":"ReplicaSetNoPrimary","servers":{},"stale":false,"compatible":true,"heartbeatFrequencyMS":10000,"localThresholdMS":15,"setName":"atlas-5jecz8-shard-0","maxElectionId":"7fffffff00000000000000ac","maxSetVersion":6,"commonWireVersion":0,"logicalSessionTimeoutMinutes":null}},"msg":"Unhandled exception: connection timed out"}
{"level":50,"time":1715677344245,"pid":44,"hostname":"26d957ae-c7ab-4b65-8316-7b0c744c6531","err":{"type":"MongoServerSelectionError","message":"connection timed out","stack":"MongoServerSelectionError: connection timed out\n    at Timeout._onTimeout (/home/container/node_modules/mongodb/src/sdam/topology.ts:567:30)\n    at listOnTimeout (node:internal/timers:573:17)\n    at processTimers (node:internal/timers:514:7)","reason":{"type":"ReplicaSetNoPrimary","servers":{},"stale":false,"compatible":true,"heartbeatFrequencyMS":10000,"localThresholdMS":15,"setName":"atlas-5jecz8-shard-0","maxElectionId":"7fffffff00000000000000ac","maxSetVersion":6,"commonWireVersion":0,"logicalSessionTimeoutMinutes":null}},"msg":"Unhandled exception: connection timed out"}
{"level":50,"time":1715677404250,"pid":44,"hostname":"26d957ae-c7ab-4b65-8316-7b0c744c6531","err":{"type":"MongoServerSelectionError","message":"connection timed out","stack":"MongoServerSelectionError: connection timed out\n    at Timeout._onTimeout (/home/container/node_modules/mongodb/src/sdam/topology.ts:567:30)\n    at listOnTimeout (node:internal/timers:573:17)\n    at processTimers (node:internal/timers:514:7)","reason":{"type":"ReplicaSetNoPrimary","servers":{},"stale":false,"compatible":true,"heartbeatFrequencyMS":10000,"localThresholdMS":15,"setName":"atlas-5jecz8-shard-0","maxElectionId":"7fffffff00000000000000ac","maxSetVersion":6,"commonWireVersion":0,"logicalSessionTimeoutMinutes":null}},"msg":"Unhandled exception: connection timed out"}
{"level":50,"time":1715678488964,"pid":44,"hostname":"26d957ae-c7ab-4b65-8316-7b0c744c6531","err":{"type":"PoolClearedOnNetworkError","message":"Connection to ac-9loqot0-shard-00-02.edphqgj.mongodb.net:27017 interrupted due to server monitor timeout","stack":"PoolClearedOnNetworkError: Connection to ac-9loqot0-shard-00-02.edphqgj.mongodb.net:27017 interrupted due to server monitor timeout\n    at ConnectionPool.interruptInUseConnections (/home/container/node_modules/mongodb/src/cmap/connection_pool.ts:485:28)\n    at /home/container/node_modules/mongodb/src/cmap/connection_pool.ts:470:35\n    at processTicksAndRejections (node:internal/process/task_queues:77:11)","address":"ac-9loqot0-shard-00-02.edphqgj.mongodb.net:27017"},"msg":"Unhandled exception: Connection to ac-9loqot0-shard-00-02.edphqgj.mongodb.net:27017 interrupted due to server monitor timeout"}
{"level":50,"time":1715678544289,"pid":44,"hostname":"26d957ae-c7ab-4b65-8316-7b0c744c6531","err":{"type":"MongoServerSelectionError","message":"getaddrinfo EAI_AGAIN ac-9loqot0-shard-00-00.edphqgj.mongodb.net","stack":"MongoServerSelectionError: getaddrinfo EAI_AGAIN ac-9loqot0-shard-00-00.edphqgj.mongodb.net\n    at Timeout._onTimeout (/home/container/node_modules/mongodb/src/sdam/topology.ts:567:30)\n    at listOnTimeout (node:internal/timers:573:17)\n    at processTimers (node:internal/timers:514:7)","reason":{"type":"ReplicaSetNoPrimary","servers":{},"stale":false,"compatible":true,"heartbeatFrequencyMS":10000,"localThresholdMS":15,"setName":"atlas-5jecz8-shard-0","maxElectionId":"7fffffff00000000000000ac","maxSetVersion":6,"commonWireVersion":0,"logicalSessionTimeoutMinutes":null}},"msg":"Unhandled exception: getaddrinfo EAI_AGAIN ac-9loqot0-shard-00-00.edphqgj.mongodb.net"}
{"level":50,"time":1715678604291,"pid":44,"hostname":"26d957ae-c7ab-4b65-8316-7b0c744c6531","err":{"type":"MongoServerSelectionError","message":"getaddrinfo EAI_AGAIN ac-9loqot0-shard-00-00.edphqgj.mongodb.net","stack":"MongoServerSelectionError: getaddrinfo EAI_AGAIN ac-9loqot0-shard-00-00.edphqgj.mongodb.net\n    at Timeout._onTimeout (/home/container/node_modules/mongodb/src/sdam/topology.ts:567:30)\n    at listOnTimeout (node:internal/timers:573:17)\n    at processTimers (node:internal/timers:514:7)","reason":{"type":"ReplicaSetNoPrimary","servers":{},"stale":false,"compatible":true,"heartbeatFrequencyMS":10000,"localThresholdMS":15,"setName":"atlas-5jecz8-shard-0","maxElectionId":"7fffffff00000000000000ac","maxSetVersion":6,"commonWireVersion":0,"logicalSessionTimeoutMinutes":null}},"msg":"Unhandled exception: getaddrinfo EAI_AGAIN ac-9loqot0-shard-00-00.edphqgj.mongodb.net"}
{"level":50,"time":1715678664291,"pid":44,"hostname":"26d957ae-c7ab-4b65-8316-7b0c744c6531","err":{"type":"MongoServerSelectionError","message":"connection timed out","stack":"MongoServerSelectionError: connection timed out\n    at Timeout._onTimeout (/home/container/node_modules/mongodb/src/sdam/topology.ts:567:30)\n    at listOnTimeout (node:internal/timers:573:17)\n    at processTimers (node:internal/timers:514:7)","reason":{"type":"ReplicaSetNoPrimary","servers":{},"stale":false,"compatible":true,"heartbeatFrequencyMS":10000,"localThresholdMS":15,"setName":"atlas-5jecz8-shard-0","maxElectionId":"7fffffff00000000000000ac","maxSetVersion":6,"commonWireVersion":0,"logicalSessionTimeoutMinutes":null}},"msg":"Unhandled exception: connection timed out"}
{"level":50,"time":1715678724290,"pid":44,"hostname":"26d957ae-c7ab-4b65-8316-7b0c744c6531","err":{"type":"MongoServerSelectionError","message":"connection timed out","stack":"MongoServerSelectionError: connection timed out\n    at Timeout._onTimeout (/home/container/node_modules/mongodb/src/sdam/topology.ts:567:30)\n    at listOnTimeout (node:internal/timers:573:17)\n    at processTimers (node:internal/timers:514:7)","reason":{"type":"ReplicaSetNoPrimary","servers":{},"stale":false,"compatible":true,"heartbeatFrequencyMS":10000,"localThresholdMS":15,"setName":"atlas-5jecz8-shard-0","maxElectionId":"7fffffff00000000000000ac","maxSetVersion":6,"commonWireVersion":0,"logicalSessionTimeoutMinutes":null}},"msg":"Unhandled exception: connection timed out"}
{"level":50,"time":1715678784291,"pid":44,"hostname":"26d957ae-c7ab-4b65-8316-7b0c744c6531","err":{"type":"MongoServerSelectionError","message":"connection timed out","stack":"MongoServerSelectionError: connection timed out\n    at Timeout._onTimeout (/home/container/node_modules/mongodb/src/sdam/topology.ts:567:30)\n    at listOnTimeout (node:internal/timers:573:17)\n    at processTimers (node:internal/timers:514:7)","reason":{"type":"ReplicaSetNoPrimary","servers":{},"stale":false,"compatible":true,"heartbeatFrequencyMS":10000,"localThresholdMS":15,"setName":"atlas-5jecz8-shard-0","maxElectionId":"7fffffff00000000000000ac","maxSetVersion":6,"commonWireVersion":0,"logicalSessionTimeoutMinutes":null}},"msg":"Unhandled exception: connection timed out"}
{"level":50,"time":1715678844299,"pid":44,"hostname":"26d957ae-c7ab-4b65-8316-7b0c744c6531","err":{"type":"MongoServerSelectionError","message":"connection timed out","stack":"MongoServerSelectionError: connection timed out\n    at Timeout._onTimeout (/home/container/node_modules/mongodb/src/sdam/topology.ts:567:30)\n    at listOnTimeout (node:internal/timers:573:17)\n    at processTimers (node:internal/timers:514:7)","reason":{"type":"ReplicaSetNoPrimary","servers":{},"stale":false,"compatible":true,"heartbeatFrequencyMS":10000,"localThresholdMS":15,"setName":"atlas-5jecz8-shard-0","maxElectionId":"7fffffff00000000000000ac","maxSetVersion":6,"commonWireVersion":0,"logicalSessionTimeoutMinutes":null}},"msg":"Unhandled exception: connection timed out"}
{"level":50,"time":1715680944352,"pid":44,"hostname":"26d957ae-c7ab-4b65-8316-7b0c744c6531","err":{"type":"MongoServerSelectionError","message":"connection timed out","stack":"MongoServerSelectionError: connection timed out\n    at Timeout._onTimeout (/home/container/node_modules/mongodb/src/sdam/topology.ts:567:30)\n    at listOnTimeout (node:internal/timers:573:17)\n    at processTimers (node:internal/timers:514:7)","reason":{"type":"ReplicaSetNoPrimary","servers":{},"stale":false,"compatible":true,"heartbeatFrequencyMS":10000,"localThresholdMS":15,"setName":"atlas-5jecz8-shard-0","maxElectionId":"7fffffff00000000000000ac","maxSetVersion":6,"commonWireVersion":0,"logicalSessionTimeoutMinutes":null}},"msg":"Unhandled exception: connection timed out"}
{"level":50,"time":1715681004352,"pid":44,"hostname":"26d957ae-c7ab-4b65-8316-7b0c744c6531","err":{"type":"MongoServerSelectionError","message":"connection timed out","stack":"MongoServerSelectionError: connection timed out\n    at Timeout._onTimeout (/home/container/node_modules/mongodb/src/sdam/topology.ts:567:30)\n    at listOnTimeout (node:internal/timers:573:17)\n    at processTimers (node:internal/timers:514:7)","reason":{"type":"ReplicaSetNoPrimary","servers":{},"stale":false,"compatible":true,"heartbeatFrequencyMS":10000,"localThresholdMS":15,"setName":"atlas-5jecz8-shard-0","maxElectionId":"7fffffff00000000000000ac","maxSetVersion":6,"commonWireVersion":0,"logicalSessionTimeoutMinutes":null}},"msg":"Unhandled exception: connection timed out"}
{"level":50,"time":1715681064352,"pid":44,"hostname":"26d957ae-c7ab-4b65-8316-7b0c744c6531","err":{"type":"MongoServerSelectionError","message":"connection timed out","stack":"MongoServerSelectionError: connection timed out\n    at Timeout._onTimeout (/home/container/node_modules/mongodb/src/sdam/topology.ts:567:30)\n    at listOnTimeout (node:internal/timers:573:17)\n    at processTimers (node:internal/timers:514:7)","reason":{"type":"ReplicaSetNoPrimary","servers":{},"stale":false,"compatible":true,"heartbeatFrequencyMS":10000,"localThresholdMS":15,"setName":"atlas-5jecz8-shard-0","maxElectionId":"7fffffff00000000000000ac","maxSetVersion":6,"commonWireVersion":0,"logicalSessionTimeoutMinutes":null}},"msg":"Unhandled exception: connection timed out"}
{"level":50,"time":1715681124353,"pid":44,"hostname":"26d957ae-c7ab-4b65-8316-7b0c744c6531","err":{"type":"MongoServerSelectionError","message":"connection timed out","stack":"MongoServerSelectionError: connection timed out\n    at Timeout._onTimeout (/home/container/node_modules/mongodb/src/sdam/topology.ts:567:30)\n    at listOnTimeout (node:internal/timers:573:17)\n    at processTimers (node:internal/timers:514:7)","reason":{"type":"ReplicaSetNoPrimary","servers":{},"stale":false,"compatible":true,"heartbeatFrequencyMS":10000,"localThresholdMS":15,"setName":"atlas-5jecz8-shard-0","maxElectionId":"7fffffff00000000000000ac","maxSetVersion":6,"commonWireVersion":0,"logicalSessionTimeoutMinutes":null}},"msg":"Unhandled exception: connection timed out"}
{"level":50,"time":1715681184354,"pid":44,"hostname":"26d957ae-c7ab-4b65-8316-7b0c744c6531","err":{"type":"MongoServerSelectionError","message":"connection timed out","stack":"MongoServerSelectionError: connection timed out\n    at Timeout._onTimeout (/home/container/node_modules/mongodb/src/sdam/topology.ts:567:30)\n    at listOnTimeout (node:internal/timers:573:17)\n    at processTimers (node:internal/timers:514:7)","reason":{"type":"ReplicaSetNoPrimary","servers":{},"stale":false,"compatible":true,"heartbeatFrequencyMS":10000,"localThresholdMS":15,"setName":"atlas-5jecz8-shard-0","maxElectionId":"7fffffff00000000000000ac","maxSetVersion":6,"commonWireVersion":0,"logicalSessionTimeoutMinutes":null}},"msg":"Unhandled exception: connection timed out"}
{"level":50,"time":1715681244353,"pid":44,"hostname":"26d957ae-c7ab-4b65-8316-7b0c744c6531","err":{"type":"MongoServerSelectionError","message":"connection timed out","stack":"MongoServerSelectionError: connection timed out\n    at Timeout._onTimeout (/home/container/node_modules/mongodb/src/sdam/topology.ts:567:30)\n    at listOnTimeout (node:internal/timers:573:17)\n    at processTimers (node:internal/timers:514:7)","reason":{"type":"ReplicaSetNoPrimary","servers":{},"stale":false,"compatible":true,"heartbeatFrequencyMS":10000,"localThresholdMS":15,"setName":"atlas-5jecz8-shard-0","maxElectionId":"7fffffff00000000000000ac","maxSetVersion":6,"commonWireVersion":0,"logicalSessionTimeoutMinutes":null}},"msg":"Unhandled exception: connection timed out"}
{"level":30,"time":1715690993497,"pid":44,"hostname":"26d957ae-c7ab-4b65-8316-7b0c744c6531","msg":"Validation du fichier de configuration et des variables d'environnement"}
{"level":40,"time":1715690993500,"pid":44,"hostname":"26d957ae-c7ab-4b65-8316-7b0c744c6531","msg":"env: STRANGE_API_KEY est manquant. Les commandes d'image ne fonctionneront pas"}
{"level":30,"time":1715690993588,"pid":44,"hostname":"26d957ae-c7ab-4b65-8316-7b0c744c6531","msg":"Loading commands..."}
{"level":20,"time":1715690994454,"pid":44,"hostname":"26d957ae-c7ab-4b65-8316-7b0c744c6531","msg":"Skipping Command filter. Category IMAGE is disabled"}
{"level":20,"time":1715690994456,"pid":44,"hostname":"26d957ae-c7ab-4b65-8316-7b0c744c6531","msg":"Skipping Command generator. Category IMAGE is disabled"}
{"level":20,"time":1715690994457,"pid":44,"hostname":"26d957ae-c7ab-4b65-8316-7b0c744c6531","msg":"Skipping Command overlay. Category IMAGE is disabled"}
{"level":20,"time":1715690994467,"pid":44,"hostname":"26d957ae-c7ab-4b65-8316-7b0c744c6531","msg":"Skipping slash command avatar. Disabled!"}
{"level":20,"time":1715690994469,"pid":44,"hostname":"26d957ae-c7ab-4b65-8316-7b0c744c6531","msg":"Skipping slash command botinvite. Disabled!"}
{"level":20,"time":1715690994473,"pid":44,"hostname":"26d957ae-c7ab-4b65-8316-7b0c744c6531","msg":"Skipping slash command botstats. Disabled!"}
{"level":20,"time":1715690994477,"pid":44,"hostname":"26d957ae-c7ab-4b65-8316-7b0c744c6531","msg":"Skipping slash command channelinfo. Disabled!"}
{"level":20,"time":1715690994479,"pid":44,"hostname":"26d957ae-c7ab-4b65-8316-7b0c744c6531","msg":"Skipping slash command emojiinfo. Disabled!"}
{"level":20,"time":1715690994497,"pid":44,"hostname":"26d957ae-c7ab-4b65-8316-7b0c744c6531","msg":"Skipping slash command guildinfo. Disabled!"}
{"level":20,"time":1715690994499,"pid":44,"hostname":"26d957ae-c7ab-4b65-8316-7b0c744c6531","msg":"Skipping slash command uptime. Disabled!"}
{"level":20,"time":1715690994503,"pid":44,"hostname":"26d957ae-c7ab-4b65-8316-7b0c744c6531","msg":"Skipping slash command userinfo. Disabled!"}
{"level":20,"time":1715690994507,"pid":44,"hostname":"26d957ae-c7ab-4b65-8316-7b0c744c6531","msg":"Skipping command bot. Disabled!"}
{"level":20,"time":1715690994511,"pid":44,"hostname":"26d957ae-c7ab-4b65-8316-7b0c744c6531","msg":"Skipping command info. Disabled!"}
{"level":20,"time":1715690994537,"pid":44,"hostname":"26d957ae-c7ab-4b65-8316-7b0c744c6531","msg":"Skipping slash command deafen. Disabled!"}
{"level":20,"time":1715690994539,"pid":44,"hostname":"26d957ae-c7ab-4b65-8316-7b0c744c6531","msg":"Skipping slash command disconnect. Disabled!"}
{"level":20,"time":1715690994542,"pid":44,"hostname":"26d957ae-c7ab-4b65-8316-7b0c744c6531","msg":"Skipping slash command move. Disabled!"}
{"level":20,"time":1715690994543,"pid":44,"hostname":"26d957ae-c7ab-4b65-8316-7b0c744c6531","msg":"Skipping slash command purge. Disabled!"}
{"level":20,"time":1715690994544,"pid":44,"hostname":"26d957ae-c7ab-4b65-8316-7b0c744c6531","msg":"Skipping slash command purgeattach. Disabled!"}
{"level":20,"time":1715690994546,"pid":44,"hostname":"26d957ae-c7ab-4b65-8316-7b0c744c6531","msg":"Skipping slash command purgebots. Disabled!"}
{"level":20,"time":1715690994547,"pid":44,"hostname":"26d957ae-c7ab-4b65-8316-7b0c744c6531","msg":"Skipping slash command purgelinks. Disabled!"}
{"level":20,"time":1715690994548,"pid":44,"hostname":"26d957ae-c7ab-4b65-8316-7b0c744c6531","msg":"Skipping slash command purgetoken. Disabled!"}
{"level":20,"time":1715690994549,"pid":44,"hostname":"26d957ae-c7ab-4b65-8316-7b0c744c6531","msg":"Skipping slash command purgeuser. Disabled!"}
{"level":20,"time":1715690994552,"pid":44,"hostname":"26d957ae-c7ab-4b65-8316-7b0c744c6531","msg":"Skipping slash command undeafen. Disabled!"}
{"level":20,"time":1715690994554,"pid":44,"hostname":"26d957ae-c7ab-4b65-8316-7b0c744c6531","msg":"Skipping slash command vmute. Disabled!"}
{"level":20,"time":1715690994557,"pid":44,"hostname":"26d957ae-c7ab-4b65-8316-7b0c744c6531","msg":"Skipping slash command vunmute. Disabled!"}
{"level":20,"time":1715690994562,"pid":44,"hostname":"26d957ae-c7ab-4b65-8316-7b0c744c6531","msg":"Skipping command purge. Disabled!"}
{"level":20,"time":1715690994566,"pid":44,"hostname":"26d957ae-c7ab-4b65-8316-7b0c744c6531","msg":"Skipping command voice. Disabled!"}
{"level":20,"time":1715690994581,"pid":44,"hostname":"26d957ae-c7ab-4b65-8316-7b0c744c6531","msg":"Skipping Command bassboost. Category MUSIC is disabled"}
{"level":20,"time":1715690994587,"pid":44,"hostname":"26d957ae-c7ab-4b65-8316-7b0c744c6531","msg":"Skipping Command loop. Category MUSIC is disabled"}
{"level":20,"time":1715690994589,"pid":44,"hostname":"26d957ae-c7ab-4b65-8316-7b0c744c6531","msg":"Skipping Command lyric. Category MUSIC is disabled"}
{"level":20,"time":1715690994593,"pid":44,"hostname":"26d957ae-c7ab-4b65-8316-7b0c744c6531","msg":"Skipping Command np. Category MUSIC is disabled"}
{"level":20,"time":1715690994594,"pid":44,"hostname":"26d957ae-c7ab-4b65-8316-7b0c744c6531","msg":"Skipping Command pause. Category MUSIC is disabled"}
{"level":20,"time":1715690994597,"pid":44,"hostname":"26d957ae-c7ab-4b65-8316-7b0c744c6531","msg":"Skipping Command play. Category MUSIC is disabled"}
{"level":20,"time":1715690994599,"pid":44,"hostname":"26d957ae-c7ab-4b65-8316-7b0c744c6531","msg":"Skipping Command queue. Category MUSIC is disabled"}
{"level":20,"time":1715690994601,"pid":44,"hostname":"26d957ae-c7ab-4b65-8316-7b0c744c6531","msg":"Skipping Command resume. Category MUSIC is disabled"}
{"level":20,"time":1715690994603,"pid":44,"hostname":"26d957ae-c7ab-4b65-8316-7b0c744c6531","msg":"Skipping Command search. Category MUSIC is disabled"}
{"level":20,"time":1715690994604,"pid":44,"hostname":"26d957ae-c7ab-4b65-8316-7b0c744c6531","msg":"Skipping Command seek. Category MUSIC is disabled"}
{"level":20,"time":1715690994605,"pid":44,"hostname":"26d957ae-c7ab-4b65-8316-7b0c744c6531","msg":"Skipping Command shuffle. Category MUSIC is disabled"}
{"level":20,"time":1715690994607,"pid":44,"hostname":"26d957ae-c7ab-4b65-8316-7b0c744c6531","msg":"Skipping Command skip. Category MUSIC is disabled"}
{"level":20,"time":1715690994608,"pid":44,"hostname":"26d957ae-c7ab-4b65-8316-7b0c744c6531","msg":"Skipping Command stop. Category MUSIC is disabled"}
{"level":20,"time":1715690994609,"pid":44,"hostname":"26d957ae-c7ab-4b65-8316-7b0c744c6531","msg":"Skipping Command volume. Category MUSIC is disabled"}
{"level":20,"time":1715690994611,"pid":44,"hostname":"26d957ae-c7ab-4b65-8316-7b0c744c6531","msg":"Skipping slash command eval. Disabled!"}
{"level":20,"time":1715690994613,"pid":44,"hostname":"26d957ae-c7ab-4b65-8316-7b0c744c6531","msg":"Skipping slash command leaveserver. Disabled!"}
{"level":20,"time":1715690994615,"pid":44,"hostname":"26d957ae-c7ab-4b65-8316-7b0c744c6531","msg":"Skipping slash command listservers. Disabled!"}
{"level":20,"time":1715690994890,"pid":44,"hostname":"26d957ae-c7ab-4b65-8316-7b0c744c6531","msg":"Skipping command link. Disabled!"}
{"level":20,"time":1715690994890,"pid":44,"hostname":"26d957ae-c7ab-4b65-8316-7b0c744c6531","msg":"Skipping slash command link. Disabled!"}
{"level":30,"time":1715690994922,"pid":44,"hostname":"26d957ae-c7ab-4b65-8316-7b0c744c6531","msg":"Loaded 88 commands"}
{"level":30,"time":1715690994923,"pid":44,"hostname":"26d957ae-c7ab-4b65-8316-7b0c744c6531","msg":"Loaded 69 slash commands"}
{"level":30,"time":1715690994923,"pid":44,"hostname":"26d957ae-c7ab-4b65-8316-7b0c744c6531","msg":"Loading contexts..."}
{"level":30,"time":1715690994927,"pid":44,"hostname":"26d957ae-c7ab-4b65-8316-7b0c744c6531","msg":"Loaded 0 USER contexts"}
{"level":30,"time":1715690994927,"pid":44,"hostname":"26d957ae-c7ab-4b65-8316-7b0c744c6531","msg":"Loaded 0 MESSAGE contexts"}
{"level":30,"time":1715690994928,"pid":44,"hostname":"26d957ae-c7ab-4b65-8316-7b0c744c6531","msg":"Loading events..."}
{"level":30,"time":1715690995035,"pid":44,"hostname":"26d957ae-c7ab-4b65-8316-7b0c744c6531","msg":"Loaded 16 events. Success (16) Failed (0)"}
{"level":40,"time":1715690995257,"pid":44,"hostname":"26d957ae-c7ab-4b65-8316-7b0c744c6531","msg":"VersionCheck: 5.5.0 update is available"}
{"level":40,"time":1715690995257,"pid":44,"hostname":"26d957ae-c7ab-4b65-8316-7b0c744c6531","msg":"download: https://github.com/saiteja-madha/discord-js-bot/releases/latest"}
{"level":30,"time":1715690995257,"pid":44,"hostname":"26d957ae-c7ab-4b65-8316-7b0c744c6531","msg":"Lancement du tableau de bord"}
{"level":30,"time":1715690995678,"pid":44,"hostname":"26d957ae-c7ab-4b65-8316-7b0c744c6531","msg":"Connecting to MongoDb..."}
{"level":30,"time":1715690996278,"pid":44,"hostname":"26d957ae-c7ab-4b65-8316-7b0c744c6531","msg":"Mongoose: Database connection established"}
{"level":30,"time":1715690996337,"pid":44,"hostname":"26d957ae-c7ab-4b65-8316-7b0c744c6531","msg":"Le Dashboard fonctionne sous le port 3265"}
{"level":30,"time":1715690997498,"pid":44,"hostname":"26d957ae-c7ab-4b65-8316-7b0c744c6531","msg":"Connecté à VersaLink(BETA)#0390! (1229810158645809253)"}
{"level":30,"time":1715690997499,"pid":44,"hostname":"26d957ae-c7ab-4b65-8316-7b0c744c6531","msg":"Initialisation du système de Giveways..."}
{"level":30,"time":1715690997550,"pid":44,"hostname":"26d957ae-c7ab-4b65-8316-7b0c744c6531","msg":"Gestionaire de Giveways initialisé !"}
{"level":30,"time":1715690997980,"pid":44,"hostname":"26d957ae-c7ab-4b65-8316-7b0c744c6531","msg":"Successfully registered interactions"}
{"level":50,"time":1715692226352,"pid":44,"hostname":"26d957ae-c7ab-4b65-8316-7b0c744c6531","err":{"type":"MongoServerSelectionError","message":"getaddrinfo EAI_AGAIN ac-9loqot0-shard-00-00.edphqgj.mongodb.net","stack":"MongoServerSelectionError: getaddrinfo EAI_AGAIN ac-9loqot0-shard-00-00.edphqgj.mongodb.net\n    at Timeout._onTimeout (/home/container/node_modules/mongodb/src/sdam/topology.ts:567:30)\n    at listOnTimeout (node:internal/timers:573:17)\n    at processTimers (node:internal/timers:514:7)","reason":{"type":"ReplicaSetNoPrimary","servers":{},"stale":false,"compatible":true,"heartbeatFrequencyMS":10000,"localThresholdMS":15,"setName":"atlas-5jecz8-shard-0","maxElectionId":"7fffffff00000000000000ac","maxSetVersion":6,"commonWireVersion":0,"logicalSessionTimeoutMinutes":null}},"msg":"Unhandled exception: getaddrinfo EAI_AGAIN ac-9loqot0-shard-00-00.edphqgj.mongodb.net"}
{"level":50,"time":1715692286352,"pid":44,"hostname":"26d957ae-c7ab-4b65-8316-7b0c744c6531","err":{"type":"MongoServerSelectionError","message":"connection timed out","stack":"MongoServerSelectionError: connection timed out\n    at Timeout._onTimeout (/home/container/node_modules/mongodb/src/sdam/topology.ts:567:30)\n    at listOnTimeout (node:internal/timers:573:17)\n    at processTimers (node:internal/timers:514:7)","reason":{"type":"ReplicaSetNoPrimary","servers":{},"stale":false,"compatible":true,"heartbeatFrequencyMS":10000,"localThresholdMS":15,"setName":"atlas-5jecz8-shard-0","maxElectionId":"7fffffff00000000000000ac","maxSetVersion":6,"commonWireVersion":0,"logicalSessionTimeoutMinutes":null}},"msg":"Unhandled exception: connection timed out"}
{"level":50,"time":1715692346352,"pid":44,"hostname":"26d957ae-c7ab-4b65-8316-7b0c744c6531","err":{"type":"MongoServerSelectionError","message":"connection timed out","stack":"MongoServerSelectionError: connection timed out\n    at Timeout._onTimeout (/home/container/node_modules/mongodb/src/sdam/topology.ts:567:30)\n    at listOnTimeout (node:internal/timers:573:17)\n    at processTimers (node:internal/timers:514:7)","reason":{"type":"ReplicaSetNoPrimary","servers":{},"stale":false,"compatible":true,"heartbeatFrequencyMS":10000,"localThresholdMS":15,"setName":"atlas-5jecz8-shard-0","maxElectionId":"7fffffff00000000000000ac","maxSetVersion":6,"commonWireVersion":0,"logicalSessionTimeoutMinutes":null}},"msg":"Unhandled exception: connection timed out"}
{"level":50,"time":1715692406352,"pid":44,"hostname":"26d957ae-c7ab-4b65-8316-7b0c744c6531","err":{"type":"MongoServerSelectionError","message":"connection timed out","stack":"MongoServerSelectionError: connection timed out\n    at Timeout._onTimeout (/home/container/node_modules/mongodb/src/sdam/topology.ts:567:30)\n    at listOnTimeout (node:internal/timers:573:17)\n    at processTimers (node:internal/timers:514:7)","reason":{"type":"ReplicaSetNoPrimary","servers":{},"stale":false,"compatible":true,"heartbeatFrequencyMS":10000,"localThresholdMS":15,"setName":"atlas-5jecz8-shard-0","maxElectionId":"7fffffff00000000000000ac","maxSetVersion":6,"commonWireVersion":0,"logicalSessionTimeoutMinutes":null}},"msg":"Unhandled exception: connection timed out"}
{"level":50,"time":1715692466354,"pid":44,"hostname":"26d957ae-c7ab-4b65-8316-7b0c744c6531","err":{"type":"MongoServerSelectionError","message":"connection timed out","stack":"MongoServerSelectionError: connection timed out\n    at Timeout._onTimeout (/home/container/node_modules/mongodb/src/sdam/topology.ts:567:30)\n    at listOnTimeout (node:internal/timers:573:17)\n    at processTimers (node:internal/timers:514:7)","reason":{"type":"ReplicaSetNoPrimary","servers":{},"stale":false,"compatible":true,"heartbeatFrequencyMS":10000,"localThresholdMS":15,"setName":"atlas-5jecz8-shard-0","maxElectionId":"7fffffff00000000000000ac","maxSetVersion":6,"commonWireVersion":0,"logicalSessionTimeoutMinutes":null}},"msg":"Unhandled exception: connection timed out"}
{"level":50,"time":1715692526355,"pid":44,"hostname":"26d957ae-c7ab-4b65-8316-7b0c744c6531","err":{"type":"MongoServerSelectionError","message":"connection timed out","stack":"MongoServerSelectionError: connection timed out\n    at Timeout._onTimeout (/home/container/node_modules/mongodb/src/sdam/topology.ts:567:30)\n    at listOnTimeout (node:internal/timers:573:17)\n    at processTimers (node:internal/timers:514:7)","reason":{"type":"ReplicaSetNoPrimary","servers":{},"stale":false,"compatible":true,"heartbeatFrequencyMS":10000,"localThresholdMS":15,"setName":"atlas-5jecz8-shard-0","maxElectionId":"7fffffff00000000000000ac","maxSetVersion":6,"commonWireVersion":0,"logicalSessionTimeoutMinutes":null}},"msg":"Unhandled exception: connection timed out"}
{"level":50,"time":1715692586356,"pid":44,"hostname":"26d957ae-c7ab-4b65-8316-7b0c744c6531","err":{"type":"MongoServerSelectionError","message":"connection timed out","stack":"MongoServerSelectionError: connection timed out\n    at Timeout._onTimeout (/home/container/node_modules/mongodb/src/sdam/topology.ts:567:30)\n    at listOnTimeout (node:internal/timers:573:17)\n    at processTimers (node:internal/timers:514:7)","reason":{"type":"ReplicaSetNoPrimary","servers":{},"stale":false,"compatible":true,"heartbeatFrequencyMS":10000,"localThresholdMS":15,"setName":"atlas-5jecz8-shard-0","maxElectionId":"7fffffff00000000000000ac","maxSetVersion":6,"commonWireVersion":0,"logicalSessionTimeoutMinutes":null}},"msg":"Unhandled exception: connection timed out"}
{"level":50,"time":1715692646368,"pid":44,"hostname":"26d957ae-c7ab-4b65-8316-7b0c744c6531","err":{"type":"MongoServerSelectionError","message":"connection timed out","stack":"MongoServerSelectionError: connection timed out\n    at Timeout._onTimeout (/home/container/node_modules/mongodb/src/sdam/topology.ts:567:30)\n    at listOnTimeout (node:internal/timers:573:17)\n    at processTimers (node:internal/timers:514:7)","reason":{"type":"ReplicaSetNoPrimary","servers":{},"stale":false,"compatible":true,"heartbeatFrequencyMS":10000,"localThresholdMS":15,"setName":"atlas-5jecz8-shard-0","maxElectionId":"7fffffff00000000000000ac","maxSetVersion":6,"commonWireVersion":0,"logicalSessionTimeoutMinutes":null}},"msg":"Unhandled exception: connection timed out"}
{"level":50,"time":1715692706366,"pid":44,"hostname":"26d957ae-c7ab-4b65-8316-7b0c744c6531","err":{"type":"MongoServerSelectionError","message":"connection timed out","stack":"MongoServerSelectionError: connection timed out\n    at Timeout._onTimeout (/home/container/node_modules/mongodb/src/sdam/topology.ts:567:30)\n    at listOnTimeout (node:internal/timers:573:17)\n    at processTimers (node:internal/timers:514:7)","reason":{"type":"ReplicaSetNoPrimary","servers":{},"stale":false,"compatible":true,"heartbeatFrequencyMS":10000,"localThresholdMS":15,"setName":"atlas-5jecz8-shard-0","maxElectionId":"7fffffff00000000000000ac","maxSetVersion":6,"commonWireVersion":0,"logicalSessionTimeoutMinutes":null}},"msg":"Unhandled exception: connection timed out"}
{"level":50,"time":1715692766363,"pid":44,"hostname":"26d957ae-c7ab-4b65-8316-7b0c744c6531","err":{"type":"MongoServerSelectionError","message":"connection timed out","stack":"MongoServerSelectionError: connection timed out\n    at Timeout._onTimeout (/home/container/node_modules/mongodb/src/sdam/topology.ts:567:30)\n    at listOnTimeout (node:internal/timers:573:17)\n    at processTimers (node:internal/timers:514:7)","reason":{"type":"ReplicaSetNoPrimary","servers":{},"stale":false,"compatible":true,"heartbeatFrequencyMS":10000,"localThresholdMS":15,"setName":"atlas-5jecz8-shard-0","maxElectionId":"7fffffff00000000000000ac","maxSetVersion":6,"commonWireVersion":0,"logicalSessionTimeoutMinutes":null}},"msg":"Unhandled exception: connection timed out"}
{"level":50,"time":1715692826363,"pid":44,"hostname":"26d957ae-c7ab-4b65-8316-7b0c744c6531","err":{"type":"MongoServerSelectionError","message":"connection timed out","stack":"MongoServerSelectionError: connection timed out\n    at Timeout._onTimeout (/home/container/node_modules/mongodb/src/sdam/topology.ts:567:30)\n    at listOnTimeout (node:internal/timers:573:17)\n    at processTimers (node:internal/timers:514:7)","reason":{"type":"ReplicaSetNoPrimary","servers":{},"stale":false,"compatible":true,"heartbeatFrequencyMS":10000,"localThresholdMS":15,"setName":"atlas-5jecz8-shard-0","maxElectionId":"7fffffff00000000000000ac","maxSetVersion":6,"commonWireVersion":0,"logicalSessionTimeoutMinutes":null}},"msg":"Unhandled exception: connection timed out"}
{"level":50,"time":1715692886366,"pid":44,"hostname":"26d957ae-c7ab-4b65-8316-7b0c744c6531","err":{"type":"MongoServerSelectionError","message":"connection timed out","stack":"MongoServerSelectionError: connection timed out\n    at Timeout._onTimeout (/home/container/node_modules/mongodb/src/sdam/topology.ts:567:30)\n    at listOnTimeout (node:internal/timers:573:17)\n    at processTimers (node:internal/timers:514:7)","reason":{"type":"ReplicaSetNoPrimary","servers":{},"stale":false,"compatible":true,"heartbeatFrequencyMS":10000,"localThresholdMS":15,"setName":"atlas-5jecz8-shard-0","maxElectionId":"7fffffff00000000000000ac","maxSetVersion":6,"commonWireVersion":0,"logicalSessionTimeoutMinutes":null}},"msg":"Unhandled exception: connection timed out"}
{"level":50,"time":1715692946372,"pid":44,"hostname":"26d957ae-c7ab-4b65-8316-7b0c744c6531","err":{"type":"MongoServerSelectionError","message":"connection timed out","stack":"MongoServerSelectionError: connection timed out\n    at Timeout._onTimeout (/home/container/node_modules/mongodb/src/sdam/topology.ts:567:30)\n    at listOnTimeout (node:internal/timers:573:17)\n    at processTimers (node:internal/timers:514:7)","reason":{"type":"ReplicaSetNoPrimary","servers":{},"stale":false,"compatible":true,"heartbeatFrequencyMS":10000,"localThresholdMS":15,"setName":"atlas-5jecz8-shard-0","maxElectionId":"7fffffff00000000000000ac","maxSetVersion":6,"commonWireVersion":0,"logicalSessionTimeoutMinutes":null}},"msg":"Unhandled exception: connection timed out"}
{"level":50,"time":1715693006375,"pid":44,"hostname":"26d957ae-c7ab-4b65-8316-7b0c744c6531","err":{"type":"MongoServerSelectionError","message":"connection timed out","stack":"MongoServerSelectionError: connection timed out\n    at Timeout._onTimeout (/home/container/node_modules/mongodb/src/sdam/topology.ts:567:30)\n    at listOnTimeout (node:internal/timers:573:17)\n    at processTimers (node:internal/timers:514:7)","reason":{"type":"ReplicaSetNoPrimary","servers":{},"stale":false,"compatible":true,"heartbeatFrequencyMS":10000,"localThresholdMS":15,"setName":"atlas-5jecz8-shard-0","maxElectionId":"7fffffff00000000000000ac","maxSetVersion":6,"commonWireVersion":0,"logicalSessionTimeoutMinutes":null}},"msg":"Unhandled exception: connection timed out"}
{"level":50,"time":1715693066374,"pid":44,"hostname":"26d957ae-c7ab-4b65-8316-7b0c744c6531","err":{"type":"MongoServerSelectionError","message":"connection timed out","stack":"MongoServerSelectionError: connection timed out\n    at Timeout._onTimeout (/home/container/node_modules/mongodb/src/sdam/topology.ts:567:30)\n    at listOnTimeout (node:internal/timers:573:17)\n    at processTimers (node:internal/timers:514:7)","reason":{"type":"ReplicaSetNoPrimary","servers":{},"stale":false,"compatible":true,"heartbeatFrequencyMS":10000,"localThresholdMS":15,"setName":"atlas-5jecz8-shard-0","maxElectionId":"7fffffff00000000000000ac","maxSetVersion":6,"commonWireVersion":0,"logicalSessionTimeoutMinutes":null}},"msg":"Unhandled exception: connection timed out"}
{"level":50,"time":1715693126385,"pid":44,"hostname":"26d957ae-c7ab-4b65-8316-7b0c744c6531","err":{"type":"MongoServerSelectionError","message":"connection timed out","stack":"MongoServerSelectionError: connection timed out\n    at Timeout._onTimeout (/home/container/node_modules/mongodb/src/sdam/topology.ts:567:30)\n    at listOnTimeout (node:internal/timers:573:17)\n    at processTimers (node:internal/timers:514:7)","reason":{"type":"ReplicaSetNoPrimary","servers":{},"stale":false,"compatible":true,"heartbeatFrequencyMS":10000,"localThresholdMS":15,"setName":"atlas-5jecz8-shard-0","maxElectionId":"7fffffff00000000000000ac","maxSetVersion":6,"commonWireVersion":0,"logicalSessionTimeoutMinutes":null}},"msg":"Unhandled exception: connection timed out"}
{"level":50,"time":1715693186384,"pid":44,"hostname":"26d957ae-c7ab-4b65-8316-7b0c744c6531","err":{"type":"MongoServerSelectionError","message":"connection timed out","stack":"MongoServerSelectionError: connection timed out\n    at Timeout._onTimeout (/home/container/node_modules/mongodb/src/sdam/topology.ts:567:30)\n    at listOnTimeout (node:internal/timers:573:17)\n    at processTimers (node:internal/timers:514:7)","reason":{"type":"ReplicaSetNoPrimary","servers":{},"stale":false,"compatible":true,"heartbeatFrequencyMS":10000,"localThresholdMS":15,"setName":"atlas-5jecz8-shard-0","maxElectionId":"7fffffff00000000000000ac","maxSetVersion":6,"commonWireVersion":0,"logicalSessionTimeoutMinutes":null}},"msg":"Unhandled exception: connection timed out"}
{"level":50,"time":1715693246389,"pid":44,"hostname":"26d957ae-c7ab-4b65-8316-7b0c744c6531","err":{"type":"MongoServerSelectionError","message":"connection timed out","stack":"MongoServerSelectionError: connection timed out\n    at Timeout._onTimeout (/home/container/node_modules/mongodb/src/sdam/topology.ts:567:30)\n    at listOnTimeout (node:internal/timers:573:17)\n    at processTimers (node:internal/timers:514:7)","reason":{"type":"ReplicaSetNoPrimary","servers":{},"stale":false,"compatible":true,"heartbeatFrequencyMS":10000,"localThresholdMS":15,"setName":"atlas-5jecz8-shard-0","maxElectionId":"7fffffff00000000000000ac","maxSetVersion":6,"commonWireVersion":0,"logicalSessionTimeoutMinutes":null}},"msg":"Unhandled exception: connection timed out"}
{"level":50,"time":1715693306388,"pid":44,"hostname":"26d957ae-c7ab-4b65-8316-7b0c744c6531","err":{"type":"MongoServerSelectionError","message":"connection timed out","stack":"MongoServerSelectionError: connection timed out\n    at Timeout._onTimeout (/home/container/node_modules/mongodb/src/sdam/topology.ts:567:30)\n    at listOnTimeout (node:internal/timers:573:17)\n    at processTimers (node:internal/timers:514:7)","reason":{"type":"ReplicaSetNoPrimary","servers":{},"stale":false,"compatible":true,"heartbeatFrequencyMS":10000,"localThresholdMS":15,"setName":"atlas-5jecz8-shard-0","maxElectionId":"7fffffff00000000000000ac","maxSetVersion":6,"commonWireVersion":0,"logicalSessionTimeoutMinutes":null}},"msg":"Unhandled exception: connection timed out"}
{"level":50,"time":1715693366402,"pid":44,"hostname":"26d957ae-c7ab-4b65-8316-7b0c744c6531","err":{"type":"MongoServerSelectionError","message":"connection timed out","stack":"MongoServerSelectionError: connection timed out\n    at Timeout._onTimeout (/home/container/node_modules/mongodb/src/sdam/topology.ts:567:30)\n    at listOnTimeout (node:internal/timers:573:17)\n    at processTimers (node:internal/timers:514:7)","reason":{"type":"ReplicaSetNoPrimary","servers":{},"stale":false,"compatible":true,"heartbeatFrequencyMS":10000,"localThresholdMS":15,"setName":"atlas-5jecz8-shard-0","maxElectionId":"7fffffff00000000000000ac","maxSetVersion":6,"commonWireVersion":0,"logicalSessionTimeoutMinutes":null}},"msg":"Unhandled exception: connection timed out"}
{"level":50,"time":1715693639453,"pid":44,"hostname":"26d957ae-c7ab-4b65-8316-7b0c744c6531","err":{"type":"PoolClearedOnNetworkError","message":"Connection to ac-9loqot0-shard-00-02.edphqgj.mongodb.net:27017 interrupted due to server monitor timeout","stack":"PoolClearedOnNetworkError: Connection to ac-9loqot0-shard-00-02.edphqgj.mongodb.net:27017 interrupted due to server monitor timeout\n    at ConnectionPool.interruptInUseConnections (/home/container/node_modules/mongodb/src/cmap/connection_pool.ts:485:28)\n    at /home/container/node_modules/mongodb/src/cmap/connection_pool.ts:470:35\n    at processTicksAndRejections (node:internal/process/task_queues:77:11)","address":"ac-9loqot0-shard-00-02.edphqgj.mongodb.net:27017"},"msg":"Unhandled exception: Connection to ac-9loqot0-shard-00-02.edphqgj.mongodb.net:27017 interrupted due to server monitor timeout"}
{"level":50,"time":1715693726404,"pid":44,"hostname":"26d957ae-c7ab-4b65-8316-7b0c744c6531","err":{"type":"MongoServerSelectionError","message":"connection timed out","stack":"MongoServerSelectionError: connection timed out\n    at Timeout._onTimeout (/home/container/node_modules/mongodb/src/sdam/topology.ts:567:30)\n    at listOnTimeout (node:internal/timers:573:17)\n    at processTimers (node:internal/timers:514:7)","reason":{"type":"ReplicaSetNoPrimary","servers":{},"stale":false,"compatible":true,"heartbeatFrequencyMS":10000,"localThresholdMS":15,"setName":"atlas-5jecz8-shard-0","maxElectionId":"7fffffff00000000000000ac","maxSetVersion":6,"commonWireVersion":0,"logicalSessionTimeoutMinutes":null}},"msg":"Unhandled exception: connection timed out"}
{"level":50,"time":1715694076015,"pid":44,"hostname":"26d957ae-c7ab-4b65-8316-7b0c744c6531","err":{"type":"PoolClearedOnNetworkError","message":"Connection to ac-9loqot0-shard-00-02.edphqgj.mongodb.net:27017 interrupted due to server monitor timeout","stack":"PoolClearedOnNetworkError: Connection to ac-9loqot0-shard-00-02.edphqgj.mongodb.net:27017 interrupted due to server monitor timeout\n    at ConnectionPool.interruptInUseConnections (/home/container/node_modules/mongodb/src/cmap/connection_pool.ts:485:28)\n    at /home/container/node_modules/mongodb/src/cmap/connection_pool.ts:470:35\n    at processTicksAndRejections (node:internal/process/task_queues:77:11)","address":"ac-9loqot0-shard-00-02.edphqgj.mongodb.net:27017"},"msg":"Unhandled exception: Connection to ac-9loqot0-shard-00-02.edphqgj.mongodb.net:27017 interrupted due to server monitor timeout"}
{"level":30,"time":1715721318325,"pid":44,"hostname":"26d957ae-c7ab-4b65-8316-7b0c744c6531","msg":"Validation du fichier de configuration et des variables d'environnement"}
{"level":40,"time":1715721318326,"pid":44,"hostname":"26d957ae-c7ab-4b65-8316-7b0c744c6531","msg":"env: STRANGE_API_KEY est manquant. Les commandes d'image ne fonctionneront pas"}
{"level":30,"time":1715721318360,"pid":44,"hostname":"26d957ae-c7ab-4b65-8316-7b0c744c6531","msg":"Loading commands..."}
{"level":20,"time":1715721318681,"pid":44,"hostname":"26d957ae-c7ab-4b65-8316-7b0c744c6531","msg":"Skipping Command filter. Category IMAGE is disabled"}
{"level":20,"time":1715721318682,"pid":44,"hostname":"26d957ae-c7ab-4b65-8316-7b0c744c6531","msg":"Skipping Command generator. Category IMAGE is disabled"}
{"level":20,"time":1715721318683,"pid":44,"hostname":"26d957ae-c7ab-4b65-8316-7b0c744c6531","msg":"Skipping Command overlay. Category IMAGE is disabled"}
{"level":20,"time":1715721318688,"pid":44,"hostname":"26d957ae-c7ab-4b65-8316-7b0c744c6531","msg":"Skipping slash command avatar. Disabled!"}
{"level":20,"time":1715721318689,"pid":44,"hostname":"26d957ae-c7ab-4b65-8316-7b0c744c6531","msg":"Skipping slash command botinvite. Disabled!"}
{"level":20,"time":1715721318690,"pid":44,"hostname":"26d957ae-c7ab-4b65-8316-7b0c744c6531","msg":"Skipping slash command botstats. Disabled!"}
{"level":20,"time":1715721318691,"pid":44,"hostname":"26d957ae-c7ab-4b65-8316-7b0c744c6531","msg":"Skipping slash command channelinfo. Disabled!"}
{"level":20,"time":1715721318692,"pid":44,"hostname":"26d957ae-c7ab-4b65-8316-7b0c744c6531","msg":"Skipping slash command emojiinfo. Disabled!"}
{"level":20,"time":1715721318702,"pid":44,"hostname":"26d957ae-c7ab-4b65-8316-7b0c744c6531","msg":"Skipping slash command guildinfo. Disabled!"}
{"level":20,"time":1715721318702,"pid":44,"hostname":"26d957ae-c7ab-4b65-8316-7b0c744c6531","msg":"Skipping slash command uptime. Disabled!"}
{"level":20,"time":1715721318703,"pid":44,"hostname":"26d957ae-c7ab-4b65-8316-7b0c744c6531","msg":"Skipping slash command userinfo. Disabled!"}
{"level":20,"time":1715721318705,"pid":44,"hostname":"26d957ae-c7ab-4b65-8316-7b0c744c6531","msg":"Skipping command bot. Disabled!"}
{"level":20,"time":1715721318706,"pid":44,"hostname":"26d957ae-c7ab-4b65-8316-7b0c744c6531","msg":"Skipping command info. Disabled!"}
{"level":20,"time":1715721318714,"pid":44,"hostname":"26d957ae-c7ab-4b65-8316-7b0c744c6531","msg":"Skipping slash command deafen. Disabled!"}
{"level":20,"time":1715721318715,"pid":44,"hostname":"26d957ae-c7ab-4b65-8316-7b0c744c6531","msg":"Skipping slash command disconnect. Disabled!"}
{"level":20,"time":1715721318716,"pid":44,"hostname":"26d957ae-c7ab-4b65-8316-7b0c744c6531","msg":"Skipping slash command move. Disabled!"}
{"level":20,"time":1715721318716,"pid":44,"hostname":"26d957ae-c7ab-4b65-8316-7b0c744c6531","msg":"Skipping slash command purge. Disabled!"}
{"level":20,"time":1715721318717,"pid":44,"hostname":"26d957ae-c7ab-4b65-8316-7b0c744c6531","msg":"Skipping slash command purgeattach. Disabled!"}
{"level":20,"time":1715721318717,"pid":44,"hostname":"26d957ae-c7ab-4b65-8316-7b0c744c6531","msg":"Skipping slash command purgebots. Disabled!"}
{"level":20,"time":1715721318718,"pid":44,"hostname":"26d957ae-c7ab-4b65-8316-7b0c744c6531","msg":"Skipping slash command purgelinks. Disabled!"}
{"level":20,"time":1715721318718,"pid":44,"hostname":"26d957ae-c7ab-4b65-8316-7b0c744c6531","msg":"Skipping slash command purgetoken. Disabled!"}
{"level":20,"time":1715721318719,"pid":44,"hostname":"26d957ae-c7ab-4b65-8316-7b0c744c6531","msg":"Skipping slash command purgeuser. Disabled!"}
{"level":20,"time":1715721318720,"pid":44,"hostname":"26d957ae-c7ab-4b65-8316-7b0c744c6531","msg":"Skipping slash command undeafen. Disabled!"}
{"level":20,"time":1715721318720,"pid":44,"hostname":"26d957ae-c7ab-4b65-8316-7b0c744c6531","msg":"Skipping slash command vmute. Disabled!"}
{"level":20,"time":1715721318721,"pid":44,"hostname":"26d957ae-c7ab-4b65-8316-7b0c744c6531","msg":"Skipping slash command vunmute. Disabled!"}
{"level":20,"time":1715721318723,"pid":44,"hostname":"26d957ae-c7ab-4b65-8316-7b0c744c6531","msg":"Skipping command purge. Disabled!"}
{"level":20,"time":1715721318724,"pid":44,"hostname":"26d957ae-c7ab-4b65-8316-7b0c744c6531","msg":"Skipping command voice. Disabled!"}
{"level":20,"time":1715721318728,"pid":44,"hostname":"26d957ae-c7ab-4b65-8316-7b0c744c6531","msg":"Skipping Command bassboost. Category MUSIC is disabled"}
{"level":20,"time":1715721318729,"pid":44,"hostname":"26d957ae-c7ab-4b65-8316-7b0c744c6531","msg":"Skipping Command loop. Category MUSIC is disabled"}
{"level":20,"time":1715721318729,"pid":44,"hostname":"26d957ae-c7ab-4b65-8316-7b0c744c6531","msg":"Skipping Command lyric. Category MUSIC is disabled"}
{"level":20,"time":1715721318731,"pid":44,"hostname":"26d957ae-c7ab-4b65-8316-7b0c744c6531","msg":"Skipping Command np. Category MUSIC is disabled"}
{"level":20,"time":1715721318731,"pid":44,"hostname":"26d957ae-c7ab-4b65-8316-7b0c744c6531","msg":"Skipping Command pause. Category MUSIC is disabled"}
{"level":20,"time":1715721318732,"pid":44,"hostname":"26d957ae-c7ab-4b65-8316-7b0c744c6531","msg":"Skipping Command play. Category MUSIC is disabled"}
{"level":20,"time":1715721318732,"pid":44,"hostname":"26d957ae-c7ab-4b65-8316-7b0c744c6531","msg":"Skipping Command queue. Category MUSIC is disabled"}
{"level":20,"time":1715721318733,"pid":44,"hostname":"26d957ae-c7ab-4b65-8316-7b0c744c6531","msg":"Skipping Command resume. Category MUSIC is disabled"}
{"level":20,"time":1715721318734,"pid":44,"hostname":"26d957ae-c7ab-4b65-8316-7b0c744c6531","msg":"Skipping Command search. Category MUSIC is disabled"}
{"level":20,"time":1715721318734,"pid":44,"hostname":"26d957ae-c7ab-4b65-8316-7b0c744c6531","msg":"Skipping Command seek. Category MUSIC is disabled"}
{"level":20,"time":1715721318735,"pid":44,"hostname":"26d957ae-c7ab-4b65-8316-7b0c744c6531","msg":"Skipping Command shuffle. Category MUSIC is disabled"}
{"level":20,"time":1715721318735,"pid":44,"hostname":"26d957ae-c7ab-4b65-8316-7b0c744c6531","msg":"Skipping Command skip. Category MUSIC is disabled"}
{"level":20,"time":1715721318736,"pid":44,"hostname":"26d957ae-c7ab-4b65-8316-7b0c744c6531","msg":"Skipping Command stop. Category MUSIC is disabled"}
{"level":20,"time":1715721318736,"pid":44,"hostname":"26d957ae-c7ab-4b65-8316-7b0c744c6531","msg":"Skipping Command volume. Category MUSIC is disabled"}
{"level":20,"time":1715721318737,"pid":44,"hostname":"26d957ae-c7ab-4b65-8316-7b0c744c6531","msg":"Skipping slash command eval. Disabled!"}
{"level":20,"time":1715721318737,"pid":44,"hostname":"26d957ae-c7ab-4b65-8316-7b0c744c6531","msg":"Skipping slash command leaveserver. Disabled!"}
{"level":20,"time":1715721318738,"pid":44,"hostname":"26d957ae-c7ab-4b65-8316-7b0c744c6531","msg":"Skipping slash command listservers. Disabled!"}
{"level":20,"time":1715721318850,"pid":44,"hostname":"26d957ae-c7ab-4b65-8316-7b0c744c6531","msg":"Skipping command link. Disabled!"}
{"level":20,"time":1715721318850,"pid":44,"hostname":"26d957ae-c7ab-4b65-8316-7b0c744c6531","msg":"Skipping slash command link. Disabled!"}
{"level":30,"time":1715721318854,"pid":44,"hostname":"26d957ae-c7ab-4b65-8316-7b0c744c6531","msg":"Loaded 88 commands"}
{"level":30,"time":1715721318854,"pid":44,"hostname":"26d957ae-c7ab-4b65-8316-7b0c744c6531","msg":"Loaded 69 slash commands"}
{"level":30,"time":1715721318855,"pid":44,"hostname":"26d957ae-c7ab-4b65-8316-7b0c744c6531","msg":"Loading contexts..."}
{"level":30,"time":1715721318855,"pid":44,"hostname":"26d957ae-c7ab-4b65-8316-7b0c744c6531","msg":"Loaded 0 USER contexts"}
{"level":30,"time":1715721318856,"pid":44,"hostname":"26d957ae-c7ab-4b65-8316-7b0c744c6531","msg":"Loaded 0 MESSAGE contexts"}
{"level":30,"time":1715721318856,"pid":44,"hostname":"26d957ae-c7ab-4b65-8316-7b0c744c6531","msg":"Loading events..."}
{"level":30,"time":1715721318903,"pid":44,"hostname":"26d957ae-c7ab-4b65-8316-7b0c744c6531","msg":"Loaded 16 events. Success (16) Failed (0)"}
{"level":40,"time":1715721323761,"pid":44,"hostname":"26d957ae-c7ab-4b65-8316-7b0c744c6531","msg":"VersionCheck: 5.5.0 update is available"}
{"level":40,"time":1715721323761,"pid":44,"hostname":"26d957ae-c7ab-4b65-8316-7b0c744c6531","msg":"download: https://github.com/saiteja-madha/discord-js-bot/releases/latest"}
{"level":30,"time":1715721323761,"pid":44,"hostname":"26d957ae-c7ab-4b65-8316-7b0c744c6531","msg":"Lancement du tableau de bord"}
{"level":30,"time":1715721324012,"pid":44,"hostname":"26d957ae-c7ab-4b65-8316-7b0c744c6531","msg":"Connecting to MongoDb..."}
{"level":50,"time":1715721366879,"pid":44,"hostname":"26d957ae-c7ab-4b65-8316-7b0c744c6531","err":{"type":"MongooseServerSelectionError","message":"Could not connect to any servers in your MongoDB Atlas cluster. One common reason is that you're trying to access the database from an IP that isn't whitelisted. Make sure your current IP address is on your Atlas cluster's IP whitelist: https://www.mongodb.com/docs/atlas/security-whitelist/","stack":"MongooseServerSelectionError: Could not connect to any servers in your MongoDB Atlas cluster. One common reason is that you're trying to access the database from an IP that isn't whitelisted. Make sure your current IP address is on your Atlas cluster's IP whitelist: https://www.mongodb.com/docs/atlas/security-whitelist/\n    at _handleConnectionErrors (/home/container/node_modules/mongoose/lib/connection.js:809:11)\n    at NativeConnection.openUri (/home/container/node_modules/mongoose/lib/connection.js:784:11)\n    at processTicksAndRejections (node:internal/process/task_queues:95:5)\n    at async Object.initializeMongoose (/home/container/src/database/mongoose.js:11:7)\n    at async module.exports.launch (/home/container/dashboard/app.js:24:14)\n    at async /home/container/bot.js:56:13","reason":{"type":"ReplicaSetNoPrimary","servers":{},"stale":false,"compatible":true,"heartbeatFrequencyMS":10000,"localThresholdMS":15,"setName":"atlas-5jecz8-shard-0","maxElectionId":null,"maxSetVersion":null,"commonWireVersion":0,"logicalSessionTimeoutMinutes":null}},"msg":"Mongoose: Failed to connect to database: Could not connect to any servers in your MongoDB Atlas cluster. One common reason is that you're trying to access the database from an IP that isn't whitelisted. Make sure your current IP address is on your Atlas cluster's IP whitelist: https://www.mongodb.com/docs/atlas/security-whitelist/"}
{"level":30,"time":1715721451399,"pid":44,"hostname":"26d957ae-c7ab-4b65-8316-7b0c744c6531","msg":"Validation du fichier de configuration et des variables d'environnement"}
{"level":40,"time":1715721451402,"pid":44,"hostname":"26d957ae-c7ab-4b65-8316-7b0c744c6531","msg":"env: STRANGE_API_KEY est manquant. Les commandes d'image ne fonctionneront pas"}
{"level":30,"time":1715721451438,"pid":44,"hostname":"26d957ae-c7ab-4b65-8316-7b0c744c6531","msg":"Loading commands..."}
{"level":20,"time":1715721451758,"pid":44,"hostname":"26d957ae-c7ab-4b65-8316-7b0c744c6531","msg":"Skipping Command filter. Category IMAGE is disabled"}
{"level":20,"time":1715721451758,"pid":44,"hostname":"26d957ae-c7ab-4b65-8316-7b0c744c6531","msg":"Skipping Command generator. Category IMAGE is disabled"}
{"level":20,"time":1715721451759,"pid":44,"hostname":"26d957ae-c7ab-4b65-8316-7b0c744c6531","msg":"Skipping Command overlay. Category IMAGE is disabled"}
{"level":20,"time":1715721451764,"pid":44,"hostname":"26d957ae-c7ab-4b65-8316-7b0c744c6531","msg":"Skipping slash command avatar. Disabled!"}
{"level":20,"time":1715721451765,"pid":44,"hostname":"26d957ae-c7ab-4b65-8316-7b0c744c6531","msg":"Skipping slash command botinvite. Disabled!"}
{"level":20,"time":1715721451766,"pid":44,"hostname":"26d957ae-c7ab-4b65-8316-7b0c744c6531","msg":"Skipping slash command botstats. Disabled!"}
{"level":20,"time":1715721451767,"pid":44,"hostname":"26d957ae-c7ab-4b65-8316-7b0c744c6531","msg":"Skipping slash command channelinfo. Disabled!"}
{"level":20,"time":1715721451768,"pid":44,"hostname":"26d957ae-c7ab-4b65-8316-7b0c744c6531","msg":"Skipping slash command emojiinfo. Disabled!"}
{"level":20,"time":1715721451777,"pid":44,"hostname":"26d957ae-c7ab-4b65-8316-7b0c744c6531","msg":"Skipping slash command guildinfo. Disabled!"}
{"level":20,"time":1715721451778,"pid":44,"hostname":"26d957ae-c7ab-4b65-8316-7b0c744c6531","msg":"Skipping slash command uptime. Disabled!"}
{"level":20,"time":1715721451779,"pid":44,"hostname":"26d957ae-c7ab-4b65-8316-7b0c744c6531","msg":"Skipping slash command userinfo. Disabled!"}
{"level":20,"time":1715721451780,"pid":44,"hostname":"26d957ae-c7ab-4b65-8316-7b0c744c6531","msg":"Skipping command bot. Disabled!"}
{"level":20,"time":1715721451781,"pid":44,"hostname":"26d957ae-c7ab-4b65-8316-7b0c744c6531","msg":"Skipping command info. Disabled!"}
{"level":20,"time":1715721451788,"pid":44,"hostname":"26d957ae-c7ab-4b65-8316-7b0c744c6531","msg":"Skipping slash command deafen. Disabled!"}
{"level":20,"time":1715721451789,"pid":44,"hostname":"26d957ae-c7ab-4b65-8316-7b0c744c6531","msg":"Skipping slash command disconnect. Disabled!"}
{"level":20,"time":1715721451790,"pid":44,"hostname":"26d957ae-c7ab-4b65-8316-7b0c744c6531","msg":"Skipping slash command move. Disabled!"}
{"level":20,"time":1715721451790,"pid":44,"hostname":"26d957ae-c7ab-4b65-8316-7b0c744c6531","msg":"Skipping slash command purge. Disabled!"}
{"level":20,"time":1715721451791,"pid":44,"hostname":"26d957ae-c7ab-4b65-8316-7b0c744c6531","msg":"Skipping slash command purgeattach. Disabled!"}
{"level":20,"time":1715721451791,"pid":44,"hostname":"26d957ae-c7ab-4b65-8316-7b0c744c6531","msg":"Skipping slash command purgebots. Disabled!"}
{"level":20,"time":1715721451792,"pid":44,"hostname":"26d957ae-c7ab-4b65-8316-7b0c744c6531","msg":"Skipping slash command purgelinks. Disabled!"}
{"level":20,"time":1715721451792,"pid":44,"hostname":"26d957ae-c7ab-4b65-8316-7b0c744c6531","msg":"Skipping slash command purgetoken. Disabled!"}
{"level":20,"time":1715721451793,"pid":44,"hostname":"26d957ae-c7ab-4b65-8316-7b0c744c6531","msg":"Skipping slash command purgeuser. Disabled!"}
{"level":20,"time":1715721451794,"pid":44,"hostname":"26d957ae-c7ab-4b65-8316-7b0c744c6531","msg":"Skipping slash command undeafen. Disabled!"}
{"level":20,"time":1715721451794,"pid":44,"hostname":"26d957ae-c7ab-4b65-8316-7b0c744c6531","msg":"Skipping slash command vmute. Disabled!"}
{"level":20,"time":1715721451795,"pid":44,"hostname":"26d957ae-c7ab-4b65-8316-7b0c744c6531","msg":"Skipping slash command vunmute. Disabled!"}
{"level":20,"time":1715721451796,"pid":44,"hostname":"26d957ae-c7ab-4b65-8316-7b0c744c6531","msg":"Skipping command purge. Disabled!"}
{"level":20,"time":1715721451798,"pid":44,"hostname":"26d957ae-c7ab-4b65-8316-7b0c744c6531","msg":"Skipping command voice. Disabled!"}
{"level":20,"time":1715721451802,"pid":44,"hostname":"26d957ae-c7ab-4b65-8316-7b0c744c6531","msg":"Skipping Command bassboost. Category MUSIC is disabled"}
{"level":20,"time":1715721451803,"pid":44,"hostname":"26d957ae-c7ab-4b65-8316-7b0c744c6531","msg":"Skipping Command loop. Category MUSIC is disabled"}
{"level":20,"time":1715721451804,"pid":44,"hostname":"26d957ae-c7ab-4b65-8316-7b0c744c6531","msg":"Skipping Command lyric. Category MUSIC is disabled"}
{"level":20,"time":1715721451805,"pid":44,"hostname":"26d957ae-c7ab-4b65-8316-7b0c744c6531","msg":"Skipping Command np. Category MUSIC is disabled"}
{"level":20,"time":1715721451806,"pid":44,"hostname":"26d957ae-c7ab-4b65-8316-7b0c744c6531","msg":"Skipping Command pause. Category MUSIC is disabled"}
{"level":20,"time":1715721451807,"pid":44,"hostname":"26d957ae-c7ab-4b65-8316-7b0c744c6531","msg":"Skipping Command play. Category MUSIC is disabled"}
{"level":20,"time":1715721451807,"pid":44,"hostname":"26d957ae-c7ab-4b65-8316-7b0c744c6531","msg":"Skipping Command queue. Category MUSIC is disabled"}
{"level":20,"time":1715721451808,"pid":44,"hostname":"26d957ae-c7ab-4b65-8316-7b0c744c6531","msg":"Skipping Command resume. Category MUSIC is disabled"}
{"level":20,"time":1715721451809,"pid":44,"hostname":"26d957ae-c7ab-4b65-8316-7b0c744c6531","msg":"Skipping Command search. Category MUSIC is disabled"}
{"level":20,"time":1715721451809,"pid":44,"hostname":"26d957ae-c7ab-4b65-8316-7b0c744c6531","msg":"Skipping Command seek. Category MUSIC is disabled"}
{"level":20,"time":1715721451810,"pid":44,"hostname":"26d957ae-c7ab-4b65-8316-7b0c744c6531","msg":"Skipping Command shuffle. Category MUSIC is disabled"}
{"level":20,"time":1715721451810,"pid":44,"hostname":"26d957ae-c7ab-4b65-8316-7b0c744c6531","msg":"Skipping Command skip. Category MUSIC is disabled"}
{"level":20,"time":1715721451811,"pid":44,"hostname":"26d957ae-c7ab-4b65-8316-7b0c744c6531","msg":"Skipping Command stop. Category MUSIC is disabled"}
{"level":20,"time":1715721451811,"pid":44,"hostname":"26d957ae-c7ab-4b65-8316-7b0c744c6531","msg":"Skipping Command volume. Category MUSIC is disabled"}
{"level":20,"time":1715721451812,"pid":44,"hostname":"26d957ae-c7ab-4b65-8316-7b0c744c6531","msg":"Skipping slash command eval. Disabled!"}
{"level":20,"time":1715721451812,"pid":44,"hostname":"26d957ae-c7ab-4b65-8316-7b0c744c6531","msg":"Skipping slash command leaveserver. Disabled!"}
{"level":20,"time":1715721451813,"pid":44,"hostname":"26d957ae-c7ab-4b65-8316-7b0c744c6531","msg":"Skipping slash command listservers. Disabled!"}
{"level":20,"time":1715721451925,"pid":44,"hostname":"26d957ae-c7ab-4b65-8316-7b0c744c6531","msg":"Skipping command link. Disabled!"}
{"level":20,"time":1715721451925,"pid":44,"hostname":"26d957ae-c7ab-4b65-8316-7b0c744c6531","msg":"Skipping slash command link. Disabled!"}
{"level":30,"time":1715721451928,"pid":44,"hostname":"26d957ae-c7ab-4b65-8316-7b0c744c6531","msg":"Loaded 88 commands"}
{"level":30,"time":1715721451928,"pid":44,"hostname":"26d957ae-c7ab-4b65-8316-7b0c744c6531","msg":"Loaded 69 slash commands"}
{"level":30,"time":1715721451928,"pid":44,"hostname":"26d957ae-c7ab-4b65-8316-7b0c744c6531","msg":"Loading contexts..."}
{"level":30,"time":1715721451929,"pid":44,"hostname":"26d957ae-c7ab-4b65-8316-7b0c744c6531","msg":"Loaded 0 USER contexts"}
{"level":30,"time":1715721451929,"pid":44,"hostname":"26d957ae-c7ab-4b65-8316-7b0c744c6531","msg":"Loaded 0 MESSAGE contexts"}
{"level":30,"time":1715721451929,"pid":44,"hostname":"26d957ae-c7ab-4b65-8316-7b0c744c6531","msg":"Loading events..."}
{"level":30,"time":1715721451982,"pid":44,"hostname":"26d957ae-c7ab-4b65-8316-7b0c744c6531","msg":"Loaded 16 events. Success (16) Failed (0)"}
{"level":20,"time":1715721460082,"pid":44,"hostname":"26d957ae-c7ab-4b65-8316-7b0c744c6531","msg":"Url: https://api.github.com/repos/saiteja-madha/discord-js-bot/releases/latest"}
{"level":50,"time":1715721460082,"pid":44,"hostname":"26d957ae-c7ab-4b65-8316-7b0c744c6531","err":{"type":"FetchError","message":"request to https://api.github.com/repos/saiteja-madha/discord-js-bot/releases/latest failed, reason: getaddrinfo EAI_AGAIN api.github.com","stack":"FetchError: request to https://api.github.com/repos/saiteja-madha/discord-js-bot/releases/latest failed, reason: getaddrinfo EAI_AGAIN api.github.com\n    at ClientRequest.<anonymous> (/home/container/node_modules/node-fetch/lib/index.js:1505:11)\n    at ClientRequest.emit (node:events:519:28)\n    at ClientRequest.emit (node:domain:488:12)\n    at TLSSocket.socketErrorListener (node:_http_client:500:9)\n    at TLSSocket.emit (node:events:519:28)\n    at TLSSocket.emit (node:domain:488:12)\n    at emitErrorNT (node:internal/streams/destroy:169:8)\n    at emitErrorCloseNT (node:internal/streams/destroy:128:3)\n    at processTicksAndRejections (node:internal/process/task_queues:82:21)","errno":"EAI_AGAIN","code":"EAI_AGAIN","name":"FetchError"},"msg":"getJson: request to https://api.github.com/repos/saiteja-madha/discord-js-bot/releases/latest failed, reason: getaddrinfo EAI_AGAIN api.github.com"}
{"level":50,"time":1715721460088,"pid":44,"hostname":"26d957ae-c7ab-4b65-8316-7b0c744c6531","msg":"VersionCheck: Failed to check for bot updates"}
{"level":30,"time":1715721460088,"pid":44,"hostname":"26d957ae-c7ab-4b65-8316-7b0c744c6531","msg":"Lancement du tableau de bord"}
{"level":30,"time":1715721460371,"pid":44,"hostname":"26d957ae-c7ab-4b65-8316-7b0c744c6531","msg":"Connecting to MongoDb..."}
{"level":30,"time":1715721473127,"pid":44,"hostname":"26d957ae-c7ab-4b65-8316-7b0c744c6531","msg":"Mongoose: Database connection established"}
{"level":30,"time":1715721473158,"pid":44,"hostname":"26d957ae-c7ab-4b65-8316-7b0c744c6531","msg":"Le Dashboard fonctionne sous le port 3265"}
{"level":30,"time":1715721477592,"pid":44,"hostname":"26d957ae-c7ab-4b65-8316-7b0c744c6531","msg":"Connecté à VersaLink(BETA)#0390! (1229810158645809253)"}
{"level":30,"time":1715721477593,"pid":44,"hostname":"26d957ae-c7ab-4b65-8316-7b0c744c6531","msg":"Initialisation du système de Giveways..."}
{"level":30,"time":1715721478415,"pid":44,"hostname":"26d957ae-c7ab-4b65-8316-7b0c744c6531","msg":"Successfully registered interactions"}
{"level":30,"time":1715721478745,"pid":44,"hostname":"26d957ae-c7ab-4b65-8316-7b0c744c6531","msg":"Gestionaire de Giveways initialisé !"}
