{"level":30,"time":1718772650872,"pid":53,"hostname":"f6af1c7b-7980-45b8-b40b-aff131c6921a","msg":"Validation du fichier de configuration et des variables d'environnement"}
{"level":40,"time":1718772650875,"pid":53,"hostname":"f6af1c7b-7980-45b8-b40b-aff131c6921a","msg":"env: STRANGE_API_KEY est manquant. Les commandes d'image ne fonctionneront pas"}
{"level":30,"time":1718772650965,"pid":53,"hostname":"f6af1c7b-7980-45b8-b40b-aff131c6921a","msg":"Loading commands..."}
{"level":20,"time":1718772651427,"pid":53,"hostname":"f6af1c7b-7980-45b8-b40b-aff131c6921a","msg":"Skipping Command filter. Category IMAGE is disabled"}
{"level":20,"time":1718772651427,"pid":53,"hostname":"f6af1c7b-7980-45b8-b40b-aff131c6921a","msg":"Skipping Command generator. Category IMAGE is disabled"}
{"level":20,"time":1718772651428,"pid":53,"hostname":"f6af1c7b-7980-45b8-b40b-aff131c6921a","msg":"Skipping Command overlay. Category IMAGE is disabled"}
{"level":20,"time":1718772651434,"pid":53,"hostname":"f6af1c7b-7980-45b8-b40b-aff131c6921a","msg":"Skipping slash command avatar. Disabled!"}
{"level":20,"time":1718772651435,"pid":53,"hostname":"f6af1c7b-7980-45b8-b40b-aff131c6921a","msg":"Skipping slash command botinvite. Disabled!"}
{"level":20,"time":1718772651436,"pid":53,"hostname":"f6af1c7b-7980-45b8-b40b-aff131c6921a","msg":"Skipping slash command botstats. Disabled!"}
{"level":20,"time":1718772651438,"pid":53,"hostname":"f6af1c7b-7980-45b8-b40b-aff131c6921a","msg":"Skipping slash command channelinfo. Disabled!"}
{"level":20,"time":1718772651439,"pid":53,"hostname":"f6af1c7b-7980-45b8-b40b-aff131c6921a","msg":"Skipping slash command emojiinfo. Disabled!"}
{"level":20,"time":1718772651449,"pid":53,"hostname":"f6af1c7b-7980-45b8-b40b-aff131c6921a","msg":"Skipping slash command guildinfo. Disabled!"}
{"level":20,"time":1718772651450,"pid":53,"hostname":"f6af1c7b-7980-45b8-b40b-aff131c6921a","msg":"Skipping slash command uptime. Disabled!"}
{"level":20,"time":1718772651451,"pid":53,"hostname":"f6af1c7b-7980-45b8-b40b-aff131c6921a","msg":"Skipping slash command userinfo. Disabled!"}
{"level":20,"time":1718772651453,"pid":53,"hostname":"f6af1c7b-7980-45b8-b40b-aff131c6921a","msg":"Skipping command bot. Disabled!"}
{"level":20,"time":1718772651453,"pid":53,"hostname":"f6af1c7b-7980-45b8-b40b-aff131c6921a","msg":"Skipping command info. Disabled!"}
{"level":20,"time":1718772651462,"pid":53,"hostname":"f6af1c7b-7980-45b8-b40b-aff131c6921a","msg":"Skipping slash command deafen. Disabled!"}
{"level":20,"time":1718772651463,"pid":53,"hostname":"f6af1c7b-7980-45b8-b40b-aff131c6921a","msg":"Skipping slash command disconnect. Disabled!"}
{"level":20,"time":1718772651464,"pid":53,"hostname":"f6af1c7b-7980-45b8-b40b-aff131c6921a","msg":"Skipping slash command move. Disabled!"}
{"level":20,"time":1718772651464,"pid":53,"hostname":"f6af1c7b-7980-45b8-b40b-aff131c6921a","msg":"Skipping slash command purge. Disabled!"}
{"level":20,"time":1718772651465,"pid":53,"hostname":"f6af1c7b-7980-45b8-b40b-aff131c6921a","msg":"Skipping slash command purgeattach. Disabled!"}
{"level":20,"time":1718772651465,"pid":53,"hostname":"f6af1c7b-7980-45b8-b40b-aff131c6921a","msg":"Skipping slash command purgebots. Disabled!"}
{"level":20,"time":1718772651466,"pid":53,"hostname":"f6af1c7b-7980-45b8-b40b-aff131c6921a","msg":"Skipping slash command purgelinks. Disabled!"}
{"level":20,"time":1718772651466,"pid":53,"hostname":"f6af1c7b-7980-45b8-b40b-aff131c6921a","msg":"Skipping slash command purgetoken. Disabled!"}
{"level":20,"time":1718772651467,"pid":53,"hostname":"f6af1c7b-7980-45b8-b40b-aff131c6921a","msg":"Skipping slash command purgeuser. Disabled!"}
{"level":20,"time":1718772651468,"pid":53,"hostname":"f6af1c7b-7980-45b8-b40b-aff131c6921a","msg":"Skipping slash command undeafen. Disabled!"}
{"level":20,"time":1718772651468,"pid":53,"hostname":"f6af1c7b-7980-45b8-b40b-aff131c6921a","msg":"Skipping slash command vmute. Disabled!"}
{"level":20,"time":1718772651469,"pid":53,"hostname":"f6af1c7b-7980-45b8-b40b-aff131c6921a","msg":"Skipping slash command vunmute. Disabled!"}
{"level":20,"time":1718772651471,"pid":53,"hostname":"f6af1c7b-7980-45b8-b40b-aff131c6921a","msg":"Skipping command purge. Disabled!"}
{"level":20,"time":1718772651472,"pid":53,"hostname":"f6af1c7b-7980-45b8-b40b-aff131c6921a","msg":"Skipping command voice. Disabled!"}
{"level":20,"time":1718772651475,"pid":53,"hostname":"f6af1c7b-7980-45b8-b40b-aff131c6921a","msg":"Skipping Command bassboost. Category MUSIC is disabled"}
{"level":20,"time":1718772651477,"pid":53,"hostname":"f6af1c7b-7980-45b8-b40b-aff131c6921a","msg":"Skipping Command loop. Category MUSIC is disabled"}
{"level":20,"time":1718772651478,"pid":53,"hostname":"f6af1c7b-7980-45b8-b40b-aff131c6921a","msg":"Skipping Command lyric. Category MUSIC is disabled"}
{"level":20,"time":1718772651479,"pid":53,"hostname":"f6af1c7b-7980-45b8-b40b-aff131c6921a","msg":"Skipping Command np. Category MUSIC is disabled"}
{"level":20,"time":1718772651480,"pid":53,"hostname":"f6af1c7b-7980-45b8-b40b-aff131c6921a","msg":"Skipping Command pause. Category MUSIC is disabled"}
{"level":20,"time":1718772651481,"pid":53,"hostname":"f6af1c7b-7980-45b8-b40b-aff131c6921a","msg":"Skipping Command play. Category MUSIC is disabled"}
{"level":20,"time":1718772651482,"pid":53,"hostname":"f6af1c7b-7980-45b8-b40b-aff131c6921a","msg":"Skipping Command queue. Category MUSIC is disabled"}
{"level":20,"time":1718772651483,"pid":53,"hostname":"f6af1c7b-7980-45b8-b40b-aff131c6921a","msg":"Skipping Command resume. Category MUSIC is disabled"}
{"level":20,"time":1718772651483,"pid":53,"hostname":"f6af1c7b-7980-45b8-b40b-aff131c6921a","msg":"Skipping Command search. Category MUSIC is disabled"}
{"level":20,"time":1718772651484,"pid":53,"hostname":"f6af1c7b-7980-45b8-b40b-aff131c6921a","msg":"Skipping Command seek. Category MUSIC is disabled"}
{"level":20,"time":1718772651484,"pid":53,"hostname":"f6af1c7b-7980-45b8-b40b-aff131c6921a","msg":"Skipping Command shuffle. Category MUSIC is disabled"}
{"level":20,"time":1718772651485,"pid":53,"hostname":"f6af1c7b-7980-45b8-b40b-aff131c6921a","msg":"Skipping Command skip. Category MUSIC is disabled"}
{"level":20,"time":1718772651485,"pid":53,"hostname":"f6af1c7b-7980-45b8-b40b-aff131c6921a","msg":"Skipping Command stop. Category MUSIC is disabled"}
{"level":20,"time":1718772651486,"pid":53,"hostname":"f6af1c7b-7980-45b8-b40b-aff131c6921a","msg":"Skipping Command volume. Category MUSIC is disabled"}
{"level":20,"time":1718772651487,"pid":53,"hostname":"f6af1c7b-7980-45b8-b40b-aff131c6921a","msg":"Skipping slash command eval. Disabled!"}
{"level":20,"time":1718772651487,"pid":53,"hostname":"f6af1c7b-7980-45b8-b40b-aff131c6921a","msg":"Skipping slash command leaveserver. Disabled!"}
{"level":20,"time":1718772651488,"pid":53,"hostname":"f6af1c7b-7980-45b8-b40b-aff131c6921a","msg":"Skipping slash command listservers. Disabled!"}
{"level":20,"time":1718772651576,"pid":53,"hostname":"f6af1c7b-7980-45b8-b40b-aff131c6921a","msg":"Skipping command link. Disabled!"}
{"level":20,"time":1718772651576,"pid":53,"hostname":"f6af1c7b-7980-45b8-b40b-aff131c6921a","msg":"Skipping slash command link. Disabled!"}
{"level":30,"time":1718772651580,"pid":53,"hostname":"f6af1c7b-7980-45b8-b40b-aff131c6921a","msg":"Loaded 88 commands"}
{"level":30,"time":1718772651580,"pid":53,"hostname":"f6af1c7b-7980-45b8-b40b-aff131c6921a","msg":"Loaded 69 slash commands"}
{"level":30,"time":1718772651580,"pid":53,"hostname":"f6af1c7b-7980-45b8-b40b-aff131c6921a","msg":"Loading contexts..."}
{"level":30,"time":1718772651581,"pid":53,"hostname":"f6af1c7b-7980-45b8-b40b-aff131c6921a","msg":"Loaded 0 USER contexts"}
{"level":30,"time":1718772651581,"pid":53,"hostname":"f6af1c7b-7980-45b8-b40b-aff131c6921a","msg":"Loaded 0 MESSAGE contexts"}
{"level":30,"time":1718772651581,"pid":53,"hostname":"f6af1c7b-7980-45b8-b40b-aff131c6921a","msg":"Loading events..."}
{"level":30,"time":1718772651633,"pid":53,"hostname":"f6af1c7b-7980-45b8-b40b-aff131c6921a","msg":"Loaded 16 events. Success (16) Failed (0)"}
{"level":40,"time":1718772651936,"pid":53,"hostname":"f6af1c7b-7980-45b8-b40b-aff131c6921a","msg":"VersionCheck: 5.5.0 update is available"}
{"level":40,"time":1718772651936,"pid":53,"hostname":"f6af1c7b-7980-45b8-b40b-aff131c6921a","msg":"download: https://github.com/saiteja-madha/discord-js-bot/releases/latest"}
{"level":30,"time":1718772651937,"pid":53,"hostname":"f6af1c7b-7980-45b8-b40b-aff131c6921a","msg":"Lancement du tableau de bord"}
{"level":30,"time":1718772652137,"pid":53,"hostname":"f6af1c7b-7980-45b8-b40b-aff131c6921a","msg":"Connecting to MongoDb..."}
{"level":30,"time":1718772652757,"pid":53,"hostname":"f6af1c7b-7980-45b8-b40b-aff131c6921a","msg":"Mongoose: Database connection established"}
{"level":30,"time":1718772652818,"pid":53,"hostname":"f6af1c7b-7980-45b8-b40b-aff131c6921a","msg":"Le Dashboard fonctionne sous le port 4577"}
{"level":30,"time":1718772659140,"pid":53,"hostname":"f6af1c7b-7980-45b8-b40b-aff131c6921a","msg":"Connecté à VersaLink(BETA)#0390! (1229810158645809253)"}
{"level":30,"time":1718772659140,"pid":53,"hostname":"f6af1c7b-7980-45b8-b40b-aff131c6921a","msg":"Initialisation du système de Giveways..."}
{"level":30,"time":1718772659202,"pid":53,"hostname":"f6af1c7b-7980-45b8-b40b-aff131c6921a","msg":"Gestionaire de Giveways initialisé !"}
{"level":30,"time":1718772659551,"pid":53,"hostname":"f6af1c7b-7980-45b8-b40b-aff131c6921a","msg":"Successfully registered interactions"}
{"level":50,"time":1718806283708,"pid":53,"hostname":"f6af1c7b-7980-45b8-b40b-aff131c6921a","err":{"type":"DiscordAPIError","message":"Unknown Role","stack":"DiscordAPIError[10011]: Unknown Role\n    at handleErrors (/home/container/node_modules/@discordjs/rest/src/lib/handlers/Shared.ts:152:10)\n    at processTicksAndRejections (node:internal/process/task_queues:95:5)\n    at async SequentialHandler.runRequest (/home/container/node_modules/@discordjs/rest/src/lib/handlers/SequentialHandler.ts:399:20)\n    at async SequentialHandler.queueRequest (/home/container/node_modules/@discordjs/rest/src/lib/handlers/SequentialHandler.ts:169:11)\n    at async REST.request (/home/container/node_modules/@discordjs/rest/src/lib/REST.ts:343:20)\n    at async GuildMemberRoleManager.add (/home/container/node_modules/discord.js/src/managers/GuildMemberRoleManager.js:131:7)","requestBody":{},"rawError":{"message":"Unknown Role","code":10011},"code":10011,"status":404,"method":"PUT","url":"https://discord.com/api/v10/guilds/1105568559209402490/members/631362553263554576/roles/1233945159457050644"},"msg":"Unhandled exception: Unknown Role"}
{"level":50,"time":1718810951729,"pid":53,"hostname":"f6af1c7b-7980-45b8-b40b-aff131c6921a","err":{"type":"DiscordAPIError","message":"Unknown Role","stack":"DiscordAPIError[10011]: Unknown Role\n    at handleErrors (/home/container/node_modules/@discordjs/rest/src/lib/handlers/Shared.ts:152:10)\n    at processTicksAndRejections (node:internal/process/task_queues:95:5)\n    at async SequentialHandler.runRequest (/home/container/node_modules/@discordjs/rest/src/lib/handlers/SequentialHandler.ts:399:20)\n    at async SequentialHandler.queueRequest (/home/container/node_modules/@discordjs/rest/src/lib/handlers/SequentialHandler.ts:169:11)\n    at async REST.request (/home/container/node_modules/@discordjs/rest/src/lib/REST.ts:343:20)\n    at async GuildMemberRoleManager.add (/home/container/node_modules/discord.js/src/managers/GuildMemberRoleManager.js:131:7)","requestBody":{},"rawError":{"message":"Unknown Role","code":10011},"code":10011,"status":404,"method":"PUT","url":"https://discord.com/api/v10/guilds/1105568559209402490/members/631362553263554576/roles/1233945159457050644"},"msg":"Unhandled exception: Unknown Role"}
{"level":50,"time":1718812254731,"pid":53,"hostname":"f6af1c7b-7980-45b8-b40b-aff131c6921a","err":{"type":"DiscordAPIError","message":"Unknown Role","stack":"DiscordAPIError[10011]: Unknown Role\n    at handleErrors (/home/container/node_modules/@discordjs/rest/src/lib/handlers/Shared.ts:152:10)\n    at processTicksAndRejections (node:internal/process/task_queues:95:5)\n    at async SequentialHandler.runRequest (/home/container/node_modules/@discordjs/rest/src/lib/handlers/SequentialHandler.ts:399:20)\n    at async SequentialHandler.queueRequest (/home/container/node_modules/@discordjs/rest/src/lib/handlers/SequentialHandler.ts:169:11)\n    at async REST.request (/home/container/node_modules/@discordjs/rest/src/lib/REST.ts:343:20)\n    at async GuildMemberRoleManager.add (/home/container/node_modules/discord.js/src/managers/GuildMemberRoleManager.js:131:7)","requestBody":{},"rawError":{"message":"Unknown Role","code":10011},"code":10011,"status":404,"method":"PUT","url":"https://discord.com/api/v10/guilds/1105568559209402490/members/1107969535576899686/roles/1233945159457050644"},"msg":"Unhandled exception: Unknown Role"}
{"level":50,"time":1718828933102,"pid":53,"hostname":"f6af1c7b-7980-45b8-b40b-aff131c6921a","err":{"type":"DiscordAPIError","message":"Unknown Role","stack":"DiscordAPIError[10011]: Unknown Role\n    at handleErrors (/home/container/node_modules/@discordjs/rest/src/lib/handlers/Shared.ts:152:10)\n    at processTicksAndRejections (node:internal/process/task_queues:95:5)\n    at async SequentialHandler.runRequest (/home/container/node_modules/@discordjs/rest/src/lib/handlers/SequentialHandler.ts:399:20)\n    at async SequentialHandler.queueRequest (/home/container/node_modules/@discordjs/rest/src/lib/handlers/SequentialHandler.ts:169:11)\n    at async REST.request (/home/container/node_modules/@discordjs/rest/src/lib/REST.ts:343:20)\n    at async GuildMemberRoleManager.add (/home/container/node_modules/discord.js/src/managers/GuildMemberRoleManager.js:131:7)","requestBody":{},"rawError":{"message":"Unknown Role","code":10011},"code":10011,"status":404,"method":"PUT","url":"https://discord.com/api/v10/guilds/1105568559209402490/members/631362553263554576/roles/1233945159457050644"},"msg":"Unhandled exception: Unknown Role"}
{"level":50,"time":1718851284511,"pid":53,"hostname":"f6af1c7b-7980-45b8-b40b-aff131c6921a","err":{"type":"PoolClearedOnNetworkError","message":"Connection to ac-9loqot0-shard-00-02.edphqgj.mongodb.net:27017 interrupted due to server monitor timeout","stack":"PoolClearedOnNetworkError: Connection to ac-9loqot0-shard-00-02.edphqgj.mongodb.net:27017 interrupted due to server monitor timeout\n    at ConnectionPool.interruptInUseConnections (/home/container/node_modules/mongodb/src/cmap/connection_pool.ts:485:28)\n    at /home/container/node_modules/mongodb/src/cmap/connection_pool.ts:470:35\n    at processTicksAndRejections (node:internal/process/task_queues:77:11)","address":"ac-9loqot0-shard-00-02.edphqgj.mongodb.net:27017"},"msg":"Unhandled exception: Connection to ac-9loqot0-shard-00-02.edphqgj.mongodb.net:27017 interrupted due to server monitor timeout"}
{"level":50,"time":1718851344208,"pid":53,"hostname":"f6af1c7b-7980-45b8-b40b-aff131c6921a","err":{"type":"MongoServerSelectionError","message":"getaddrinfo EAI_AGAIN ac-9loqot0-shard-00-00.edphqgj.mongodb.net","stack":"MongoServerSelectionError: getaddrinfo EAI_AGAIN ac-9loqot0-shard-00-00.edphqgj.mongodb.net\n    at Timeout._onTimeout (/home/container/node_modules/mongodb/src/sdam/topology.ts:567:30)\n    at listOnTimeout (node:internal/timers:573:17)\n    at processTimers (node:internal/timers:514:7)","reason":{"type":"ReplicaSetNoPrimary","servers":{},"stale":false,"compatible":true,"heartbeatFrequencyMS":10000,"localThresholdMS":15,"setName":"atlas-5jecz8-shard-0","maxElectionId":"7fffffff00000000000000b0","maxSetVersion":9,"commonWireVersion":0,"logicalSessionTimeoutMinutes":null}},"msg":"Unhandled exception: getaddrinfo EAI_AGAIN ac-9loqot0-shard-00-00.edphqgj.mongodb.net"}
