{"level":30,"time":1702385514233,"pid":14464,"hostname":"DESKTOP-U62FJDG","msg":"Validation du fichier de configuration et des variables d'environnement"}
{"level":40,"time":1702385514234,"pid":14464,"hostname":"DESKTOP-U62FJDG","msg":"config.js: SUPPORT_SERVER n'est pas fourni"}
{"level":40,"time":1702385514234,"pid":14464,"hostname":"DESKTOP-U62FJDG","msg":"env: STRANGE_API_KEY est manquant. Les commandes d'image ne fonctionneront pas"}
{"level":30,"time":1702385515739,"pid":14464,"hostname":"DESKTOP-U62FJDG","msg":"Loading commands..."}
{"level":20,"time":1702385533041,"pid":14464,"hostname":"DESKTOP-U62FJDG","msg":"Skipping Command filter. Category IMAGE is disabled"}
{"level":20,"time":1702385533160,"pid":14464,"hostname":"DESKTOP-U62FJDG","msg":"Skipping Command generator. Category IMAGE is disabled"}
{"level":20,"time":1702385533161,"pid":14464,"hostname":"DESKTOP-U62FJDG","msg":"Skipping Command overlay. Category IMAGE is disabled"}
{"level":20,"time":1702385533170,"pid":14464,"hostname":"DESKTOP-U62FJDG","msg":"Skipping slash command avatar. Disabled!"}
{"level":20,"time":1702385533172,"pid":14464,"hostname":"DESKTOP-U62FJDG","msg":"Skipping slash command botinvite. Disabled!"}
{"level":20,"time":1702385533174,"pid":14464,"hostname":"DESKTOP-U62FJDG","msg":"Skipping slash command botstats. Disabled!"}
{"level":20,"time":1702385533177,"pid":14464,"hostname":"DESKTOP-U62FJDG","msg":"Skipping slash command channelinfo. Disabled!"}
{"level":20,"time":1702385533179,"pid":14464,"hostname":"DESKTOP-U62FJDG","msg":"Skipping slash command emojiinfo. Disabled!"}
{"level":20,"time":1702385533213,"pid":14464,"hostname":"DESKTOP-U62FJDG","msg":"Skipping slash command guildinfo. Disabled!"}
{"level":20,"time":1702385533214,"pid":14464,"hostname":"DESKTOP-U62FJDG","msg":"Skipping slash command uptime. Disabled!"}
{"level":20,"time":1702385533216,"pid":14464,"hostname":"DESKTOP-U62FJDG","msg":"Skipping slash command userinfo. Disabled!"}
{"level":20,"time":1702385533218,"pid":14464,"hostname":"DESKTOP-U62FJDG","msg":"Skipping command bot. Disabled!"}
{"level":20,"time":1702385533220,"pid":14464,"hostname":"DESKTOP-U62FJDG","msg":"Skipping command info. Disabled!"}
{"level":20,"time":1702385533222,"pid":14464,"hostname":"DESKTOP-U62FJDG","msg":"Skipping Command addinvites. Category INVITE is disabled"}
{"level":20,"time":1702385533223,"pid":14464,"hostname":"DESKTOP-U62FJDG","msg":"Skipping Command invitecodes. Category INVITE is disabled"}
{"level":20,"time":1702385533224,"pid":14464,"hostname":"DESKTOP-U62FJDG","msg":"Skipping Command inviter. Category INVITE is disabled"}
{"level":20,"time":1702385533225,"pid":14464,"hostname":"DESKTOP-U62FJDG","msg":"Skipping Command inviterank. Category INVITE is disabled"}
{"level":20,"time":1702385533226,"pid":14464,"hostname":"DESKTOP-U62FJDG","msg":"Skipping Command inviteranks. Category INVITE is disabled"}
{"level":20,"time":1702385533227,"pid":14464,"hostname":"DESKTOP-U62FJDG","msg":"Skipping Command invites. Category INVITE is disabled"}
{"level":20,"time":1702385533228,"pid":14464,"hostname":"DESKTOP-U62FJDG","msg":"Skipping Command invitesimport. Category INVITE is disabled"}
{"level":20,"time":1702385533229,"pid":14464,"hostname":"DESKTOP-U62FJDG","msg":"Skipping Command invitetracker. Category INVITE is disabled"}
{"level":20,"time":1702385533229,"pid":14464,"hostname":"DESKTOP-U62FJDG","msg":"Skipping Command resetinvites. Category INVITE is disabled"}
{"level":20,"time":1702385533235,"pid":14464,"hostname":"DESKTOP-U62FJDG","msg":"Skipping slash command deafen. Disabled!"}
{"level":20,"time":1702385533237,"pid":14464,"hostname":"DESKTOP-U62FJDG","msg":"Skipping slash command disconnect. Disabled!"}
{"level":20,"time":1702385533239,"pid":14464,"hostname":"DESKTOP-U62FJDG","msg":"Skipping slash command move. Disabled!"}
{"level":20,"time":1702385533239,"pid":14464,"hostname":"DESKTOP-U62FJDG","msg":"Skipping slash command purge. Disabled!"}
{"level":20,"time":1702385533240,"pid":14464,"hostname":"DESKTOP-U62FJDG","msg":"Skipping slash command purgeattach. Disabled!"}
{"level":20,"time":1702385533241,"pid":14464,"hostname":"DESKTOP-U62FJDG","msg":"Skipping slash command purgebots. Disabled!"}
{"level":20,"time":1702385533242,"pid":14464,"hostname":"DESKTOP-U62FJDG","msg":"Skipping slash command purgelinks. Disabled!"}
{"level":20,"time":1702385533243,"pid":14464,"hostname":"DESKTOP-U62FJDG","msg":"Skipping slash command purgetoken. Disabled!"}
{"level":20,"time":1702385533244,"pid":14464,"hostname":"DESKTOP-U62FJDG","msg":"Skipping slash command purgeuser. Disabled!"}
{"level":20,"time":1702385533245,"pid":14464,"hostname":"DESKTOP-U62FJDG","msg":"Skipping slash command undeafen. Disabled!"}
{"level":20,"time":1702385533246,"pid":14464,"hostname":"DESKTOP-U62FJDG","msg":"Skipping slash command vmute. Disabled!"}
{"level":20,"time":1702385533248,"pid":14464,"hostname":"DESKTOP-U62FJDG","msg":"Skipping slash command vunmute. Disabled!"}
{"level":20,"time":1702385533251,"pid":14464,"hostname":"DESKTOP-U62FJDG","msg":"Skipping command purge. Disabled!"}
{"level":20,"time":1702385533253,"pid":14464,"hostname":"DESKTOP-U62FJDG","msg":"Skipping command voice. Disabled!"}
{"level":20,"time":1702385533260,"pid":14464,"hostname":"DESKTOP-U62FJDG","msg":"Skipping Command bassboost. Category MUSIC is disabled"}
{"level":20,"time":1702385533264,"pid":14464,"hostname":"DESKTOP-U62FJDG","msg":"Skipping Command loop. Category MUSIC is disabled"}
{"level":20,"time":1702385533265,"pid":14464,"hostname":"DESKTOP-U62FJDG","msg":"Skipping Command lyric. Category MUSIC is disabled"}
{"level":20,"time":1702385533277,"pid":14464,"hostname":"DESKTOP-U62FJDG","msg":"Skipping Command np. Category MUSIC is disabled"}
{"level":20,"time":1702385533278,"pid":14464,"hostname":"DESKTOP-U62FJDG","msg":"Skipping Command pause. Category MUSIC is disabled"}
{"level":20,"time":1702385533279,"pid":14464,"hostname":"DESKTOP-U62FJDG","msg":"Skipping Command play. Category MUSIC is disabled"}
{"level":20,"time":1702385533280,"pid":14464,"hostname":"DESKTOP-U62FJDG","msg":"Skipping Command queue. Category MUSIC is disabled"}
{"level":20,"time":1702385533281,"pid":14464,"hostname":"DESKTOP-U62FJDG","msg":"Skipping Command resume. Category MUSIC is disabled"}
{"level":20,"time":1702385533282,"pid":14464,"hostname":"DESKTOP-U62FJDG","msg":"Skipping Command search. Category MUSIC is disabled"}
{"level":20,"time":1702385533284,"pid":14464,"hostname":"DESKTOP-U62FJDG","msg":"Skipping Command seek. Category MUSIC is disabled"}
{"level":20,"time":1702385533284,"pid":14464,"hostname":"DESKTOP-U62FJDG","msg":"Skipping Command shuffle. Category MUSIC is disabled"}
{"level":20,"time":1702385533285,"pid":14464,"hostname":"DESKTOP-U62FJDG","msg":"Skipping Command skip. Category MUSIC is disabled"}
{"level":20,"time":1702385533286,"pid":14464,"hostname":"DESKTOP-U62FJDG","msg":"Skipping Command stop. Category MUSIC is disabled"}
{"level":20,"time":1702385533288,"pid":14464,"hostname":"DESKTOP-U62FJDG","msg":"Skipping Command volume. Category MUSIC is disabled"}
{"level":20,"time":1702385533289,"pid":14464,"hostname":"DESKTOP-U62FJDG","msg":"Skipping slash command eval. Disabled!"}
{"level":20,"time":1702385533290,"pid":14464,"hostname":"DESKTOP-U62FJDG","msg":"Skipping slash command leaveserver. Disabled!"}
{"level":20,"time":1702385533291,"pid":14464,"hostname":"DESKTOP-U62FJDG","msg":"Skipping slash command listservers. Disabled!"}
{"level":30,"time":1702385533483,"pid":14464,"hostname":"DESKTOP-U62FJDG","msg":"Loaded 79 commands"}
{"level":30,"time":1702385533484,"pid":14464,"hostname":"DESKTOP-U62FJDG","msg":"Loaded 60 slash commands"}
{"level":30,"time":1702385533484,"pid":14464,"hostname":"DESKTOP-U62FJDG","msg":"Loading contexts..."}
{"level":30,"time":1702385533488,"pid":14464,"hostname":"DESKTOP-U62FJDG","msg":"Loaded 0 USER contexts"}
{"level":30,"time":1702385533488,"pid":14464,"hostname":"DESKTOP-U62FJDG","msg":"Loaded 0 MESSAGE contexts"}
{"level":30,"time":1702385533488,"pid":14464,"hostname":"DESKTOP-U62FJDG","msg":"Loading events..."}
{"level":30,"time":1702385533567,"pid":14464,"hostname":"DESKTOP-U62FJDG","msg":"Loaded 15 events. Success (15) Failed (0)"}
{"level":30,"time":1702385534346,"pid":14464,"hostname":"DESKTOP-U62FJDG","msg":"VersionCheck: Your discord bot is up to date"}
{"level":30,"time":1702385534346,"pid":14464,"hostname":"DESKTOP-U62FJDG","msg":"Launching dashboard"}
{"level":30,"time":1702385539854,"pid":14464,"hostname":"DESKTOP-U62FJDG","msg":"Connecting to MongoDb..."}
{"level":30,"time":1702385541132,"pid":14464,"hostname":"DESKTOP-U62FJDG","msg":"Mongoose: Database connection established"}
{"level":30,"time":1702385541234,"pid":14464,"hostname":"DESKTOP-U62FJDG","msg":"Dashboard is listening on port 8080"}
{"level":30,"time":1702385547583,"pid":14464,"hostname":"DESKTOP-U62FJDG","msg":"Logged in as HeimdallCorp#0881! (1164402510451187793)"}
{"level":30,"time":1702385547583,"pid":14464,"hostname":"DESKTOP-U62FJDG","msg":"Initializing giveaways manager..."}
{"level":30,"time":1702385547712,"pid":14464,"hostname":"DESKTOP-U62FJDG","msg":"Giveaway Manager initialized"}
{"level":30,"time":1702385547971,"pid":14464,"hostname":"DESKTOP-U62FJDG","msg":"Successfully registered interactions"}
{"level":50,"time":1702411412134,"pid":14464,"hostname":"DESKTOP-U62FJDG","err":{"type":"PoolClearedOnNetworkError","message":"Connection to ac-9loqot0-shard-00-01.edphqgj.mongodb.net:27017 interrupted due to server monitor timeout","stack":"PoolClearedOnNetworkError: Connection to ac-9loqot0-shard-00-01.edphqgj.mongodb.net:27017 interrupted due to server monitor timeout\n    at ConnectionPool.interruptInUseConnections (C:\\Users\\Noah\\Desktop\\discord-js-bot\\node_modules\\mongodb\\lib\\cmap\\connection_pool.js:262:36)\n    at C:\\Users\\Noah\\Desktop\\discord-js-bot\\node_modules\\mongodb\\lib\\cmap\\connection_pool.js:249:41\n    at processTicksAndRejections (node:internal/process/task_queues:77:11)\n    at runNextTicks (node:internal/process/task_queues:64:3)\n    at listOnTimeout (node:internal/timers:540:9)\n    at process.processTimers (node:internal/timers:514:7)","address":"ac-9loqot0-shard-00-01.edphqgj.mongodb.net:27017"},"msg":"Unhandled exception: Connection to ac-9loqot0-shard-00-01.edphqgj.mongodb.net:27017 interrupted due to server monitor timeout"}
{"level":30,"time":1702411584655,"pid":11084,"hostname":"DESKTOP-U62FJDG","msg":"Validation du fichier de configuration et des variables d'environnement"}
{"level":40,"time":1702411584657,"pid":11084,"hostname":"DESKTOP-U62FJDG","msg":"config.js: SUPPORT_SERVER n'est pas fourni"}
{"level":40,"time":1702411584657,"pid":11084,"hostname":"DESKTOP-U62FJDG","msg":"env: STRANGE_API_KEY est manquant. Les commandes d'image ne fonctionneront pas"}
{"level":30,"time":1702411584835,"pid":11084,"hostname":"DESKTOP-U62FJDG","msg":"Loading commands..."}
{"level":20,"time":1702411586644,"pid":11084,"hostname":"DESKTOP-U62FJDG","msg":"Skipping Command filter. Category IMAGE is disabled"}
{"level":20,"time":1702411586645,"pid":11084,"hostname":"DESKTOP-U62FJDG","msg":"Skipping Command generator. Category IMAGE is disabled"}
{"level":20,"time":1702411586648,"pid":11084,"hostname":"DESKTOP-U62FJDG","msg":"Skipping Command overlay. Category IMAGE is disabled"}
{"level":20,"time":1702411586660,"pid":11084,"hostname":"DESKTOP-U62FJDG","msg":"Skipping slash command avatar. Disabled!"}
{"level":20,"time":1702411586662,"pid":11084,"hostname":"DESKTOP-U62FJDG","msg":"Skipping slash command botinvite. Disabled!"}
{"level":20,"time":1702411586665,"pid":11084,"hostname":"DESKTOP-U62FJDG","msg":"Skipping slash command botstats. Disabled!"}
{"level":20,"time":1702411586669,"pid":11084,"hostname":"DESKTOP-U62FJDG","msg":"Skipping slash command channelinfo. Disabled!"}
{"level":20,"time":1702411586671,"pid":11084,"hostname":"DESKTOP-U62FJDG","msg":"Skipping slash command emojiinfo. Disabled!"}
{"level":20,"time":1702411586687,"pid":11084,"hostname":"DESKTOP-U62FJDG","msg":"Skipping slash command guildinfo. Disabled!"}
{"level":20,"time":1702411586688,"pid":11084,"hostname":"DESKTOP-U62FJDG","msg":"Skipping slash command uptime. Disabled!"}
{"level":20,"time":1702411586690,"pid":11084,"hostname":"DESKTOP-U62FJDG","msg":"Skipping slash command userinfo. Disabled!"}
{"level":20,"time":1702411586696,"pid":11084,"hostname":"DESKTOP-U62FJDG","msg":"Skipping command bot. Disabled!"}
{"level":20,"time":1702411586698,"pid":11084,"hostname":"DESKTOP-U62FJDG","msg":"Skipping command info. Disabled!"}
{"level":20,"time":1702411586701,"pid":11084,"hostname":"DESKTOP-U62FJDG","msg":"Skipping Command addinvites. Category INVITE is disabled"}
{"level":20,"time":1702411586702,"pid":11084,"hostname":"DESKTOP-U62FJDG","msg":"Skipping Command invitecodes. Category INVITE is disabled"}
{"level":20,"time":1702411586703,"pid":11084,"hostname":"DESKTOP-U62FJDG","msg":"Skipping Command inviter. Category INVITE is disabled"}
{"level":20,"time":1702411586705,"pid":11084,"hostname":"DESKTOP-U62FJDG","msg":"Skipping Command inviterank. Category INVITE is disabled"}
{"level":20,"time":1702411586709,"pid":11084,"hostname":"DESKTOP-U62FJDG","msg":"Skipping Command inviteranks. Category INVITE is disabled"}
{"level":20,"time":1702411586711,"pid":11084,"hostname":"DESKTOP-U62FJDG","msg":"Skipping Command invites. Category INVITE is disabled"}
{"level":20,"time":1702411586713,"pid":11084,"hostname":"DESKTOP-U62FJDG","msg":"Skipping Command invitesimport. Category INVITE is disabled"}
{"level":20,"time":1702411586714,"pid":11084,"hostname":"DESKTOP-U62FJDG","msg":"Skipping Command invitetracker. Category INVITE is disabled"}
{"level":20,"time":1702411586715,"pid":11084,"hostname":"DESKTOP-U62FJDG","msg":"Skipping Command resetinvites. Category INVITE is disabled"}
{"level":20,"time":1702411586722,"pid":11084,"hostname":"DESKTOP-U62FJDG","msg":"Skipping slash command deafen. Disabled!"}
{"level":20,"time":1702411586724,"pid":11084,"hostname":"DESKTOP-U62FJDG","msg":"Skipping slash command disconnect. Disabled!"}
{"level":20,"time":1702411586726,"pid":11084,"hostname":"DESKTOP-U62FJDG","msg":"Skipping slash command move. Disabled!"}
{"level":20,"time":1702411586728,"pid":11084,"hostname":"DESKTOP-U62FJDG","msg":"Skipping slash command purge. Disabled!"}
{"level":20,"time":1702411586730,"pid":11084,"hostname":"DESKTOP-U62FJDG","msg":"Skipping slash command purgeattach. Disabled!"}
{"level":20,"time":1702411586731,"pid":11084,"hostname":"DESKTOP-U62FJDG","msg":"Skipping slash command purgebots. Disabled!"}
{"level":20,"time":1702411586732,"pid":11084,"hostname":"DESKTOP-U62FJDG","msg":"Skipping slash command purgelinks. Disabled!"}
{"level":20,"time":1702411586734,"pid":11084,"hostname":"DESKTOP-U62FJDG","msg":"Skipping slash command purgetoken. Disabled!"}
{"level":20,"time":1702411586735,"pid":11084,"hostname":"DESKTOP-U62FJDG","msg":"Skipping slash command purgeuser. Disabled!"}
{"level":20,"time":1702411586737,"pid":11084,"hostname":"DESKTOP-U62FJDG","msg":"Skipping slash command undeafen. Disabled!"}
{"level":20,"time":1702411586739,"pid":11084,"hostname":"DESKTOP-U62FJDG","msg":"Skipping slash command vmute. Disabled!"}
{"level":20,"time":1702411586741,"pid":11084,"hostname":"DESKTOP-U62FJDG","msg":"Skipping slash command vunmute. Disabled!"}
{"level":20,"time":1702411586745,"pid":11084,"hostname":"DESKTOP-U62FJDG","msg":"Skipping command purge. Disabled!"}
{"level":20,"time":1702411586747,"pid":11084,"hostname":"DESKTOP-U62FJDG","msg":"Skipping command voice. Disabled!"}
{"level":20,"time":1702411586756,"pid":11084,"hostname":"DESKTOP-U62FJDG","msg":"Skipping Command bassboost. Category MUSIC is disabled"}
{"level":20,"time":1702411586760,"pid":11084,"hostname":"DESKTOP-U62FJDG","msg":"Skipping Command loop. Category MUSIC is disabled"}
{"level":20,"time":1702411586761,"pid":11084,"hostname":"DESKTOP-U62FJDG","msg":"Skipping Command lyric. Category MUSIC is disabled"}
{"level":20,"time":1702411586765,"pid":11084,"hostname":"DESKTOP-U62FJDG","msg":"Skipping Command np. Category MUSIC is disabled"}
{"level":20,"time":1702411586766,"pid":11084,"hostname":"DESKTOP-U62FJDG","msg":"Skipping Command pause. Category MUSIC is disabled"}
{"level":20,"time":1702411586768,"pid":11084,"hostname":"DESKTOP-U62FJDG","msg":"Skipping Command play. Category MUSIC is disabled"}
{"level":20,"time":1702411586769,"pid":11084,"hostname":"DESKTOP-U62FJDG","msg":"Skipping Command queue. Category MUSIC is disabled"}
{"level":20,"time":1702411586771,"pid":11084,"hostname":"DESKTOP-U62FJDG","msg":"Skipping Command resume. Category MUSIC is disabled"}
{"level":20,"time":1702411586772,"pid":11084,"hostname":"DESKTOP-U62FJDG","msg":"Skipping Command search. Category MUSIC is disabled"}
{"level":20,"time":1702411586774,"pid":11084,"hostname":"DESKTOP-U62FJDG","msg":"Skipping Command seek. Category MUSIC is disabled"}
{"level":20,"time":1702411586775,"pid":11084,"hostname":"DESKTOP-U62FJDG","msg":"Skipping Command shuffle. Category MUSIC is disabled"}
{"level":20,"time":1702411586776,"pid":11084,"hostname":"DESKTOP-U62FJDG","msg":"Skipping Command skip. Category MUSIC is disabled"}
{"level":20,"time":1702411586777,"pid":11084,"hostname":"DESKTOP-U62FJDG","msg":"Skipping Command stop. Category MUSIC is disabled"}
{"level":20,"time":1702411586778,"pid":11084,"hostname":"DESKTOP-U62FJDG","msg":"Skipping Command volume. Category MUSIC is disabled"}
{"level":20,"time":1702411586780,"pid":11084,"hostname":"DESKTOP-U62FJDG","msg":"Skipping slash command eval. Disabled!"}
{"level":20,"time":1702411586781,"pid":11084,"hostname":"DESKTOP-U62FJDG","msg":"Skipping slash command leaveserver. Disabled!"}
{"level":20,"time":1702411586782,"pid":11084,"hostname":"DESKTOP-U62FJDG","msg":"Skipping slash command listservers. Disabled!"}
{"level":30,"time":1702411586827,"pid":11084,"hostname":"DESKTOP-U62FJDG","msg":"Loaded 79 commands"}
{"level":30,"time":1702411586827,"pid":11084,"hostname":"DESKTOP-U62FJDG","msg":"Loaded 60 slash commands"}
{"level":30,"time":1702411586827,"pid":11084,"hostname":"DESKTOP-U62FJDG","msg":"Loading contexts..."}
{"level":30,"time":1702411586830,"pid":11084,"hostname":"DESKTOP-U62FJDG","msg":"Loaded 0 USER contexts"}
{"level":30,"time":1702411586830,"pid":11084,"hostname":"DESKTOP-U62FJDG","msg":"Loaded 0 MESSAGE contexts"}
{"level":30,"time":1702411586830,"pid":11084,"hostname":"DESKTOP-U62FJDG","msg":"Loading events..."}
{"level":30,"time":1702411586911,"pid":11084,"hostname":"DESKTOP-U62FJDG","msg":"Loaded 15 events. Success (15) Failed (0)"}
{"level":30,"time":1702411587420,"pid":11084,"hostname":"DESKTOP-U62FJDG","msg":"VersionCheck: Your discord bot is up to date"}
{"level":30,"time":1702411587420,"pid":11084,"hostname":"DESKTOP-U62FJDG","msg":"Launching dashboard"}
{"level":30,"time":1702411587929,"pid":11084,"hostname":"DESKTOP-U62FJDG","msg":"Connecting to MongoDb..."}
{"level":30,"time":1702411589873,"pid":11084,"hostname":"DESKTOP-U62FJDG","msg":"Mongoose: Database connection established"}
{"level":30,"time":1702411589923,"pid":11084,"hostname":"DESKTOP-U62FJDG","msg":"Dashboard is listening on port 8080"}
{"level":30,"time":1702411590641,"pid":11084,"hostname":"DESKTOP-U62FJDG","msg":"Logged in as HeimdallCorp#0881! (1164402510451187793)"}
{"level":30,"time":1702411590642,"pid":11084,"hostname":"DESKTOP-U62FJDG","msg":"Initializing giveaways manager..."}
{"level":30,"time":1702411590880,"pid":11084,"hostname":"DESKTOP-U62FJDG","msg":"Giveaway Manager initialized"}
{"level":30,"time":1702411591206,"pid":11084,"hostname":"DESKTOP-U62FJDG","msg":"Successfully registered interactions"}
{"level":30,"time":1702419306512,"pid":12692,"hostname":"DESKTOP-U62FJDG","msg":"Validation du fichier de configuration et des variables d'environnement"}
{"level":40,"time":1702419306530,"pid":12692,"hostname":"DESKTOP-U62FJDG","msg":"config.js: SUPPORT_SERVER n'est pas fourni"}
{"level":40,"time":1702419306530,"pid":12692,"hostname":"DESKTOP-U62FJDG","msg":"env: STRANGE_API_KEY est manquant. Les commandes d'image ne fonctionneront pas"}
{"level":30,"time":1702419307775,"pid":12692,"hostname":"DESKTOP-U62FJDG","msg":"Loading commands..."}
{"level":20,"time":1702419314953,"pid":12692,"hostname":"DESKTOP-U62FJDG","msg":"Skipping Command filter. Category IMAGE is disabled"}
{"level":20,"time":1702419314954,"pid":12692,"hostname":"DESKTOP-U62FJDG","msg":"Skipping Command generator. Category IMAGE is disabled"}
{"level":20,"time":1702419314955,"pid":12692,"hostname":"DESKTOP-U62FJDG","msg":"Skipping Command overlay. Category IMAGE is disabled"}
{"level":20,"time":1702419314961,"pid":12692,"hostname":"DESKTOP-U62FJDG","msg":"Skipping slash command avatar. Disabled!"}
{"level":20,"time":1702419314962,"pid":12692,"hostname":"DESKTOP-U62FJDG","msg":"Skipping slash command botinvite. Disabled!"}
{"level":20,"time":1702419314964,"pid":12692,"hostname":"DESKTOP-U62FJDG","msg":"Skipping slash command botstats. Disabled!"}
{"level":20,"time":1702419314966,"pid":12692,"hostname":"DESKTOP-U62FJDG","msg":"Skipping slash command channelinfo. Disabled!"}
{"level":20,"time":1702419314967,"pid":12692,"hostname":"DESKTOP-U62FJDG","msg":"Skipping slash command emojiinfo. Disabled!"}
{"level":20,"time":1702419315019,"pid":12692,"hostname":"DESKTOP-U62FJDG","msg":"Skipping slash command guildinfo. Disabled!"}
{"level":20,"time":1702419315019,"pid":12692,"hostname":"DESKTOP-U62FJDG","msg":"Skipping slash command uptime. Disabled!"}
{"level":20,"time":1702419315021,"pid":12692,"hostname":"DESKTOP-U62FJDG","msg":"Skipping slash command userinfo. Disabled!"}
{"level":20,"time":1702419315024,"pid":12692,"hostname":"DESKTOP-U62FJDG","msg":"Skipping command bot. Disabled!"}
{"level":20,"time":1702419315025,"pid":12692,"hostname":"DESKTOP-U62FJDG","msg":"Skipping command info. Disabled!"}
{"level":20,"time":1702419315027,"pid":12692,"hostname":"DESKTOP-U62FJDG","msg":"Skipping Command addinvites. Category INVITE is disabled"}
{"level":20,"time":1702419315027,"pid":12692,"hostname":"DESKTOP-U62FJDG","msg":"Skipping Command invitecodes. Category INVITE is disabled"}
{"level":20,"time":1702419315029,"pid":12692,"hostname":"DESKTOP-U62FJDG","msg":"Skipping Command inviter. Category INVITE is disabled"}
{"level":20,"time":1702419315030,"pid":12692,"hostname":"DESKTOP-U62FJDG","msg":"Skipping Command inviterank. Category INVITE is disabled"}
{"level":20,"time":1702419315031,"pid":12692,"hostname":"DESKTOP-U62FJDG","msg":"Skipping Command inviteranks. Category INVITE is disabled"}
{"level":20,"time":1702419315032,"pid":12692,"hostname":"DESKTOP-U62FJDG","msg":"Skipping Command invites. Category INVITE is disabled"}
{"level":20,"time":1702419315033,"pid":12692,"hostname":"DESKTOP-U62FJDG","msg":"Skipping Command invitesimport. Category INVITE is disabled"}
{"level":20,"time":1702419315034,"pid":12692,"hostname":"DESKTOP-U62FJDG","msg":"Skipping Command invitetracker. Category INVITE is disabled"}
{"level":20,"time":1702419315035,"pid":12692,"hostname":"DESKTOP-U62FJDG","msg":"Skipping Command resetinvites. Category INVITE is disabled"}
{"level":20,"time":1702419315040,"pid":12692,"hostname":"DESKTOP-U62FJDG","msg":"Skipping slash command deafen. Disabled!"}
{"level":20,"time":1702419315041,"pid":12692,"hostname":"DESKTOP-U62FJDG","msg":"Skipping slash command disconnect. Disabled!"}
{"level":20,"time":1702419315043,"pid":12692,"hostname":"DESKTOP-U62FJDG","msg":"Skipping slash command move. Disabled!"}
{"level":20,"time":1702419315044,"pid":12692,"hostname":"DESKTOP-U62FJDG","msg":"Skipping slash command purge. Disabled!"}
{"level":20,"time":1702419315045,"pid":12692,"hostname":"DESKTOP-U62FJDG","msg":"Skipping slash command purgeattach. Disabled!"}
{"level":20,"time":1702419315046,"pid":12692,"hostname":"DESKTOP-U62FJDG","msg":"Skipping slash command purgebots. Disabled!"}
{"level":20,"time":1702419315047,"pid":12692,"hostname":"DESKTOP-U62FJDG","msg":"Skipping slash command purgelinks. Disabled!"}
{"level":20,"time":1702419315048,"pid":12692,"hostname":"DESKTOP-U62FJDG","msg":"Skipping slash command purgetoken. Disabled!"}
{"level":20,"time":1702419315049,"pid":12692,"hostname":"DESKTOP-U62FJDG","msg":"Skipping slash command purgeuser. Disabled!"}
{"level":20,"time":1702419315050,"pid":12692,"hostname":"DESKTOP-U62FJDG","msg":"Skipping slash command undeafen. Disabled!"}
{"level":20,"time":1702419315052,"pid":12692,"hostname":"DESKTOP-U62FJDG","msg":"Skipping slash command vmute. Disabled!"}
{"level":20,"time":1702419315054,"pid":12692,"hostname":"DESKTOP-U62FJDG","msg":"Skipping slash command vunmute. Disabled!"}
{"level":20,"time":1702419315057,"pid":12692,"hostname":"DESKTOP-U62FJDG","msg":"Skipping command purge. Disabled!"}
{"level":20,"time":1702419315058,"pid":12692,"hostname":"DESKTOP-U62FJDG","msg":"Skipping command voice. Disabled!"}
{"level":20,"time":1702419315066,"pid":12692,"hostname":"DESKTOP-U62FJDG","msg":"Skipping Command bassboost. Category MUSIC is disabled"}
{"level":20,"time":1702419315068,"pid":12692,"hostname":"DESKTOP-U62FJDG","msg":"Skipping Command loop. Category MUSIC is disabled"}
{"level":20,"time":1702419315069,"pid":12692,"hostname":"DESKTOP-U62FJDG","msg":"Skipping Command lyric. Category MUSIC is disabled"}
{"level":20,"time":1702419315096,"pid":12692,"hostname":"DESKTOP-U62FJDG","msg":"Skipping Command np. Category MUSIC is disabled"}
{"level":20,"time":1702419315097,"pid":12692,"hostname":"DESKTOP-U62FJDG","msg":"Skipping Command pause. Category MUSIC is disabled"}
{"level":20,"time":1702419315098,"pid":12692,"hostname":"DESKTOP-U62FJDG","msg":"Skipping Command play. Category MUSIC is disabled"}
{"level":20,"time":1702419315099,"pid":12692,"hostname":"DESKTOP-U62FJDG","msg":"Skipping Command queue. Category MUSIC is disabled"}
{"level":20,"time":1702419315099,"pid":12692,"hostname":"DESKTOP-U62FJDG","msg":"Skipping Command resume. Category MUSIC is disabled"}
{"level":20,"time":1702419315101,"pid":12692,"hostname":"DESKTOP-U62FJDG","msg":"Skipping Command search. Category MUSIC is disabled"}
{"level":20,"time":1702419315102,"pid":12692,"hostname":"DESKTOP-U62FJDG","msg":"Skipping Command seek. Category MUSIC is disabled"}
{"level":20,"time":1702419315103,"pid":12692,"hostname":"DESKTOP-U62FJDG","msg":"Skipping Command shuffle. Category MUSIC is disabled"}
{"level":20,"time":1702419315103,"pid":12692,"hostname":"DESKTOP-U62FJDG","msg":"Skipping Command skip. Category MUSIC is disabled"}
{"level":20,"time":1702419315104,"pid":12692,"hostname":"DESKTOP-U62FJDG","msg":"Skipping Command stop. Category MUSIC is disabled"}
{"level":20,"time":1702419315105,"pid":12692,"hostname":"DESKTOP-U62FJDG","msg":"Skipping Command volume. Category MUSIC is disabled"}
{"level":20,"time":1702419315107,"pid":12692,"hostname":"DESKTOP-U62FJDG","msg":"Skipping slash command eval. Disabled!"}
{"level":20,"time":1702419315108,"pid":12692,"hostname":"DESKTOP-U62FJDG","msg":"Skipping slash command leaveserver. Disabled!"}
{"level":20,"time":1702419315109,"pid":12692,"hostname":"DESKTOP-U62FJDG","msg":"Skipping slash command listservers. Disabled!"}
{"level":30,"time":1702419315210,"pid":12692,"hostname":"DESKTOP-U62FJDG","msg":"Loaded 79 commands"}
{"level":30,"time":1702419315210,"pid":12692,"hostname":"DESKTOP-U62FJDG","msg":"Loaded 60 slash commands"}
{"level":30,"time":1702419315211,"pid":12692,"hostname":"DESKTOP-U62FJDG","msg":"Loading contexts..."}
{"level":30,"time":1702419315213,"pid":12692,"hostname":"DESKTOP-U62FJDG","msg":"Loaded 0 USER contexts"}
{"level":30,"time":1702419315213,"pid":12692,"hostname":"DESKTOP-U62FJDG","msg":"Loaded 0 MESSAGE contexts"}
{"level":30,"time":1702419315213,"pid":12692,"hostname":"DESKTOP-U62FJDG","msg":"Loading events..."}
{"level":30,"time":1702419315279,"pid":12692,"hostname":"DESKTOP-U62FJDG","msg":"Loaded 15 events. Success (15) Failed (0)"}
{"level":30,"time":1702419315542,"pid":12692,"hostname":"DESKTOP-U62FJDG","msg":"VersionCheck: Your discord bot is up to date"}
{"level":30,"time":1702419315542,"pid":12692,"hostname":"DESKTOP-U62FJDG","msg":"Launching dashboard"}
{"level":30,"time":1702419320660,"pid":12692,"hostname":"DESKTOP-U62FJDG","msg":"Connecting to MongoDb..."}
{"level":30,"time":1702419322049,"pid":12692,"hostname":"DESKTOP-U62FJDG","msg":"Mongoose: Database connection established"}
{"level":30,"time":1702419322083,"pid":12692,"hostname":"DESKTOP-U62FJDG","msg":"Dashboard is listening on port 8080"}
{"level":30,"time":1702419322797,"pid":12692,"hostname":"DESKTOP-U62FJDG","msg":"Logged in as HeimdallCorp#0881! (1164402510451187793)"}
{"level":30,"time":1702419322797,"pid":12692,"hostname":"DESKTOP-U62FJDG","msg":"Initializing giveaways manager..."}
{"level":30,"time":1702419325753,"pid":12692,"hostname":"DESKTOP-U62FJDG","msg":"Giveaway Manager initialized"}
{"level":30,"time":1702419326407,"pid":12692,"hostname":"DESKTOP-U62FJDG","msg":"Successfully registered interactions"}
