{"level":30,"time":1717267314416,"pid":33,"hostname":"f6af1c7b-7980-45b8-b40b-aff131c6921a","msg":"Validation du fichier de configuration et des variables d'environnement"}
{"level":40,"time":1717267314419,"pid":33,"hostname":"f6af1c7b-7980-45b8-b40b-aff131c6921a","msg":"env: STRANGE_API_KEY est manquant. Les commandes d'image ne fonctionneront pas"}
{"level":30,"time":1717267314528,"pid":33,"hostname":"f6af1c7b-7980-45b8-b40b-aff131c6921a","msg":"Loading commands..."}
{"level":20,"time":1717267315449,"pid":33,"hostname":"f6af1c7b-7980-45b8-b40b-aff131c6921a","msg":"Skipping Command filter. Category IMAGE is disabled"}
{"level":20,"time":1717267315451,"pid":33,"hostname":"f6af1c7b-7980-45b8-b40b-aff131c6921a","msg":"Skipping Command generator. Category IMAGE is disabled"}
{"level":20,"time":1717267315453,"pid":33,"hostname":"f6af1c7b-7980-45b8-b40b-aff131c6921a","msg":"Skipping Command overlay. Category IMAGE is disabled"}
{"level":20,"time":1717267315462,"pid":33,"hostname":"f6af1c7b-7980-45b8-b40b-aff131c6921a","msg":"Skipping slash command avatar. Disabled!"}
{"level":20,"time":1717267315465,"pid":33,"hostname":"f6af1c7b-7980-45b8-b40b-aff131c6921a","msg":"Skipping slash command botinvite. Disabled!"}
{"level":20,"time":1717267315468,"pid":33,"hostname":"f6af1c7b-7980-45b8-b40b-aff131c6921a","msg":"Skipping slash command botstats. Disabled!"}
{"level":20,"time":1717267315472,"pid":33,"hostname":"f6af1c7b-7980-45b8-b40b-aff131c6921a","msg":"Skipping slash command channelinfo. Disabled!"}
{"level":20,"time":1717267315474,"pid":33,"hostname":"f6af1c7b-7980-45b8-b40b-aff131c6921a","msg":"Skipping slash command emojiinfo. Disabled!"}
{"level":20,"time":1717267315494,"pid":33,"hostname":"f6af1c7b-7980-45b8-b40b-aff131c6921a","msg":"Skipping slash command guildinfo. Disabled!"}
{"level":20,"time":1717267315497,"pid":33,"hostname":"f6af1c7b-7980-45b8-b40b-aff131c6921a","msg":"Skipping slash command uptime. Disabled!"}
{"level":20,"time":1717267315500,"pid":33,"hostname":"f6af1c7b-7980-45b8-b40b-aff131c6921a","msg":"Skipping slash command userinfo. Disabled!"}
{"level":20,"time":1717267315503,"pid":33,"hostname":"f6af1c7b-7980-45b8-b40b-aff131c6921a","msg":"Skipping command bot. Disabled!"}
{"level":20,"time":1717267315505,"pid":33,"hostname":"f6af1c7b-7980-45b8-b40b-aff131c6921a","msg":"Skipping command info. Disabled!"}
{"level":20,"time":1717267315525,"pid":33,"hostname":"f6af1c7b-7980-45b8-b40b-aff131c6921a","msg":"Skipping slash command deafen. Disabled!"}
{"level":20,"time":1717267315527,"pid":33,"hostname":"f6af1c7b-7980-45b8-b40b-aff131c6921a","msg":"Skipping slash command disconnect. Disabled!"}
{"level":20,"time":1717267315529,"pid":33,"hostname":"f6af1c7b-7980-45b8-b40b-aff131c6921a","msg":"Skipping slash command move. Disabled!"}
{"level":20,"time":1717267315531,"pid":33,"hostname":"f6af1c7b-7980-45b8-b40b-aff131c6921a","msg":"Skipping slash command purge. Disabled!"}
{"level":20,"time":1717267315532,"pid":33,"hostname":"f6af1c7b-7980-45b8-b40b-aff131c6921a","msg":"Skipping slash command purgeattach. Disabled!"}
{"level":20,"time":1717267315533,"pid":33,"hostname":"f6af1c7b-7980-45b8-b40b-aff131c6921a","msg":"Skipping slash command purgebots. Disabled!"}
{"level":20,"time":1717267315534,"pid":33,"hostname":"f6af1c7b-7980-45b8-b40b-aff131c6921a","msg":"Skipping slash command purgelinks. Disabled!"}
{"level":20,"time":1717267315535,"pid":33,"hostname":"f6af1c7b-7980-45b8-b40b-aff131c6921a","msg":"Skipping slash command purgetoken. Disabled!"}
{"level":20,"time":1717267315536,"pid":33,"hostname":"f6af1c7b-7980-45b8-b40b-aff131c6921a","msg":"Skipping slash command purgeuser. Disabled!"}
{"level":20,"time":1717267315538,"pid":33,"hostname":"f6af1c7b-7980-45b8-b40b-aff131c6921a","msg":"Skipping slash command undeafen. Disabled!"}
{"level":20,"time":1717267315540,"pid":33,"hostname":"f6af1c7b-7980-45b8-b40b-aff131c6921a","msg":"Skipping slash command vmute. Disabled!"}
{"level":20,"time":1717267315542,"pid":33,"hostname":"f6af1c7b-7980-45b8-b40b-aff131c6921a","msg":"Skipping slash command vunmute. Disabled!"}
{"level":20,"time":1717267315545,"pid":33,"hostname":"f6af1c7b-7980-45b8-b40b-aff131c6921a","msg":"Skipping command purge. Disabled!"}
{"level":20,"time":1717267315546,"pid":33,"hostname":"f6af1c7b-7980-45b8-b40b-aff131c6921a","msg":"Skipping command voice. Disabled!"}
{"level":20,"time":1717267315556,"pid":33,"hostname":"f6af1c7b-7980-45b8-b40b-aff131c6921a","msg":"Skipping Command bassboost. Category MUSIC is disabled"}
{"level":20,"time":1717267315559,"pid":33,"hostname":"f6af1c7b-7980-45b8-b40b-aff131c6921a","msg":"Skipping Command loop. Category MUSIC is disabled"}
{"level":20,"time":1717267315561,"pid":33,"hostname":"f6af1c7b-7980-45b8-b40b-aff131c6921a","msg":"Skipping Command lyric. Category MUSIC is disabled"}
{"level":20,"time":1717267315563,"pid":33,"hostname":"f6af1c7b-7980-45b8-b40b-aff131c6921a","msg":"Skipping Command np. Category MUSIC is disabled"}
{"level":20,"time":1717267315564,"pid":33,"hostname":"f6af1c7b-7980-45b8-b40b-aff131c6921a","msg":"Skipping Command pause. Category MUSIC is disabled"}
{"level":20,"time":1717267315566,"pid":33,"hostname":"f6af1c7b-7980-45b8-b40b-aff131c6921a","msg":"Skipping Command play. Category MUSIC is disabled"}
{"level":20,"time":1717267315567,"pid":33,"hostname":"f6af1c7b-7980-45b8-b40b-aff131c6921a","msg":"Skipping Command queue. Category MUSIC is disabled"}
{"level":20,"time":1717267315568,"pid":33,"hostname":"f6af1c7b-7980-45b8-b40b-aff131c6921a","msg":"Skipping Command resume. Category MUSIC is disabled"}
{"level":20,"time":1717267315569,"pid":33,"hostname":"f6af1c7b-7980-45b8-b40b-aff131c6921a","msg":"Skipping Command search. Category MUSIC is disabled"}
{"level":20,"time":1717267315570,"pid":33,"hostname":"f6af1c7b-7980-45b8-b40b-aff131c6921a","msg":"Skipping Command seek. Category MUSIC is disabled"}
{"level":20,"time":1717267315571,"pid":33,"hostname":"f6af1c7b-7980-45b8-b40b-aff131c6921a","msg":"Skipping Command shuffle. Category MUSIC is disabled"}
{"level":20,"time":1717267315571,"pid":33,"hostname":"f6af1c7b-7980-45b8-b40b-aff131c6921a","msg":"Skipping Command skip. Category MUSIC is disabled"}
{"level":20,"time":1717267315572,"pid":33,"hostname":"f6af1c7b-7980-45b8-b40b-aff131c6921a","msg":"Skipping Command stop. Category MUSIC is disabled"}
{"level":20,"time":1717267315573,"pid":33,"hostname":"f6af1c7b-7980-45b8-b40b-aff131c6921a","msg":"Skipping Command volume. Category MUSIC is disabled"}
{"level":20,"time":1717267315575,"pid":33,"hostname":"f6af1c7b-7980-45b8-b40b-aff131c6921a","msg":"Skipping slash command eval. Disabled!"}
{"level":20,"time":1717267315576,"pid":33,"hostname":"f6af1c7b-7980-45b8-b40b-aff131c6921a","msg":"Skipping slash command leaveserver. Disabled!"}
{"level":20,"time":1717267315578,"pid":33,"hostname":"f6af1c7b-7980-45b8-b40b-aff131c6921a","msg":"Skipping slash command listservers. Disabled!"}
{"level":20,"time":1717267315898,"pid":33,"hostname":"f6af1c7b-7980-45b8-b40b-aff131c6921a","msg":"Skipping command link. Disabled!"}
{"level":20,"time":1717267315898,"pid":33,"hostname":"f6af1c7b-7980-45b8-b40b-aff131c6921a","msg":"Skipping slash command link. Disabled!"}
{"level":30,"time":1717267315908,"pid":33,"hostname":"f6af1c7b-7980-45b8-b40b-aff131c6921a","msg":"Loaded 88 commands"}
{"level":30,"time":1717267315908,"pid":33,"hostname":"f6af1c7b-7980-45b8-b40b-aff131c6921a","msg":"Loaded 69 slash commands"}
{"level":30,"time":1717267315908,"pid":33,"hostname":"f6af1c7b-7980-45b8-b40b-aff131c6921a","msg":"Loading contexts..."}
{"level":30,"time":1717267315911,"pid":33,"hostname":"f6af1c7b-7980-45b8-b40b-aff131c6921a","msg":"Loaded 0 USER contexts"}
{"level":30,"time":1717267315911,"pid":33,"hostname":"f6af1c7b-7980-45b8-b40b-aff131c6921a","msg":"Loaded 0 MESSAGE contexts"}
{"level":30,"time":1717267315911,"pid":33,"hostname":"f6af1c7b-7980-45b8-b40b-aff131c6921a","msg":"Loading events..."}
{"level":30,"time":1717267316029,"pid":33,"hostname":"f6af1c7b-7980-45b8-b40b-aff131c6921a","msg":"Loaded 16 events. Success (16) Failed (0)"}
{"level":40,"time":1717267316413,"pid":33,"hostname":"f6af1c7b-7980-45b8-b40b-aff131c6921a","msg":"VersionCheck: 5.5.0 update is available"}
{"level":40,"time":1717267316414,"pid":33,"hostname":"f6af1c7b-7980-45b8-b40b-aff131c6921a","msg":"download: https://github.com/saiteja-madha/discord-js-bot/releases/latest"}
{"level":30,"time":1717267316414,"pid":33,"hostname":"f6af1c7b-7980-45b8-b40b-aff131c6921a","msg":"Lancement du tableau de bord"}
{"level":30,"time":1717267316748,"pid":33,"hostname":"f6af1c7b-7980-45b8-b40b-aff131c6921a","msg":"Connecting to MongoDb..."}
{"level":30,"time":1717267317393,"pid":33,"hostname":"f6af1c7b-7980-45b8-b40b-aff131c6921a","msg":"Mongoose: Database connection established"}
{"level":30,"time":1717267317455,"pid":33,"hostname":"f6af1c7b-7980-45b8-b40b-aff131c6921a","msg":"Le Dashboard fonctionne sous le port 4577"}
{"level":30,"time":1717267323690,"pid":33,"hostname":"f6af1c7b-7980-45b8-b40b-aff131c6921a","msg":"Connecté à VersaLink(BETA)#0390! (1229810158645809253)"}
{"level":30,"time":1717267323690,"pid":33,"hostname":"f6af1c7b-7980-45b8-b40b-aff131c6921a","msg":"Initialisation du système de Giveways..."}
{"level":30,"time":1717267323750,"pid":33,"hostname":"f6af1c7b-7980-45b8-b40b-aff131c6921a","msg":"Gestionaire de Giveways initialisé !"}
{"level":30,"time":1717267324082,"pid":33,"hostname":"f6af1c7b-7980-45b8-b40b-aff131c6921a","msg":"Successfully registered interactions"}
{"level":50,"time":1717354329689,"pid":33,"hostname":"f6af1c7b-7980-45b8-b40b-aff131c6921a","err":{"type":"PoolClearedOnNetworkError","message":"Connection to ac-9loqot0-shard-00-01.edphqgj.mongodb.net:27017 interrupted due to server monitor timeout","stack":"PoolClearedOnNetworkError: Connection to ac-9loqot0-shard-00-01.edphqgj.mongodb.net:27017 interrupted due to server monitor timeout\n    at ConnectionPool.interruptInUseConnections (/home/container/node_modules/mongodb/src/cmap/connection_pool.ts:485:28)\n    at /home/container/node_modules/mongodb/src/cmap/connection_pool.ts:470:35\n    at processTicksAndRejections (node:internal/process/task_queues:77:11)","address":"ac-9loqot0-shard-00-01.edphqgj.mongodb.net:27017"},"msg":"Unhandled exception: Connection to ac-9loqot0-shard-00-01.edphqgj.mongodb.net:27017 interrupted due to server monitor timeout"}
{"level":50,"time":1717355367594,"pid":33,"hostname":"f6af1c7b-7980-45b8-b40b-aff131c6921a","err":{"type":"PoolClearedOnNetworkError","message":"Connection to ac-9loqot0-shard-00-01.edphqgj.mongodb.net:27017 interrupted due to server monitor timeout","stack":"PoolClearedOnNetworkError: Connection to ac-9loqot0-shard-00-01.edphqgj.mongodb.net:27017 interrupted due to server monitor timeout\n    at ConnectionPool.interruptInUseConnections (/home/container/node_modules/mongodb/src/cmap/connection_pool.ts:485:28)\n    at /home/container/node_modules/mongodb/src/cmap/connection_pool.ts:470:35\n    at processTicksAndRejections (node:internal/process/task_queues:77:11)","address":"ac-9loqot0-shard-00-01.edphqgj.mongodb.net:27017"},"msg":"Unhandled exception: Connection to ac-9loqot0-shard-00-01.edphqgj.mongodb.net:27017 interrupted due to server monitor timeout"}
{"level":50,"time":1717355698593,"pid":33,"hostname":"f6af1c7b-7980-45b8-b40b-aff131c6921a","err":{"type":"PoolClearedOnNetworkError","message":"Connection to ac-9loqot0-shard-00-01.edphqgj.mongodb.net:27017 interrupted due to server monitor timeout","stack":"PoolClearedOnNetworkError: Connection to ac-9loqot0-shard-00-01.edphqgj.mongodb.net:27017 interrupted due to server monitor timeout\n    at ConnectionPool.interruptInUseConnections (/home/container/node_modules/mongodb/src/cmap/connection_pool.ts:485:28)\n    at /home/container/node_modules/mongodb/src/cmap/connection_pool.ts:470:35\n    at processTicksAndRejections (node:internal/process/task_queues:77:11)","address":"ac-9loqot0-shard-00-01.edphqgj.mongodb.net:27017"},"msg":"Unhandled exception: Connection to ac-9loqot0-shard-00-01.edphqgj.mongodb.net:27017 interrupted due to server monitor timeout"}
{"level":50,"time":1717355800697,"pid":33,"hostname":"f6af1c7b-7980-45b8-b40b-aff131c6921a","err":{"type":"MongoNetworkTimeoutError","message":"connection timed out","stack":"MongoNetworkTimeoutError: connection timed out\n    at connectionFailureError (/home/container/node_modules/mongodb/src/cmap/connect.ts:495:14)\n    at TLSSocket.<anonymous> (/home/container/node_modules/mongodb/src/cmap/connect.ts:394:16)\n    at Object.onceWrapper (node:events:627:28)\n    at TLSSocket.emit (node:events:513:28)\n    at TLSSocket.emit (node:domain:489:12)\n    at TLSSocket.Socket._onTimeout (node:net:580:8)\n    at listOnTimeout (node:internal/timers:573:17)\n    at processTimers (node:internal/timers:514:7)","connectionGeneration":7},"msg":"Unhandled exception: connection timed out"}
{"level":50,"time":1717355947116,"pid":33,"hostname":"f6af1c7b-7980-45b8-b40b-aff131c6921a","err":{"type":"PoolClearedOnNetworkError","message":"Connection to ac-9loqot0-shard-00-01.edphqgj.mongodb.net:27017 interrupted due to server monitor timeout","stack":"PoolClearedOnNetworkError: Connection to ac-9loqot0-shard-00-01.edphqgj.mongodb.net:27017 interrupted due to server monitor timeout\n    at ConnectionPool.interruptInUseConnections (/home/container/node_modules/mongodb/src/cmap/connection_pool.ts:485:28)\n    at /home/container/node_modules/mongodb/src/cmap/connection_pool.ts:470:35\n    at processTicksAndRejections (node:internal/process/task_queues:77:11)","address":"ac-9loqot0-shard-00-01.edphqgj.mongodb.net:27017"},"msg":"Unhandled exception: Connection to ac-9loqot0-shard-00-01.edphqgj.mongodb.net:27017 interrupted due to server monitor timeout"}
{"level":50,"time":1717356400539,"pid":33,"hostname":"f6af1c7b-7980-45b8-b40b-aff131c6921a","err":{"type":"PoolClearedOnNetworkError","message":"Connection to ac-9loqot0-shard-00-01.edphqgj.mongodb.net:27017 interrupted due to server monitor timeout","stack":"PoolClearedOnNetworkError: Connection to ac-9loqot0-shard-00-01.edphqgj.mongodb.net:27017 interrupted due to server monitor timeout\n    at ConnectionPool.interruptInUseConnections (/home/container/node_modules/mongodb/src/cmap/connection_pool.ts:485:28)\n    at /home/container/node_modules/mongodb/src/cmap/connection_pool.ts:470:35\n    at processTicksAndRejections (node:internal/process/task_queues:77:11)","address":"ac-9loqot0-shard-00-01.edphqgj.mongodb.net:27017"},"msg":"Unhandled exception: Connection to ac-9loqot0-shard-00-01.edphqgj.mongodb.net:27017 interrupted due to server monitor timeout"}
{"level":50,"time":1717356492132,"pid":33,"hostname":"f6af1c7b-7980-45b8-b40b-aff131c6921a","err":{"type":"PoolClearedOnNetworkError","message":"Connection to ac-9loqot0-shard-00-01.edphqgj.mongodb.net:27017 interrupted due to server monitor timeout","stack":"PoolClearedOnNetworkError: Connection to ac-9loqot0-shard-00-01.edphqgj.mongodb.net:27017 interrupted due to server monitor timeout\n    at ConnectionPool.interruptInUseConnections (/home/container/node_modules/mongodb/src/cmap/connection_pool.ts:485:28)\n    at /home/container/node_modules/mongodb/src/cmap/connection_pool.ts:470:35\n    at processTicksAndRejections (node:internal/process/task_queues:77:11)","address":"ac-9loqot0-shard-00-01.edphqgj.mongodb.net:27017"},"msg":"Unhandled exception: Connection to ac-9loqot0-shard-00-01.edphqgj.mongodb.net:27017 interrupted due to server monitor timeout"}
{"level":50,"time":1717356568605,"pid":33,"hostname":"f6af1c7b-7980-45b8-b40b-aff131c6921a","err":{"type":"MongoServerSelectionError","message":"connection <monitor> to 52.47.197.12:27017 timed out","stack":"MongoServerSelectionError: connection <monitor> to 52.47.197.12:27017 timed out\n    at Timeout._onTimeout (/home/container/node_modules/mongodb/src/sdam/topology.ts:567:30)\n    at listOnTimeout (node:internal/timers:573:17)\n    at processTimers (node:internal/timers:514:7)","reason":{"type":"ReplicaSetNoPrimary","servers":{},"stale":false,"compatible":true,"heartbeatFrequencyMS":10000,"localThresholdMS":15,"setName":"atlas-5jecz8-shard-0","maxElectionId":"7fffffff00000000000000ad","maxSetVersion":6,"commonWireVersion":0,"logicalSessionTimeoutMinutes":null}},"msg":"Unhandled exception: connection <monitor> to 52.47.197.12:27017 timed out"}
{"level":50,"time":1717356844929,"pid":33,"hostname":"f6af1c7b-7980-45b8-b40b-aff131c6921a","err":{"type":"PoolClearedOnNetworkError","message":"Connection to ac-9loqot0-shard-00-01.edphqgj.mongodb.net:27017 interrupted due to server monitor timeout","stack":"PoolClearedOnNetworkError: Connection to ac-9loqot0-shard-00-01.edphqgj.mongodb.net:27017 interrupted due to server monitor timeout\n    at ConnectionPool.interruptInUseConnections (/home/container/node_modules/mongodb/src/cmap/connection_pool.ts:485:28)\n    at /home/container/node_modules/mongodb/src/cmap/connection_pool.ts:470:35\n    at processTicksAndRejections (node:internal/process/task_queues:77:11)","address":"ac-9loqot0-shard-00-01.edphqgj.mongodb.net:27017"},"msg":"Unhandled exception: Connection to ac-9loqot0-shard-00-01.edphqgj.mongodb.net:27017 interrupted due to server monitor timeout"}
{"level":50,"time":1717357455495,"pid":33,"hostname":"f6af1c7b-7980-45b8-b40b-aff131c6921a","err":{"type":"PoolClearedOnNetworkError","message":"Connection to ac-9loqot0-shard-00-01.edphqgj.mongodb.net:27017 interrupted due to server monitor timeout","stack":"PoolClearedOnNetworkError: Connection to ac-9loqot0-shard-00-01.edphqgj.mongodb.net:27017 interrupted due to server monitor timeout\n    at ConnectionPool.interruptInUseConnections (/home/container/node_modules/mongodb/src/cmap/connection_pool.ts:485:28)\n    at /home/container/node_modules/mongodb/src/cmap/connection_pool.ts:470:35\n    at processTicksAndRejections (node:internal/process/task_queues:77:11)","address":"ac-9loqot0-shard-00-01.edphqgj.mongodb.net:27017"},"msg":"Unhandled exception: Connection to ac-9loqot0-shard-00-01.edphqgj.mongodb.net:27017 interrupted due to server monitor timeout"}
{"level":50,"time":1717357885153,"pid":33,"hostname":"f6af1c7b-7980-45b8-b40b-aff131c6921a","err":{"type":"PoolClearedOnNetworkError","message":"Connection to ac-9loqot0-shard-00-01.edphqgj.mongodb.net:27017 interrupted due to server monitor timeout","stack":"PoolClearedOnNetworkError: Connection to ac-9loqot0-shard-00-01.edphqgj.mongodb.net:27017 interrupted due to server monitor timeout\n    at ConnectionPool.interruptInUseConnections (/home/container/node_modules/mongodb/src/cmap/connection_pool.ts:485:28)\n    at /home/container/node_modules/mongodb/src/cmap/connection_pool.ts:470:35\n    at processTicksAndRejections (node:internal/process/task_queues:77:11)","address":"ac-9loqot0-shard-00-01.edphqgj.mongodb.net:27017"},"msg":"Unhandled exception: Connection to ac-9loqot0-shard-00-01.edphqgj.mongodb.net:27017 interrupted due to server monitor timeout"}
{"level":50,"time":1717449421582,"pid":33,"hostname":"f6af1c7b-7980-45b8-b40b-aff131c6921a","err":{"type":"PoolClearedOnNetworkError","message":"Connection to ac-9loqot0-shard-00-01.edphqgj.mongodb.net:27017 interrupted due to server monitor timeout","stack":"PoolClearedOnNetworkError: Connection to ac-9loqot0-shard-00-01.edphqgj.mongodb.net:27017 interrupted due to server monitor timeout\n    at ConnectionPool.interruptInUseConnections (/home/container/node_modules/mongodb/src/cmap/connection_pool.ts:485:28)\n    at /home/container/node_modules/mongodb/src/cmap/connection_pool.ts:470:35\n    at processTicksAndRejections (node:internal/process/task_queues:77:11)","address":"ac-9loqot0-shard-00-01.edphqgj.mongodb.net:27017"},"msg":"Unhandled exception: Connection to ac-9loqot0-shard-00-01.edphqgj.mongodb.net:27017 interrupted due to server monitor timeout"}
{"level":50,"time":1717450667371,"pid":33,"hostname":"f6af1c7b-7980-45b8-b40b-aff131c6921a","err":{"type":"PoolClearedOnNetworkError","message":"Connection to ac-9loqot0-shard-00-01.edphqgj.mongodb.net:27017 interrupted due to server monitor timeout","stack":"PoolClearedOnNetworkError: Connection to ac-9loqot0-shard-00-01.edphqgj.mongodb.net:27017 interrupted due to server monitor timeout\n    at ConnectionPool.interruptInUseConnections (/home/container/node_modules/mongodb/src/cmap/connection_pool.ts:485:28)\n    at /home/container/node_modules/mongodb/src/cmap/connection_pool.ts:470:35\n    at processTicksAndRejections (node:internal/process/task_queues:77:11)","address":"ac-9loqot0-shard-00-01.edphqgj.mongodb.net:27017"},"msg":"Unhandled exception: Connection to ac-9loqot0-shard-00-01.edphqgj.mongodb.net:27017 interrupted due to server monitor timeout"}
{"level":50,"time":1717450807390,"pid":33,"hostname":"f6af1c7b-7980-45b8-b40b-aff131c6921a","err":{"type":"PoolClearedOnNetworkError","message":"Connection to ac-9loqot0-shard-00-01.edphqgj.mongodb.net:27017 interrupted due to server monitor timeout","stack":"PoolClearedOnNetworkError: Connection to ac-9loqot0-shard-00-01.edphqgj.mongodb.net:27017 interrupted due to server monitor timeout\n    at ConnectionPool.interruptInUseConnections (/home/container/node_modules/mongodb/src/cmap/connection_pool.ts:485:28)\n    at /home/container/node_modules/mongodb/src/cmap/connection_pool.ts:470:35\n    at processTicksAndRejections (node:internal/process/task_queues:77:11)","address":"ac-9loqot0-shard-00-01.edphqgj.mongodb.net:27017"},"msg":"Unhandled exception: Connection to ac-9loqot0-shard-00-01.edphqgj.mongodb.net:27017 interrupted due to server monitor timeout"}
{"level":50,"time":1717464481261,"pid":33,"hostname":"f6af1c7b-7980-45b8-b40b-aff131c6921a","err":{"type":"MongoNetworkError","message":"connection 27 to 13.37.162.155:27017 closed","stack":"MongoNetworkError: connection 27 to 13.37.162.155:27017 closed\n    at Connection.onClose (/home/container/node_modules/mongodb/src/cmap/connection.ts:320:24)\n    at TLSSocket.<anonymous> (/home/container/node_modules/mongodb/src/cmap/connection.ts:245:42)\n    at TLSSocket.emit (node:events:513:28)\n    at TLSSocket.emit (node:domain:489:12)\n    at node:net:332:12\n    at TCP.done (node:_tls_wrap:588:7)"},"msg":"Unhandled exception: connection 27 to 13.37.162.155:27017 closed"}
{"level":50,"time":1717548262528,"pid":33,"hostname":"f6af1c7b-7980-45b8-b40b-aff131c6921a","err":{"type":"PoolClearedOnNetworkError","message":"Connection to ac-9loqot0-shard-00-01.edphqgj.mongodb.net:27017 interrupted due to server monitor timeout","stack":"PoolClearedOnNetworkError: Connection to ac-9loqot0-shard-00-01.edphqgj.mongodb.net:27017 interrupted due to server monitor timeout\n    at ConnectionPool.interruptInUseConnections (/home/container/node_modules/mongodb/src/cmap/connection_pool.ts:485:28)\n    at /home/container/node_modules/mongodb/src/cmap/connection_pool.ts:470:35\n    at processTicksAndRejections (node:internal/process/task_queues:77:11)","address":"ac-9loqot0-shard-00-01.edphqgj.mongodb.net:27017"},"msg":"Unhandled exception: Connection to ac-9loqot0-shard-00-01.edphqgj.mongodb.net:27017 interrupted due to server monitor timeout"}
{"level":30,"time":1717619875339,"pid":33,"hostname":"f6af1c7b-7980-45b8-b40b-aff131c6921a","msg":"Guild Left: ARTBOOK | Le dessin, c'est notre passion ! Members: 6"}
