{"level":30,"time":1708617240413,"pid":18884,"hostname":"DESKTOP-U62FJDG","msg":"Validation du fichier de configuration et des variables d'environnement"}
{"level":40,"time":1708617240415,"pid":18884,"hostname":"DESKTOP-U62FJDG","msg":"config.js: SUPPORT_SERVER n'est pas fourni"}
{"level":40,"time":1708617240415,"pid":18884,"hostname":"DESKTOP-U62FJDG","msg":"env: STRANGE_API_KEY est manquant. Les commandes d'image ne fonctionneront pas"}
{"level":30,"time":1708617241427,"pid":18884,"hostname":"DESKTOP-U62FJDG","msg":"Loading commands..."}
{"level":20,"time":1708617248557,"pid":18884,"hostname":"DESKTOP-U62FJDG","msg":"Skipping Command filter. Category IMAGE is disabled"}
{"level":20,"time":1708617248564,"pid":18884,"hostname":"DESKTOP-U62FJDG","msg":"Skipping Command generator. Category IMAGE is disabled"}
{"level":20,"time":1708617248565,"pid":18884,"hostname":"DESKTOP-U62FJDG","msg":"Skipping Command overlay. Category IMAGE is disabled"}
{"level":20,"time":1708617248575,"pid":18884,"hostname":"DESKTOP-U62FJDG","msg":"Skipping slash command avatar. Disabled!"}
{"level":20,"time":1708617248577,"pid":18884,"hostname":"DESKTOP-U62FJDG","msg":"Skipping slash command botinvite. Disabled!"}
{"level":20,"time":1708617248581,"pid":18884,"hostname":"DESKTOP-U62FJDG","msg":"Skipping slash command botstats. Disabled!"}
{"level":20,"time":1708617248585,"pid":18884,"hostname":"DESKTOP-U62FJDG","msg":"Skipping slash command channelinfo. Disabled!"}
{"level":20,"time":1708617248587,"pid":18884,"hostname":"DESKTOP-U62FJDG","msg":"Skipping slash command emojiinfo. Disabled!"}
{"level":20,"time":1708617248635,"pid":18884,"hostname":"DESKTOP-U62FJDG","msg":"Skipping slash command guildinfo. Disabled!"}
{"level":20,"time":1708617248636,"pid":18884,"hostname":"DESKTOP-U62FJDG","msg":"Skipping slash command uptime. Disabled!"}
{"level":20,"time":1708617248638,"pid":18884,"hostname":"DESKTOP-U62FJDG","msg":"Skipping slash command userinfo. Disabled!"}
{"level":20,"time":1708617248641,"pid":18884,"hostname":"DESKTOP-U62FJDG","msg":"Skipping command bot. Disabled!"}
{"level":20,"time":1708617248643,"pid":18884,"hostname":"DESKTOP-U62FJDG","msg":"Skipping command info. Disabled!"}
{"level":20,"time":1708617248665,"pid":18884,"hostname":"DESKTOP-U62FJDG","msg":"Skipping slash command deafen. Disabled!"}
{"level":20,"time":1708617248667,"pid":18884,"hostname":"DESKTOP-U62FJDG","msg":"Skipping slash command disconnect. Disabled!"}
{"level":20,"time":1708617248669,"pid":18884,"hostname":"DESKTOP-U62FJDG","msg":"Skipping slash command move. Disabled!"}
{"level":20,"time":1708617248670,"pid":18884,"hostname":"DESKTOP-U62FJDG","msg":"Skipping slash command purge. Disabled!"}
{"level":20,"time":1708617248671,"pid":18884,"hostname":"DESKTOP-U62FJDG","msg":"Skipping slash command purgeattach. Disabled!"}
{"level":20,"time":1708617248672,"pid":18884,"hostname":"DESKTOP-U62FJDG","msg":"Skipping slash command purgebots. Disabled!"}
{"level":20,"time":1708617248673,"pid":18884,"hostname":"DESKTOP-U62FJDG","msg":"Skipping slash command purgelinks. Disabled!"}
{"level":20,"time":1708617248674,"pid":18884,"hostname":"DESKTOP-U62FJDG","msg":"Skipping slash command purgetoken. Disabled!"}
{"level":20,"time":1708617248675,"pid":18884,"hostname":"DESKTOP-U62FJDG","msg":"Skipping slash command purgeuser. Disabled!"}
{"level":20,"time":1708617248678,"pid":18884,"hostname":"DESKTOP-U62FJDG","msg":"Skipping slash command undeafen. Disabled!"}
{"level":20,"time":1708617248680,"pid":18884,"hostname":"DESKTOP-U62FJDG","msg":"Skipping slash command vmute. Disabled!"}
{"level":20,"time":1708617248681,"pid":18884,"hostname":"DESKTOP-U62FJDG","msg":"Skipping slash command vunmute. Disabled!"}
{"level":20,"time":1708617248685,"pid":18884,"hostname":"DESKTOP-U62FJDG","msg":"Skipping command purge. Disabled!"}
{"level":20,"time":1708617248688,"pid":18884,"hostname":"DESKTOP-U62FJDG","msg":"Skipping command voice. Disabled!"}
{"level":20,"time":1708617248698,"pid":18884,"hostname":"DESKTOP-U62FJDG","msg":"Skipping Command bassboost. Category MUSIC is disabled"}
{"level":20,"time":1708617248720,"pid":18884,"hostname":"DESKTOP-U62FJDG","msg":"Skipping Command loop. Category MUSIC is disabled"}
{"level":20,"time":1708617248722,"pid":18884,"hostname":"DESKTOP-U62FJDG","msg":"Skipping Command lyric. Category MUSIC is disabled"}
{"level":20,"time":1708617248751,"pid":18884,"hostname":"DESKTOP-U62FJDG","msg":"Skipping Command np. Category MUSIC is disabled"}
{"level":20,"time":1708617248753,"pid":18884,"hostname":"DESKTOP-U62FJDG","msg":"Skipping Command pause. Category MUSIC is disabled"}
{"level":20,"time":1708617248755,"pid":18884,"hostname":"DESKTOP-U62FJDG","msg":"Skipping Command play. Category MUSIC is disabled"}
{"level":20,"time":1708617248756,"pid":18884,"hostname":"DESKTOP-U62FJDG","msg":"Skipping Command queue. Category MUSIC is disabled"}
{"level":20,"time":1708617248757,"pid":18884,"hostname":"DESKTOP-U62FJDG","msg":"Skipping Command resume. Category MUSIC is disabled"}
{"level":20,"time":1708617248759,"pid":18884,"hostname":"DESKTOP-U62FJDG","msg":"Skipping Command search. Category MUSIC is disabled"}
{"level":20,"time":1708617248760,"pid":18884,"hostname":"DESKTOP-U62FJDG","msg":"Skipping Command seek. Category MUSIC is disabled"}
{"level":20,"time":1708617248761,"pid":18884,"hostname":"DESKTOP-U62FJDG","msg":"Skipping Command shuffle. Category MUSIC is disabled"}
{"level":20,"time":1708617248762,"pid":18884,"hostname":"DESKTOP-U62FJDG","msg":"Skipping Command skip. Category MUSIC is disabled"}
{"level":20,"time":1708617248763,"pid":18884,"hostname":"DESKTOP-U62FJDG","msg":"Skipping Command stop. Category MUSIC is disabled"}
{"level":20,"time":1708617248764,"pid":18884,"hostname":"DESKTOP-U62FJDG","msg":"Skipping Command volume. Category MUSIC is disabled"}
{"level":20,"time":1708617248765,"pid":18884,"hostname":"DESKTOP-U62FJDG","msg":"Skipping slash command eval. Disabled!"}
{"level":20,"time":1708617248766,"pid":18884,"hostname":"DESKTOP-U62FJDG","msg":"Skipping slash command leaveserver. Disabled!"}
{"level":20,"time":1708617248767,"pid":18884,"hostname":"DESKTOP-U62FJDG","msg":"Skipping slash command listservers. Disabled!"}
{"level":30,"time":1708617248865,"pid":18884,"hostname":"DESKTOP-U62FJDG","msg":"Loaded 85 commands"}
{"level":30,"time":1708617248865,"pid":18884,"hostname":"DESKTOP-U62FJDG","msg":"Loaded 66 slash commands"}
{"level":30,"time":1708617248866,"pid":18884,"hostname":"DESKTOP-U62FJDG","msg":"Loading contexts..."}
{"level":30,"time":1708617248869,"pid":18884,"hostname":"DESKTOP-U62FJDG","msg":"Loaded 0 USER contexts"}
{"level":30,"time":1708617248869,"pid":18884,"hostname":"DESKTOP-U62FJDG","msg":"Loaded 0 MESSAGE contexts"}
{"level":30,"time":1708617248869,"pid":18884,"hostname":"DESKTOP-U62FJDG","msg":"Loading events..."}
{"level":30,"time":1708617248996,"pid":18884,"hostname":"DESKTOP-U62FJDG","msg":"Loaded 15 events. Success (15) Failed (0)"}
{"level":40,"time":1708617249332,"pid":18884,"hostname":"DESKTOP-U62FJDG","msg":"VersionCheck: 5.5.0 update is available"}
{"level":40,"time":1708617249332,"pid":18884,"hostname":"DESKTOP-U62FJDG","msg":"download: https://github.com/saiteja-madha/discord-js-bot/releases/latest"}
{"level":30,"time":1708617249332,"pid":18884,"hostname":"DESKTOP-U62FJDG","msg":"Connexion à MongoDb..."}
{"level":30,"time":1708617250455,"pid":18884,"hostname":"DESKTOP-U62FJDG","msg":"Mongoose : Connexion à la base de données établie"}
{"level":30,"time":1708617256697,"pid":18884,"hostname":"DESKTOP-U62FJDG","msg":"Logged in as HeimdallCorp#0881! (1164402510451187793)"}
{"level":30,"time":1708617256698,"pid":18884,"hostname":"DESKTOP-U62FJDG","msg":"Initializing giveaways manager..."}
{"level":30,"time":1708617256869,"pid":18884,"hostname":"DESKTOP-U62FJDG","msg":"Giveaway Manager initialized"}
{"level":30,"time":1708617257765,"pid":18884,"hostname":"DESKTOP-U62FJDG","msg":"Interactions enregistrées avec succès"}
{"level":30,"time":1708617345088,"pid":452,"hostname":"DESKTOP-U62FJDG","msg":"Validation du fichier de configuration et des variables d'environnement"}
{"level":40,"time":1708617345089,"pid":452,"hostname":"DESKTOP-U62FJDG","msg":"config.js: SUPPORT_SERVER n'est pas fourni"}
{"level":40,"time":1708617345090,"pid":452,"hostname":"DESKTOP-U62FJDG","msg":"env: STRANGE_API_KEY est manquant. Les commandes d'image ne fonctionneront pas"}
{"level":30,"time":1708617345174,"pid":452,"hostname":"DESKTOP-U62FJDG","msg":"Loading commands..."}
{"level":20,"time":1708617346055,"pid":452,"hostname":"DESKTOP-U62FJDG","msg":"Skipping Command filter. Category IMAGE is disabled"}
{"level":20,"time":1708617346057,"pid":452,"hostname":"DESKTOP-U62FJDG","msg":"Skipping Command generator. Category IMAGE is disabled"}
{"level":20,"time":1708617346058,"pid":452,"hostname":"DESKTOP-U62FJDG","msg":"Skipping Command overlay. Category IMAGE is disabled"}
{"level":20,"time":1708617346070,"pid":452,"hostname":"DESKTOP-U62FJDG","msg":"Skipping slash command avatar. Disabled!"}
{"level":20,"time":1708617346073,"pid":452,"hostname":"DESKTOP-U62FJDG","msg":"Skipping slash command botinvite. Disabled!"}
{"level":20,"time":1708617346076,"pid":452,"hostname":"DESKTOP-U62FJDG","msg":"Skipping slash command botstats. Disabled!"}
{"level":20,"time":1708617346079,"pid":452,"hostname":"DESKTOP-U62FJDG","msg":"Skipping slash command channelinfo. Disabled!"}
{"level":20,"time":1708617346081,"pid":452,"hostname":"DESKTOP-U62FJDG","msg":"Skipping slash command emojiinfo. Disabled!"}
{"level":20,"time":1708617346094,"pid":452,"hostname":"DESKTOP-U62FJDG","msg":"Skipping slash command guildinfo. Disabled!"}
{"level":20,"time":1708617346095,"pid":452,"hostname":"DESKTOP-U62FJDG","msg":"Skipping slash command uptime. Disabled!"}
{"level":20,"time":1708617346097,"pid":452,"hostname":"DESKTOP-U62FJDG","msg":"Skipping slash command userinfo. Disabled!"}
{"level":20,"time":1708617346100,"pid":452,"hostname":"DESKTOP-U62FJDG","msg":"Skipping command bot. Disabled!"}
{"level":20,"time":1708617346102,"pid":452,"hostname":"DESKTOP-U62FJDG","msg":"Skipping command info. Disabled!"}
{"level":20,"time":1708617346118,"pid":452,"hostname":"DESKTOP-U62FJDG","msg":"Skipping slash command deafen. Disabled!"}
{"level":20,"time":1708617346120,"pid":452,"hostname":"DESKTOP-U62FJDG","msg":"Skipping slash command disconnect. Disabled!"}
{"level":20,"time":1708617346122,"pid":452,"hostname":"DESKTOP-U62FJDG","msg":"Skipping slash command move. Disabled!"}
{"level":20,"time":1708617346123,"pid":452,"hostname":"DESKTOP-U62FJDG","msg":"Skipping slash command purge. Disabled!"}
{"level":20,"time":1708617346124,"pid":452,"hostname":"DESKTOP-U62FJDG","msg":"Skipping slash command purgeattach. Disabled!"}
{"level":20,"time":1708617346125,"pid":452,"hostname":"DESKTOP-U62FJDG","msg":"Skipping slash command purgebots. Disabled!"}
{"level":20,"time":1708617346126,"pid":452,"hostname":"DESKTOP-U62FJDG","msg":"Skipping slash command purgelinks. Disabled!"}
{"level":20,"time":1708617346126,"pid":452,"hostname":"DESKTOP-U62FJDG","msg":"Skipping slash command purgetoken. Disabled!"}
{"level":20,"time":1708617346127,"pid":452,"hostname":"DESKTOP-U62FJDG","msg":"Skipping slash command purgeuser. Disabled!"}
{"level":20,"time":1708617346129,"pid":452,"hostname":"DESKTOP-U62FJDG","msg":"Skipping slash command undeafen. Disabled!"}
{"level":20,"time":1708617346130,"pid":452,"hostname":"DESKTOP-U62FJDG","msg":"Skipping slash command vmute. Disabled!"}
{"level":20,"time":1708617346132,"pid":452,"hostname":"DESKTOP-U62FJDG","msg":"Skipping slash command vunmute. Disabled!"}
{"level":20,"time":1708617346136,"pid":452,"hostname":"DESKTOP-U62FJDG","msg":"Skipping command purge. Disabled!"}
{"level":20,"time":1708617346138,"pid":452,"hostname":"DESKTOP-U62FJDG","msg":"Skipping command voice. Disabled!"}
{"level":20,"time":1708617346146,"pid":452,"hostname":"DESKTOP-U62FJDG","msg":"Skipping Command bassboost. Category MUSIC is disabled"}
{"level":20,"time":1708617346149,"pid":452,"hostname":"DESKTOP-U62FJDG","msg":"Skipping Command loop. Category MUSIC is disabled"}
{"level":20,"time":1708617346150,"pid":452,"hostname":"DESKTOP-U62FJDG","msg":"Skipping Command lyric. Category MUSIC is disabled"}
{"level":20,"time":1708617346152,"pid":452,"hostname":"DESKTOP-U62FJDG","msg":"Skipping Command np. Category MUSIC is disabled"}
{"level":20,"time":1708617346153,"pid":452,"hostname":"DESKTOP-U62FJDG","msg":"Skipping Command pause. Category MUSIC is disabled"}
{"level":20,"time":1708617346154,"pid":452,"hostname":"DESKTOP-U62FJDG","msg":"Skipping Command play. Category MUSIC is disabled"}
{"level":20,"time":1708617346156,"pid":452,"hostname":"DESKTOP-U62FJDG","msg":"Skipping Command queue. Category MUSIC is disabled"}
{"level":20,"time":1708617346157,"pid":452,"hostname":"DESKTOP-U62FJDG","msg":"Skipping Command resume. Category MUSIC is disabled"}
{"level":20,"time":1708617346158,"pid":452,"hostname":"DESKTOP-U62FJDG","msg":"Skipping Command search. Category MUSIC is disabled"}
{"level":20,"time":1708617346158,"pid":452,"hostname":"DESKTOP-U62FJDG","msg":"Skipping Command seek. Category MUSIC is disabled"}
{"level":20,"time":1708617346159,"pid":452,"hostname":"DESKTOP-U62FJDG","msg":"Skipping Command shuffle. Category MUSIC is disabled"}
{"level":20,"time":1708617346160,"pid":452,"hostname":"DESKTOP-U62FJDG","msg":"Skipping Command skip. Category MUSIC is disabled"}
{"level":20,"time":1708617346161,"pid":452,"hostname":"DESKTOP-U62FJDG","msg":"Skipping Command stop. Category MUSIC is disabled"}
{"level":20,"time":1708617346161,"pid":452,"hostname":"DESKTOP-U62FJDG","msg":"Skipping Command volume. Category MUSIC is disabled"}
{"level":20,"time":1708617346163,"pid":452,"hostname":"DESKTOP-U62FJDG","msg":"Skipping slash command eval. Disabled!"}
{"level":20,"time":1708617346163,"pid":452,"hostname":"DESKTOP-U62FJDG","msg":"Skipping slash command leaveserver. Disabled!"}
{"level":20,"time":1708617346164,"pid":452,"hostname":"DESKTOP-U62FJDG","msg":"Skipping slash command listservers. Disabled!"}
{"level":30,"time":1708617346199,"pid":452,"hostname":"DESKTOP-U62FJDG","msg":"Loaded 85 commands"}
{"level":30,"time":1708617346199,"pid":452,"hostname":"DESKTOP-U62FJDG","msg":"Loaded 66 slash commands"}
{"level":30,"time":1708617346199,"pid":452,"hostname":"DESKTOP-U62FJDG","msg":"Loading contexts..."}
{"level":30,"time":1708617346201,"pid":452,"hostname":"DESKTOP-U62FJDG","msg":"Loaded 0 USER contexts"}
{"level":30,"time":1708617346201,"pid":452,"hostname":"DESKTOP-U62FJDG","msg":"Loaded 0 MESSAGE contexts"}
{"level":30,"time":1708617346202,"pid":452,"hostname":"DESKTOP-U62FJDG","msg":"Loading events..."}
{"level":30,"time":1708617346280,"pid":452,"hostname":"DESKTOP-U62FJDG","msg":"Loaded 15 events. Success (15) Failed (0)"}
{"level":40,"time":1708617346592,"pid":452,"hostname":"DESKTOP-U62FJDG","msg":"VersionCheck: 5.5.0 update is available"}
{"level":40,"time":1708617346592,"pid":452,"hostname":"DESKTOP-U62FJDG","msg":"download: https://github.com/saiteja-madha/discord-js-bot/releases/latest"}
{"level":30,"time":1708617346592,"pid":452,"hostname":"DESKTOP-U62FJDG","msg":"Connexion à MongoDb..."}
{"level":30,"time":1708617347711,"pid":452,"hostname":"DESKTOP-U62FJDG","msg":"Mongoose : Connexion à la base de données établie"}
{"level":30,"time":1708617348363,"pid":452,"hostname":"DESKTOP-U62FJDG","msg":"Logged in as HeimdallCorp#0881! (1164402510451187793)"}
{"level":30,"time":1708617348364,"pid":452,"hostname":"DESKTOP-U62FJDG","msg":"Initializing giveaways manager..."}
{"level":30,"time":1708617348628,"pid":452,"hostname":"DESKTOP-U62FJDG","msg":"Giveaway Manager initialized"}
{"level":30,"time":1708617348902,"pid":452,"hostname":"DESKTOP-U62FJDG","msg":"Interactions enregistrées avec succès"}
