{"level":30,"time":1702478902202,"pid":13060,"hostname":"DESKTOP-U62FJDG","msg":"Validation du fichier de configuration et des variables d'environnement"}
{"level":40,"time":1702478902204,"pid":13060,"hostname":"DESKTOP-U62FJDG","msg":"config.js: SUPPORT_SERVER n'est pas fourni"}
{"level":40,"time":1702478902204,"pid":13060,"hostname":"DESKTOP-U62FJDG","msg":"env: STRANGE_API_KEY est manquant. Les commandes d'image ne fonctionneront pas"}
{"level":30,"time":1702478903367,"pid":13060,"hostname":"DESKTOP-U62FJDG","msg":"Loading commands..."}
{"level":20,"time":1702478911007,"pid":13060,"hostname":"DESKTOP-U62FJDG","msg":"Skipping Command filter. Category IMAGE is disabled"}
{"level":20,"time":1702478911030,"pid":13060,"hostname":"DESKTOP-U62FJDG","msg":"Skipping Command generator. Category IMAGE is disabled"}
{"level":20,"time":1702478911031,"pid":13060,"hostname":"DESKTOP-U62FJDG","msg":"Skipping Command overlay. Category IMAGE is disabled"}
{"level":20,"time":1702478911037,"pid":13060,"hostname":"DESKTOP-U62FJDG","msg":"Skipping slash command avatar. Disabled!"}
{"level":20,"time":1702478911039,"pid":13060,"hostname":"DESKTOP-U62FJDG","msg":"Skipping slash command botinvite. Disabled!"}
{"level":20,"time":1702478911040,"pid":13060,"hostname":"DESKTOP-U62FJDG","msg":"Skipping slash command botstats. Disabled!"}
{"level":20,"time":1702478911042,"pid":13060,"hostname":"DESKTOP-U62FJDG","msg":"Skipping slash command channelinfo. Disabled!"}
{"level":20,"time":1702478911044,"pid":13060,"hostname":"DESKTOP-U62FJDG","msg":"Skipping slash command emojiinfo. Disabled!"}
{"level":20,"time":1702478911064,"pid":13060,"hostname":"DESKTOP-U62FJDG","msg":"Skipping slash command guildinfo. Disabled!"}
{"level":20,"time":1702478911065,"pid":13060,"hostname":"DESKTOP-U62FJDG","msg":"Skipping slash command uptime. Disabled!"}
{"level":20,"time":1702478911066,"pid":13060,"hostname":"DESKTOP-U62FJDG","msg":"Skipping slash command userinfo. Disabled!"}
{"level":20,"time":1702478911068,"pid":13060,"hostname":"DESKTOP-U62FJDG","msg":"Skipping command bot. Disabled!"}
{"level":20,"time":1702478911069,"pid":13060,"hostname":"DESKTOP-U62FJDG","msg":"Skipping command info. Disabled!"}
{"level":20,"time":1702478911072,"pid":13060,"hostname":"DESKTOP-U62FJDG","msg":"Skipping Command addinvites. Category INVITE is disabled"}
{"level":20,"time":1702478911073,"pid":13060,"hostname":"DESKTOP-U62FJDG","msg":"Skipping Command invitecodes. Category INVITE is disabled"}
{"level":20,"time":1702478911074,"pid":13060,"hostname":"DESKTOP-U62FJDG","msg":"Skipping Command inviter. Category INVITE is disabled"}
{"level":20,"time":1702478911075,"pid":13060,"hostname":"DESKTOP-U62FJDG","msg":"Skipping Command inviterank. Category INVITE is disabled"}
{"level":20,"time":1702478911076,"pid":13060,"hostname":"DESKTOP-U62FJDG","msg":"Skipping Command inviteranks. Category INVITE is disabled"}
{"level":20,"time":1702478911077,"pid":13060,"hostname":"DESKTOP-U62FJDG","msg":"Skipping Command invites. Category INVITE is disabled"}
{"level":20,"time":1702478911078,"pid":13060,"hostname":"DESKTOP-U62FJDG","msg":"Skipping Command invitesimport. Category INVITE is disabled"}
{"level":20,"time":1702478911078,"pid":13060,"hostname":"DESKTOP-U62FJDG","msg":"Skipping Command invitetracker. Category INVITE is disabled"}
{"level":20,"time":1702478911079,"pid":13060,"hostname":"DESKTOP-U62FJDG","msg":"Skipping Command resetinvites. Category INVITE is disabled"}
{"level":20,"time":1702478911085,"pid":13060,"hostname":"DESKTOP-U62FJDG","msg":"Skipping slash command deafen. Disabled!"}
{"level":20,"time":1702478911086,"pid":13060,"hostname":"DESKTOP-U62FJDG","msg":"Skipping slash command disconnect. Disabled!"}
{"level":20,"time":1702478911088,"pid":13060,"hostname":"DESKTOP-U62FJDG","msg":"Skipping slash command move. Disabled!"}
{"level":20,"time":1702478911089,"pid":13060,"hostname":"DESKTOP-U62FJDG","msg":"Skipping slash command purge. Disabled!"}
{"level":20,"time":1702478911090,"pid":13060,"hostname":"DESKTOP-U62FJDG","msg":"Skipping slash command purgeattach. Disabled!"}
{"level":20,"time":1702478911091,"pid":13060,"hostname":"DESKTOP-U62FJDG","msg":"Skipping slash command purgebots. Disabled!"}
{"level":20,"time":1702478911092,"pid":13060,"hostname":"DESKTOP-U62FJDG","msg":"Skipping slash command purgelinks. Disabled!"}
{"level":20,"time":1702478911093,"pid":13060,"hostname":"DESKTOP-U62FJDG","msg":"Skipping slash command purgetoken. Disabled!"}
{"level":20,"time":1702478911093,"pid":13060,"hostname":"DESKTOP-U62FJDG","msg":"Skipping slash command purgeuser. Disabled!"}
{"level":20,"time":1702478911094,"pid":13060,"hostname":"DESKTOP-U62FJDG","msg":"Skipping slash command undeafen. Disabled!"}
{"level":20,"time":1702478911096,"pid":13060,"hostname":"DESKTOP-U62FJDG","msg":"Skipping slash command vmute. Disabled!"}
{"level":20,"time":1702478911097,"pid":13060,"hostname":"DESKTOP-U62FJDG","msg":"Skipping slash command vunmute. Disabled!"}
{"level":20,"time":1702478911101,"pid":13060,"hostname":"DESKTOP-U62FJDG","msg":"Skipping command purge. Disabled!"}
{"level":20,"time":1702478911102,"pid":13060,"hostname":"DESKTOP-U62FJDG","msg":"Skipping command voice. Disabled!"}
{"level":20,"time":1702478911108,"pid":13060,"hostname":"DESKTOP-U62FJDG","msg":"Skipping Command bassboost. Category MUSIC is disabled"}
{"level":20,"time":1702478911110,"pid":13060,"hostname":"DESKTOP-U62FJDG","msg":"Skipping Command loop. Category MUSIC is disabled"}
{"level":20,"time":1702478911111,"pid":13060,"hostname":"DESKTOP-U62FJDG","msg":"Skipping Command lyric. Category MUSIC is disabled"}
{"level":20,"time":1702478911141,"pid":13060,"hostname":"DESKTOP-U62FJDG","msg":"Skipping Command np. Category MUSIC is disabled"}
{"level":20,"time":1702478911141,"pid":13060,"hostname":"DESKTOP-U62FJDG","msg":"Skipping Command pause. Category MUSIC is disabled"}
{"level":20,"time":1702478911142,"pid":13060,"hostname":"DESKTOP-U62FJDG","msg":"Skipping Command play. Category MUSIC is disabled"}
{"level":20,"time":1702478911143,"pid":13060,"hostname":"DESKTOP-U62FJDG","msg":"Skipping Command queue. Category MUSIC is disabled"}
{"level":20,"time":1702478911144,"pid":13060,"hostname":"DESKTOP-U62FJDG","msg":"Skipping Command resume. Category MUSIC is disabled"}
{"level":20,"time":1702478911145,"pid":13060,"hostname":"DESKTOP-U62FJDG","msg":"Skipping Command search. Category MUSIC is disabled"}
{"level":20,"time":1702478911147,"pid":13060,"hostname":"DESKTOP-U62FJDG","msg":"Skipping Command seek. Category MUSIC is disabled"}
{"level":20,"time":1702478911147,"pid":13060,"hostname":"DESKTOP-U62FJDG","msg":"Skipping Command shuffle. Category MUSIC is disabled"}
{"level":20,"time":1702478911148,"pid":13060,"hostname":"DESKTOP-U62FJDG","msg":"Skipping Command skip. Category MUSIC is disabled"}
{"level":20,"time":1702478911149,"pid":13060,"hostname":"DESKTOP-U62FJDG","msg":"Skipping Command stop. Category MUSIC is disabled"}
{"level":20,"time":1702478911150,"pid":13060,"hostname":"DESKTOP-U62FJDG","msg":"Skipping Command volume. Category MUSIC is disabled"}
{"level":20,"time":1702478911152,"pid":13060,"hostname":"DESKTOP-U62FJDG","msg":"Skipping slash command eval. Disabled!"}
{"level":20,"time":1702478911152,"pid":13060,"hostname":"DESKTOP-U62FJDG","msg":"Skipping slash command leaveserver. Disabled!"}
{"level":20,"time":1702478911154,"pid":13060,"hostname":"DESKTOP-U62FJDG","msg":"Skipping slash command listservers. Disabled!"}
{"level":30,"time":1702478911229,"pid":13060,"hostname":"DESKTOP-U62FJDG","msg":"Loaded 79 commands"}
{"level":30,"time":1702478911229,"pid":13060,"hostname":"DESKTOP-U62FJDG","msg":"Loaded 60 slash commands"}
{"level":30,"time":1702478911229,"pid":13060,"hostname":"DESKTOP-U62FJDG","msg":"Loading contexts..."}
{"level":30,"time":1702478911231,"pid":13060,"hostname":"DESKTOP-U62FJDG","msg":"Loaded 0 USER contexts"}
{"level":30,"time":1702478911232,"pid":13060,"hostname":"DESKTOP-U62FJDG","msg":"Loaded 0 MESSAGE contexts"}
{"level":30,"time":1702478911232,"pid":13060,"hostname":"DESKTOP-U62FJDG","msg":"Loading events..."}
{"level":30,"time":1702478911293,"pid":13060,"hostname":"DESKTOP-U62FJDG","msg":"Loaded 15 events. Success (15) Failed (0)"}
{"level":30,"time":1702478911546,"pid":13060,"hostname":"DESKTOP-U62FJDG","msg":"VersionCheck: Your discord bot is up to date"}
{"level":30,"time":1702478911546,"pid":13060,"hostname":"DESKTOP-U62FJDG","msg":"Launching dashboard"}
{"level":30,"time":1702478916169,"pid":13060,"hostname":"DESKTOP-U62FJDG","msg":"Connecting to MongoDb..."}
{"level":30,"time":1702478917531,"pid":13060,"hostname":"DESKTOP-U62FJDG","msg":"Mongoose: Database connection established"}
{"level":30,"time":1702478917598,"pid":13060,"hostname":"DESKTOP-U62FJDG","msg":"Dashboard is listening on port 8080"}
{"level":30,"time":1702478923522,"pid":13060,"hostname":"DESKTOP-U62FJDG","msg":"Logged in as HeimdallCorp#0881! (1164402510451187793)"}
{"level":30,"time":1702478923523,"pid":13060,"hostname":"DESKTOP-U62FJDG","msg":"Initializing giveaways manager..."}
{"level":30,"time":1702478923668,"pid":13060,"hostname":"DESKTOP-U62FJDG","msg":"Giveaway Manager initialized"}
{"level":30,"time":1702478924068,"pid":13060,"hostname":"DESKTOP-U62FJDG","msg":"Successfully registered interactions"}
{"level":30,"time":1702483628720,"pid":5220,"hostname":"DESKTOP-U62FJDG","msg":"Validation du fichier de configuration et des variables d'environnement"}
{"level":40,"time":1702483628721,"pid":5220,"hostname":"DESKTOP-U62FJDG","msg":"config.js: SUPPORT_SERVER n'est pas fourni"}
{"level":40,"time":1702483628722,"pid":5220,"hostname":"DESKTOP-U62FJDG","msg":"env: STRANGE_API_KEY est manquant. Les commandes d'image ne fonctionneront pas"}
{"level":30,"time":1702483628775,"pid":5220,"hostname":"DESKTOP-U62FJDG","msg":"Loading commands..."}
{"level":20,"time":1702483629391,"pid":5220,"hostname":"DESKTOP-U62FJDG","msg":"Skipping Command filter. Category IMAGE is disabled"}
{"level":20,"time":1702483629392,"pid":5220,"hostname":"DESKTOP-U62FJDG","msg":"Skipping Command generator. Category IMAGE is disabled"}
{"level":20,"time":1702483629392,"pid":5220,"hostname":"DESKTOP-U62FJDG","msg":"Skipping Command overlay. Category IMAGE is disabled"}
{"level":20,"time":1702483629397,"pid":5220,"hostname":"DESKTOP-U62FJDG","msg":"Skipping slash command avatar. Disabled!"}
{"level":20,"time":1702483629399,"pid":5220,"hostname":"DESKTOP-U62FJDG","msg":"Skipping slash command botinvite. Disabled!"}
{"level":20,"time":1702483629400,"pid":5220,"hostname":"DESKTOP-U62FJDG","msg":"Skipping slash command botstats. Disabled!"}
{"level":20,"time":1702483629402,"pid":5220,"hostname":"DESKTOP-U62FJDG","msg":"Skipping slash command channelinfo. Disabled!"}
{"level":20,"time":1702483629404,"pid":5220,"hostname":"DESKTOP-U62FJDG","msg":"Skipping slash command emojiinfo. Disabled!"}
{"level":20,"time":1702483629414,"pid":5220,"hostname":"DESKTOP-U62FJDG","msg":"Skipping slash command guildinfo. Disabled!"}
{"level":20,"time":1702483629415,"pid":5220,"hostname":"DESKTOP-U62FJDG","msg":"Skipping slash command uptime. Disabled!"}
{"level":20,"time":1702483629416,"pid":5220,"hostname":"DESKTOP-U62FJDG","msg":"Skipping slash command userinfo. Disabled!"}
{"level":20,"time":1702483629418,"pid":5220,"hostname":"DESKTOP-U62FJDG","msg":"Skipping command bot. Disabled!"}
{"level":20,"time":1702483629419,"pid":5220,"hostname":"DESKTOP-U62FJDG","msg":"Skipping command info. Disabled!"}
{"level":20,"time":1702483629421,"pid":5220,"hostname":"DESKTOP-U62FJDG","msg":"Skipping Command addinvites. Category INVITE is disabled"}
{"level":20,"time":1702483629422,"pid":5220,"hostname":"DESKTOP-U62FJDG","msg":"Skipping Command invitecodes. Category INVITE is disabled"}
{"level":20,"time":1702483629423,"pid":5220,"hostname":"DESKTOP-U62FJDG","msg":"Skipping Command inviter. Category INVITE is disabled"}
{"level":20,"time":1702483629424,"pid":5220,"hostname":"DESKTOP-U62FJDG","msg":"Skipping Command inviterank. Category INVITE is disabled"}
{"level":20,"time":1702483629425,"pid":5220,"hostname":"DESKTOP-U62FJDG","msg":"Skipping Command inviteranks. Category INVITE is disabled"}
{"level":20,"time":1702483629426,"pid":5220,"hostname":"DESKTOP-U62FJDG","msg":"Skipping Command invites. Category INVITE is disabled"}
{"level":20,"time":1702483629427,"pid":5220,"hostname":"DESKTOP-U62FJDG","msg":"Skipping Command invitesimport. Category INVITE is disabled"}
{"level":20,"time":1702483629427,"pid":5220,"hostname":"DESKTOP-U62FJDG","msg":"Skipping Command invitetracker. Category INVITE is disabled"}
{"level":20,"time":1702483629428,"pid":5220,"hostname":"DESKTOP-U62FJDG","msg":"Skipping Command resetinvites. Category INVITE is disabled"}
{"level":20,"time":1702483629433,"pid":5220,"hostname":"DESKTOP-U62FJDG","msg":"Skipping slash command deafen. Disabled!"}
{"level":20,"time":1702483629434,"pid":5220,"hostname":"DESKTOP-U62FJDG","msg":"Skipping slash command disconnect. Disabled!"}
{"level":20,"time":1702483629436,"pid":5220,"hostname":"DESKTOP-U62FJDG","msg":"Skipping slash command move. Disabled!"}
{"level":20,"time":1702483629436,"pid":5220,"hostname":"DESKTOP-U62FJDG","msg":"Skipping slash command purge. Disabled!"}
{"level":20,"time":1702483629437,"pid":5220,"hostname":"DESKTOP-U62FJDG","msg":"Skipping slash command purgeattach. Disabled!"}
{"level":20,"time":1702483629438,"pid":5220,"hostname":"DESKTOP-U62FJDG","msg":"Skipping slash command purgebots. Disabled!"}
{"level":20,"time":1702483629438,"pid":5220,"hostname":"DESKTOP-U62FJDG","msg":"Skipping slash command purgelinks. Disabled!"}
{"level":20,"time":1702483629439,"pid":5220,"hostname":"DESKTOP-U62FJDG","msg":"Skipping slash command purgetoken. Disabled!"}
{"level":20,"time":1702483629439,"pid":5220,"hostname":"DESKTOP-U62FJDG","msg":"Skipping slash command purgeuser. Disabled!"}
{"level":20,"time":1702483629441,"pid":5220,"hostname":"DESKTOP-U62FJDG","msg":"Skipping slash command undeafen. Disabled!"}
{"level":20,"time":1702483629442,"pid":5220,"hostname":"DESKTOP-U62FJDG","msg":"Skipping slash command vmute. Disabled!"}
{"level":20,"time":1702483629444,"pid":5220,"hostname":"DESKTOP-U62FJDG","msg":"Skipping slash command vunmute. Disabled!"}
{"level":20,"time":1702483629446,"pid":5220,"hostname":"DESKTOP-U62FJDG","msg":"Skipping command purge. Disabled!"}
{"level":20,"time":1702483629447,"pid":5220,"hostname":"DESKTOP-U62FJDG","msg":"Skipping command voice. Disabled!"}
{"level":20,"time":1702483629452,"pid":5220,"hostname":"DESKTOP-U62FJDG","msg":"Skipping Command bassboost. Category MUSIC is disabled"}
{"level":20,"time":1702483629454,"pid":5220,"hostname":"DESKTOP-U62FJDG","msg":"Skipping Command loop. Category MUSIC is disabled"}
{"level":20,"time":1702483629455,"pid":5220,"hostname":"DESKTOP-U62FJDG","msg":"Skipping Command lyric. Category MUSIC is disabled"}
{"level":20,"time":1702483629457,"pid":5220,"hostname":"DESKTOP-U62FJDG","msg":"Skipping Command np. Category MUSIC is disabled"}
{"level":20,"time":1702483629458,"pid":5220,"hostname":"DESKTOP-U62FJDG","msg":"Skipping Command pause. Category MUSIC is disabled"}
{"level":20,"time":1702483629460,"pid":5220,"hostname":"DESKTOP-U62FJDG","msg":"Skipping Command play. Category MUSIC is disabled"}
{"level":20,"time":1702483629460,"pid":5220,"hostname":"DESKTOP-U62FJDG","msg":"Skipping Command queue. Category MUSIC is disabled"}
{"level":20,"time":1702483629461,"pid":5220,"hostname":"DESKTOP-U62FJDG","msg":"Skipping Command resume. Category MUSIC is disabled"}
{"level":20,"time":1702483629462,"pid":5220,"hostname":"DESKTOP-U62FJDG","msg":"Skipping Command search. Category MUSIC is disabled"}
{"level":20,"time":1702483629463,"pid":5220,"hostname":"DESKTOP-U62FJDG","msg":"Skipping Command seek. Category MUSIC is disabled"}
{"level":20,"time":1702483629463,"pid":5220,"hostname":"DESKTOP-U62FJDG","msg":"Skipping Command shuffle. Category MUSIC is disabled"}
{"level":20,"time":1702483629464,"pid":5220,"hostname":"DESKTOP-U62FJDG","msg":"Skipping Command skip. Category MUSIC is disabled"}
{"level":20,"time":1702483629465,"pid":5220,"hostname":"DESKTOP-U62FJDG","msg":"Skipping Command stop. Category MUSIC is disabled"}
{"level":20,"time":1702483629466,"pid":5220,"hostname":"DESKTOP-U62FJDG","msg":"Skipping Command volume. Category MUSIC is disabled"}
{"level":20,"time":1702483629468,"pid":5220,"hostname":"DESKTOP-U62FJDG","msg":"Skipping slash command eval. Disabled!"}
{"level":20,"time":1702483629469,"pid":5220,"hostname":"DESKTOP-U62FJDG","msg":"Skipping slash command leaveserver. Disabled!"}
{"level":20,"time":1702483629470,"pid":5220,"hostname":"DESKTOP-U62FJDG","msg":"Skipping slash command listservers. Disabled!"}
{"level":30,"time":1702483629507,"pid":5220,"hostname":"DESKTOP-U62FJDG","msg":"Loaded 79 commands"}
{"level":30,"time":1702483629507,"pid":5220,"hostname":"DESKTOP-U62FJDG","msg":"Loaded 60 slash commands"}
{"level":30,"time":1702483629507,"pid":5220,"hostname":"DESKTOP-U62FJDG","msg":"Loading contexts..."}
{"level":30,"time":1702483629509,"pid":5220,"hostname":"DESKTOP-U62FJDG","msg":"Loaded 0 USER contexts"}
{"level":30,"time":1702483629509,"pid":5220,"hostname":"DESKTOP-U62FJDG","msg":"Loaded 0 MESSAGE contexts"}
{"level":30,"time":1702483629509,"pid":5220,"hostname":"DESKTOP-U62FJDG","msg":"Loading events..."}
{"level":30,"time":1702483629551,"pid":5220,"hostname":"DESKTOP-U62FJDG","msg":"Loaded 15 events. Success (15) Failed (0)"}
{"level":30,"time":1702483629794,"pid":5220,"hostname":"DESKTOP-U62FJDG","msg":"VersionCheck: Your discord bot is up to date"}
{"level":30,"time":1702483629794,"pid":5220,"hostname":"DESKTOP-U62FJDG","msg":"Launching dashboard"}
{"level":30,"time":1702483629969,"pid":5220,"hostname":"DESKTOP-U62FJDG","msg":"Connecting to MongoDb..."}
{"level":30,"time":1702483631285,"pid":5220,"hostname":"DESKTOP-U62FJDG","msg":"Mongoose: Database connection established"}
{"level":30,"time":1702483631322,"pid":5220,"hostname":"DESKTOP-U62FJDG","msg":"Dashboard is listening on port 8080"}
{"level":30,"time":1702483631914,"pid":5220,"hostname":"DESKTOP-U62FJDG","msg":"Logged in as HeimdallCorp#0881! (1164402510451187793)"}
{"level":30,"time":1702483631915,"pid":5220,"hostname":"DESKTOP-U62FJDG","msg":"Initializing giveaways manager..."}
{"level":30,"time":1702483632508,"pid":5220,"hostname":"DESKTOP-U62FJDG","msg":"Successfully registered interactions"}
{"level":30,"time":1702483632775,"pid":5220,"hostname":"DESKTOP-U62FJDG","msg":"Giveaway Manager initialized"}
{"level":30,"time":1702498450838,"pid":12508,"hostname":"DESKTOP-U62FJDG","msg":"Validation du fichier de configuration et des variables d'environnement"}
{"level":40,"time":1702498450840,"pid":12508,"hostname":"DESKTOP-U62FJDG","msg":"config.js: SUPPORT_SERVER n'est pas fourni"}
{"level":40,"time":1702498450840,"pid":12508,"hostname":"DESKTOP-U62FJDG","msg":"env: STRANGE_API_KEY est manquant. Les commandes d'image ne fonctionneront pas"}
{"level":30,"time":1702498450935,"pid":12508,"hostname":"DESKTOP-U62FJDG","msg":"Loading commands..."}
{"level":20,"time":1702498452123,"pid":12508,"hostname":"DESKTOP-U62FJDG","msg":"Skipping Command filter. Category IMAGE is disabled"}
{"level":20,"time":1702498452125,"pid":12508,"hostname":"DESKTOP-U62FJDG","msg":"Skipping Command generator. Category IMAGE is disabled"}
{"level":20,"time":1702498452130,"pid":12508,"hostname":"DESKTOP-U62FJDG","msg":"Skipping Command overlay. Category IMAGE is disabled"}
{"level":20,"time":1702498452138,"pid":12508,"hostname":"DESKTOP-U62FJDG","msg":"Skipping slash command avatar. Disabled!"}
{"level":20,"time":1702498452140,"pid":12508,"hostname":"DESKTOP-U62FJDG","msg":"Skipping slash command botinvite. Disabled!"}
{"level":20,"time":1702498452143,"pid":12508,"hostname":"DESKTOP-U62FJDG","msg":"Skipping slash command botstats. Disabled!"}
{"level":20,"time":1702498452146,"pid":12508,"hostname":"DESKTOP-U62FJDG","msg":"Skipping slash command channelinfo. Disabled!"}
{"level":20,"time":1702498452148,"pid":12508,"hostname":"DESKTOP-U62FJDG","msg":"Skipping slash command emojiinfo. Disabled!"}
{"level":20,"time":1702498452170,"pid":12508,"hostname":"DESKTOP-U62FJDG","msg":"Skipping slash command guildinfo. Disabled!"}
{"level":20,"time":1702498452171,"pid":12508,"hostname":"DESKTOP-U62FJDG","msg":"Skipping slash command uptime. Disabled!"}
{"level":20,"time":1702498452173,"pid":12508,"hostname":"DESKTOP-U62FJDG","msg":"Skipping slash command userinfo. Disabled!"}
{"level":20,"time":1702498452176,"pid":12508,"hostname":"DESKTOP-U62FJDG","msg":"Skipping command bot. Disabled!"}
{"level":20,"time":1702498452178,"pid":12508,"hostname":"DESKTOP-U62FJDG","msg":"Skipping command info. Disabled!"}
{"level":20,"time":1702498452181,"pid":12508,"hostname":"DESKTOP-U62FJDG","msg":"Skipping Command addinvites. Category INVITE is disabled"}
{"level":20,"time":1702498452183,"pid":12508,"hostname":"DESKTOP-U62FJDG","msg":"Skipping Command invitecodes. Category INVITE is disabled"}
{"level":20,"time":1702498452184,"pid":12508,"hostname":"DESKTOP-U62FJDG","msg":"Skipping Command inviter. Category INVITE is disabled"}
{"level":20,"time":1702498452185,"pid":12508,"hostname":"DESKTOP-U62FJDG","msg":"Skipping Command inviterank. Category INVITE is disabled"}
{"level":20,"time":1702498452186,"pid":12508,"hostname":"DESKTOP-U62FJDG","msg":"Skipping Command inviteranks. Category INVITE is disabled"}
{"level":20,"time":1702498452187,"pid":12508,"hostname":"DESKTOP-U62FJDG","msg":"Skipping Command invites. Category INVITE is disabled"}
{"level":20,"time":1702498452189,"pid":12508,"hostname":"DESKTOP-U62FJDG","msg":"Skipping Command invitesimport. Category INVITE is disabled"}
{"level":20,"time":1702498452190,"pid":12508,"hostname":"DESKTOP-U62FJDG","msg":"Skipping Command invitetracker. Category INVITE is disabled"}
{"level":20,"time":1702498452193,"pid":12508,"hostname":"DESKTOP-U62FJDG","msg":"Skipping Command resetinvites. Category INVITE is disabled"}
{"level":20,"time":1702498452199,"pid":12508,"hostname":"DESKTOP-U62FJDG","msg":"Skipping slash command deafen. Disabled!"}
{"level":20,"time":1702498452201,"pid":12508,"hostname":"DESKTOP-U62FJDG","msg":"Skipping slash command disconnect. Disabled!"}
{"level":20,"time":1702498452204,"pid":12508,"hostname":"DESKTOP-U62FJDG","msg":"Skipping slash command move. Disabled!"}
{"level":20,"time":1702498452206,"pid":12508,"hostname":"DESKTOP-U62FJDG","msg":"Skipping slash command purge. Disabled!"}
{"level":20,"time":1702498452206,"pid":12508,"hostname":"DESKTOP-U62FJDG","msg":"Skipping slash command purgeattach. Disabled!"}
{"level":20,"time":1702498452207,"pid":12508,"hostname":"DESKTOP-U62FJDG","msg":"Skipping slash command purgebots. Disabled!"}
{"level":20,"time":1702498452208,"pid":12508,"hostname":"DESKTOP-U62FJDG","msg":"Skipping slash command purgelinks. Disabled!"}
{"level":20,"time":1702498452210,"pid":12508,"hostname":"DESKTOP-U62FJDG","msg":"Skipping slash command purgetoken. Disabled!"}
{"level":20,"time":1702498452211,"pid":12508,"hostname":"DESKTOP-U62FJDG","msg":"Skipping slash command purgeuser. Disabled!"}
{"level":20,"time":1702498452215,"pid":12508,"hostname":"DESKTOP-U62FJDG","msg":"Skipping slash command undeafen. Disabled!"}
{"level":20,"time":1702498452217,"pid":12508,"hostname":"DESKTOP-U62FJDG","msg":"Skipping slash command vmute. Disabled!"}
{"level":20,"time":1702498452218,"pid":12508,"hostname":"DESKTOP-U62FJDG","msg":"Skipping slash command vunmute. Disabled!"}
{"level":20,"time":1702498452221,"pid":12508,"hostname":"DESKTOP-U62FJDG","msg":"Skipping command purge. Disabled!"}
{"level":20,"time":1702498452223,"pid":12508,"hostname":"DESKTOP-U62FJDG","msg":"Skipping command voice. Disabled!"}
{"level":20,"time":1702498452232,"pid":12508,"hostname":"DESKTOP-U62FJDG","msg":"Skipping Command bassboost. Category MUSIC is disabled"}
{"level":20,"time":1702498452237,"pid":12508,"hostname":"DESKTOP-U62FJDG","msg":"Skipping Command loop. Category MUSIC is disabled"}
{"level":20,"time":1702498452238,"pid":12508,"hostname":"DESKTOP-U62FJDG","msg":"Skipping Command lyric. Category MUSIC is disabled"}
{"level":20,"time":1702498452242,"pid":12508,"hostname":"DESKTOP-U62FJDG","msg":"Skipping Command np. Category MUSIC is disabled"}
{"level":20,"time":1702498452243,"pid":12508,"hostname":"DESKTOP-U62FJDG","msg":"Skipping Command pause. Category MUSIC is disabled"}
{"level":20,"time":1702498452246,"pid":12508,"hostname":"DESKTOP-U62FJDG","msg":"Skipping Command play. Category MUSIC is disabled"}
{"level":20,"time":1702498452247,"pid":12508,"hostname":"DESKTOP-U62FJDG","msg":"Skipping Command queue. Category MUSIC is disabled"}
{"level":20,"time":1702498452248,"pid":12508,"hostname":"DESKTOP-U62FJDG","msg":"Skipping Command resume. Category MUSIC is disabled"}
{"level":20,"time":1702498452249,"pid":12508,"hostname":"DESKTOP-U62FJDG","msg":"Skipping Command search. Category MUSIC is disabled"}
{"level":20,"time":1702498452250,"pid":12508,"hostname":"DESKTOP-U62FJDG","msg":"Skipping Command seek. Category MUSIC is disabled"}
{"level":20,"time":1702498452251,"pid":12508,"hostname":"DESKTOP-U62FJDG","msg":"Skipping Command shuffle. Category MUSIC is disabled"}
{"level":20,"time":1702498452252,"pid":12508,"hostname":"DESKTOP-U62FJDG","msg":"Skipping Command skip. Category MUSIC is disabled"}
{"level":20,"time":1702498452253,"pid":12508,"hostname":"DESKTOP-U62FJDG","msg":"Skipping Command stop. Category MUSIC is disabled"}
{"level":20,"time":1702498452254,"pid":12508,"hostname":"DESKTOP-U62FJDG","msg":"Skipping Command volume. Category MUSIC is disabled"}
{"level":20,"time":1702498452255,"pid":12508,"hostname":"DESKTOP-U62FJDG","msg":"Skipping slash command eval. Disabled!"}
{"level":20,"time":1702498452256,"pid":12508,"hostname":"DESKTOP-U62FJDG","msg":"Skipping slash command leaveserver. Disabled!"}
{"level":20,"time":1702498452257,"pid":12508,"hostname":"DESKTOP-U62FJDG","msg":"Skipping slash command listservers. Disabled!"}
{"level":30,"time":1702498452315,"pid":12508,"hostname":"DESKTOP-U62FJDG","msg":"Loaded 79 commands"}
{"level":30,"time":1702498452315,"pid":12508,"hostname":"DESKTOP-U62FJDG","msg":"Loaded 60 slash commands"}
{"level":30,"time":1702498452315,"pid":12508,"hostname":"DESKTOP-U62FJDG","msg":"Loading contexts..."}
{"level":30,"time":1702498452317,"pid":12508,"hostname":"DESKTOP-U62FJDG","msg":"Loaded 0 USER contexts"}
{"level":30,"time":1702498452317,"pid":12508,"hostname":"DESKTOP-U62FJDG","msg":"Loaded 0 MESSAGE contexts"}
{"level":30,"time":1702498452317,"pid":12508,"hostname":"DESKTOP-U62FJDG","msg":"Loading events..."}
{"level":30,"time":1702498452426,"pid":12508,"hostname":"DESKTOP-U62FJDG","msg":"Loaded 15 events. Success (15) Failed (0)"}
{"level":30,"time":1702498452716,"pid":12508,"hostname":"DESKTOP-U62FJDG","msg":"VersionCheck: Your discord bot is up to date"}
{"level":30,"time":1702498452716,"pid":12508,"hostname":"DESKTOP-U62FJDG","msg":"Launching dashboard"}
{"level":30,"time":1702498453047,"pid":12508,"hostname":"DESKTOP-U62FJDG","msg":"Connecting to MongoDb..."}
{"level":30,"time":1702498454254,"pid":12508,"hostname":"DESKTOP-U62FJDG","msg":"Mongoose: Database connection established"}
{"level":30,"time":1702498454289,"pid":12508,"hostname":"DESKTOP-U62FJDG","msg":"Dashboard is listening on port 8080"}
{"level":30,"time":1702498454862,"pid":12508,"hostname":"DESKTOP-U62FJDG","msg":"Logged in as HeimdallCorp#0881! (1164402510451187793)"}
{"level":30,"time":1702498454862,"pid":12508,"hostname":"DESKTOP-U62FJDG","msg":"Initializing giveaways manager..."}
{"level":30,"time":1702498455065,"pid":12508,"hostname":"DESKTOP-U62FJDG","msg":"Giveaway Manager initialized"}
{"level":30,"time":1702498455379,"pid":12508,"hostname":"DESKTOP-U62FJDG","msg":"Successfully registered interactions"}
{"level":30,"time":1702521611837,"pid":7712,"hostname":"DESKTOP-U62FJDG","msg":"Validation du fichier de configuration et des variables d'environnement"}
{"level":40,"time":1702521611856,"pid":7712,"hostname":"DESKTOP-U62FJDG","msg":"config.js: SUPPORT_SERVER n'est pas fourni"}
{"level":40,"time":1702521611857,"pid":7712,"hostname":"DESKTOP-U62FJDG","msg":"env: STRANGE_API_KEY est manquant. Les commandes d'image ne fonctionneront pas"}
{"level":30,"time":1702521612911,"pid":7712,"hostname":"DESKTOP-U62FJDG","msg":"Loading commands..."}
{"level":20,"time":1702521624069,"pid":7712,"hostname":"DESKTOP-U62FJDG","msg":"Skipping Command filter. Category IMAGE is disabled"}
{"level":20,"time":1702521624071,"pid":7712,"hostname":"DESKTOP-U62FJDG","msg":"Skipping Command generator. Category IMAGE is disabled"}
{"level":20,"time":1702521624073,"pid":7712,"hostname":"DESKTOP-U62FJDG","msg":"Skipping Command overlay. Category IMAGE is disabled"}
{"level":20,"time":1702521624085,"pid":7712,"hostname":"DESKTOP-U62FJDG","msg":"Skipping slash command avatar. Disabled!"}
{"level":20,"time":1702521624088,"pid":7712,"hostname":"DESKTOP-U62FJDG","msg":"Skipping slash command botinvite. Disabled!"}
{"level":20,"time":1702521624092,"pid":7712,"hostname":"DESKTOP-U62FJDG","msg":"Skipping slash command botstats. Disabled!"}
{"level":20,"time":1702521624096,"pid":7712,"hostname":"DESKTOP-U62FJDG","msg":"Skipping slash command channelinfo. Disabled!"}
{"level":20,"time":1702521624098,"pid":7712,"hostname":"DESKTOP-U62FJDG","msg":"Skipping slash command emojiinfo. Disabled!"}
{"level":20,"time":1702521624142,"pid":7712,"hostname":"DESKTOP-U62FJDG","msg":"Skipping slash command guildinfo. Disabled!"}
{"level":20,"time":1702521624143,"pid":7712,"hostname":"DESKTOP-U62FJDG","msg":"Skipping slash command uptime. Disabled!"}
{"level":20,"time":1702521624144,"pid":7712,"hostname":"DESKTOP-U62FJDG","msg":"Skipping slash command userinfo. Disabled!"}
{"level":20,"time":1702521624146,"pid":7712,"hostname":"DESKTOP-U62FJDG","msg":"Skipping command bot. Disabled!"}
{"level":20,"time":1702521624148,"pid":7712,"hostname":"DESKTOP-U62FJDG","msg":"Skipping command info. Disabled!"}
{"level":20,"time":1702521624150,"pid":7712,"hostname":"DESKTOP-U62FJDG","msg":"Skipping Command addinvites. Category INVITE is disabled"}
{"level":20,"time":1702521624151,"pid":7712,"hostname":"DESKTOP-U62FJDG","msg":"Skipping Command invitecodes. Category INVITE is disabled"}
{"level":20,"time":1702521624152,"pid":7712,"hostname":"DESKTOP-U62FJDG","msg":"Skipping Command inviter. Category INVITE is disabled"}
{"level":20,"time":1702521624153,"pid":7712,"hostname":"DESKTOP-U62FJDG","msg":"Skipping Command inviterank. Category INVITE is disabled"}
{"level":20,"time":1702521624154,"pid":7712,"hostname":"DESKTOP-U62FJDG","msg":"Skipping Command inviteranks. Category INVITE is disabled"}
{"level":20,"time":1702521624155,"pid":7712,"hostname":"DESKTOP-U62FJDG","msg":"Skipping Command invites. Category INVITE is disabled"}
{"level":20,"time":1702521624156,"pid":7712,"hostname":"DESKTOP-U62FJDG","msg":"Skipping Command invitesimport. Category INVITE is disabled"}
{"level":20,"time":1702521624157,"pid":7712,"hostname":"DESKTOP-U62FJDG","msg":"Skipping Command invitetracker. Category INVITE is disabled"}
{"level":20,"time":1702521624158,"pid":7712,"hostname":"DESKTOP-U62FJDG","msg":"Skipping Command resetinvites. Category INVITE is disabled"}
{"level":20,"time":1702521624163,"pid":7712,"hostname":"DESKTOP-U62FJDG","msg":"Skipping slash command deafen. Disabled!"}
{"level":20,"time":1702521624165,"pid":7712,"hostname":"DESKTOP-U62FJDG","msg":"Skipping slash command disconnect. Disabled!"}
{"level":20,"time":1702521624167,"pid":7712,"hostname":"DESKTOP-U62FJDG","msg":"Skipping slash command move. Disabled!"}
{"level":20,"time":1702521624167,"pid":7712,"hostname":"DESKTOP-U62FJDG","msg":"Skipping slash command purge. Disabled!"}
{"level":20,"time":1702521624168,"pid":7712,"hostname":"DESKTOP-U62FJDG","msg":"Skipping slash command purgeattach. Disabled!"}
{"level":20,"time":1702521624169,"pid":7712,"hostname":"DESKTOP-U62FJDG","msg":"Skipping slash command purgebots. Disabled!"}
{"level":20,"time":1702521624170,"pid":7712,"hostname":"DESKTOP-U62FJDG","msg":"Skipping slash command purgelinks. Disabled!"}
{"level":20,"time":1702521624171,"pid":7712,"hostname":"DESKTOP-U62FJDG","msg":"Skipping slash command purgetoken. Disabled!"}
{"level":20,"time":1702521624171,"pid":7712,"hostname":"DESKTOP-U62FJDG","msg":"Skipping slash command purgeuser. Disabled!"}
{"level":20,"time":1702521624173,"pid":7712,"hostname":"DESKTOP-U62FJDG","msg":"Skipping slash command undeafen. Disabled!"}
{"level":20,"time":1702521624174,"pid":7712,"hostname":"DESKTOP-U62FJDG","msg":"Skipping slash command vmute. Disabled!"}
{"level":20,"time":1702521624175,"pid":7712,"hostname":"DESKTOP-U62FJDG","msg":"Skipping slash command vunmute. Disabled!"}
{"level":20,"time":1702521624178,"pid":7712,"hostname":"DESKTOP-U62FJDG","msg":"Skipping command purge. Disabled!"}
{"level":20,"time":1702521624179,"pid":7712,"hostname":"DESKTOP-U62FJDG","msg":"Skipping command voice. Disabled!"}
{"level":20,"time":1702521624185,"pid":7712,"hostname":"DESKTOP-U62FJDG","msg":"Skipping Command bassboost. Category MUSIC is disabled"}
{"level":20,"time":1702521624188,"pid":7712,"hostname":"DESKTOP-U62FJDG","msg":"Skipping Command loop. Category MUSIC is disabled"}
{"level":20,"time":1702521624189,"pid":7712,"hostname":"DESKTOP-U62FJDG","msg":"Skipping Command lyric. Category MUSIC is disabled"}
{"level":20,"time":1702521624212,"pid":7712,"hostname":"DESKTOP-U62FJDG","msg":"Skipping Command np. Category MUSIC is disabled"}
{"level":20,"time":1702521624213,"pid":7712,"hostname":"DESKTOP-U62FJDG","msg":"Skipping Command pause. Category MUSIC is disabled"}
{"level":20,"time":1702521624214,"pid":7712,"hostname":"DESKTOP-U62FJDG","msg":"Skipping Command play. Category MUSIC is disabled"}
{"level":20,"time":1702521624215,"pid":7712,"hostname":"DESKTOP-U62FJDG","msg":"Skipping Command queue. Category MUSIC is disabled"}
{"level":20,"time":1702521624215,"pid":7712,"hostname":"DESKTOP-U62FJDG","msg":"Skipping Command resume. Category MUSIC is disabled"}
{"level":20,"time":1702521624216,"pid":7712,"hostname":"DESKTOP-U62FJDG","msg":"Skipping Command search. Category MUSIC is disabled"}
{"level":20,"time":1702521624217,"pid":7712,"hostname":"DESKTOP-U62FJDG","msg":"Skipping Command seek. Category MUSIC is disabled"}
{"level":20,"time":1702521624218,"pid":7712,"hostname":"DESKTOP-U62FJDG","msg":"Skipping Command shuffle. Category MUSIC is disabled"}
{"level":20,"time":1702521624219,"pid":7712,"hostname":"DESKTOP-U62FJDG","msg":"Skipping Command skip. Category MUSIC is disabled"}
{"level":20,"time":1702521624220,"pid":7712,"hostname":"DESKTOP-U62FJDG","msg":"Skipping Command stop. Category MUSIC is disabled"}
{"level":20,"time":1702521624221,"pid":7712,"hostname":"DESKTOP-U62FJDG","msg":"Skipping Command volume. Category MUSIC is disabled"}
{"level":20,"time":1702521624222,"pid":7712,"hostname":"DESKTOP-U62FJDG","msg":"Skipping slash command eval. Disabled!"}
{"level":20,"time":1702521624223,"pid":7712,"hostname":"DESKTOP-U62FJDG","msg":"Skipping slash command leaveserver. Disabled!"}
{"level":20,"time":1702521624224,"pid":7712,"hostname":"DESKTOP-U62FJDG","msg":"Skipping slash command listservers. Disabled!"}
{"level":30,"time":1702521624378,"pid":7712,"hostname":"DESKTOP-U62FJDG","msg":"Loaded 79 commands"}
{"level":30,"time":1702521624378,"pid":7712,"hostname":"DESKTOP-U62FJDG","msg":"Loaded 60 slash commands"}
{"level":30,"time":1702521624379,"pid":7712,"hostname":"DESKTOP-U62FJDG","msg":"Loading contexts..."}
{"level":30,"time":1702521624381,"pid":7712,"hostname":"DESKTOP-U62FJDG","msg":"Loaded 0 USER contexts"}
{"level":30,"time":1702521624381,"pid":7712,"hostname":"DESKTOP-U62FJDG","msg":"Loaded 0 MESSAGE contexts"}
{"level":30,"time":1702521624381,"pid":7712,"hostname":"DESKTOP-U62FJDG","msg":"Loading events..."}
{"level":30,"time":1702521624462,"pid":7712,"hostname":"DESKTOP-U62FJDG","msg":"Loaded 15 events. Success (15) Failed (0)"}
{"level":30,"time":1702521624765,"pid":7712,"hostname":"DESKTOP-U62FJDG","msg":"VersionCheck: Your discord bot is up to date"}
{"level":30,"time":1702521624765,"pid":7712,"hostname":"DESKTOP-U62FJDG","msg":"Launching dashboard"}
{"level":30,"time":1702521628010,"pid":7712,"hostname":"DESKTOP-U62FJDG","msg":"Connecting to MongoDb..."}
{"level":30,"time":1702521629327,"pid":7712,"hostname":"DESKTOP-U62FJDG","msg":"Mongoose: Database connection established"}
{"level":30,"time":1702521629398,"pid":7712,"hostname":"DESKTOP-U62FJDG","msg":"Dashboard is listening on port 8080"}
{"level":30,"time":1702521630191,"pid":7712,"hostname":"DESKTOP-U62FJDG","msg":"Logged in as HeimdallCorp#0881! (1164402510451187793)"}
{"level":30,"time":1702521630191,"pid":7712,"hostname":"DESKTOP-U62FJDG","msg":"Initializing giveaways manager..."}
{"level":30,"time":1702521630311,"pid":7712,"hostname":"DESKTOP-U62FJDG","msg":"Giveaway Manager initialized"}
{"level":30,"time":1702521630574,"pid":7712,"hostname":"DESKTOP-U62FJDG","msg":"Successfully registered interactions"}
{"level":50,"time":1702522779704,"pid":7712,"hostname":"DESKTOP-U62FJDG","err":{"type":"MongoNetworkError","message":"connection 2 to 13.37.162.155:27017 closed","stack":"MongoNetworkError: connection 2 to 13.37.162.155:27017 closed\n    at Connection.onClose (C:\\Users\\Noah\\Desktop\\discord-js-bot\\node_modules\\mongodb\\lib\\cmap\\connection.js:121:28)\n    at TLSSocket.<anonymous> (C:\\Users\\Noah\\Desktop\\discord-js-bot\\node_modules\\mongodb\\lib\\cmap\\connection.js:63:46)\n    at TLSSocket.emit (node:events:514:28)\n    at node:net:337:12\n    at TCP.done (node:_tls_wrap:657:7)\n    at TCP.callbackTrampoline (node:internal/async_hooks:130:17)"},"msg":"Unhandled exception: connection 2 to 13.37.162.155:27017 closed"}
