{"level":30,"time":1705591008340,"pid":29,"hostname":"c0776e54-381a-4791-b821-a44ff2225cb3","msg":"Validation du fichier de configuration et des variables d'environnement"}
{"level":40,"time":1705591008344,"pid":29,"hostname":"c0776e54-381a-4791-b821-a44ff2225cb3","msg":"config.js: SUPPORT_SERVER n'est pas fourni"}
{"level":40,"time":1705591008344,"pid":29,"hostname":"c0776e54-381a-4791-b821-a44ff2225cb3","msg":"env: STRANGE_API_KEY est manquant. Les commandes d'image ne fonctionneront pas"}
{"level":30,"time":1705591008558,"pid":29,"hostname":"c0776e54-381a-4791-b821-a44ff2225cb3","msg":"Loading commands..."}
{"level":20,"time":1705591010659,"pid":29,"hostname":"c0776e54-381a-4791-b821-a44ff2225cb3","msg":"Skipping Command filter. Category IMAGE is disabled"}
{"level":20,"time":1705591010661,"pid":29,"hostname":"c0776e54-381a-4791-b821-a44ff2225cb3","msg":"Skipping Command generator. Category IMAGE is disabled"}
{"level":20,"time":1705591010663,"pid":29,"hostname":"c0776e54-381a-4791-b821-a44ff2225cb3","msg":"Skipping Command overlay. Category IMAGE is disabled"}
{"level":20,"time":1705591010747,"pid":29,"hostname":"c0776e54-381a-4791-b821-a44ff2225cb3","msg":"Skipping slash command avatar. Disabled!"}
{"level":20,"time":1705591010750,"pid":29,"hostname":"c0776e54-381a-4791-b821-a44ff2225cb3","msg":"Skipping slash command botinvite. Disabled!"}
{"level":20,"time":1705591010753,"pid":29,"hostname":"c0776e54-381a-4791-b821-a44ff2225cb3","msg":"Skipping slash command botstats. Disabled!"}
{"level":20,"time":1705591010757,"pid":29,"hostname":"c0776e54-381a-4791-b821-a44ff2225cb3","msg":"Skipping slash command channelinfo. Disabled!"}
{"level":20,"time":1705591010760,"pid":29,"hostname":"c0776e54-381a-4791-b821-a44ff2225cb3","msg":"Skipping slash command emojiinfo. Disabled!"}
{"level":20,"time":1705591010834,"pid":29,"hostname":"c0776e54-381a-4791-b821-a44ff2225cb3","msg":"Skipping slash command guildinfo. Disabled!"}
{"level":20,"time":1705591010836,"pid":29,"hostname":"c0776e54-381a-4791-b821-a44ff2225cb3","msg":"Skipping slash command uptime. Disabled!"}
{"level":20,"time":1705591010839,"pid":29,"hostname":"c0776e54-381a-4791-b821-a44ff2225cb3","msg":"Skipping slash command userinfo. Disabled!"}
{"level":20,"time":1705591010844,"pid":29,"hostname":"c0776e54-381a-4791-b821-a44ff2225cb3","msg":"Skipping command bot. Disabled!"}
{"level":20,"time":1705591010846,"pid":29,"hostname":"c0776e54-381a-4791-b821-a44ff2225cb3","msg":"Skipping command info. Disabled!"}
{"level":20,"time":1705591010850,"pid":29,"hostname":"c0776e54-381a-4791-b821-a44ff2225cb3","msg":"Skipping Command addinvites. Category INVITE is disabled"}
{"level":20,"time":1705591010852,"pid":29,"hostname":"c0776e54-381a-4791-b821-a44ff2225cb3","msg":"Skipping Command invitecodes. Category INVITE is disabled"}
{"level":20,"time":1705591010854,"pid":29,"hostname":"c0776e54-381a-4791-b821-a44ff2225cb3","msg":"Skipping Command inviter. Category INVITE is disabled"}
{"level":20,"time":1705591010856,"pid":29,"hostname":"c0776e54-381a-4791-b821-a44ff2225cb3","msg":"Skipping Command inviterank. Category INVITE is disabled"}
{"level":20,"time":1705591010857,"pid":29,"hostname":"c0776e54-381a-4791-b821-a44ff2225cb3","msg":"Skipping Command inviteranks. Category INVITE is disabled"}
{"level":20,"time":1705591010859,"pid":29,"hostname":"c0776e54-381a-4791-b821-a44ff2225cb3","msg":"Skipping Command invites. Category INVITE is disabled"}
{"level":20,"time":1705591010861,"pid":29,"hostname":"c0776e54-381a-4791-b821-a44ff2225cb3","msg":"Skipping Command invitesimport. Category INVITE is disabled"}
{"level":20,"time":1705591010862,"pid":29,"hostname":"c0776e54-381a-4791-b821-a44ff2225cb3","msg":"Skipping Command invitetracker. Category INVITE is disabled"}
{"level":20,"time":1705591010864,"pid":29,"hostname":"c0776e54-381a-4791-b821-a44ff2225cb3","msg":"Skipping Command resetinvites. Category INVITE is disabled"}
{"level":20,"time":1705591010872,"pid":29,"hostname":"c0776e54-381a-4791-b821-a44ff2225cb3","msg":"Skipping slash command deafen. Disabled!"}
{"level":20,"time":1705591010875,"pid":29,"hostname":"c0776e54-381a-4791-b821-a44ff2225cb3","msg":"Skipping slash command disconnect. Disabled!"}
{"level":20,"time":1705591010877,"pid":29,"hostname":"c0776e54-381a-4791-b821-a44ff2225cb3","msg":"Skipping slash command move. Disabled!"}
{"level":20,"time":1705591010879,"pid":29,"hostname":"c0776e54-381a-4791-b821-a44ff2225cb3","msg":"Skipping slash command purge. Disabled!"}
{"level":20,"time":1705591010880,"pid":29,"hostname":"c0776e54-381a-4791-b821-a44ff2225cb3","msg":"Skipping slash command purgeattach. Disabled!"}
{"level":20,"time":1705591010882,"pid":29,"hostname":"c0776e54-381a-4791-b821-a44ff2225cb3","msg":"Skipping slash command purgebots. Disabled!"}
{"level":20,"time":1705591010883,"pid":29,"hostname":"c0776e54-381a-4791-b821-a44ff2225cb3","msg":"Skipping slash command purgelinks. Disabled!"}
{"level":20,"time":1705591010884,"pid":29,"hostname":"c0776e54-381a-4791-b821-a44ff2225cb3","msg":"Skipping slash command purgetoken. Disabled!"}
{"level":20,"time":1705591010934,"pid":29,"hostname":"c0776e54-381a-4791-b821-a44ff2225cb3","msg":"Skipping slash command purgeuser. Disabled!"}
{"level":20,"time":1705591010936,"pid":29,"hostname":"c0776e54-381a-4791-b821-a44ff2225cb3","msg":"Skipping slash command undeafen. Disabled!"}
{"level":20,"time":1705591010939,"pid":29,"hostname":"c0776e54-381a-4791-b821-a44ff2225cb3","msg":"Skipping slash command vmute. Disabled!"}
{"level":20,"time":1705591010942,"pid":29,"hostname":"c0776e54-381a-4791-b821-a44ff2225cb3","msg":"Skipping slash command vunmute. Disabled!"}
{"level":20,"time":1705591010946,"pid":29,"hostname":"c0776e54-381a-4791-b821-a44ff2225cb3","msg":"Skipping command purge. Disabled!"}
{"level":20,"time":1705591010949,"pid":29,"hostname":"c0776e54-381a-4791-b821-a44ff2225cb3","msg":"Skipping command voice. Disabled!"}
{"level":20,"time":1705591011038,"pid":29,"hostname":"c0776e54-381a-4791-b821-a44ff2225cb3","msg":"Skipping slash command eval. Disabled!"}
{"level":20,"time":1705591011040,"pid":29,"hostname":"c0776e54-381a-4791-b821-a44ff2225cb3","msg":"Skipping slash command leaveserver. Disabled!"}
{"level":20,"time":1705591011041,"pid":29,"hostname":"c0776e54-381a-4791-b821-a44ff2225cb3","msg":"Skipping slash command listservers. Disabled!"}
{"level":30,"time":1705591011140,"pid":29,"hostname":"c0776e54-381a-4791-b821-a44ff2225cb3","msg":"Loaded 93 commands"}
{"level":30,"time":1705591011140,"pid":29,"hostname":"c0776e54-381a-4791-b821-a44ff2225cb3","msg":"Loaded 74 slash commands"}
{"level":30,"time":1705591011141,"pid":29,"hostname":"c0776e54-381a-4791-b821-a44ff2225cb3","msg":"Loading contexts..."}
{"level":30,"time":1705591011143,"pid":29,"hostname":"c0776e54-381a-4791-b821-a44ff2225cb3","msg":"Loaded 0 USER contexts"}
{"level":30,"time":1705591011144,"pid":29,"hostname":"c0776e54-381a-4791-b821-a44ff2225cb3","msg":"Loaded 0 MESSAGE contexts"}
{"level":30,"time":1705591011144,"pid":29,"hostname":"c0776e54-381a-4791-b821-a44ff2225cb3","msg":"Loading events..."}
{"level":30,"time":1705591011550,"pid":29,"hostname":"c0776e54-381a-4791-b821-a44ff2225cb3","msg":"Loaded 15 events. Success (15) Failed (0)"}
{"level":30,"time":1705591012441,"pid":29,"hostname":"c0776e54-381a-4791-b821-a44ff2225cb3","msg":"VersionCheck: Your discord bot is up to date"}
{"level":30,"time":1705591012442,"pid":29,"hostname":"c0776e54-381a-4791-b821-a44ff2225cb3","msg":"Launching dashboard"}
{"level":30,"time":1705591014045,"pid":29,"hostname":"c0776e54-381a-4791-b821-a44ff2225cb3","msg":"Connecting to MongoDb..."}
{"level":30,"time":1705591014960,"pid":29,"hostname":"c0776e54-381a-4791-b821-a44ff2225cb3","msg":"Mongoose: Database connection established"}
{"level":30,"time":1705591015150,"pid":29,"hostname":"c0776e54-381a-4791-b821-a44ff2225cb3","msg":"Dashboard is listening on port 20262"}
{"level":30,"time":1705591048650,"pid":29,"hostname":"c0776e54-381a-4791-b821-a44ff2225cb3","msg":"Logged in as HeimdallCorp#0881! (1164402510451187793)"}
{"level":20,"time":1705591048652,"pid":29,"hostname":"c0776e54-381a-4791-b821-a44ff2225cb3","msg":"Node \"Local Node\" debug: connection: creating websocket..."}
{"level":30,"time":1705591048656,"pid":29,"hostname":"c0776e54-381a-4791-b821-a44ff2225cb3","msg":"Music Manager initialized"}
{"level":30,"time":1705591048656,"pid":29,"hostname":"c0776e54-381a-4791-b821-a44ff2225cb3","msg":"Initializing giveaways manager..."}
{"level":30,"time":1705591049548,"pid":29,"hostname":"c0776e54-381a-4791-b821-a44ff2225cb3","msg":"Giveaway Manager initialized"}
{"level":50,"time":1705591049640,"pid":29,"hostname":"c0776e54-381a-4791-b821-a44ff2225cb3","err":{"type":"Error","message":"Error: Unexpected server response: 302","stack":"Error: Error: Unexpected server response: 302\n    at Connection._onerror (/home/container/node_modules/lavaclient/dist/lib/node/Connection.js:145:33)\n    at callListener (/home/container/node_modules/ws/lib/event-target.js:290:14)\n    at WebSocket.onError (/home/container/node_modules/ws/lib/event-target.js:230:9)\n    at WebSocket.emit (node:events:527:28)\n    at emitErrorAndClose (/home/container/node_modules/ws/lib/websocket.js:1008:13)\n    at processTicksAndRejections (node:internal/process/task_queues:83:21)"},"msg":"Node \"Local Node\" encountered an error: Error: Unexpected server response: 302.: Error: Unexpected server response: 302"}
{"level":30,"time":1705591049643,"pid":29,"hostname":"c0776e54-381a-4791-b821-a44ff2225cb3","msg":"Node \"Local Node\" disconnected"}
{"level":20,"time":1705591049644,"pid":29,"hostname":"c0776e54-381a-4791-b821-a44ff2225cb3","msg":"Node \"Local Node\" debug: connection: unable to reconnect"}
{"level":30,"time":1705591050071,"pid":29,"hostname":"c0776e54-381a-4791-b821-a44ff2225cb3","msg":"Successfully registered interactions"}
{"level":50,"time":1705637129956,"pid":29,"hostname":"c0776e54-381a-4791-b821-a44ff2225cb3","err":{"type":"DiscordjsError","message":"The reply to this interaction has not been sent or deferred.","stack":"Error [InteractionNotReplied]: The reply to this interaction has not been sent or deferred.\n    at ChatInputCommandInteraction.followUp (/home/container/node_modules/discord.js/src/structures/interfaces/InteractionResponses.js:184:64)\n    at Object.handleSlashCommand (/home/container/src/handlers/command.js:142:25)\n    at runMicrotasks (<anonymous>)\n    at processTicksAndRejections (node:internal/process/task_queues:96:5)\n    at async module.exports (/home/container/src/events/interactions/interactionCreate.js:18:5)","code":"InteractionNotReplied"},"msg":"Client Error: The reply to this interaction has not been sent or deferred."}
{"level":50,"time":1705637175683,"pid":29,"hostname":"c0776e54-381a-4791-b821-a44ff2225cb3","err":{"type":"DiscordAPIError","message":"Unknown interaction","stack":"DiscordAPIError[10062]: Unknown interaction\n    at handleErrors (/home/container/node_modules/@discordjs/rest/dist/index.js:640:13)\n    at processTicksAndRejections (node:internal/process/task_queues:96:5)\n    at async BurstHandler.runRequest (/home/container/node_modules/@discordjs/rest/dist/index.js:736:23)\n    at async REST.request (/home/container/node_modules/@discordjs/rest/dist/index.js:1387:22)\n    at async ChatInputCommandInteraction.reply (/home/container/node_modules/discord.js/src/structures/interfaces/InteractionResponses.js:111:5)\n    at async module.exports (/home/container/src/events/interactions/interactionCreate.js:18:5)","requestBody":{"files":[],"json":{"type":4,"data":{"content":"You are on cooldown. You can again use the command in `5 hours, 59 minutes, 22 seconds`","tts":false,"allowed_mentions":{"replied_user":false},"flags":64}}},"rawError":{"message":"Unknown interaction","code":10062},"code":10062,"status":404,"method":"POST","url":"https://discord.com/api/v10/interactions/1197753836077584475/aW50ZXJhY3Rpb246MTE5Nzc1MzgzNjA3NzU4NDQ3NTpwMUdTSFVQSEF0enE1TFlHRTVFU0l6WmwyNEQ0M0FCM1RyQlpjNVJnQlF0R1lpcFFsMzd6MFk4RUJjZ0lEdEljV2NYcTQ5Q2Y3VGhMUzJ3TzRBamNDVVR6aERUOUJMbzN5WnFrV3l4SDRvakxsTG8wOVFuOE5DeXo2S3Q3ajNWSg/callback"},"msg":"Client Error: Unknown interaction"}
{"level":50,"time":1705637187414,"pid":29,"hostname":"c0776e54-381a-4791-b821-a44ff2225cb3","err":{"type":"DiscordAPIError","message":"Unknown interaction","stack":"DiscordAPIError[10062]: Unknown interaction\n    at handleErrors (/home/container/node_modules/@discordjs/rest/dist/index.js:640:13)\n    at processTicksAndRejections (node:internal/process/task_queues:96:5)\n    at async BurstHandler.runRequest (/home/container/node_modules/@discordjs/rest/dist/index.js:736:23)\n    at async REST.request (/home/container/node_modules/@discordjs/rest/dist/index.js:1387:22)\n    at async ChatInputCommandInteraction.reply (/home/container/node_modules/discord.js/src/structures/interfaces/InteractionResponses.js:111:5)\n    at async module.exports (/home/container/src/events/interactions/interactionCreate.js:18:5)","requestBody":{"files":[],"json":{"type":4,"data":{"content":"You are on cooldown. You can again use the command in `5 hours, 59 minutes, 6 seconds`","tts":false,"allowed_mentions":{"replied_user":false},"flags":64}}},"rawError":{"message":"Unknown interaction","code":10062},"code":10062,"status":404,"method":"POST","url":"https://discord.com/api/v10/interactions/1197753901814919308/aW50ZXJhY3Rpb246MTE5Nzc1MzkwMTgxNDkxOTMwODoxNGRkUVVGbGFuOVZKTVdCNldiRjA1UUl1RXNvQ1pWYmhwZUNIUUZ2Uk5sVTN6aTAwNEUxOFV6cTdVekpIWGllR1lRTm9mRElZUUpPVlhhbHkxNmJmaDQzU1RLMDEzM2IwN2VCNkswaU5kbGNXb1Q3aDRTUjlmU1VZRm94NGJkbw/callback"},"msg":"Client Error: Unknown interaction"}
{"level":50,"time":1705931149397,"pid":29,"hostname":"c0776e54-381a-4791-b821-a44ff2225cb3","err":{"type":"DiscordAPIError","message":"Unknown interaction","stack":"DiscordAPIError[10062]: Unknown interaction\n    at handleErrors (/home/container/node_modules/@discordjs/rest/dist/index.js:640:13)\n    at runMicrotasks (<anonymous>)\n    at processTicksAndRejections (node:internal/process/task_queues:96:5)\n    at async BurstHandler.runRequest (/home/container/node_modules/@discordjs/rest/dist/index.js:736:23)\n    at async REST.request (/home/container/node_modules/@discordjs/rest/dist/index.js:1387:22)\n    at async ButtonInteraction.deferReply (/home/container/node_modules/discord.js/src/structures/interfaces/InteractionResponses.js:69:5)\n    at async Object.handleTicketOpen (/home/container/src/handlers/ticket.js:161:3)","requestBody":{"json":{"type":5,"data":{"flags":64}}},"rawError":{"message":"Unknown interaction","code":10062},"code":10062,"status":404,"method":"POST","url":"https://discord.com/api/v10/interactions/1198986867853492224/aW50ZXJhY3Rpb246MTE5ODk4Njg2Nzg1MzQ5MjIyNDptUWFYYWxuQjNMVHl4SHhxcHlpb1RZSmdpc3dEZkM1ejZmUUxhRldzWXU1aEpVeUVJWkhCT0taUmF5U0NoU3lDOVRIMzJtR3ZnTDZCUXluU09sWGxKVEg4MExVOXA0dGdWenFKbnd4SkRlVUdTYzBTME9zRUVSb0d6NEhPQzdsNw/callback"},"msg":"Client Error: Unknown interaction"}
