{"level":30,"time":1704917749555,"pid":29,"hostname":"c0776e54-381a-4791-b821-a44ff2225cb3","msg":"Validation du fichier de configuration et des variables d'environnement"}
{"level":40,"time":1704917749556,"pid":29,"hostname":"c0776e54-381a-4791-b821-a44ff2225cb3","msg":"config.js: SUPPORT_SERVER n'est pas fourni"}
{"level":40,"time":1704917749556,"pid":29,"hostname":"c0776e54-381a-4791-b821-a44ff2225cb3","msg":"env: STRANGE_API_KEY est manquant. Les commandes d'image ne fonctionneront pas"}
{"level":30,"time":1704917749660,"pid":29,"hostname":"c0776e54-381a-4791-b821-a44ff2225cb3","msg":"Loading commands..."}
{"level":20,"time":1704917750637,"pid":29,"hostname":"c0776e54-381a-4791-b821-a44ff2225cb3","msg":"Skipping Command filter. Category IMAGE is disabled"}
{"level":20,"time":1704917750638,"pid":29,"hostname":"c0776e54-381a-4791-b821-a44ff2225cb3","msg":"Skipping Command generator. Category IMAGE is disabled"}
{"level":20,"time":1704917750638,"pid":29,"hostname":"c0776e54-381a-4791-b821-a44ff2225cb3","msg":"Skipping Command overlay. Category IMAGE is disabled"}
{"level":20,"time":1704917750645,"pid":29,"hostname":"c0776e54-381a-4791-b821-a44ff2225cb3","msg":"Skipping slash command avatar. Disabled!"}
{"level":20,"time":1704917750646,"pid":29,"hostname":"c0776e54-381a-4791-b821-a44ff2225cb3","msg":"Skipping slash command botinvite. Disabled!"}
{"level":20,"time":1704917750647,"pid":29,"hostname":"c0776e54-381a-4791-b821-a44ff2225cb3","msg":"Skipping slash command botstats. Disabled!"}
{"level":20,"time":1704917750649,"pid":29,"hostname":"c0776e54-381a-4791-b821-a44ff2225cb3","msg":"Skipping slash command channelinfo. Disabled!"}
{"level":20,"time":1704917750650,"pid":29,"hostname":"c0776e54-381a-4791-b821-a44ff2225cb3","msg":"Skipping slash command emojiinfo. Disabled!"}
{"level":20,"time":1704917750660,"pid":29,"hostname":"c0776e54-381a-4791-b821-a44ff2225cb3","msg":"Skipping slash command guildinfo. Disabled!"}
{"level":20,"time":1704917750661,"pid":29,"hostname":"c0776e54-381a-4791-b821-a44ff2225cb3","msg":"Skipping slash command uptime. Disabled!"}
{"level":20,"time":1704917750662,"pid":29,"hostname":"c0776e54-381a-4791-b821-a44ff2225cb3","msg":"Skipping slash command userinfo. Disabled!"}
{"level":20,"time":1704917750663,"pid":29,"hostname":"c0776e54-381a-4791-b821-a44ff2225cb3","msg":"Skipping command bot. Disabled!"}
{"level":20,"time":1704917750664,"pid":29,"hostname":"c0776e54-381a-4791-b821-a44ff2225cb3","msg":"Skipping command info. Disabled!"}
{"level":20,"time":1704917750666,"pid":29,"hostname":"c0776e54-381a-4791-b821-a44ff2225cb3","msg":"Skipping Command addinvites. Category INVITE is disabled"}
{"level":20,"time":1704917750666,"pid":29,"hostname":"c0776e54-381a-4791-b821-a44ff2225cb3","msg":"Skipping Command invitecodes. Category INVITE is disabled"}
{"level":20,"time":1704917750667,"pid":29,"hostname":"c0776e54-381a-4791-b821-a44ff2225cb3","msg":"Skipping Command inviter. Category INVITE is disabled"}
{"level":20,"time":1704917750667,"pid":29,"hostname":"c0776e54-381a-4791-b821-a44ff2225cb3","msg":"Skipping Command inviterank. Category INVITE is disabled"}
{"level":20,"time":1704917750668,"pid":29,"hostname":"c0776e54-381a-4791-b821-a44ff2225cb3","msg":"Skipping Command inviteranks. Category INVITE is disabled"}
{"level":20,"time":1704917750669,"pid":29,"hostname":"c0776e54-381a-4791-b821-a44ff2225cb3","msg":"Skipping Command invites. Category INVITE is disabled"}
{"level":20,"time":1704917750669,"pid":29,"hostname":"c0776e54-381a-4791-b821-a44ff2225cb3","msg":"Skipping Command invitesimport. Category INVITE is disabled"}
{"level":20,"time":1704917750670,"pid":29,"hostname":"c0776e54-381a-4791-b821-a44ff2225cb3","msg":"Skipping Command invitetracker. Category INVITE is disabled"}
{"level":20,"time":1704917750670,"pid":29,"hostname":"c0776e54-381a-4791-b821-a44ff2225cb3","msg":"Skipping Command resetinvites. Category INVITE is disabled"}
{"level":20,"time":1704917750673,"pid":29,"hostname":"c0776e54-381a-4791-b821-a44ff2225cb3","msg":"Skipping slash command deafen. Disabled!"}
{"level":20,"time":1704917750674,"pid":29,"hostname":"c0776e54-381a-4791-b821-a44ff2225cb3","msg":"Skipping slash command disconnect. Disabled!"}
{"level":20,"time":1704917750675,"pid":29,"hostname":"c0776e54-381a-4791-b821-a44ff2225cb3","msg":"Skipping slash command move. Disabled!"}
{"level":20,"time":1704917750676,"pid":29,"hostname":"c0776e54-381a-4791-b821-a44ff2225cb3","msg":"Skipping slash command purge. Disabled!"}
{"level":20,"time":1704917750676,"pid":29,"hostname":"c0776e54-381a-4791-b821-a44ff2225cb3","msg":"Skipping slash command purgeattach. Disabled!"}
{"level":20,"time":1704917750677,"pid":29,"hostname":"c0776e54-381a-4791-b821-a44ff2225cb3","msg":"Skipping slash command purgebots. Disabled!"}
{"level":20,"time":1704917750677,"pid":29,"hostname":"c0776e54-381a-4791-b821-a44ff2225cb3","msg":"Skipping slash command purgelinks. Disabled!"}
{"level":20,"time":1704917750678,"pid":29,"hostname":"c0776e54-381a-4791-b821-a44ff2225cb3","msg":"Skipping slash command purgetoken. Disabled!"}
{"level":20,"time":1704917750678,"pid":29,"hostname":"c0776e54-381a-4791-b821-a44ff2225cb3","msg":"Skipping slash command purgeuser. Disabled!"}
{"level":20,"time":1704917750679,"pid":29,"hostname":"c0776e54-381a-4791-b821-a44ff2225cb3","msg":"Skipping slash command undeafen. Disabled!"}
{"level":20,"time":1704917750680,"pid":29,"hostname":"c0776e54-381a-4791-b821-a44ff2225cb3","msg":"Skipping slash command vmute. Disabled!"}
{"level":20,"time":1704917750681,"pid":29,"hostname":"c0776e54-381a-4791-b821-a44ff2225cb3","msg":"Skipping slash command vunmute. Disabled!"}
{"level":20,"time":1704917750683,"pid":29,"hostname":"c0776e54-381a-4791-b821-a44ff2225cb3","msg":"Skipping command purge. Disabled!"}
{"level":20,"time":1704917750684,"pid":29,"hostname":"c0776e54-381a-4791-b821-a44ff2225cb3","msg":"Skipping command voice. Disabled!"}
{"level":20,"time":1704917750738,"pid":29,"hostname":"c0776e54-381a-4791-b821-a44ff2225cb3","msg":"Skipping Command bassboost. Category MUSIC is disabled"}
{"level":20,"time":1704917750740,"pid":29,"hostname":"c0776e54-381a-4791-b821-a44ff2225cb3","msg":"Skipping Command loop. Category MUSIC is disabled"}
{"level":20,"time":1704917750741,"pid":29,"hostname":"c0776e54-381a-4791-b821-a44ff2225cb3","msg":"Skipping Command lyric. Category MUSIC is disabled"}
{"level":20,"time":1704917750744,"pid":29,"hostname":"c0776e54-381a-4791-b821-a44ff2225cb3","msg":"Skipping Command np. Category MUSIC is disabled"}
{"level":20,"time":1704917750744,"pid":29,"hostname":"c0776e54-381a-4791-b821-a44ff2225cb3","msg":"Skipping Command pause. Category MUSIC is disabled"}
{"level":20,"time":1704917750745,"pid":29,"hostname":"c0776e54-381a-4791-b821-a44ff2225cb3","msg":"Skipping Command play. Category MUSIC is disabled"}
{"level":20,"time":1704917750746,"pid":29,"hostname":"c0776e54-381a-4791-b821-a44ff2225cb3","msg":"Skipping Command queue. Category MUSIC is disabled"}
{"level":20,"time":1704917750747,"pid":29,"hostname":"c0776e54-381a-4791-b821-a44ff2225cb3","msg":"Skipping Command resume. Category MUSIC is disabled"}
{"level":20,"time":1704917750748,"pid":29,"hostname":"c0776e54-381a-4791-b821-a44ff2225cb3","msg":"Skipping Command search. Category MUSIC is disabled"}
{"level":20,"time":1704917750748,"pid":29,"hostname":"c0776e54-381a-4791-b821-a44ff2225cb3","msg":"Skipping Command seek. Category MUSIC is disabled"}
{"level":20,"time":1704917750749,"pid":29,"hostname":"c0776e54-381a-4791-b821-a44ff2225cb3","msg":"Skipping Command shuffle. Category MUSIC is disabled"}
{"level":20,"time":1704917750750,"pid":29,"hostname":"c0776e54-381a-4791-b821-a44ff2225cb3","msg":"Skipping Command skip. Category MUSIC is disabled"}
{"level":20,"time":1704917750750,"pid":29,"hostname":"c0776e54-381a-4791-b821-a44ff2225cb3","msg":"Skipping Command stop. Category MUSIC is disabled"}
{"level":20,"time":1704917750751,"pid":29,"hostname":"c0776e54-381a-4791-b821-a44ff2225cb3","msg":"Skipping Command volume. Category MUSIC is disabled"}
{"level":20,"time":1704917750752,"pid":29,"hostname":"c0776e54-381a-4791-b821-a44ff2225cb3","msg":"Skipping slash command eval. Disabled!"}
{"level":20,"time":1704917750753,"pid":29,"hostname":"c0776e54-381a-4791-b821-a44ff2225cb3","msg":"Skipping slash command leaveserver. Disabled!"}
{"level":20,"time":1704917750753,"pid":29,"hostname":"c0776e54-381a-4791-b821-a44ff2225cb3","msg":"Skipping slash command listservers. Disabled!"}
{"level":30,"time":1704917750774,"pid":29,"hostname":"c0776e54-381a-4791-b821-a44ff2225cb3","msg":"Loaded 79 commands"}
{"level":30,"time":1704917750774,"pid":29,"hostname":"c0776e54-381a-4791-b821-a44ff2225cb3","msg":"Loaded 60 slash commands"}
{"level":30,"time":1704917750774,"pid":29,"hostname":"c0776e54-381a-4791-b821-a44ff2225cb3","msg":"Loading contexts..."}
{"level":30,"time":1704917750775,"pid":29,"hostname":"c0776e54-381a-4791-b821-a44ff2225cb3","msg":"Loaded 0 USER contexts"}
{"level":30,"time":1704917750776,"pid":29,"hostname":"c0776e54-381a-4791-b821-a44ff2225cb3","msg":"Loaded 0 MESSAGE contexts"}
{"level":30,"time":1704917750776,"pid":29,"hostname":"c0776e54-381a-4791-b821-a44ff2225cb3","msg":"Loading events..."}
{"level":30,"time":1704917750947,"pid":29,"hostname":"c0776e54-381a-4791-b821-a44ff2225cb3","msg":"Loaded 15 events. Success (15) Failed (0)"}
{"level":30,"time":1704917751637,"pid":29,"hostname":"c0776e54-381a-4791-b821-a44ff2225cb3","msg":"VersionCheck: Your discord bot is up to date"}
{"level":30,"time":1704917751637,"pid":29,"hostname":"c0776e54-381a-4791-b821-a44ff2225cb3","msg":"Launching dashboard"}
{"level":30,"time":1704917752385,"pid":29,"hostname":"c0776e54-381a-4791-b821-a44ff2225cb3","msg":"Connecting to MongoDb..."}
{"level":30,"time":1704917753166,"pid":29,"hostname":"c0776e54-381a-4791-b821-a44ff2225cb3","msg":"Mongoose: Database connection established"}
{"level":30,"time":1704917753192,"pid":29,"hostname":"c0776e54-381a-4791-b821-a44ff2225cb3","msg":"Dashboard is listening on port 8080"}
{"level":30,"time":1704917773913,"pid":29,"hostname":"c0776e54-381a-4791-b821-a44ff2225cb3","msg":"Logged in as HeimdallCorp#0881! (1164402510451187793)"}
{"level":30,"time":1704917773913,"pid":29,"hostname":"c0776e54-381a-4791-b821-a44ff2225cb3","msg":"Initializing giveaways manager..."}
{"level":30,"time":1704917774069,"pid":29,"hostname":"c0776e54-381a-4791-b821-a44ff2225cb3","msg":"Giveaway Manager initialized"}
{"level":30,"time":1704917774582,"pid":29,"hostname":"c0776e54-381a-4791-b821-a44ff2225cb3","msg":"Successfully registered interactions"}
{"level":50,"time":1704998543413,"pid":29,"hostname":"c0776e54-381a-4791-b821-a44ff2225cb3","err":{"type":"PoolClearedOnNetworkError","message":"Connection to ac-9loqot0-shard-00-02.edphqgj.mongodb.net:27017 interrupted due to server monitor timeout","stack":"PoolClearedOnNetworkError: Connection to ac-9loqot0-shard-00-02.edphqgj.mongodb.net:27017 interrupted due to server monitor timeout\n    at ConnectionPool.interruptInUseConnections (/home/container/node_modules/mongodb/lib/cmap/connection_pool.js:262:36)\n    at /home/container/node_modules/mongodb/lib/cmap/connection_pool.js:249:41\n    at processTicksAndRejections (node:internal/process/task_queues:78:11)","address":"ac-9loqot0-shard-00-02.edphqgj.mongodb.net:27017"},"msg":"Unhandled exception: Connection to ac-9loqot0-shard-00-02.edphqgj.mongodb.net:27017 interrupted due to server monitor timeout"}
{"level":50,"time":1704998604803,"pid":29,"hostname":"c0776e54-381a-4791-b821-a44ff2225cb3","err":{"type":"MongoServerSelectionError","message":"getaddrinfo EAI_AGAIN ac-9loqot0-shard-00-00.edphqgj.mongodb.net","stack":"MongoServerSelectionError: getaddrinfo EAI_AGAIN ac-9loqot0-shard-00-00.edphqgj.mongodb.net\n    at Timeout._onTimeout (/home/container/node_modules/mongodb/lib/sdam/topology.js:278:38)\n    at listOnTimeout (node:internal/timers:559:17)\n    at processTimers (node:internal/timers:502:7)","reason":{"type":"ReplicaSetNoPrimary","servers":{},"stale":false,"compatible":true,"heartbeatFrequencyMS":10000,"localThresholdMS":15,"setName":"atlas-5jecz8-shard-0","maxElectionId":"7fffffff000000000000009e","maxSetVersion":2,"commonWireVersion":0,"logicalSessionTimeoutMinutes":null}},"msg":"Unhandled exception: getaddrinfo EAI_AGAIN ac-9loqot0-shard-00-00.edphqgj.mongodb.net"}
{"level":50,"time":1704998664809,"pid":29,"hostname":"c0776e54-381a-4791-b821-a44ff2225cb3","err":{"type":"MongoServerSelectionError","message":"getaddrinfo EAI_AGAIN ac-9loqot0-shard-00-00.edphqgj.mongodb.net","stack":"MongoServerSelectionError: getaddrinfo EAI_AGAIN ac-9loqot0-shard-00-00.edphqgj.mongodb.net\n    at Timeout._onTimeout (/home/container/node_modules/mongodb/lib/sdam/topology.js:278:38)\n    at listOnTimeout (node:internal/timers:559:17)\n    at processTimers (node:internal/timers:502:7)","reason":{"type":"ReplicaSetNoPrimary","servers":{},"stale":false,"compatible":true,"heartbeatFrequencyMS":10000,"localThresholdMS":15,"setName":"atlas-5jecz8-shard-0","maxElectionId":"7fffffff000000000000009e","maxSetVersion":2,"commonWireVersion":0,"logicalSessionTimeoutMinutes":null}},"msg":"Unhandled exception: getaddrinfo EAI_AGAIN ac-9loqot0-shard-00-00.edphqgj.mongodb.net"}
{"level":50,"time":1704998724805,"pid":29,"hostname":"c0776e54-381a-4791-b821-a44ff2225cb3","err":{"type":"MongoServerSelectionError","message":"getaddrinfo EAI_AGAIN ac-9loqot0-shard-00-00.edphqgj.mongodb.net","stack":"MongoServerSelectionError: getaddrinfo EAI_AGAIN ac-9loqot0-shard-00-00.edphqgj.mongodb.net\n    at Timeout._onTimeout (/home/container/node_modules/mongodb/lib/sdam/topology.js:278:38)\n    at listOnTimeout (node:internal/timers:559:17)\n    at processTimers (node:internal/timers:502:7)","reason":{"type":"ReplicaSetNoPrimary","servers":{},"stale":false,"compatible":true,"heartbeatFrequencyMS":10000,"localThresholdMS":15,"setName":"atlas-5jecz8-shard-0","maxElectionId":"7fffffff000000000000009e","maxSetVersion":2,"commonWireVersion":0,"logicalSessionTimeoutMinutes":null}},"msg":"Unhandled exception: getaddrinfo EAI_AGAIN ac-9loqot0-shard-00-00.edphqgj.mongodb.net"}
{"level":30,"time":1704998783041,"pid":29,"hostname":"c0776e54-381a-4791-b821-a44ff2225cb3","msg":"Set Name error: "}
{"level":50,"time":1704998784806,"pid":29,"hostname":"c0776e54-381a-4791-b821-a44ff2225cb3","err":{"type":"MongoServerSelectionError","message":"getaddrinfo EAI_AGAIN ac-9loqot0-shard-00-00.edphqgj.mongodb.net","stack":"MongoServerSelectionError: getaddrinfo EAI_AGAIN ac-9loqot0-shard-00-00.edphqgj.mongodb.net\n    at Timeout._onTimeout (/home/container/node_modules/mongodb/lib/sdam/topology.js:278:38)\n    at listOnTimeout (node:internal/timers:559:17)\n    at processTimers (node:internal/timers:502:7)","reason":{"type":"ReplicaSetNoPrimary","servers":{},"stale":false,"compatible":true,"heartbeatFrequencyMS":10000,"localThresholdMS":15,"setName":"atlas-5jecz8-shard-0","maxElectionId":"7fffffff000000000000009e","maxSetVersion":2,"commonWireVersion":0,"logicalSessionTimeoutMinutes":null}},"msg":"Unhandled exception: getaddrinfo EAI_AGAIN ac-9loqot0-shard-00-00.edphqgj.mongodb.net"}
{"level":50,"time":1704998844811,"pid":29,"hostname":"c0776e54-381a-4791-b821-a44ff2225cb3","err":{"type":"MongoServerSelectionError","message":"getaddrinfo EAI_AGAIN ac-9loqot0-shard-00-00.edphqgj.mongodb.net","stack":"MongoServerSelectionError: getaddrinfo EAI_AGAIN ac-9loqot0-shard-00-00.edphqgj.mongodb.net\n    at Timeout._onTimeout (/home/container/node_modules/mongodb/lib/sdam/topology.js:278:38)\n    at listOnTimeout (node:internal/timers:559:17)\n    at processTimers (node:internal/timers:502:7)","reason":{"type":"ReplicaSetNoPrimary","servers":{},"stale":false,"compatible":true,"heartbeatFrequencyMS":10000,"localThresholdMS":15,"setName":"atlas-5jecz8-shard-0","maxElectionId":"7fffffff000000000000009e","maxSetVersion":2,"commonWireVersion":0,"logicalSessionTimeoutMinutes":null}},"msg":"Unhandled exception: getaddrinfo EAI_AGAIN ac-9loqot0-shard-00-00.edphqgj.mongodb.net"}
{"level":50,"time":1704998904808,"pid":29,"hostname":"c0776e54-381a-4791-b821-a44ff2225cb3","err":{"type":"MongoServerSelectionError","message":"getaddrinfo EAI_AGAIN ac-9loqot0-shard-00-00.edphqgj.mongodb.net","stack":"MongoServerSelectionError: getaddrinfo EAI_AGAIN ac-9loqot0-shard-00-00.edphqgj.mongodb.net\n    at Timeout._onTimeout (/home/container/node_modules/mongodb/lib/sdam/topology.js:278:38)\n    at listOnTimeout (node:internal/timers:559:17)\n    at processTimers (node:internal/timers:502:7)","reason":{"type":"ReplicaSetNoPrimary","servers":{},"stale":false,"compatible":true,"heartbeatFrequencyMS":10000,"localThresholdMS":15,"setName":"atlas-5jecz8-shard-0","maxElectionId":"7fffffff000000000000009e","maxSetVersion":2,"commonWireVersion":0,"logicalSessionTimeoutMinutes":null}},"msg":"Unhandled exception: getaddrinfo EAI_AGAIN ac-9loqot0-shard-00-00.edphqgj.mongodb.net"}
{"level":50,"time":1704998964809,"pid":29,"hostname":"c0776e54-381a-4791-b821-a44ff2225cb3","err":{"type":"MongoServerSelectionError","message":"getaddrinfo EAI_AGAIN ac-9loqot0-shard-00-00.edphqgj.mongodb.net","stack":"MongoServerSelectionError: getaddrinfo EAI_AGAIN ac-9loqot0-shard-00-00.edphqgj.mongodb.net\n    at Timeout._onTimeout (/home/container/node_modules/mongodb/lib/sdam/topology.js:278:38)\n    at listOnTimeout (node:internal/timers:559:17)\n    at processTimers (node:internal/timers:502:7)","reason":{"type":"ReplicaSetNoPrimary","servers":{},"stale":false,"compatible":true,"heartbeatFrequencyMS":10000,"localThresholdMS":15,"setName":"atlas-5jecz8-shard-0","maxElectionId":"7fffffff000000000000009e","maxSetVersion":2,"commonWireVersion":0,"logicalSessionTimeoutMinutes":null}},"msg":"Unhandled exception: getaddrinfo EAI_AGAIN ac-9loqot0-shard-00-00.edphqgj.mongodb.net"}
{"level":50,"time":1704999024809,"pid":29,"hostname":"c0776e54-381a-4791-b821-a44ff2225cb3","err":{"type":"MongoServerSelectionError","message":"getaddrinfo EAI_AGAIN ac-9loqot0-shard-00-00.edphqgj.mongodb.net","stack":"MongoServerSelectionError: getaddrinfo EAI_AGAIN ac-9loqot0-shard-00-00.edphqgj.mongodb.net\n    at Timeout._onTimeout (/home/container/node_modules/mongodb/lib/sdam/topology.js:278:38)\n    at listOnTimeout (node:internal/timers:559:17)\n    at processTimers (node:internal/timers:502:7)","reason":{"type":"ReplicaSetNoPrimary","servers":{},"stale":false,"compatible":true,"heartbeatFrequencyMS":10000,"localThresholdMS":15,"setName":"atlas-5jecz8-shard-0","maxElectionId":"7fffffff000000000000009e","maxSetVersion":2,"commonWireVersion":0,"logicalSessionTimeoutMinutes":null}},"msg":"Unhandled exception: getaddrinfo EAI_AGAIN ac-9loqot0-shard-00-00.edphqgj.mongodb.net"}
{"level":50,"time":1704999084814,"pid":29,"hostname":"c0776e54-381a-4791-b821-a44ff2225cb3","err":{"type":"MongoServerSelectionError","message":"getaddrinfo EAI_AGAIN ac-9loqot0-shard-00-00.edphqgj.mongodb.net","stack":"MongoServerSelectionError: getaddrinfo EAI_AGAIN ac-9loqot0-shard-00-00.edphqgj.mongodb.net\n    at Timeout._onTimeout (/home/container/node_modules/mongodb/lib/sdam/topology.js:278:38)\n    at listOnTimeout (node:internal/timers:559:17)\n    at processTimers (node:internal/timers:502:7)","reason":{"type":"ReplicaSetNoPrimary","servers":{},"stale":false,"compatible":true,"heartbeatFrequencyMS":10000,"localThresholdMS":15,"setName":"atlas-5jecz8-shard-0","maxElectionId":"7fffffff000000000000009e","maxSetVersion":2,"commonWireVersion":0,"logicalSessionTimeoutMinutes":null}},"msg":"Unhandled exception: getaddrinfo EAI_AGAIN ac-9loqot0-shard-00-00.edphqgj.mongodb.net"}
{"level":50,"time":1704999144817,"pid":29,"hostname":"c0776e54-381a-4791-b821-a44ff2225cb3","err":{"type":"MongoServerSelectionError","message":"getaddrinfo EAI_AGAIN ac-9loqot0-shard-00-00.edphqgj.mongodb.net","stack":"MongoServerSelectionError: getaddrinfo EAI_AGAIN ac-9loqot0-shard-00-00.edphqgj.mongodb.net\n    at Timeout._onTimeout (/home/container/node_modules/mongodb/lib/sdam/topology.js:278:38)\n    at listOnTimeout (node:internal/timers:559:17)\n    at processTimers (node:internal/timers:502:7)","reason":{"type":"ReplicaSetNoPrimary","servers":{},"stale":false,"compatible":true,"heartbeatFrequencyMS":10000,"localThresholdMS":15,"setName":"atlas-5jecz8-shard-0","maxElectionId":"7fffffff000000000000009e","maxSetVersion":2,"commonWireVersion":0,"logicalSessionTimeoutMinutes":null}},"msg":"Unhandled exception: getaddrinfo EAI_AGAIN ac-9loqot0-shard-00-00.edphqgj.mongodb.net"}
{"level":50,"time":1704999204816,"pid":29,"hostname":"c0776e54-381a-4791-b821-a44ff2225cb3","err":{"type":"MongoServerSelectionError","message":"getaddrinfo EAI_AGAIN ac-9loqot0-shard-00-00.edphqgj.mongodb.net","stack":"MongoServerSelectionError: getaddrinfo EAI_AGAIN ac-9loqot0-shard-00-00.edphqgj.mongodb.net\n    at Timeout._onTimeout (/home/container/node_modules/mongodb/lib/sdam/topology.js:278:38)\n    at listOnTimeout (node:internal/timers:559:17)\n    at processTimers (node:internal/timers:502:7)","reason":{"type":"ReplicaSetNoPrimary","servers":{},"stale":false,"compatible":true,"heartbeatFrequencyMS":10000,"localThresholdMS":15,"setName":"atlas-5jecz8-shard-0","maxElectionId":"7fffffff000000000000009e","maxSetVersion":2,"commonWireVersion":0,"logicalSessionTimeoutMinutes":null}},"msg":"Unhandled exception: getaddrinfo EAI_AGAIN ac-9loqot0-shard-00-00.edphqgj.mongodb.net"}
{"level":50,"time":1704999264820,"pid":29,"hostname":"c0776e54-381a-4791-b821-a44ff2225cb3","err":{"type":"MongoServerSelectionError","message":"getaddrinfo EAI_AGAIN ac-9loqot0-shard-00-00.edphqgj.mongodb.net","stack":"MongoServerSelectionError: getaddrinfo EAI_AGAIN ac-9loqot0-shard-00-00.edphqgj.mongodb.net\n    at Timeout._onTimeout (/home/container/node_modules/mongodb/lib/sdam/topology.js:278:38)\n    at listOnTimeout (node:internal/timers:559:17)\n    at processTimers (node:internal/timers:502:7)","reason":{"type":"ReplicaSetNoPrimary","servers":{},"stale":false,"compatible":true,"heartbeatFrequencyMS":10000,"localThresholdMS":15,"setName":"atlas-5jecz8-shard-0","maxElectionId":"7fffffff000000000000009e","maxSetVersion":2,"commonWireVersion":0,"logicalSessionTimeoutMinutes":null}},"msg":"Unhandled exception: getaddrinfo EAI_AGAIN ac-9loqot0-shard-00-00.edphqgj.mongodb.net"}
{"level":50,"time":1704999324818,"pid":29,"hostname":"c0776e54-381a-4791-b821-a44ff2225cb3","err":{"type":"MongoServerSelectionError","message":"getaddrinfo EAI_AGAIN ac-9loqot0-shard-00-00.edphqgj.mongodb.net","stack":"MongoServerSelectionError: getaddrinfo EAI_AGAIN ac-9loqot0-shard-00-00.edphqgj.mongodb.net\n    at Timeout._onTimeout (/home/container/node_modules/mongodb/lib/sdam/topology.js:278:38)\n    at listOnTimeout (node:internal/timers:559:17)\n    at processTimers (node:internal/timers:502:7)","reason":{"type":"ReplicaSetNoPrimary","servers":{},"stale":false,"compatible":true,"heartbeatFrequencyMS":10000,"localThresholdMS":15,"setName":"atlas-5jecz8-shard-0","maxElectionId":"7fffffff000000000000009e","maxSetVersion":2,"commonWireVersion":0,"logicalSessionTimeoutMinutes":null}},"msg":"Unhandled exception: getaddrinfo EAI_AGAIN ac-9loqot0-shard-00-00.edphqgj.mongodb.net"}
{"level":50,"time":1704999384818,"pid":29,"hostname":"c0776e54-381a-4791-b821-a44ff2225cb3","err":{"type":"MongoServerSelectionError","message":"getaddrinfo EAI_AGAIN ac-9loqot0-shard-00-00.edphqgj.mongodb.net","stack":"MongoServerSelectionError: getaddrinfo EAI_AGAIN ac-9loqot0-shard-00-00.edphqgj.mongodb.net\n    at Timeout._onTimeout (/home/container/node_modules/mongodb/lib/sdam/topology.js:278:38)\n    at listOnTimeout (node:internal/timers:559:17)\n    at processTimers (node:internal/timers:502:7)","reason":{"type":"ReplicaSetNoPrimary","servers":{},"stale":false,"compatible":true,"heartbeatFrequencyMS":10000,"localThresholdMS":15,"setName":"atlas-5jecz8-shard-0","maxElectionId":"7fffffff000000000000009e","maxSetVersion":2,"commonWireVersion":0,"logicalSessionTimeoutMinutes":null}},"msg":"Unhandled exception: getaddrinfo EAI_AGAIN ac-9loqot0-shard-00-00.edphqgj.mongodb.net"}
{"level":50,"time":1704999444819,"pid":29,"hostname":"c0776e54-381a-4791-b821-a44ff2225cb3","err":{"type":"MongoServerSelectionError","message":"getaddrinfo EAI_AGAIN ac-9loqot0-shard-00-00.edphqgj.mongodb.net","stack":"MongoServerSelectionError: getaddrinfo EAI_AGAIN ac-9loqot0-shard-00-00.edphqgj.mongodb.net\n    at Timeout._onTimeout (/home/container/node_modules/mongodb/lib/sdam/topology.js:278:38)\n    at listOnTimeout (node:internal/timers:559:17)\n    at processTimers (node:internal/timers:502:7)","reason":{"type":"ReplicaSetNoPrimary","servers":{},"stale":false,"compatible":true,"heartbeatFrequencyMS":10000,"localThresholdMS":15,"setName":"atlas-5jecz8-shard-0","maxElectionId":"7fffffff000000000000009e","maxSetVersion":2,"commonWireVersion":0,"logicalSessionTimeoutMinutes":null}},"msg":"Unhandled exception: getaddrinfo EAI_AGAIN ac-9loqot0-shard-00-00.edphqgj.mongodb.net"}
{"level":50,"time":1704999504824,"pid":29,"hostname":"c0776e54-381a-4791-b821-a44ff2225cb3","err":{"type":"MongoServerSelectionError","message":"getaddrinfo EAI_AGAIN ac-9loqot0-shard-00-00.edphqgj.mongodb.net","stack":"MongoServerSelectionError: getaddrinfo EAI_AGAIN ac-9loqot0-shard-00-00.edphqgj.mongodb.net\n    at Timeout._onTimeout (/home/container/node_modules/mongodb/lib/sdam/topology.js:278:38)\n    at listOnTimeout (node:internal/timers:559:17)\n    at processTimers (node:internal/timers:502:7)","reason":{"type":"ReplicaSetNoPrimary","servers":{},"stale":false,"compatible":true,"heartbeatFrequencyMS":10000,"localThresholdMS":15,"setName":"atlas-5jecz8-shard-0","maxElectionId":"7fffffff000000000000009e","maxSetVersion":2,"commonWireVersion":0,"logicalSessionTimeoutMinutes":null}},"msg":"Unhandled exception: getaddrinfo EAI_AGAIN ac-9loqot0-shard-00-00.edphqgj.mongodb.net"}
{"level":50,"time":1704999564824,"pid":29,"hostname":"c0776e54-381a-4791-b821-a44ff2225cb3","err":{"type":"MongoServerSelectionError","message":"getaddrinfo EAI_AGAIN ac-9loqot0-shard-00-00.edphqgj.mongodb.net","stack":"MongoServerSelectionError: getaddrinfo EAI_AGAIN ac-9loqot0-shard-00-00.edphqgj.mongodb.net\n    at Timeout._onTimeout (/home/container/node_modules/mongodb/lib/sdam/topology.js:278:38)\n    at listOnTimeout (node:internal/timers:559:17)\n    at processTimers (node:internal/timers:502:7)","reason":{"type":"ReplicaSetNoPrimary","servers":{},"stale":false,"compatible":true,"heartbeatFrequencyMS":10000,"localThresholdMS":15,"setName":"atlas-5jecz8-shard-0","maxElectionId":"7fffffff000000000000009e","maxSetVersion":2,"commonWireVersion":0,"logicalSessionTimeoutMinutes":null}},"msg":"Unhandled exception: getaddrinfo EAI_AGAIN ac-9loqot0-shard-00-00.edphqgj.mongodb.net"}
{"level":50,"time":1704999624827,"pid":29,"hostname":"c0776e54-381a-4791-b821-a44ff2225cb3","err":{"type":"MongoServerSelectionError","message":"getaddrinfo EAI_AGAIN ac-9loqot0-shard-00-00.edphqgj.mongodb.net","stack":"MongoServerSelectionError: getaddrinfo EAI_AGAIN ac-9loqot0-shard-00-00.edphqgj.mongodb.net\n    at Timeout._onTimeout (/home/container/node_modules/mongodb/lib/sdam/topology.js:278:38)\n    at listOnTimeout (node:internal/timers:559:17)\n    at processTimers (node:internal/timers:502:7)","reason":{"type":"ReplicaSetNoPrimary","servers":{},"stale":false,"compatible":true,"heartbeatFrequencyMS":10000,"localThresholdMS":15,"setName":"atlas-5jecz8-shard-0","maxElectionId":"7fffffff000000000000009e","maxSetVersion":2,"commonWireVersion":0,"logicalSessionTimeoutMinutes":null}},"msg":"Unhandled exception: getaddrinfo EAI_AGAIN ac-9loqot0-shard-00-00.edphqgj.mongodb.net"}
{"level":30,"time":1705032788920,"pid":29,"hostname":"c0776e54-381a-4791-b821-a44ff2225cb3","msg":"Guild Joined: Asgard Members: 3"}
