{"level":30,"time":1700805485825,"pid":9924,"hostname":"DESKTOP-U62FJDG","msg":"Validating config file and environment variables"}
{"level":40,"time":1700805485827,"pid":9924,"hostname":"DESKTOP-U62FJDG","msg":"config.js: SUPPORT_SERVER is not provided"}
{"level":40,"time":1700805485827,"pid":9924,"hostname":"DESKTOP-U62FJDG","msg":"env: STRANGE_API_KEY is missing. Image commands won't work"}
{"level":30,"time":1700805486556,"pid":9924,"hostname":"DESKTOP-U62FJDG","msg":"Loading commands..."}
{"level":20,"time":1700805496074,"pid":9924,"hostname":"DESKTOP-U62FJDG","msg":"Skipping Command filter. Category IMAGE is disabled"}
{"level":20,"time":1700805496087,"pid":9924,"hostname":"DESKTOP-U62FJDG","msg":"Skipping Command generator. Category IMAGE is disabled"}
{"level":20,"time":1700805496088,"pid":9924,"hostname":"DESKTOP-U62FJDG","msg":"Skipping Command overlay. Category IMAGE is disabled"}
{"level":20,"time":1700805496094,"pid":9924,"hostname":"DESKTOP-U62FJDG","msg":"Skipping slash command avatar. Disabled!"}
{"level":20,"time":1700805496095,"pid":9924,"hostname":"DESKTOP-U62FJDG","msg":"Skipping slash command botinvite. Disabled!"}
{"level":20,"time":1700805496097,"pid":9924,"hostname":"DESKTOP-U62FJDG","msg":"Skipping slash command botstats. Disabled!"}
{"level":20,"time":1700805496099,"pid":9924,"hostname":"DESKTOP-U62FJDG","msg":"Skipping slash command channelinfo. Disabled!"}
{"level":20,"time":1700805496106,"pid":9924,"hostname":"DESKTOP-U62FJDG","msg":"Skipping slash command emojiinfo. Disabled!"}
{"level":20,"time":1700805496142,"pid":9924,"hostname":"DESKTOP-U62FJDG","msg":"Skipping slash command guildinfo. Disabled!"}
{"level":20,"time":1700805496143,"pid":9924,"hostname":"DESKTOP-U62FJDG","msg":"Skipping slash command uptime. Disabled!"}
{"level":20,"time":1700805496144,"pid":9924,"hostname":"DESKTOP-U62FJDG","msg":"Skipping slash command userinfo. Disabled!"}
{"level":20,"time":1700805496146,"pid":9924,"hostname":"DESKTOP-U62FJDG","msg":"Skipping command bot. Disabled!"}
{"level":20,"time":1700805496148,"pid":9924,"hostname":"DESKTOP-U62FJDG","msg":"Skipping command info. Disabled!"}
{"level":20,"time":1700805496150,"pid":9924,"hostname":"DESKTOP-U62FJDG","msg":"Skipping Command addinvites. Category INVITE is disabled"}
{"level":20,"time":1700805496151,"pid":9924,"hostname":"DESKTOP-U62FJDG","msg":"Skipping Command invitecodes. Category INVITE is disabled"}
{"level":20,"time":1700805496152,"pid":9924,"hostname":"DESKTOP-U62FJDG","msg":"Skipping Command inviter. Category INVITE is disabled"}
{"level":20,"time":1700805496153,"pid":9924,"hostname":"DESKTOP-U62FJDG","msg":"Skipping Command inviterank. Category INVITE is disabled"}
{"level":20,"time":1700805496154,"pid":9924,"hostname":"DESKTOP-U62FJDG","msg":"Skipping Command inviteranks. Category INVITE is disabled"}
{"level":20,"time":1700805496155,"pid":9924,"hostname":"DESKTOP-U62FJDG","msg":"Skipping Command invites. Category INVITE is disabled"}
{"level":20,"time":1700805496156,"pid":9924,"hostname":"DESKTOP-U62FJDG","msg":"Skipping Command invitesimport. Category INVITE is disabled"}
{"level":20,"time":1700805496157,"pid":9924,"hostname":"DESKTOP-U62FJDG","msg":"Skipping Command invitetracker. Category INVITE is disabled"}
{"level":20,"time":1700805496157,"pid":9924,"hostname":"DESKTOP-U62FJDG","msg":"Skipping Command resetinvites. Category INVITE is disabled"}
{"level":20,"time":1700805496162,"pid":9924,"hostname":"DESKTOP-U62FJDG","msg":"Skipping slash command deafen. Disabled!"}
{"level":20,"time":1700805496165,"pid":9924,"hostname":"DESKTOP-U62FJDG","msg":"Skipping slash command disconnect. Disabled!"}
{"level":20,"time":1700805496167,"pid":9924,"hostname":"DESKTOP-U62FJDG","msg":"Skipping slash command move. Disabled!"}
{"level":20,"time":1700805496169,"pid":9924,"hostname":"DESKTOP-U62FJDG","msg":"Skipping slash command purge. Disabled!"}
{"level":20,"time":1700805496170,"pid":9924,"hostname":"DESKTOP-U62FJDG","msg":"Skipping slash command purgeattach. Disabled!"}
{"level":20,"time":1700805496171,"pid":9924,"hostname":"DESKTOP-U62FJDG","msg":"Skipping slash command purgebots. Disabled!"}
{"level":20,"time":1700805496173,"pid":9924,"hostname":"DESKTOP-U62FJDG","msg":"Skipping slash command purgelinks. Disabled!"}
{"level":20,"time":1700805496173,"pid":9924,"hostname":"DESKTOP-U62FJDG","msg":"Skipping slash command purgetoken. Disabled!"}
{"level":20,"time":1700805496175,"pid":9924,"hostname":"DESKTOP-U62FJDG","msg":"Skipping slash command purgeuser. Disabled!"}
{"level":20,"time":1700805496177,"pid":9924,"hostname":"DESKTOP-U62FJDG","msg":"Skipping slash command undeafen. Disabled!"}
{"level":20,"time":1700805496178,"pid":9924,"hostname":"DESKTOP-U62FJDG","msg":"Skipping slash command vmute. Disabled!"}
{"level":20,"time":1700805496180,"pid":9924,"hostname":"DESKTOP-U62FJDG","msg":"Skipping slash command vunmute. Disabled!"}
{"level":20,"time":1700805496184,"pid":9924,"hostname":"DESKTOP-U62FJDG","msg":"Skipping command purge. Disabled!"}
{"level":20,"time":1700805496186,"pid":9924,"hostname":"DESKTOP-U62FJDG","msg":"Skipping command voice. Disabled!"}
{"level":20,"time":1700805496215,"pid":9924,"hostname":"DESKTOP-U62FJDG","msg":"Skipping slash command eval. Disabled!"}
{"level":20,"time":1700805496216,"pid":9924,"hostname":"DESKTOP-U62FJDG","msg":"Skipping slash command leaveserver. Disabled!"}
{"level":20,"time":1700805496217,"pid":9924,"hostname":"DESKTOP-U62FJDG","msg":"Skipping slash command listservers. Disabled!"}
{"level":30,"time":1700805496273,"pid":9924,"hostname":"DESKTOP-U62FJDG","msg":"Loaded 93 commands"}
{"level":30,"time":1700805496273,"pid":9924,"hostname":"DESKTOP-U62FJDG","msg":"Loaded 74 slash commands"}
{"level":30,"time":1700805496273,"pid":9924,"hostname":"DESKTOP-U62FJDG","msg":"Loading contexts..."}
{"level":30,"time":1700805496275,"pid":9924,"hostname":"DESKTOP-U62FJDG","msg":"Loaded 0 USER contexts"}
{"level":30,"time":1700805496275,"pid":9924,"hostname":"DESKTOP-U62FJDG","msg":"Loaded 0 MESSAGE contexts"}
{"level":30,"time":1700805496276,"pid":9924,"hostname":"DESKTOP-U62FJDG","msg":"Loading events..."}
{"level":30,"time":1700805496350,"pid":9924,"hostname":"DESKTOP-U62FJDG","msg":"Loaded 15 events. Success (15) Failed (0)"}
{"level":30,"time":1700805496569,"pid":9924,"hostname":"DESKTOP-U62FJDG","msg":"VersionCheck: Your discord bot is up to date"}
{"level":30,"time":1700805496569,"pid":9924,"hostname":"DESKTOP-U62FJDG","msg":"Launching dashboard"}
{"level":30,"time":1700805500420,"pid":9924,"hostname":"DESKTOP-U62FJDG","msg":"Connecting to MongoDb..."}
{"level":30,"time":1700805501796,"pid":9924,"hostname":"DESKTOP-U62FJDG","msg":"Mongoose: Database connection established"}
{"level":30,"time":1700805501863,"pid":9924,"hostname":"DESKTOP-U62FJDG","msg":"Dashboard is listening on port 8080"}
{"level":50,"time":1700805502031,"pid":9924,"hostname":"DESKTOP-U62FJDG","err":{"type":"DiscordjsError","message":"An invalid token was provided.","stack":"Error [TokenInvalid]: An invalid token was provided.\n    at WebSocketManager.connect (C:\\Users\\Noah\\Desktop\\discord-js-bot\\node_modules\\discord.js\\src\\client\\websocket\\WebSocketManager.js:136:26)\n    at BotClient.login (C:\\Users\\Noah\\Desktop\\discord-js-bot\\node_modules\\discord.js\\src\\client\\Client.js:226:21)\n    at C:\\Users\\Noah\\Desktop\\discord-js-bot\\bot.js:46:16\n    at process.processTicksAndRejections (node:internal/process/task_queues:95:5)","code":"TokenInvalid"},"msg":"Unhandled exception: An invalid token was provided."}
{"level":30,"time":1700805542783,"pid":16556,"hostname":"DESKTOP-U62FJDG","msg":"Validating config file and environment variables"}
{"level":40,"time":1700805542784,"pid":16556,"hostname":"DESKTOP-U62FJDG","msg":"config.js: SUPPORT_SERVER is not provided"}
{"level":40,"time":1700805542784,"pid":16556,"hostname":"DESKTOP-U62FJDG","msg":"env: STRANGE_API_KEY is missing. Image commands won't work"}
{"level":30,"time":1700805542834,"pid":16556,"hostname":"DESKTOP-U62FJDG","msg":"Loading commands..."}
{"level":20,"time":1700805543381,"pid":16556,"hostname":"DESKTOP-U62FJDG","msg":"Skipping Command filter. Category IMAGE is disabled"}
{"level":20,"time":1700805543383,"pid":16556,"hostname":"DESKTOP-U62FJDG","msg":"Skipping Command generator. Category IMAGE is disabled"}
{"level":20,"time":1700805543384,"pid":16556,"hostname":"DESKTOP-U62FJDG","msg":"Skipping Command overlay. Category IMAGE is disabled"}
{"level":20,"time":1700805543390,"pid":16556,"hostname":"DESKTOP-U62FJDG","msg":"Skipping slash command avatar. Disabled!"}
{"level":20,"time":1700805543391,"pid":16556,"hostname":"DESKTOP-U62FJDG","msg":"Skipping slash command botinvite. Disabled!"}
{"level":20,"time":1700805543393,"pid":16556,"hostname":"DESKTOP-U62FJDG","msg":"Skipping slash command botstats. Disabled!"}
{"level":20,"time":1700805543395,"pid":16556,"hostname":"DESKTOP-U62FJDG","msg":"Skipping slash command channelinfo. Disabled!"}
{"level":20,"time":1700805543396,"pid":16556,"hostname":"DESKTOP-U62FJDG","msg":"Skipping slash command emojiinfo. Disabled!"}
{"level":20,"time":1700805543406,"pid":16556,"hostname":"DESKTOP-U62FJDG","msg":"Skipping slash command guildinfo. Disabled!"}
{"level":20,"time":1700805543407,"pid":16556,"hostname":"DESKTOP-U62FJDG","msg":"Skipping slash command uptime. Disabled!"}
{"level":20,"time":1700805543408,"pid":16556,"hostname":"DESKTOP-U62FJDG","msg":"Skipping slash command userinfo. Disabled!"}
{"level":20,"time":1700805543410,"pid":16556,"hostname":"DESKTOP-U62FJDG","msg":"Skipping command bot. Disabled!"}
{"level":20,"time":1700805543411,"pid":16556,"hostname":"DESKTOP-U62FJDG","msg":"Skipping command info. Disabled!"}
{"level":20,"time":1700805543413,"pid":16556,"hostname":"DESKTOP-U62FJDG","msg":"Skipping Command addinvites. Category INVITE is disabled"}
{"level":20,"time":1700805543414,"pid":16556,"hostname":"DESKTOP-U62FJDG","msg":"Skipping Command invitecodes. Category INVITE is disabled"}
{"level":20,"time":1700805543415,"pid":16556,"hostname":"DESKTOP-U62FJDG","msg":"Skipping Command inviter. Category INVITE is disabled"}
{"level":20,"time":1700805543415,"pid":16556,"hostname":"DESKTOP-U62FJDG","msg":"Skipping Command inviterank. Category INVITE is disabled"}
{"level":20,"time":1700805543416,"pid":16556,"hostname":"DESKTOP-U62FJDG","msg":"Skipping Command inviteranks. Category INVITE is disabled"}
{"level":20,"time":1700805543417,"pid":16556,"hostname":"DESKTOP-U62FJDG","msg":"Skipping Command invites. Category INVITE is disabled"}
{"level":20,"time":1700805543417,"pid":16556,"hostname":"DESKTOP-U62FJDG","msg":"Skipping Command invitesimport. Category INVITE is disabled"}
{"level":20,"time":1700805543418,"pid":16556,"hostname":"DESKTOP-U62FJDG","msg":"Skipping Command invitetracker. Category INVITE is disabled"}
{"level":20,"time":1700805543419,"pid":16556,"hostname":"DESKTOP-U62FJDG","msg":"Skipping Command resetinvites. Category INVITE is disabled"}
{"level":20,"time":1700805543423,"pid":16556,"hostname":"DESKTOP-U62FJDG","msg":"Skipping slash command deafen. Disabled!"}
{"level":20,"time":1700805543424,"pid":16556,"hostname":"DESKTOP-U62FJDG","msg":"Skipping slash command disconnect. Disabled!"}
{"level":20,"time":1700805543426,"pid":16556,"hostname":"DESKTOP-U62FJDG","msg":"Skipping slash command move. Disabled!"}
{"level":20,"time":1700805543426,"pid":16556,"hostname":"DESKTOP-U62FJDG","msg":"Skipping slash command purge. Disabled!"}
{"level":20,"time":1700805543427,"pid":16556,"hostname":"DESKTOP-U62FJDG","msg":"Skipping slash command purgeattach. Disabled!"}
{"level":20,"time":1700805543428,"pid":16556,"hostname":"DESKTOP-U62FJDG","msg":"Skipping slash command purgebots. Disabled!"}
{"level":20,"time":1700805543428,"pid":16556,"hostname":"DESKTOP-U62FJDG","msg":"Skipping slash command purgelinks. Disabled!"}
{"level":20,"time":1700805543429,"pid":16556,"hostname":"DESKTOP-U62FJDG","msg":"Skipping slash command purgetoken. Disabled!"}
{"level":20,"time":1700805543429,"pid":16556,"hostname":"DESKTOP-U62FJDG","msg":"Skipping slash command purgeuser. Disabled!"}
{"level":20,"time":1700805543431,"pid":16556,"hostname":"DESKTOP-U62FJDG","msg":"Skipping slash command undeafen. Disabled!"}
{"level":20,"time":1700805543432,"pid":16556,"hostname":"DESKTOP-U62FJDG","msg":"Skipping slash command vmute. Disabled!"}
{"level":20,"time":1700805543433,"pid":16556,"hostname":"DESKTOP-U62FJDG","msg":"Skipping slash command vunmute. Disabled!"}
{"level":20,"time":1700805543435,"pid":16556,"hostname":"DESKTOP-U62FJDG","msg":"Skipping command purge. Disabled!"}
{"level":20,"time":1700805543436,"pid":16556,"hostname":"DESKTOP-U62FJDG","msg":"Skipping command voice. Disabled!"}
{"level":20,"time":1700805543452,"pid":16556,"hostname":"DESKTOP-U62FJDG","msg":"Skipping slash command eval. Disabled!"}
{"level":20,"time":1700805543453,"pid":16556,"hostname":"DESKTOP-U62FJDG","msg":"Skipping slash command leaveserver. Disabled!"}
{"level":20,"time":1700805543453,"pid":16556,"hostname":"DESKTOP-U62FJDG","msg":"Skipping slash command listservers. Disabled!"}
{"level":30,"time":1700805543476,"pid":16556,"hostname":"DESKTOP-U62FJDG","msg":"Loaded 93 commands"}
{"level":30,"time":1700805543476,"pid":16556,"hostname":"DESKTOP-U62FJDG","msg":"Loaded 74 slash commands"}
{"level":30,"time":1700805543476,"pid":16556,"hostname":"DESKTOP-U62FJDG","msg":"Loading contexts..."}
{"level":30,"time":1700805543478,"pid":16556,"hostname":"DESKTOP-U62FJDG","msg":"Loaded 0 USER contexts"}
{"level":30,"time":1700805543478,"pid":16556,"hostname":"DESKTOP-U62FJDG","msg":"Loaded 0 MESSAGE contexts"}
{"level":30,"time":1700805543478,"pid":16556,"hostname":"DESKTOP-U62FJDG","msg":"Loading events..."}
{"level":30,"time":1700805543515,"pid":16556,"hostname":"DESKTOP-U62FJDG","msg":"Loaded 15 events. Success (15) Failed (0)"}
{"level":30,"time":1700805543776,"pid":16556,"hostname":"DESKTOP-U62FJDG","msg":"VersionCheck: Your discord bot is up to date"}
{"level":30,"time":1700805543776,"pid":16556,"hostname":"DESKTOP-U62FJDG","msg":"Launching dashboard"}
{"level":30,"time":1700805543949,"pid":16556,"hostname":"DESKTOP-U62FJDG","msg":"Connecting to MongoDb..."}
{"level":30,"time":1700805545103,"pid":16556,"hostname":"DESKTOP-U62FJDG","msg":"Mongoose: Database connection established"}
{"level":30,"time":1700805545135,"pid":16556,"hostname":"DESKTOP-U62FJDG","msg":"Dashboard is listening on port 8080"}
{"level":30,"time":1700805551163,"pid":16556,"hostname":"DESKTOP-U62FJDG","msg":"Logged in as HeimdallCorp#0881! (1164402510451187793)"}
{"level":20,"time":1700805551164,"pid":16556,"hostname":"DESKTOP-U62FJDG","msg":"Node \"Local Node\" debug: connection: creating websocket..."}
{"level":30,"time":1700805551167,"pid":16556,"hostname":"DESKTOP-U62FJDG","msg":"Music Manager initialized"}
{"level":30,"time":1700805551167,"pid":16556,"hostname":"DESKTOP-U62FJDG","msg":"Initializing giveaways manager..."}
{"level":50,"time":1700805551192,"pid":16556,"hostname":"DESKTOP-U62FJDG","err":{"type":"Error","message":"AggregateError","stack":"Error: AggregateError\n    at Connection._onerror (C:\\Users\\Noah\\Desktop\\discord-js-bot\\node_modules\\lavaclient\\dist\\lib\\node\\Connection.js:145:33)\n    at callListener (C:\\Users\\Noah\\Desktop\\discord-js-bot\\node_modules\\ws\\lib\\event-target.js:290:14)\n    at WebSocket.onError (C:\\Users\\Noah\\Desktop\\discord-js-bot\\node_modules\\ws\\lib\\event-target.js:230:9)\n    at WebSocket.emit (node:events:514:28)\n    at emitErrorAndClose (C:\\Users\\Noah\\Desktop\\discord-js-bot\\node_modules\\ws\\lib\\websocket.js:1008:13)\n    at ClientRequest.<anonymous> (C:\\Users\\Noah\\Desktop\\discord-js-bot\\node_modules\\ws\\lib\\websocket.js:856:5)\n    at ClientRequest.emit (node:events:514:28)\n    at Socket.socketErrorListener (node:_http_client:495:9)\n    at Socket.emit (node:events:514:28)\n    at emitErrorNT (node:internal/streams/destroy:151:8)"},"msg":"Node \"Local Node\" encountered an error: AggregateError.: AggregateError"}
{"level":30,"time":1700805551194,"pid":16556,"hostname":"DESKTOP-U62FJDG","msg":"Node \"Local Node\" disconnected"}
{"level":20,"time":1700805551194,"pid":16556,"hostname":"DESKTOP-U62FJDG","msg":"Node \"Local Node\" debug: connection: unable to reconnect"}
{"level":30,"time":1700805551297,"pid":16556,"hostname":"DESKTOP-U62FJDG","msg":"Giveaway Manager initialized"}
{"level":30,"time":1700805551743,"pid":16556,"hostname":"DESKTOP-U62FJDG","msg":"Successfully registered interactions"}
