{"level":30,"time":1712255498114,"pid":29,"hostname":"c0776e54-381a-4791-b821-a44ff2225cb3","msg":"Validation du fichier de configuration et des variables d'environnement"}
{"level":40,"time":1712255498117,"pid":29,"hostname":"c0776e54-381a-4791-b821-a44ff2225cb3","msg":"config.js: SUPPORT_SERVER n'est pas fourni"}
{"level":40,"time":1712255498118,"pid":29,"hostname":"c0776e54-381a-4791-b821-a44ff2225cb3","msg":"env: STRANGE_API_KEY est manquant. Les commandes d'image ne fonctionneront pas"}
{"level":30,"time":1712255498409,"pid":29,"hostname":"c0776e54-381a-4791-b821-a44ff2225cb3","msg":"Loading commands..."}
{"level":20,"time":1712255500408,"pid":29,"hostname":"c0776e54-381a-4791-b821-a44ff2225cb3","msg":"Skipping Command filter. Category IMAGE is disabled"}
{"level":20,"time":1712255500410,"pid":29,"hostname":"c0776e54-381a-4791-b821-a44ff2225cb3","msg":"Skipping Command generator. Category IMAGE is disabled"}
{"level":20,"time":1712255500412,"pid":29,"hostname":"c0776e54-381a-4791-b821-a44ff2225cb3","msg":"Skipping Command overlay. Category IMAGE is disabled"}
{"level":20,"time":1712255500477,"pid":29,"hostname":"c0776e54-381a-4791-b821-a44ff2225cb3","msg":"Skipping slash command avatar. Disabled!"}
{"level":20,"time":1712255500479,"pid":29,"hostname":"c0776e54-381a-4791-b821-a44ff2225cb3","msg":"Skipping slash command botinvite. Disabled!"}
{"level":20,"time":1712255500482,"pid":29,"hostname":"c0776e54-381a-4791-b821-a44ff2225cb3","msg":"Skipping slash command botstats. Disabled!"}
{"level":20,"time":1712255500486,"pid":29,"hostname":"c0776e54-381a-4791-b821-a44ff2225cb3","msg":"Skipping slash command channelinfo. Disabled!"}
{"level":20,"time":1712255500488,"pid":29,"hostname":"c0776e54-381a-4791-b821-a44ff2225cb3","msg":"Skipping slash command emojiinfo. Disabled!"}
{"level":20,"time":1712255500511,"pid":29,"hostname":"c0776e54-381a-4791-b821-a44ff2225cb3","msg":"Skipping slash command guildinfo. Disabled!"}
{"level":20,"time":1712255500512,"pid":29,"hostname":"c0776e54-381a-4791-b821-a44ff2225cb3","msg":"Skipping slash command uptime. Disabled!"}
{"level":20,"time":1712255500515,"pid":29,"hostname":"c0776e54-381a-4791-b821-a44ff2225cb3","msg":"Skipping slash command userinfo. Disabled!"}
{"level":20,"time":1712255500518,"pid":29,"hostname":"c0776e54-381a-4791-b821-a44ff2225cb3","msg":"Skipping command bot. Disabled!"}
{"level":20,"time":1712255500569,"pid":29,"hostname":"c0776e54-381a-4791-b821-a44ff2225cb3","msg":"Skipping command info. Disabled!"}
{"level":20,"time":1712255500591,"pid":29,"hostname":"c0776e54-381a-4791-b821-a44ff2225cb3","msg":"Skipping slash command deafen. Disabled!"}
{"level":20,"time":1712255500593,"pid":29,"hostname":"c0776e54-381a-4791-b821-a44ff2225cb3","msg":"Skipping slash command disconnect. Disabled!"}
{"level":20,"time":1712255500595,"pid":29,"hostname":"c0776e54-381a-4791-b821-a44ff2225cb3","msg":"Skipping slash command move. Disabled!"}
{"level":20,"time":1712255500597,"pid":29,"hostname":"c0776e54-381a-4791-b821-a44ff2225cb3","msg":"Skipping slash command purge. Disabled!"}
{"level":20,"time":1712255500598,"pid":29,"hostname":"c0776e54-381a-4791-b821-a44ff2225cb3","msg":"Skipping slash command purgeattach. Disabled!"}
{"level":20,"time":1712255500599,"pid":29,"hostname":"c0776e54-381a-4791-b821-a44ff2225cb3","msg":"Skipping slash command purgebots. Disabled!"}
{"level":20,"time":1712255500601,"pid":29,"hostname":"c0776e54-381a-4791-b821-a44ff2225cb3","msg":"Skipping slash command purgelinks. Disabled!"}
{"level":20,"time":1712255500602,"pid":29,"hostname":"c0776e54-381a-4791-b821-a44ff2225cb3","msg":"Skipping slash command purgetoken. Disabled!"}
{"level":20,"time":1712255500603,"pid":29,"hostname":"c0776e54-381a-4791-b821-a44ff2225cb3","msg":"Skipping slash command purgeuser. Disabled!"}
{"level":20,"time":1712255500605,"pid":29,"hostname":"c0776e54-381a-4791-b821-a44ff2225cb3","msg":"Skipping slash command undeafen. Disabled!"}
{"level":20,"time":1712255500607,"pid":29,"hostname":"c0776e54-381a-4791-b821-a44ff2225cb3","msg":"Skipping slash command vmute. Disabled!"}
{"level":20,"time":1712255500609,"pid":29,"hostname":"c0776e54-381a-4791-b821-a44ff2225cb3","msg":"Skipping slash command vunmute. Disabled!"}
{"level":20,"time":1712255500613,"pid":29,"hostname":"c0776e54-381a-4791-b821-a44ff2225cb3","msg":"Skipping command purge. Disabled!"}
{"level":20,"time":1712255500668,"pid":29,"hostname":"c0776e54-381a-4791-b821-a44ff2225cb3","msg":"Skipping command voice. Disabled!"}
{"level":20,"time":1712255500678,"pid":29,"hostname":"c0776e54-381a-4791-b821-a44ff2225cb3","msg":"Skipping Command bassboost. Category MUSIC is disabled"}
{"level":20,"time":1712255500682,"pid":29,"hostname":"c0776e54-381a-4791-b821-a44ff2225cb3","msg":"Skipping Command loop. Category MUSIC is disabled"}
{"level":20,"time":1712255500683,"pid":29,"hostname":"c0776e54-381a-4791-b821-a44ff2225cb3","msg":"Skipping Command lyric. Category MUSIC is disabled"}
{"level":20,"time":1712255500687,"pid":29,"hostname":"c0776e54-381a-4791-b821-a44ff2225cb3","msg":"Skipping Command np. Category MUSIC is disabled"}
{"level":20,"time":1712255500688,"pid":29,"hostname":"c0776e54-381a-4791-b821-a44ff2225cb3","msg":"Skipping Command pause. Category MUSIC is disabled"}
{"level":20,"time":1712255500690,"pid":29,"hostname":"c0776e54-381a-4791-b821-a44ff2225cb3","msg":"Skipping Command play. Category MUSIC is disabled"}
{"level":20,"time":1712255500692,"pid":29,"hostname":"c0776e54-381a-4791-b821-a44ff2225cb3","msg":"Skipping Command queue. Category MUSIC is disabled"}
{"level":20,"time":1712255500693,"pid":29,"hostname":"c0776e54-381a-4791-b821-a44ff2225cb3","msg":"Skipping Command resume. Category MUSIC is disabled"}
{"level":20,"time":1712255500695,"pid":29,"hostname":"c0776e54-381a-4791-b821-a44ff2225cb3","msg":"Skipping Command search. Category MUSIC is disabled"}
{"level":20,"time":1712255500696,"pid":29,"hostname":"c0776e54-381a-4791-b821-a44ff2225cb3","msg":"Skipping Command seek. Category MUSIC is disabled"}
{"level":20,"time":1712255500697,"pid":29,"hostname":"c0776e54-381a-4791-b821-a44ff2225cb3","msg":"Skipping Command shuffle. Category MUSIC is disabled"}
{"level":20,"time":1712255500698,"pid":29,"hostname":"c0776e54-381a-4791-b821-a44ff2225cb3","msg":"Skipping Command skip. Category MUSIC is disabled"}
{"level":20,"time":1712255500700,"pid":29,"hostname":"c0776e54-381a-4791-b821-a44ff2225cb3","msg":"Skipping Command stop. Category MUSIC is disabled"}
{"level":20,"time":1712255500701,"pid":29,"hostname":"c0776e54-381a-4791-b821-a44ff2225cb3","msg":"Skipping Command volume. Category MUSIC is disabled"}
{"level":20,"time":1712255500703,"pid":29,"hostname":"c0776e54-381a-4791-b821-a44ff2225cb3","msg":"Skipping slash command eval. Disabled!"}
{"level":20,"time":1712255500704,"pid":29,"hostname":"c0776e54-381a-4791-b821-a44ff2225cb3","msg":"Skipping slash command leaveserver. Disabled!"}
{"level":20,"time":1712255500705,"pid":29,"hostname":"c0776e54-381a-4791-b821-a44ff2225cb3","msg":"Skipping slash command listservers. Disabled!"}
{"level":30,"time":1712255500798,"pid":29,"hostname":"c0776e54-381a-4791-b821-a44ff2225cb3","msg":"Loaded 88 commands"}
{"level":30,"time":1712255500798,"pid":29,"hostname":"c0776e54-381a-4791-b821-a44ff2225cb3","msg":"Loaded 69 slash commands"}
{"level":30,"time":1712255500798,"pid":29,"hostname":"c0776e54-381a-4791-b821-a44ff2225cb3","msg":"Loading contexts..."}
{"level":30,"time":1712255500801,"pid":29,"hostname":"c0776e54-381a-4791-b821-a44ff2225cb3","msg":"Loaded 0 USER contexts"}
{"level":30,"time":1712255500801,"pid":29,"hostname":"c0776e54-381a-4791-b821-a44ff2225cb3","msg":"Loaded 0 MESSAGE contexts"}
{"level":30,"time":1712255500801,"pid":29,"hostname":"c0776e54-381a-4791-b821-a44ff2225cb3","msg":"Loading events..."}
{"level":30,"time":1712255500995,"pid":29,"hostname":"c0776e54-381a-4791-b821-a44ff2225cb3","msg":"Loaded 15 events. Success (15) Failed (0)"}
{"level":40,"time":1712255502001,"pid":29,"hostname":"c0776e54-381a-4791-b821-a44ff2225cb3","msg":"VersionCheck: 5.5.0 update is available"}
{"level":40,"time":1712255502001,"pid":29,"hostname":"c0776e54-381a-4791-b821-a44ff2225cb3","msg":"download: https://github.com/saiteja-madha/discord-js-bot/releases/latest"}
{"level":30,"time":1712255502002,"pid":29,"hostname":"c0776e54-381a-4791-b821-a44ff2225cb3","msg":"Connecting to MongoDb..."}
{"level":30,"time":1712255502807,"pid":29,"hostname":"c0776e54-381a-4791-b821-a44ff2225cb3","msg":"Mongoose: Database connection established"}
{"level":30,"time":1712255509476,"pid":29,"hostname":"c0776e54-381a-4791-b821-a44ff2225cb3","msg":"Logged in as 𝙷𝚎𝚒𝚖𝚍𝚊𝚕𝚕𝙲𝚘𝚛𝚙#0881! (1164402510451187793)"}
{"level":30,"time":1712255509476,"pid":29,"hostname":"c0776e54-381a-4791-b821-a44ff2225cb3","msg":"Initializing giveaways manager..."}
{"level":30,"time":1712255509906,"pid":29,"hostname":"c0776e54-381a-4791-b821-a44ff2225cb3","msg":"Giveaway Manager initialized"}
{"level":30,"time":1712255510293,"pid":29,"hostname":"c0776e54-381a-4791-b821-a44ff2225cb3","msg":"Successfully registered interactions"}
{"level":30,"time":1712259676690,"pid":29,"hostname":"c0776e54-381a-4791-b821-a44ff2225cb3","msg":"Validation du fichier de configuration et des variables d'environnement"}
{"level":40,"time":1712259676694,"pid":29,"hostname":"c0776e54-381a-4791-b821-a44ff2225cb3","msg":"config.js: SUPPORT_SERVER n'est pas fourni"}
{"level":40,"time":1712259676694,"pid":29,"hostname":"c0776e54-381a-4791-b821-a44ff2225cb3","msg":"env: STRANGE_API_KEY est manquant. Les commandes d'image ne fonctionneront pas"}
{"level":30,"time":1712259676987,"pid":29,"hostname":"c0776e54-381a-4791-b821-a44ff2225cb3","msg":"Loading commands..."}
{"level":20,"time":1712259678985,"pid":29,"hostname":"c0776e54-381a-4791-b821-a44ff2225cb3","msg":"Skipping Command filter. Category IMAGE is disabled"}
{"level":20,"time":1712259678988,"pid":29,"hostname":"c0776e54-381a-4791-b821-a44ff2225cb3","msg":"Skipping Command generator. Category IMAGE is disabled"}
{"level":20,"time":1712259678990,"pid":29,"hostname":"c0776e54-381a-4791-b821-a44ff2225cb3","msg":"Skipping Command overlay. Category IMAGE is disabled"}
{"level":20,"time":1712259679004,"pid":29,"hostname":"c0776e54-381a-4791-b821-a44ff2225cb3","msg":"Skipping slash command avatar. Disabled!"}
{"level":20,"time":1712259679007,"pid":29,"hostname":"c0776e54-381a-4791-b821-a44ff2225cb3","msg":"Skipping slash command botinvite. Disabled!"}
{"level":20,"time":1712259679010,"pid":29,"hostname":"c0776e54-381a-4791-b821-a44ff2225cb3","msg":"Skipping slash command botstats. Disabled!"}
{"level":20,"time":1712259679013,"pid":29,"hostname":"c0776e54-381a-4791-b821-a44ff2225cb3","msg":"Skipping slash command channelinfo. Disabled!"}
{"level":20,"time":1712259679015,"pid":29,"hostname":"c0776e54-381a-4791-b821-a44ff2225cb3","msg":"Skipping slash command emojiinfo. Disabled!"}
{"level":20,"time":1712259679087,"pid":29,"hostname":"c0776e54-381a-4791-b821-a44ff2225cb3","msg":"Skipping slash command guildinfo. Disabled!"}
{"level":20,"time":1712259679088,"pid":29,"hostname":"c0776e54-381a-4791-b821-a44ff2225cb3","msg":"Skipping slash command uptime. Disabled!"}
{"level":20,"time":1712259679091,"pid":29,"hostname":"c0776e54-381a-4791-b821-a44ff2225cb3","msg":"Skipping slash command userinfo. Disabled!"}
{"level":20,"time":1712259679094,"pid":29,"hostname":"c0776e54-381a-4791-b821-a44ff2225cb3","msg":"Skipping command bot. Disabled!"}
{"level":20,"time":1712259679097,"pid":29,"hostname":"c0776e54-381a-4791-b821-a44ff2225cb3","msg":"Skipping command info. Disabled!"}
{"level":20,"time":1712259679171,"pid":29,"hostname":"c0776e54-381a-4791-b821-a44ff2225cb3","msg":"Skipping slash command deafen. Disabled!"}
{"level":20,"time":1712259679173,"pid":29,"hostname":"c0776e54-381a-4791-b821-a44ff2225cb3","msg":"Skipping slash command disconnect. Disabled!"}
{"level":20,"time":1712259679176,"pid":29,"hostname":"c0776e54-381a-4791-b821-a44ff2225cb3","msg":"Skipping slash command move. Disabled!"}
{"level":20,"time":1712259679177,"pid":29,"hostname":"c0776e54-381a-4791-b821-a44ff2225cb3","msg":"Skipping slash command purge. Disabled!"}
{"level":20,"time":1712259679178,"pid":29,"hostname":"c0776e54-381a-4791-b821-a44ff2225cb3","msg":"Skipping slash command purgeattach. Disabled!"}
{"level":20,"time":1712259679180,"pid":29,"hostname":"c0776e54-381a-4791-b821-a44ff2225cb3","msg":"Skipping slash command purgebots. Disabled!"}
{"level":20,"time":1712259679181,"pid":29,"hostname":"c0776e54-381a-4791-b821-a44ff2225cb3","msg":"Skipping slash command purgelinks. Disabled!"}
{"level":20,"time":1712259679182,"pid":29,"hostname":"c0776e54-381a-4791-b821-a44ff2225cb3","msg":"Skipping slash command purgetoken. Disabled!"}
{"level":20,"time":1712259679183,"pid":29,"hostname":"c0776e54-381a-4791-b821-a44ff2225cb3","msg":"Skipping slash command purgeuser. Disabled!"}
{"level":20,"time":1712259679185,"pid":29,"hostname":"c0776e54-381a-4791-b821-a44ff2225cb3","msg":"Skipping slash command undeafen. Disabled!"}
{"level":20,"time":1712259679188,"pid":29,"hostname":"c0776e54-381a-4791-b821-a44ff2225cb3","msg":"Skipping slash command vmute. Disabled!"}
{"level":20,"time":1712259679190,"pid":29,"hostname":"c0776e54-381a-4791-b821-a44ff2225cb3","msg":"Skipping slash command vunmute. Disabled!"}
{"level":20,"time":1712259679194,"pid":29,"hostname":"c0776e54-381a-4791-b821-a44ff2225cb3","msg":"Skipping command purge. Disabled!"}
{"level":20,"time":1712259679196,"pid":29,"hostname":"c0776e54-381a-4791-b821-a44ff2225cb3","msg":"Skipping command voice. Disabled!"}
{"level":20,"time":1712259679207,"pid":29,"hostname":"c0776e54-381a-4791-b821-a44ff2225cb3","msg":"Skipping Command bassboost. Category MUSIC is disabled"}
{"level":20,"time":1712259679210,"pid":29,"hostname":"c0776e54-381a-4791-b821-a44ff2225cb3","msg":"Skipping Command loop. Category MUSIC is disabled"}
{"level":20,"time":1712259679212,"pid":29,"hostname":"c0776e54-381a-4791-b821-a44ff2225cb3","msg":"Skipping Command lyric. Category MUSIC is disabled"}
{"level":20,"time":1712259679215,"pid":29,"hostname":"c0776e54-381a-4791-b821-a44ff2225cb3","msg":"Skipping Command np. Category MUSIC is disabled"}
{"level":20,"time":1712259679216,"pid":29,"hostname":"c0776e54-381a-4791-b821-a44ff2225cb3","msg":"Skipping Command pause. Category MUSIC is disabled"}
{"level":20,"time":1712259679218,"pid":29,"hostname":"c0776e54-381a-4791-b821-a44ff2225cb3","msg":"Skipping Command play. Category MUSIC is disabled"}
{"level":20,"time":1712259679268,"pid":29,"hostname":"c0776e54-381a-4791-b821-a44ff2225cb3","msg":"Skipping Command queue. Category MUSIC is disabled"}
{"level":20,"time":1712259679270,"pid":29,"hostname":"c0776e54-381a-4791-b821-a44ff2225cb3","msg":"Skipping Command resume. Category MUSIC is disabled"}
{"level":20,"time":1712259679272,"pid":29,"hostname":"c0776e54-381a-4791-b821-a44ff2225cb3","msg":"Skipping Command search. Category MUSIC is disabled"}
{"level":20,"time":1712259679273,"pid":29,"hostname":"c0776e54-381a-4791-b821-a44ff2225cb3","msg":"Skipping Command seek. Category MUSIC is disabled"}
{"level":20,"time":1712259679274,"pid":29,"hostname":"c0776e54-381a-4791-b821-a44ff2225cb3","msg":"Skipping Command shuffle. Category MUSIC is disabled"}
{"level":20,"time":1712259679276,"pid":29,"hostname":"c0776e54-381a-4791-b821-a44ff2225cb3","msg":"Skipping Command skip. Category MUSIC is disabled"}
{"level":20,"time":1712259679277,"pid":29,"hostname":"c0776e54-381a-4791-b821-a44ff2225cb3","msg":"Skipping Command stop. Category MUSIC is disabled"}
{"level":20,"time":1712259679278,"pid":29,"hostname":"c0776e54-381a-4791-b821-a44ff2225cb3","msg":"Skipping Command volume. Category MUSIC is disabled"}
{"level":20,"time":1712259679280,"pid":29,"hostname":"c0776e54-381a-4791-b821-a44ff2225cb3","msg":"Skipping slash command eval. Disabled!"}
{"level":20,"time":1712259679281,"pid":29,"hostname":"c0776e54-381a-4791-b821-a44ff2225cb3","msg":"Skipping slash command leaveserver. Disabled!"}
{"level":20,"time":1712259679283,"pid":29,"hostname":"c0776e54-381a-4791-b821-a44ff2225cb3","msg":"Skipping slash command listservers. Disabled!"}
{"level":30,"time":1712259679385,"pid":29,"hostname":"c0776e54-381a-4791-b821-a44ff2225cb3","msg":"Loaded 88 commands"}
{"level":30,"time":1712259679385,"pid":29,"hostname":"c0776e54-381a-4791-b821-a44ff2225cb3","msg":"Loaded 69 slash commands"}
{"level":30,"time":1712259679386,"pid":29,"hostname":"c0776e54-381a-4791-b821-a44ff2225cb3","msg":"Loading contexts..."}
{"level":30,"time":1712259679389,"pid":29,"hostname":"c0776e54-381a-4791-b821-a44ff2225cb3","msg":"Loaded 0 USER contexts"}
{"level":30,"time":1712259679389,"pid":29,"hostname":"c0776e54-381a-4791-b821-a44ff2225cb3","msg":"Loaded 0 MESSAGE contexts"}
{"level":30,"time":1712259679389,"pid":29,"hostname":"c0776e54-381a-4791-b821-a44ff2225cb3","msg":"Loading events..."}
{"level":30,"time":1712259679604,"pid":29,"hostname":"c0776e54-381a-4791-b821-a44ff2225cb3","msg":"Loaded 15 events. Success (15) Failed (0)"}
{"level":40,"time":1712259680866,"pid":29,"hostname":"c0776e54-381a-4791-b821-a44ff2225cb3","msg":"VersionCheck: 5.5.0 update is available"}
{"level":40,"time":1712259680867,"pid":29,"hostname":"c0776e54-381a-4791-b821-a44ff2225cb3","msg":"download: https://github.com/saiteja-madha/discord-js-bot/releases/latest"}
{"level":30,"time":1712259680867,"pid":29,"hostname":"c0776e54-381a-4791-b821-a44ff2225cb3","msg":"Connecting to MongoDb..."}
{"level":30,"time":1712259681605,"pid":29,"hostname":"c0776e54-381a-4791-b821-a44ff2225cb3","msg":"Mongoose: Database connection established"}
{"level":30,"time":1712259683082,"pid":29,"hostname":"c0776e54-381a-4791-b821-a44ff2225cb3","msg":"Logged in as 𝙷𝚎𝚒𝚖𝚍𝚊𝚕𝚕𝙲𝚘𝚛𝚙#0881! (1164402510451187793)"}
{"level":30,"time":1712259683082,"pid":29,"hostname":"c0776e54-381a-4791-b821-a44ff2225cb3","msg":"Initializing giveaways manager..."}
{"level":30,"time":1712259683642,"pid":29,"hostname":"c0776e54-381a-4791-b821-a44ff2225cb3","msg":"Giveaway Manager initialized"}
{"level":30,"time":1712259684016,"pid":29,"hostname":"c0776e54-381a-4791-b821-a44ff2225cb3","msg":"Successfully registered interactions"}
