{"level":30,"time":1711463942782,"pid":29,"hostname":"c0776e54-381a-4791-b821-a44ff2225cb3","msg":"Validation du fichier de configuration et des variables d'environnement"}
{"level":40,"time":1711463942786,"pid":29,"hostname":"c0776e54-381a-4791-b821-a44ff2225cb3","msg":"config.js: SUPPORT_SERVER n'est pas fourni"}
{"level":40,"time":1711463942787,"pid":29,"hostname":"c0776e54-381a-4791-b821-a44ff2225cb3","msg":"env: STRANGE_API_KEY est manquant. Les commandes d'image ne fonctionneront pas"}
{"level":30,"time":1711463943079,"pid":29,"hostname":"c0776e54-381a-4791-b821-a44ff2225cb3","msg":"Loading commands..."}
{"level":20,"time":1711463945007,"pid":29,"hostname":"c0776e54-381a-4791-b821-a44ff2225cb3","msg":"Skipping Command filter. Category IMAGE is disabled"}
{"level":20,"time":1711463945009,"pid":29,"hostname":"c0776e54-381a-4791-b821-a44ff2225cb3","msg":"Skipping Command generator. Category IMAGE is disabled"}
{"level":20,"time":1711463945011,"pid":29,"hostname":"c0776e54-381a-4791-b821-a44ff2225cb3","msg":"Skipping Command overlay. Category IMAGE is disabled"}
{"level":20,"time":1711463945023,"pid":29,"hostname":"c0776e54-381a-4791-b821-a44ff2225cb3","msg":"Skipping slash command avatar. Disabled!"}
{"level":20,"time":1711463945078,"pid":29,"hostname":"c0776e54-381a-4791-b821-a44ff2225cb3","msg":"Skipping slash command botinvite. Disabled!"}
{"level":20,"time":1711463945081,"pid":29,"hostname":"c0776e54-381a-4791-b821-a44ff2225cb3","msg":"Skipping slash command botstats. Disabled!"}
{"level":20,"time":1711463945085,"pid":29,"hostname":"c0776e54-381a-4791-b821-a44ff2225cb3","msg":"Skipping slash command channelinfo. Disabled!"}
{"level":20,"time":1711463945087,"pid":29,"hostname":"c0776e54-381a-4791-b821-a44ff2225cb3","msg":"Skipping slash command emojiinfo. Disabled!"}
{"level":20,"time":1711463945109,"pid":29,"hostname":"c0776e54-381a-4791-b821-a44ff2225cb3","msg":"Skipping slash command guildinfo. Disabled!"}
{"level":20,"time":1711463945111,"pid":29,"hostname":"c0776e54-381a-4791-b821-a44ff2225cb3","msg":"Skipping slash command uptime. Disabled!"}
{"level":20,"time":1711463945113,"pid":29,"hostname":"c0776e54-381a-4791-b821-a44ff2225cb3","msg":"Skipping slash command userinfo. Disabled!"}
{"level":20,"time":1711463945117,"pid":29,"hostname":"c0776e54-381a-4791-b821-a44ff2225cb3","msg":"Skipping command bot. Disabled!"}
{"level":20,"time":1711463945119,"pid":29,"hostname":"c0776e54-381a-4791-b821-a44ff2225cb3","msg":"Skipping command info. Disabled!"}
{"level":20,"time":1711463945189,"pid":29,"hostname":"c0776e54-381a-4791-b821-a44ff2225cb3","msg":"Skipping slash command deafen. Disabled!"}
{"level":20,"time":1711463945191,"pid":29,"hostname":"c0776e54-381a-4791-b821-a44ff2225cb3","msg":"Skipping slash command disconnect. Disabled!"}
{"level":20,"time":1711463945194,"pid":29,"hostname":"c0776e54-381a-4791-b821-a44ff2225cb3","msg":"Skipping slash command move. Disabled!"}
{"level":20,"time":1711463945195,"pid":29,"hostname":"c0776e54-381a-4791-b821-a44ff2225cb3","msg":"Skipping slash command purge. Disabled!"}
{"level":20,"time":1711463945196,"pid":29,"hostname":"c0776e54-381a-4791-b821-a44ff2225cb3","msg":"Skipping slash command purgeattach. Disabled!"}
{"level":20,"time":1711463945198,"pid":29,"hostname":"c0776e54-381a-4791-b821-a44ff2225cb3","msg":"Skipping slash command purgebots. Disabled!"}
{"level":20,"time":1711463945199,"pid":29,"hostname":"c0776e54-381a-4791-b821-a44ff2225cb3","msg":"Skipping slash command purgelinks. Disabled!"}
{"level":20,"time":1711463945200,"pid":29,"hostname":"c0776e54-381a-4791-b821-a44ff2225cb3","msg":"Skipping slash command purgetoken. Disabled!"}
{"level":20,"time":1711463945202,"pid":29,"hostname":"c0776e54-381a-4791-b821-a44ff2225cb3","msg":"Skipping slash command purgeuser. Disabled!"}
{"level":20,"time":1711463945204,"pid":29,"hostname":"c0776e54-381a-4791-b821-a44ff2225cb3","msg":"Skipping slash command undeafen. Disabled!"}
{"level":20,"time":1711463945206,"pid":29,"hostname":"c0776e54-381a-4791-b821-a44ff2225cb3","msg":"Skipping slash command vmute. Disabled!"}
{"level":20,"time":1711463945208,"pid":29,"hostname":"c0776e54-381a-4791-b821-a44ff2225cb3","msg":"Skipping slash command vunmute. Disabled!"}
{"level":20,"time":1711463945212,"pid":29,"hostname":"c0776e54-381a-4791-b821-a44ff2225cb3","msg":"Skipping command purge. Disabled!"}
{"level":20,"time":1711463945215,"pid":29,"hostname":"c0776e54-381a-4791-b821-a44ff2225cb3","msg":"Skipping command voice. Disabled!"}
{"level":20,"time":1711463945225,"pid":29,"hostname":"c0776e54-381a-4791-b821-a44ff2225cb3","msg":"Skipping Command bassboost. Category MUSIC is disabled"}
{"level":20,"time":1711463945280,"pid":29,"hostname":"c0776e54-381a-4791-b821-a44ff2225cb3","msg":"Skipping Command loop. Category MUSIC is disabled"}
{"level":20,"time":1711463945282,"pid":29,"hostname":"c0776e54-381a-4791-b821-a44ff2225cb3","msg":"Skipping Command lyric. Category MUSIC is disabled"}
{"level":20,"time":1711463945285,"pid":29,"hostname":"c0776e54-381a-4791-b821-a44ff2225cb3","msg":"Skipping Command np. Category MUSIC is disabled"}
{"level":20,"time":1711463945286,"pid":29,"hostname":"c0776e54-381a-4791-b821-a44ff2225cb3","msg":"Skipping Command pause. Category MUSIC is disabled"}
{"level":20,"time":1711463945288,"pid":29,"hostname":"c0776e54-381a-4791-b821-a44ff2225cb3","msg":"Skipping Command play. Category MUSIC is disabled"}
{"level":20,"time":1711463945290,"pid":29,"hostname":"c0776e54-381a-4791-b821-a44ff2225cb3","msg":"Skipping Command queue. Category MUSIC is disabled"}
{"level":20,"time":1711463945291,"pid":29,"hostname":"c0776e54-381a-4791-b821-a44ff2225cb3","msg":"Skipping Command resume. Category MUSIC is disabled"}
{"level":20,"time":1711463945293,"pid":29,"hostname":"c0776e54-381a-4791-b821-a44ff2225cb3","msg":"Skipping Command search. Category MUSIC is disabled"}
{"level":20,"time":1711463945295,"pid":29,"hostname":"c0776e54-381a-4791-b821-a44ff2225cb3","msg":"Skipping Command seek. Category MUSIC is disabled"}
{"level":20,"time":1711463945296,"pid":29,"hostname":"c0776e54-381a-4791-b821-a44ff2225cb3","msg":"Skipping Command shuffle. Category MUSIC is disabled"}
{"level":20,"time":1711463945297,"pid":29,"hostname":"c0776e54-381a-4791-b821-a44ff2225cb3","msg":"Skipping Command skip. Category MUSIC is disabled"}
{"level":20,"time":1711463945298,"pid":29,"hostname":"c0776e54-381a-4791-b821-a44ff2225cb3","msg":"Skipping Command stop. Category MUSIC is disabled"}
{"level":20,"time":1711463945300,"pid":29,"hostname":"c0776e54-381a-4791-b821-a44ff2225cb3","msg":"Skipping Command volume. Category MUSIC is disabled"}
{"level":20,"time":1711463945301,"pid":29,"hostname":"c0776e54-381a-4791-b821-a44ff2225cb3","msg":"Skipping slash command eval. Disabled!"}
{"level":20,"time":1711463945303,"pid":29,"hostname":"c0776e54-381a-4791-b821-a44ff2225cb3","msg":"Skipping slash command leaveserver. Disabled!"}
{"level":20,"time":1711463945304,"pid":29,"hostname":"c0776e54-381a-4791-b821-a44ff2225cb3","msg":"Skipping slash command listservers. Disabled!"}
{"level":30,"time":1711463945395,"pid":29,"hostname":"c0776e54-381a-4791-b821-a44ff2225cb3","msg":"Loaded 88 commands"}
{"level":30,"time":1711463945395,"pid":29,"hostname":"c0776e54-381a-4791-b821-a44ff2225cb3","msg":"Loaded 69 slash commands"}
{"level":30,"time":1711463945396,"pid":29,"hostname":"c0776e54-381a-4791-b821-a44ff2225cb3","msg":"Loading contexts..."}
{"level":30,"time":1711463945398,"pid":29,"hostname":"c0776e54-381a-4791-b821-a44ff2225cb3","msg":"Loaded 0 USER contexts"}
{"level":30,"time":1711463945398,"pid":29,"hostname":"c0776e54-381a-4791-b821-a44ff2225cb3","msg":"Loaded 0 MESSAGE contexts"}
{"level":30,"time":1711463945399,"pid":29,"hostname":"c0776e54-381a-4791-b821-a44ff2225cb3","msg":"Loading events..."}
{"level":30,"time":1711463945594,"pid":29,"hostname":"c0776e54-381a-4791-b821-a44ff2225cb3","msg":"Loaded 15 events. Success (15) Failed (0)"}
{"level":40,"time":1711463946691,"pid":29,"hostname":"c0776e54-381a-4791-b821-a44ff2225cb3","msg":"VersionCheck: 5.5.0 update is available"}
{"level":40,"time":1711463946691,"pid":29,"hostname":"c0776e54-381a-4791-b821-a44ff2225cb3","msg":"download: https://github.com/saiteja-madha/discord-js-bot/releases/latest"}
{"level":30,"time":1711463946692,"pid":29,"hostname":"c0776e54-381a-4791-b821-a44ff2225cb3","msg":"Connecting to MongoDb..."}
{"level":30,"time":1711463947530,"pid":29,"hostname":"c0776e54-381a-4791-b821-a44ff2225cb3","msg":"Mongoose: Database connection established"}
{"level":30,"time":1711463948914,"pid":29,"hostname":"c0776e54-381a-4791-b821-a44ff2225cb3","msg":"Logged in as 𝙷𝚎𝚒𝚖𝚍𝚊𝚕𝚕𝙲𝚘𝚛𝚙#0881! (1164402510451187793)"}
{"level":30,"time":1711463948916,"pid":29,"hostname":"c0776e54-381a-4791-b821-a44ff2225cb3","msg":"Initializing giveaways manager..."}
{"level":30,"time":1711463949317,"pid":29,"hostname":"c0776e54-381a-4791-b821-a44ff2225cb3","msg":"Giveaway Manager initialized"}
{"level":30,"time":1711463949755,"pid":29,"hostname":"c0776e54-381a-4791-b821-a44ff2225cb3","msg":"Successfully registered interactions"}
