{"level":30,"time":1706676515417,"pid":12600,"hostname":"DESKTOP-U62FJDG","msg":"Validation du fichier de configuration et des variables d'environnement"}
{"level":40,"time":1706676515418,"pid":12600,"hostname":"DESKTOP-U62FJDG","msg":"config.js: SUPPORT_SERVER n'est pas fourni"}
{"level":40,"time":1706676515419,"pid":12600,"hostname":"DESKTOP-U62FJDG","msg":"env: STRANGE_API_KEY est manquant. Les commandes d'image ne fonctionneront pas"}
{"level":30,"time":1706676518022,"pid":12600,"hostname":"DESKTOP-U62FJDG","msg":"Loading commands..."}
{"level":20,"time":1706676536710,"pid":12600,"hostname":"DESKTOP-U62FJDG","msg":"Skipping Command filter. Category IMAGE is disabled"}
{"level":20,"time":1706676536717,"pid":12600,"hostname":"DESKTOP-U62FJDG","msg":"Skipping Command generator. Category IMAGE is disabled"}
{"level":20,"time":1706676536719,"pid":12600,"hostname":"DESKTOP-U62FJDG","msg":"Skipping Command overlay. Category IMAGE is disabled"}
{"level":20,"time":1706676536733,"pid":12600,"hostname":"DESKTOP-U62FJDG","msg":"Skipping slash command avatar. Disabled!"}
{"level":20,"time":1706676536735,"pid":12600,"hostname":"DESKTOP-U62FJDG","msg":"Skipping slash command botinvite. Disabled!"}
{"level":20,"time":1706676536739,"pid":12600,"hostname":"DESKTOP-U62FJDG","msg":"Skipping slash command botstats. Disabled!"}
{"level":20,"time":1706676536742,"pid":12600,"hostname":"DESKTOP-U62FJDG","msg":"Skipping slash command channelinfo. Disabled!"}
{"level":20,"time":1706676536744,"pid":12600,"hostname":"DESKTOP-U62FJDG","msg":"Skipping slash command emojiinfo. Disabled!"}
{"level":20,"time":1706676536885,"pid":12600,"hostname":"DESKTOP-U62FJDG","msg":"Skipping slash command guildinfo. Disabled!"}
{"level":20,"time":1706676536887,"pid":12600,"hostname":"DESKTOP-U62FJDG","msg":"Skipping slash command uptime. Disabled!"}
{"level":20,"time":1706676536888,"pid":12600,"hostname":"DESKTOP-U62FJDG","msg":"Skipping slash command userinfo. Disabled!"}
{"level":20,"time":1706676536891,"pid":12600,"hostname":"DESKTOP-U62FJDG","msg":"Skipping command bot. Disabled!"}
{"level":20,"time":1706676536892,"pid":12600,"hostname":"DESKTOP-U62FJDG","msg":"Skipping command info. Disabled!"}
{"level":20,"time":1706676536897,"pid":12600,"hostname":"DESKTOP-U62FJDG","msg":"Skipping Command addinvites. Category INVITE is disabled"}
{"level":20,"time":1706676536898,"pid":12600,"hostname":"DESKTOP-U62FJDG","msg":"Skipping Command invitecodes. Category INVITE is disabled"}
{"level":20,"time":1706676536899,"pid":12600,"hostname":"DESKTOP-U62FJDG","msg":"Skipping Command inviter. Category INVITE is disabled"}
{"level":20,"time":1706676536900,"pid":12600,"hostname":"DESKTOP-U62FJDG","msg":"Skipping Command inviterank. Category INVITE is disabled"}
{"level":20,"time":1706676536901,"pid":12600,"hostname":"DESKTOP-U62FJDG","msg":"Skipping Command inviteranks. Category INVITE is disabled"}
{"level":20,"time":1706676536902,"pid":12600,"hostname":"DESKTOP-U62FJDG","msg":"Skipping Command invites. Category INVITE is disabled"}
{"level":20,"time":1706676536903,"pid":12600,"hostname":"DESKTOP-U62FJDG","msg":"Skipping Command invitesimport. Category INVITE is disabled"}
{"level":20,"time":1706676536904,"pid":12600,"hostname":"DESKTOP-U62FJDG","msg":"Skipping Command invitetracker. Category INVITE is disabled"}
{"level":20,"time":1706676536905,"pid":12600,"hostname":"DESKTOP-U62FJDG","msg":"Skipping Command resetinvites. Category INVITE is disabled"}
{"level":20,"time":1706676536913,"pid":12600,"hostname":"DESKTOP-U62FJDG","msg":"Skipping slash command deafen. Disabled!"}
{"level":20,"time":1706676536915,"pid":12600,"hostname":"DESKTOP-U62FJDG","msg":"Skipping slash command disconnect. Disabled!"}
{"level":20,"time":1706676536918,"pid":12600,"hostname":"DESKTOP-U62FJDG","msg":"Skipping slash command move. Disabled!"}
{"level":20,"time":1706676536919,"pid":12600,"hostname":"DESKTOP-U62FJDG","msg":"Skipping slash command purge. Disabled!"}
{"level":20,"time":1706676536920,"pid":12600,"hostname":"DESKTOP-U62FJDG","msg":"Skipping slash command purgeattach. Disabled!"}
{"level":20,"time":1706676536921,"pid":12600,"hostname":"DESKTOP-U62FJDG","msg":"Skipping slash command purgebots. Disabled!"}
{"level":20,"time":1706676536922,"pid":12600,"hostname":"DESKTOP-U62FJDG","msg":"Skipping slash command purgelinks. Disabled!"}
{"level":20,"time":1706676536923,"pid":12600,"hostname":"DESKTOP-U62FJDG","msg":"Skipping slash command purgetoken. Disabled!"}
{"level":20,"time":1706676536924,"pid":12600,"hostname":"DESKTOP-U62FJDG","msg":"Skipping slash command purgeuser. Disabled!"}
{"level":20,"time":1706676536925,"pid":12600,"hostname":"DESKTOP-U62FJDG","msg":"Skipping slash command undeafen. Disabled!"}
{"level":20,"time":1706676536927,"pid":12600,"hostname":"DESKTOP-U62FJDG","msg":"Skipping slash command vmute. Disabled!"}
{"level":20,"time":1706676536928,"pid":12600,"hostname":"DESKTOP-U62FJDG","msg":"Skipping slash command vunmute. Disabled!"}
{"level":20,"time":1706676536930,"pid":12600,"hostname":"DESKTOP-U62FJDG","msg":"Skipping command purge. Disabled!"}
{"level":20,"time":1706676536932,"pid":12600,"hostname":"DESKTOP-U62FJDG","msg":"Skipping command voice. Disabled!"}
{"level":20,"time":1706676536939,"pid":12600,"hostname":"DESKTOP-U62FJDG","msg":"Skipping Command bassboost. Category MUSIC is disabled"}
{"level":20,"time":1706676536941,"pid":12600,"hostname":"DESKTOP-U62FJDG","msg":"Skipping Command loop. Category MUSIC is disabled"}
{"level":20,"time":1706676536942,"pid":12600,"hostname":"DESKTOP-U62FJDG","msg":"Skipping Command lyric. Category MUSIC is disabled"}
{"level":20,"time":1706676537003,"pid":12600,"hostname":"DESKTOP-U62FJDG","msg":"Skipping Command np. Category MUSIC is disabled"}
{"level":20,"time":1706676537004,"pid":12600,"hostname":"DESKTOP-U62FJDG","msg":"Skipping Command pause. Category MUSIC is disabled"}
{"level":20,"time":1706676537005,"pid":12600,"hostname":"DESKTOP-U62FJDG","msg":"Skipping Command play. Category MUSIC is disabled"}
{"level":20,"time":1706676537006,"pid":12600,"hostname":"DESKTOP-U62FJDG","msg":"Skipping Command queue. Category MUSIC is disabled"}
{"level":20,"time":1706676537007,"pid":12600,"hostname":"DESKTOP-U62FJDG","msg":"Skipping Command resume. Category MUSIC is disabled"}
{"level":20,"time":1706676537008,"pid":12600,"hostname":"DESKTOP-U62FJDG","msg":"Skipping Command search. Category MUSIC is disabled"}
{"level":20,"time":1706676537009,"pid":12600,"hostname":"DESKTOP-U62FJDG","msg":"Skipping Command seek. Category MUSIC is disabled"}
{"level":20,"time":1706676537009,"pid":12600,"hostname":"DESKTOP-U62FJDG","msg":"Skipping Command shuffle. Category MUSIC is disabled"}
{"level":20,"time":1706676537010,"pid":12600,"hostname":"DESKTOP-U62FJDG","msg":"Skipping Command skip. Category MUSIC is disabled"}
{"level":20,"time":1706676537011,"pid":12600,"hostname":"DESKTOP-U62FJDG","msg":"Skipping Command stop. Category MUSIC is disabled"}
{"level":20,"time":1706676537012,"pid":12600,"hostname":"DESKTOP-U62FJDG","msg":"Skipping Command volume. Category MUSIC is disabled"}
{"level":20,"time":1706676537013,"pid":12600,"hostname":"DESKTOP-U62FJDG","msg":"Skipping slash command eval. Disabled!"}
{"level":20,"time":1706676537014,"pid":12600,"hostname":"DESKTOP-U62FJDG","msg":"Skipping slash command leaveserver. Disabled!"}
{"level":20,"time":1706676537015,"pid":12600,"hostname":"DESKTOP-U62FJDG","msg":"Skipping slash command listservers. Disabled!"}
{"level":30,"time":1706676537100,"pid":12600,"hostname":"DESKTOP-U62FJDG","msg":"Loaded 79 commands"}
{"level":30,"time":1706676537100,"pid":12600,"hostname":"DESKTOP-U62FJDG","msg":"Loaded 60 slash commands"}
{"level":30,"time":1706676537100,"pid":12600,"hostname":"DESKTOP-U62FJDG","msg":"Loading contexts..."}
{"level":30,"time":1706676537103,"pid":12600,"hostname":"DESKTOP-U62FJDG","msg":"Loaded 0 USER contexts"}
{"level":30,"time":1706676537103,"pid":12600,"hostname":"DESKTOP-U62FJDG","msg":"Loaded 0 MESSAGE contexts"}
{"level":30,"time":1706676537103,"pid":12600,"hostname":"DESKTOP-U62FJDG","msg":"Loading events..."}
{"level":30,"time":1706676537175,"pid":12600,"hostname":"DESKTOP-U62FJDG","msg":"Loaded 15 events. Success (15) Failed (0)"}
{"level":30,"time":1706676538014,"pid":12600,"hostname":"DESKTOP-U62FJDG","msg":"VersionCheck: Your discord bot is up to date"}
{"level":30,"time":1706676538014,"pid":12600,"hostname":"DESKTOP-U62FJDG","msg":"Launching dashboard"}
{"level":30,"time":1706676540872,"pid":12600,"hostname":"DESKTOP-U62FJDG","msg":"Connecting to MongoDb..."}
{"level":30,"time":1706676542047,"pid":12600,"hostname":"DESKTOP-U62FJDG","msg":"Mongoose: Database connection established"}
{"level":30,"time":1706676542551,"pid":12600,"hostname":"DESKTOP-U62FJDG","msg":"Dashboard is listening on port 8080"}
{"level":30,"time":1706676548935,"pid":12600,"hostname":"DESKTOP-U62FJDG","msg":"Logged in as HeimdallCorp#0881! (1164402510451187793)"}
{"level":30,"time":1706676548935,"pid":12600,"hostname":"DESKTOP-U62FJDG","msg":"Initializing giveaways manager..."}
{"level":30,"time":1706676549152,"pid":12600,"hostname":"DESKTOP-U62FJDG","msg":"Giveaway Manager initialized"}
{"level":30,"time":1706676549593,"pid":12600,"hostname":"DESKTOP-U62FJDG","msg":"Interactions enregistrées avec succès"}
{"level":50,"time":1706676579004,"pid":12600,"hostname":"DESKTOP-U62FJDG","err":{"type":"ValidationError","message":"suggestions validation failed: status: `REFUSÉ` is not a valid enum value for path `status`., status_updates.0.status: `REFUSÉ` is not a valid enum value for path `status`.","stack":"ValidationError: suggestions validation failed: status: `REFUSÉ` is not a valid enum value for path `status`., status_updates.0.status: `REFUSÉ` is not a valid enum value for path `status`.\n    at Document.invalidate (C:\\Users\\Noah\\Desktop\\discord-js-bot\\node_modules\\mongoose\\lib\\document.js:3186:32)\n    at C:\\Users\\Noah\\Desktop\\discord-js-bot\\node_modules\\mongoose\\lib\\document.js:2979:17\n    at C:\\Users\\Noah\\Desktop\\discord-js-bot\\node_modules\\mongoose\\lib\\schematype.js:1368:9\n    at process.processTicksAndRejections (node:internal/process/task_queues:77:11)","errors":{"status":{"name":"ValidatorError","message":"`REFUSÉ` is not a valid enum value for path `status`.","properties":{"message":"`REFUSÉ` is not a valid enum value for path `status`.","type":"enum","enumValues":["PENDING","APPROVED","REJECTED","DELETED"],"path":"status","value":"REFUSÉ"},"kind":"enum","path":"status","value":"REFUSÉ"},"status_updates.0.status":{"name":"ValidatorError","message":"`REFUSÉ` is not a valid enum value for path `status`.","properties":{"message":"`REFUSÉ` is not a valid enum value for path `status`.","type":"enum","enumValues":["APPROVED","REJECTED","DELETED"],"path":"status","value":"REFUSÉ"},"kind":"enum","path":"status","value":"REFUSÉ"}},"_message":"suggestions validation failed"},"msg":"rejectSuggestion: suggestions validation failed: status: `REFUSÉ` is not a valid enum value for path `status`., status_updates.0.status: `REFUSÉ` is not a valid enum value for path `status`."}
{"level":50,"time":1706676596017,"pid":12600,"hostname":"DESKTOP-U62FJDG","err":{"type":"ValidationError","message":"suggestions validation failed: status: `APPROUVÉE` is not a valid enum value for path `status`., status_updates.0.status: `APPROUVÉE` is not a valid enum value for path `status`.","stack":"ValidationError: suggestions validation failed: status: `APPROUVÉE` is not a valid enum value for path `status`., status_updates.0.status: `APPROUVÉE` is not a valid enum value for path `status`.\n    at Document.invalidate (C:\\Users\\Noah\\Desktop\\discord-js-bot\\node_modules\\mongoose\\lib\\document.js:3186:32)\n    at C:\\Users\\Noah\\Desktop\\discord-js-bot\\node_modules\\mongoose\\lib\\document.js:2979:17\n    at C:\\Users\\Noah\\Desktop\\discord-js-bot\\node_modules\\mongoose\\lib\\schematype.js:1368:9\n    at process.processTicksAndRejections (node:internal/process/task_queues:77:11)","errors":{"status":{"name":"ValidatorError","message":"`APPROUVÉE` is not a valid enum value for path `status`.","properties":{"message":"`APPROUVÉE` is not a valid enum value for path `status`.","type":"enum","enumValues":["PENDING","APPROVED","REJECTED","DELETED"],"path":"status","value":"APPROUVÉE"},"kind":"enum","path":"status","value":"APPROUVÉE"},"status_updates.0.status":{"name":"ValidatorError","message":"`APPROUVÉE` is not a valid enum value for path `status`.","properties":{"message":"`APPROUVÉE` is not a valid enum value for path `status`.","type":"enum","enumValues":["APPROVED","REJECTED","DELETED"],"path":"status","value":"APPROUVÉE"},"kind":"enum","path":"status","value":"APPROUVÉE"}},"_message":"suggestions validation failed"},"msg":"approveSuggestion: suggestions validation failed: status: `APPROUVÉE` is not a valid enum value for path `status`., status_updates.0.status: `APPROUVÉE` is not a valid enum value for path `status`."}
