{"level":30,"time":1716958588227,"pid":34,"hostname":"f6af1c7b-7980-45b8-b40b-aff131c6921a","msg":"Validation du fichier de configuration et des variables d'environnement"}
{"level":50,"time":1716958588228,"pid":34,"hostname":"f6af1c7b-7980-45b8-b40b-aff131c6921a","msg":"env : BOT_TOKEN ne peut pas être vide"}
{"level":30,"time":1716958598479,"pid":33,"hostname":"f6af1c7b-7980-45b8-b40b-aff131c6921a","msg":"Validation du fichier de configuration et des variables d'environnement"}
{"level":50,"time":1716958598481,"pid":33,"hostname":"f6af1c7b-7980-45b8-b40b-aff131c6921a","msg":"env : BOT_TOKEN ne peut pas être vide"}
{"level":30,"time":1716989969332,"pid":34,"hostname":"f6af1c7b-7980-45b8-b40b-aff131c6921a","msg":"Validation du fichier de configuration et des variables d'environnement"}
{"level":40,"time":1716989969334,"pid":34,"hostname":"f6af1c7b-7980-45b8-b40b-aff131c6921a","msg":"env: STRANGE_API_KEY est manquant. Les commandes d'image ne fonctionneront pas"}
{"level":30,"time":1716989969402,"pid":34,"hostname":"f6af1c7b-7980-45b8-b40b-aff131c6921a","msg":"Loading commands..."}
{"level":20,"time":1716989970303,"pid":34,"hostname":"f6af1c7b-7980-45b8-b40b-aff131c6921a","msg":"Skipping Command filter. Category IMAGE is disabled"}
{"level":20,"time":1716989970305,"pid":34,"hostname":"f6af1c7b-7980-45b8-b40b-aff131c6921a","msg":"Skipping Command generator. Category IMAGE is disabled"}
{"level":20,"time":1716989970307,"pid":34,"hostname":"f6af1c7b-7980-45b8-b40b-aff131c6921a","msg":"Skipping Command overlay. Category IMAGE is disabled"}
{"level":20,"time":1716989970319,"pid":34,"hostname":"f6af1c7b-7980-45b8-b40b-aff131c6921a","msg":"Skipping slash command avatar. Disabled!"}
{"level":20,"time":1716989970322,"pid":34,"hostname":"f6af1c7b-7980-45b8-b40b-aff131c6921a","msg":"Skipping slash command botinvite. Disabled!"}
{"level":20,"time":1716989970326,"pid":34,"hostname":"f6af1c7b-7980-45b8-b40b-aff131c6921a","msg":"Skipping slash command botstats. Disabled!"}
{"level":20,"time":1716989970330,"pid":34,"hostname":"f6af1c7b-7980-45b8-b40b-aff131c6921a","msg":"Skipping slash command channelinfo. Disabled!"}
{"level":20,"time":1716989970333,"pid":34,"hostname":"f6af1c7b-7980-45b8-b40b-aff131c6921a","msg":"Skipping slash command emojiinfo. Disabled!"}
{"level":20,"time":1716989970360,"pid":34,"hostname":"f6af1c7b-7980-45b8-b40b-aff131c6921a","msg":"Skipping slash command guildinfo. Disabled!"}
{"level":20,"time":1716989970362,"pid":34,"hostname":"f6af1c7b-7980-45b8-b40b-aff131c6921a","msg":"Skipping slash command uptime. Disabled!"}
{"level":20,"time":1716989970366,"pid":34,"hostname":"f6af1c7b-7980-45b8-b40b-aff131c6921a","msg":"Skipping slash command userinfo. Disabled!"}
{"level":20,"time":1716989970370,"pid":34,"hostname":"f6af1c7b-7980-45b8-b40b-aff131c6921a","msg":"Skipping command bot. Disabled!"}
{"level":20,"time":1716989970373,"pid":34,"hostname":"f6af1c7b-7980-45b8-b40b-aff131c6921a","msg":"Skipping command info. Disabled!"}
{"level":20,"time":1716989970397,"pid":34,"hostname":"f6af1c7b-7980-45b8-b40b-aff131c6921a","msg":"Skipping slash command deafen. Disabled!"}
{"level":20,"time":1716989970400,"pid":34,"hostname":"f6af1c7b-7980-45b8-b40b-aff131c6921a","msg":"Skipping slash command disconnect. Disabled!"}
{"level":20,"time":1716989970403,"pid":34,"hostname":"f6af1c7b-7980-45b8-b40b-aff131c6921a","msg":"Skipping slash command move. Disabled!"}
{"level":20,"time":1716989970404,"pid":34,"hostname":"f6af1c7b-7980-45b8-b40b-aff131c6921a","msg":"Skipping slash command purge. Disabled!"}
{"level":20,"time":1716989970405,"pid":34,"hostname":"f6af1c7b-7980-45b8-b40b-aff131c6921a","msg":"Skipping slash command purgeattach. Disabled!"}
{"level":20,"time":1716989970407,"pid":34,"hostname":"f6af1c7b-7980-45b8-b40b-aff131c6921a","msg":"Skipping slash command purgebots. Disabled!"}
{"level":20,"time":1716989970409,"pid":34,"hostname":"f6af1c7b-7980-45b8-b40b-aff131c6921a","msg":"Skipping slash command purgelinks. Disabled!"}
{"level":20,"time":1716989970410,"pid":34,"hostname":"f6af1c7b-7980-45b8-b40b-aff131c6921a","msg":"Skipping slash command purgetoken. Disabled!"}
{"level":20,"time":1716989970412,"pid":34,"hostname":"f6af1c7b-7980-45b8-b40b-aff131c6921a","msg":"Skipping slash command purgeuser. Disabled!"}
{"level":20,"time":1716989970415,"pid":34,"hostname":"f6af1c7b-7980-45b8-b40b-aff131c6921a","msg":"Skipping slash command undeafen. Disabled!"}
{"level":20,"time":1716989970417,"pid":34,"hostname":"f6af1c7b-7980-45b8-b40b-aff131c6921a","msg":"Skipping slash command vmute. Disabled!"}
{"level":20,"time":1716989970420,"pid":34,"hostname":"f6af1c7b-7980-45b8-b40b-aff131c6921a","msg":"Skipping slash command vunmute. Disabled!"}
{"level":20,"time":1716989970424,"pid":34,"hostname":"f6af1c7b-7980-45b8-b40b-aff131c6921a","msg":"Skipping command purge. Disabled!"}
{"level":20,"time":1716989970427,"pid":34,"hostname":"f6af1c7b-7980-45b8-b40b-aff131c6921a","msg":"Skipping command voice. Disabled!"}
{"level":20,"time":1716989970438,"pid":34,"hostname":"f6af1c7b-7980-45b8-b40b-aff131c6921a","msg":"Skipping Command bassboost. Category MUSIC is disabled"}
{"level":20,"time":1716989970443,"pid":34,"hostname":"f6af1c7b-7980-45b8-b40b-aff131c6921a","msg":"Skipping Command loop. Category MUSIC is disabled"}
{"level":20,"time":1716989970444,"pid":34,"hostname":"f6af1c7b-7980-45b8-b40b-aff131c6921a","msg":"Skipping Command lyric. Category MUSIC is disabled"}
{"level":20,"time":1716989970448,"pid":34,"hostname":"f6af1c7b-7980-45b8-b40b-aff131c6921a","msg":"Skipping Command np. Category MUSIC is disabled"}
{"level":20,"time":1716989970449,"pid":34,"hostname":"f6af1c7b-7980-45b8-b40b-aff131c6921a","msg":"Skipping Command pause. Category MUSIC is disabled"}
{"level":20,"time":1716989970452,"pid":34,"hostname":"f6af1c7b-7980-45b8-b40b-aff131c6921a","msg":"Skipping Command play. Category MUSIC is disabled"}
{"level":20,"time":1716989970453,"pid":34,"hostname":"f6af1c7b-7980-45b8-b40b-aff131c6921a","msg":"Skipping Command queue. Category MUSIC is disabled"}
{"level":20,"time":1716989970455,"pid":34,"hostname":"f6af1c7b-7980-45b8-b40b-aff131c6921a","msg":"Skipping Command resume. Category MUSIC is disabled"}
{"level":20,"time":1716989970457,"pid":34,"hostname":"f6af1c7b-7980-45b8-b40b-aff131c6921a","msg":"Skipping Command search. Category MUSIC is disabled"}
{"level":20,"time":1716989970458,"pid":34,"hostname":"f6af1c7b-7980-45b8-b40b-aff131c6921a","msg":"Skipping Command seek. Category MUSIC is disabled"}
{"level":20,"time":1716989970459,"pid":34,"hostname":"f6af1c7b-7980-45b8-b40b-aff131c6921a","msg":"Skipping Command shuffle. Category MUSIC is disabled"}
{"level":20,"time":1716989970461,"pid":34,"hostname":"f6af1c7b-7980-45b8-b40b-aff131c6921a","msg":"Skipping Command skip. Category MUSIC is disabled"}
{"level":20,"time":1716989970462,"pid":34,"hostname":"f6af1c7b-7980-45b8-b40b-aff131c6921a","msg":"Skipping Command stop. Category MUSIC is disabled"}
{"level":20,"time":1716989970464,"pid":34,"hostname":"f6af1c7b-7980-45b8-b40b-aff131c6921a","msg":"Skipping Command volume. Category MUSIC is disabled"}
{"level":20,"time":1716989970466,"pid":34,"hostname":"f6af1c7b-7980-45b8-b40b-aff131c6921a","msg":"Skipping slash command eval. Disabled!"}
{"level":20,"time":1716989970467,"pid":34,"hostname":"f6af1c7b-7980-45b8-b40b-aff131c6921a","msg":"Skipping slash command leaveserver. Disabled!"}
{"level":20,"time":1716989970469,"pid":34,"hostname":"f6af1c7b-7980-45b8-b40b-aff131c6921a","msg":"Skipping slash command listservers. Disabled!"}
{"level":20,"time":1716989970693,"pid":34,"hostname":"f6af1c7b-7980-45b8-b40b-aff131c6921a","msg":"Skipping command link. Disabled!"}
{"level":20,"time":1716989970693,"pid":34,"hostname":"f6af1c7b-7980-45b8-b40b-aff131c6921a","msg":"Skipping slash command link. Disabled!"}
{"level":30,"time":1716989970704,"pid":34,"hostname":"f6af1c7b-7980-45b8-b40b-aff131c6921a","msg":"Loaded 88 commands"}
{"level":30,"time":1716989970704,"pid":34,"hostname":"f6af1c7b-7980-45b8-b40b-aff131c6921a","msg":"Loaded 69 slash commands"}
{"level":30,"time":1716989970705,"pid":34,"hostname":"f6af1c7b-7980-45b8-b40b-aff131c6921a","msg":"Loading contexts..."}
{"level":30,"time":1716989970707,"pid":34,"hostname":"f6af1c7b-7980-45b8-b40b-aff131c6921a","msg":"Loaded 0 USER contexts"}
{"level":30,"time":1716989970707,"pid":34,"hostname":"f6af1c7b-7980-45b8-b40b-aff131c6921a","msg":"Loaded 0 MESSAGE contexts"}
{"level":30,"time":1716989970708,"pid":34,"hostname":"f6af1c7b-7980-45b8-b40b-aff131c6921a","msg":"Loading events..."}
{"level":30,"time":1716989970835,"pid":34,"hostname":"f6af1c7b-7980-45b8-b40b-aff131c6921a","msg":"Loaded 16 events. Success (16) Failed (0)"}
{"level":40,"time":1716989971211,"pid":34,"hostname":"f6af1c7b-7980-45b8-b40b-aff131c6921a","msg":"VersionCheck: 5.5.0 update is available"}
{"level":40,"time":1716989971211,"pid":34,"hostname":"f6af1c7b-7980-45b8-b40b-aff131c6921a","msg":"download: https://github.com/saiteja-madha/discord-js-bot/releases/latest"}
{"level":30,"time":1716989971211,"pid":34,"hostname":"f6af1c7b-7980-45b8-b40b-aff131c6921a","msg":"Lancement du tableau de bord"}
{"level":30,"time":1716989971505,"pid":34,"hostname":"f6af1c7b-7980-45b8-b40b-aff131c6921a","msg":"Connecting to MongoDb..."}
{"level":30,"time":1716989972212,"pid":34,"hostname":"f6af1c7b-7980-45b8-b40b-aff131c6921a","msg":"Mongoose: Database connection established"}
{"level":30,"time":1716989972278,"pid":34,"hostname":"f6af1c7b-7980-45b8-b40b-aff131c6921a","msg":"Le Dashboard fonctionne sous le port 3265"}
{"level":30,"time":1716989978630,"pid":34,"hostname":"f6af1c7b-7980-45b8-b40b-aff131c6921a","msg":"Connecté à VersaLink(BETA)#0390! (1229810158645809253)"}
{"level":30,"time":1716989978630,"pid":34,"hostname":"f6af1c7b-7980-45b8-b40b-aff131c6921a","msg":"Initialisation du système de Giveways..."}
{"level":30,"time":1716989978696,"pid":34,"hostname":"f6af1c7b-7980-45b8-b40b-aff131c6921a","msg":"Gestionaire de Giveways initialisé !"}
{"level":30,"time":1716989979067,"pid":34,"hostname":"f6af1c7b-7980-45b8-b40b-aff131c6921a","msg":"Successfully registered interactions"}
{"level":30,"time":1716990031136,"pid":33,"hostname":"f6af1c7b-7980-45b8-b40b-aff131c6921a","msg":"Validation du fichier de configuration et des variables d'environnement"}
{"level":40,"time":1716990031138,"pid":33,"hostname":"f6af1c7b-7980-45b8-b40b-aff131c6921a","msg":"env: STRANGE_API_KEY est manquant. Les commandes d'image ne fonctionneront pas"}
{"level":30,"time":1716990031196,"pid":33,"hostname":"f6af1c7b-7980-45b8-b40b-aff131c6921a","msg":"Loading commands..."}
{"level":20,"time":1716990031655,"pid":33,"hostname":"f6af1c7b-7980-45b8-b40b-aff131c6921a","msg":"Skipping Command filter. Category IMAGE is disabled"}
{"level":20,"time":1716990031656,"pid":33,"hostname":"f6af1c7b-7980-45b8-b40b-aff131c6921a","msg":"Skipping Command generator. Category IMAGE is disabled"}
{"level":20,"time":1716990031657,"pid":33,"hostname":"f6af1c7b-7980-45b8-b40b-aff131c6921a","msg":"Skipping Command overlay. Category IMAGE is disabled"}
{"level":20,"time":1716990031661,"pid":33,"hostname":"f6af1c7b-7980-45b8-b40b-aff131c6921a","msg":"Skipping slash command avatar. Disabled!"}
{"level":20,"time":1716990031662,"pid":33,"hostname":"f6af1c7b-7980-45b8-b40b-aff131c6921a","msg":"Skipping slash command botinvite. Disabled!"}
{"level":20,"time":1716990031663,"pid":33,"hostname":"f6af1c7b-7980-45b8-b40b-aff131c6921a","msg":"Skipping slash command botstats. Disabled!"}
{"level":20,"time":1716990031665,"pid":33,"hostname":"f6af1c7b-7980-45b8-b40b-aff131c6921a","msg":"Skipping slash command channelinfo. Disabled!"}
{"level":20,"time":1716990031665,"pid":33,"hostname":"f6af1c7b-7980-45b8-b40b-aff131c6921a","msg":"Skipping slash command emojiinfo. Disabled!"}
{"level":20,"time":1716990031677,"pid":33,"hostname":"f6af1c7b-7980-45b8-b40b-aff131c6921a","msg":"Skipping slash command guildinfo. Disabled!"}
{"level":20,"time":1716990031677,"pid":33,"hostname":"f6af1c7b-7980-45b8-b40b-aff131c6921a","msg":"Skipping slash command uptime. Disabled!"}
{"level":20,"time":1716990031678,"pid":33,"hostname":"f6af1c7b-7980-45b8-b40b-aff131c6921a","msg":"Skipping slash command userinfo. Disabled!"}
{"level":20,"time":1716990031680,"pid":33,"hostname":"f6af1c7b-7980-45b8-b40b-aff131c6921a","msg":"Skipping command bot. Disabled!"}
{"level":20,"time":1716990031680,"pid":33,"hostname":"f6af1c7b-7980-45b8-b40b-aff131c6921a","msg":"Skipping command info. Disabled!"}
{"level":20,"time":1716990031688,"pid":33,"hostname":"f6af1c7b-7980-45b8-b40b-aff131c6921a","msg":"Skipping slash command deafen. Disabled!"}
{"level":20,"time":1716990031689,"pid":33,"hostname":"f6af1c7b-7980-45b8-b40b-aff131c6921a","msg":"Skipping slash command disconnect. Disabled!"}
{"level":20,"time":1716990031690,"pid":33,"hostname":"f6af1c7b-7980-45b8-b40b-aff131c6921a","msg":"Skipping slash command move. Disabled!"}
{"level":20,"time":1716990031691,"pid":33,"hostname":"f6af1c7b-7980-45b8-b40b-aff131c6921a","msg":"Skipping slash command purge. Disabled!"}
{"level":20,"time":1716990031691,"pid":33,"hostname":"f6af1c7b-7980-45b8-b40b-aff131c6921a","msg":"Skipping slash command purgeattach. Disabled!"}
{"level":20,"time":1716990031692,"pid":33,"hostname":"f6af1c7b-7980-45b8-b40b-aff131c6921a","msg":"Skipping slash command purgebots. Disabled!"}
{"level":20,"time":1716990031692,"pid":33,"hostname":"f6af1c7b-7980-45b8-b40b-aff131c6921a","msg":"Skipping slash command purgelinks. Disabled!"}
{"level":20,"time":1716990031693,"pid":33,"hostname":"f6af1c7b-7980-45b8-b40b-aff131c6921a","msg":"Skipping slash command purgetoken. Disabled!"}
{"level":20,"time":1716990031693,"pid":33,"hostname":"f6af1c7b-7980-45b8-b40b-aff131c6921a","msg":"Skipping slash command purgeuser. Disabled!"}
{"level":20,"time":1716990031694,"pid":33,"hostname":"f6af1c7b-7980-45b8-b40b-aff131c6921a","msg":"Skipping slash command undeafen. Disabled!"}
{"level":20,"time":1716990031695,"pid":33,"hostname":"f6af1c7b-7980-45b8-b40b-aff131c6921a","msg":"Skipping slash command vmute. Disabled!"}
{"level":20,"time":1716990031696,"pid":33,"hostname":"f6af1c7b-7980-45b8-b40b-aff131c6921a","msg":"Skipping slash command vunmute. Disabled!"}
{"level":20,"time":1716990031697,"pid":33,"hostname":"f6af1c7b-7980-45b8-b40b-aff131c6921a","msg":"Skipping command purge. Disabled!"}
{"level":20,"time":1716990031698,"pid":33,"hostname":"f6af1c7b-7980-45b8-b40b-aff131c6921a","msg":"Skipping command voice. Disabled!"}
{"level":20,"time":1716990031701,"pid":33,"hostname":"f6af1c7b-7980-45b8-b40b-aff131c6921a","msg":"Skipping Command bassboost. Category MUSIC is disabled"}
{"level":20,"time":1716990031703,"pid":33,"hostname":"f6af1c7b-7980-45b8-b40b-aff131c6921a","msg":"Skipping Command loop. Category MUSIC is disabled"}
{"level":20,"time":1716990031703,"pid":33,"hostname":"f6af1c7b-7980-45b8-b40b-aff131c6921a","msg":"Skipping Command lyric. Category MUSIC is disabled"}
{"level":20,"time":1716990031704,"pid":33,"hostname":"f6af1c7b-7980-45b8-b40b-aff131c6921a","msg":"Skipping Command np. Category MUSIC is disabled"}
{"level":20,"time":1716990031705,"pid":33,"hostname":"f6af1c7b-7980-45b8-b40b-aff131c6921a","msg":"Skipping Command pause. Category MUSIC is disabled"}
{"level":20,"time":1716990031706,"pid":33,"hostname":"f6af1c7b-7980-45b8-b40b-aff131c6921a","msg":"Skipping Command play. Category MUSIC is disabled"}
{"level":20,"time":1716990031706,"pid":33,"hostname":"f6af1c7b-7980-45b8-b40b-aff131c6921a","msg":"Skipping Command queue. Category MUSIC is disabled"}
{"level":20,"time":1716990031707,"pid":33,"hostname":"f6af1c7b-7980-45b8-b40b-aff131c6921a","msg":"Skipping Command resume. Category MUSIC is disabled"}
{"level":20,"time":1716990031707,"pid":33,"hostname":"f6af1c7b-7980-45b8-b40b-aff131c6921a","msg":"Skipping Command search. Category MUSIC is disabled"}
{"level":20,"time":1716990031708,"pid":33,"hostname":"f6af1c7b-7980-45b8-b40b-aff131c6921a","msg":"Skipping Command seek. Category MUSIC is disabled"}
{"level":20,"time":1716990031708,"pid":33,"hostname":"f6af1c7b-7980-45b8-b40b-aff131c6921a","msg":"Skipping Command shuffle. Category MUSIC is disabled"}
{"level":20,"time":1716990031709,"pid":33,"hostname":"f6af1c7b-7980-45b8-b40b-aff131c6921a","msg":"Skipping Command skip. Category MUSIC is disabled"}
{"level":20,"time":1716990031709,"pid":33,"hostname":"f6af1c7b-7980-45b8-b40b-aff131c6921a","msg":"Skipping Command stop. Category MUSIC is disabled"}
{"level":20,"time":1716990031710,"pid":33,"hostname":"f6af1c7b-7980-45b8-b40b-aff131c6921a","msg":"Skipping Command volume. Category MUSIC is disabled"}
{"level":20,"time":1716990031710,"pid":33,"hostname":"f6af1c7b-7980-45b8-b40b-aff131c6921a","msg":"Skipping slash command eval. Disabled!"}
{"level":20,"time":1716990031711,"pid":33,"hostname":"f6af1c7b-7980-45b8-b40b-aff131c6921a","msg":"Skipping slash command leaveserver. Disabled!"}
{"level":20,"time":1716990031711,"pid":33,"hostname":"f6af1c7b-7980-45b8-b40b-aff131c6921a","msg":"Skipping slash command listservers. Disabled!"}
{"level":20,"time":1716990031849,"pid":33,"hostname":"f6af1c7b-7980-45b8-b40b-aff131c6921a","msg":"Skipping command link. Disabled!"}
{"level":20,"time":1716990031849,"pid":33,"hostname":"f6af1c7b-7980-45b8-b40b-aff131c6921a","msg":"Skipping slash command link. Disabled!"}
{"level":30,"time":1716990031857,"pid":33,"hostname":"f6af1c7b-7980-45b8-b40b-aff131c6921a","msg":"Loaded 88 commands"}
{"level":30,"time":1716990031858,"pid":33,"hostname":"f6af1c7b-7980-45b8-b40b-aff131c6921a","msg":"Loaded 69 slash commands"}
{"level":30,"time":1716990031858,"pid":33,"hostname":"f6af1c7b-7980-45b8-b40b-aff131c6921a","msg":"Loading contexts..."}
{"level":30,"time":1716990031861,"pid":33,"hostname":"f6af1c7b-7980-45b8-b40b-aff131c6921a","msg":"Loaded 0 USER contexts"}
{"level":30,"time":1716990031861,"pid":33,"hostname":"f6af1c7b-7980-45b8-b40b-aff131c6921a","msg":"Loaded 0 MESSAGE contexts"}
{"level":30,"time":1716990031861,"pid":33,"hostname":"f6af1c7b-7980-45b8-b40b-aff131c6921a","msg":"Loading events..."}
{"level":30,"time":1716990031930,"pid":33,"hostname":"f6af1c7b-7980-45b8-b40b-aff131c6921a","msg":"Loaded 16 events. Success (16) Failed (0)"}
{"level":40,"time":1716990032254,"pid":33,"hostname":"f6af1c7b-7980-45b8-b40b-aff131c6921a","msg":"VersionCheck: 5.5.0 update is available"}
{"level":40,"time":1716990032254,"pid":33,"hostname":"f6af1c7b-7980-45b8-b40b-aff131c6921a","msg":"download: https://github.com/saiteja-madha/discord-js-bot/releases/latest"}
{"level":30,"time":1716990032254,"pid":33,"hostname":"f6af1c7b-7980-45b8-b40b-aff131c6921a","msg":"Lancement du tableau de bord"}
{"level":30,"time":1716990032423,"pid":33,"hostname":"f6af1c7b-7980-45b8-b40b-aff131c6921a","msg":"Connecting to MongoDb..."}
{"level":30,"time":1716990033035,"pid":33,"hostname":"f6af1c7b-7980-45b8-b40b-aff131c6921a","msg":"Mongoose: Database connection established"}
{"level":30,"time":1716990033087,"pid":33,"hostname":"f6af1c7b-7980-45b8-b40b-aff131c6921a","msg":"Le Dashboard fonctionne sous le port 4577"}
{"level":30,"time":1716990034052,"pid":33,"hostname":"f6af1c7b-7980-45b8-b40b-aff131c6921a","msg":"Connecté à VersaLink(BETA)#0390! (1229810158645809253)"}
{"level":30,"time":1716990034052,"pid":33,"hostname":"f6af1c7b-7980-45b8-b40b-aff131c6921a","msg":"Initialisation du système de Giveways..."}
{"level":30,"time":1716990034114,"pid":33,"hostname":"f6af1c7b-7980-45b8-b40b-aff131c6921a","msg":"Gestionaire de Giveways initialisé !"}
{"level":30,"time":1716990034485,"pid":33,"hostname":"f6af1c7b-7980-45b8-b40b-aff131c6921a","msg":"Successfully registered interactions"}
{"level":50,"time":1716991372743,"pid":33,"hostname":"f6af1c7b-7980-45b8-b40b-aff131c6921a","err":{"type":"DiscordAPIError","message":"Unknown Message","stack":"DiscordAPIError[10008]: Unknown Message\n    at handleErrors (/home/container/node_modules/@discordjs/rest/src/lib/handlers/Shared.ts:152:10)\n    at processTicksAndRejections (node:internal/process/task_queues:95:5)\n    at async SequentialHandler.runRequest (/home/container/node_modules/@discordjs/rest/src/lib/handlers/SequentialHandler.ts:399:20)\n    at async SequentialHandler.queueRequest (/home/container/node_modules/@discordjs/rest/src/lib/handlers/SequentialHandler.ts:169:11)\n    at async REST.request (/home/container/node_modules/@discordjs/rest/src/lib/REST.ts:343:20)\n    at async MessageManager.edit (/home/container/node_modules/discord.js/src/managers/MessageManager.js:176:15)","requestBody":{"files":[],"json":{"tts":false,"components":[],"flags":0}},"rawError":{"message":"Unknown Message","code":10008},"code":10008,"status":404,"method":"PATCH","url":"https://discord.com/api/v10/channels/1245025297280274463/messages/1245375404290609276"},"msg":"Unhandled exception: Unknown Message"}
{"level":50,"time":1717007223660,"pid":33,"hostname":"f6af1c7b-7980-45b8-b40b-aff131c6921a","err":{"type":"MongoServerSelectionError","message":"getaddrinfo EAI_AGAIN ac-9loqot0-shard-00-00.edphqgj.mongodb.net","stack":"MongoServerSelectionError: getaddrinfo EAI_AGAIN ac-9loqot0-shard-00-00.edphqgj.mongodb.net\n    at Timeout._onTimeout (/home/container/node_modules/mongodb/src/sdam/topology.ts:567:30)\n    at listOnTimeout (node:internal/timers:573:17)\n    at processTimers (node:internal/timers:514:7)","reason":{"type":"ReplicaSetNoPrimary","servers":{},"stale":false,"compatible":true,"heartbeatFrequencyMS":10000,"localThresholdMS":15,"setName":"atlas-5jecz8-shard-0","maxElectionId":"7fffffff00000000000000ac","maxSetVersion":6,"commonWireVersion":0,"logicalSessionTimeoutMinutes":null}},"msg":"Unhandled exception: getaddrinfo EAI_AGAIN ac-9loqot0-shard-00-00.edphqgj.mongodb.net"}
{"level":50,"time":1717007283654,"pid":33,"hostname":"f6af1c7b-7980-45b8-b40b-aff131c6921a","err":{"type":"MongoServerSelectionError","message":"connection timed out","stack":"MongoServerSelectionError: connection timed out\n    at Timeout._onTimeout (/home/container/node_modules/mongodb/src/sdam/topology.ts:567:30)\n    at listOnTimeout (node:internal/timers:573:17)\n    at processTimers (node:internal/timers:514:7)","reason":{"type":"ReplicaSetNoPrimary","servers":{},"stale":false,"compatible":true,"heartbeatFrequencyMS":10000,"localThresholdMS":15,"setName":"atlas-5jecz8-shard-0","maxElectionId":"7fffffff00000000000000ac","maxSetVersion":6,"commonWireVersion":0,"logicalSessionTimeoutMinutes":null}},"msg":"Unhandled exception: connection timed out"}
{"level":50,"time":1717007523657,"pid":33,"hostname":"f6af1c7b-7980-45b8-b40b-aff131c6921a","err":{"type":"MongoServerSelectionError","message":"connection timed out","stack":"MongoServerSelectionError: connection timed out\n    at Timeout._onTimeout (/home/container/node_modules/mongodb/src/sdam/topology.ts:567:30)\n    at listOnTimeout (node:internal/timers:573:17)\n    at processTimers (node:internal/timers:514:7)","reason":{"type":"ReplicaSetNoPrimary","servers":{},"stale":false,"compatible":true,"heartbeatFrequencyMS":10000,"localThresholdMS":15,"setName":"atlas-5jecz8-shard-0","maxElectionId":"7fffffff00000000000000ac","maxSetVersion":6,"commonWireVersion":0,"logicalSessionTimeoutMinutes":30}},"msg":"Unhandled exception: connection timed out"}
{"level":50,"time":1717007583665,"pid":33,"hostname":"f6af1c7b-7980-45b8-b40b-aff131c6921a","err":{"type":"MongoServerSelectionError","message":"connection <monitor> to 52.47.197.12:27017 timed out","stack":"MongoServerSelectionError: connection <monitor> to 52.47.197.12:27017 timed out\n    at Timeout._onTimeout (/home/container/node_modules/mongodb/src/sdam/topology.ts:567:30)\n    at listOnTimeout (node:internal/timers:573:17)\n    at processTimers (node:internal/timers:514:7)","reason":{"type":"ReplicaSetNoPrimary","servers":{},"stale":false,"compatible":true,"heartbeatFrequencyMS":10000,"localThresholdMS":15,"setName":"atlas-5jecz8-shard-0","maxElectionId":"7fffffff00000000000000ac","maxSetVersion":6,"commonWireVersion":0,"logicalSessionTimeoutMinutes":null}},"msg":"Unhandled exception: connection <monitor> to 52.47.197.12:27017 timed out"}
{"level":50,"time":1717007643669,"pid":33,"hostname":"f6af1c7b-7980-45b8-b40b-aff131c6921a","err":{"type":"MongoServerSelectionError","message":"connection timed out","stack":"MongoServerSelectionError: connection timed out\n    at Timeout._onTimeout (/home/container/node_modules/mongodb/src/sdam/topology.ts:567:30)\n    at listOnTimeout (node:internal/timers:573:17)\n    at processTimers (node:internal/timers:514:7)","reason":{"type":"ReplicaSetNoPrimary","servers":{},"stale":false,"compatible":true,"heartbeatFrequencyMS":10000,"localThresholdMS":15,"setName":"atlas-5jecz8-shard-0","maxElectionId":"7fffffff00000000000000ac","maxSetVersion":6,"commonWireVersion":0,"logicalSessionTimeoutMinutes":null}},"msg":"Unhandled exception: connection timed out"}
{"level":50,"time":1717007703671,"pid":33,"hostname":"f6af1c7b-7980-45b8-b40b-aff131c6921a","err":{"type":"MongoServerSelectionError","message":"connection timed out","stack":"MongoServerSelectionError: connection timed out\n    at Timeout._onTimeout (/home/container/node_modules/mongodb/src/sdam/topology.ts:567:30)\n    at listOnTimeout (node:internal/timers:573:17)\n    at processTimers (node:internal/timers:514:7)","reason":{"type":"ReplicaSetNoPrimary","servers":{},"stale":false,"compatible":true,"heartbeatFrequencyMS":10000,"localThresholdMS":15,"setName":"atlas-5jecz8-shard-0","maxElectionId":"7fffffff00000000000000ac","maxSetVersion":6,"commonWireVersion":0,"logicalSessionTimeoutMinutes":null}},"msg":"Unhandled exception: connection timed out"}
{"level":50,"time":1717007763671,"pid":33,"hostname":"f6af1c7b-7980-45b8-b40b-aff131c6921a","err":{"type":"MongoServerSelectionError","message":"connection timed out","stack":"MongoServerSelectionError: connection timed out\n    at Timeout._onTimeout (/home/container/node_modules/mongodb/src/sdam/topology.ts:567:30)\n    at listOnTimeout (node:internal/timers:573:17)\n    at processTimers (node:internal/timers:514:7)","reason":{"type":"ReplicaSetNoPrimary","servers":{},"stale":false,"compatible":true,"heartbeatFrequencyMS":10000,"localThresholdMS":15,"setName":"atlas-5jecz8-shard-0","maxElectionId":"7fffffff00000000000000ac","maxSetVersion":6,"commonWireVersion":0,"logicalSessionTimeoutMinutes":null}},"msg":"Unhandled exception: connection timed out"}
{"level":50,"time":1717007823671,"pid":33,"hostname":"f6af1c7b-7980-45b8-b40b-aff131c6921a","err":{"type":"MongoServerSelectionError","message":"connection timed out","stack":"MongoServerSelectionError: connection timed out\n    at Timeout._onTimeout (/home/container/node_modules/mongodb/src/sdam/topology.ts:567:30)\n    at listOnTimeout (node:internal/timers:573:17)\n    at processTimers (node:internal/timers:514:7)","reason":{"type":"ReplicaSetNoPrimary","servers":{},"stale":false,"compatible":true,"heartbeatFrequencyMS":10000,"localThresholdMS":15,"setName":"atlas-5jecz8-shard-0","maxElectionId":"7fffffff00000000000000ac","maxSetVersion":6,"commonWireVersion":0,"logicalSessionTimeoutMinutes":null}},"msg":"Unhandled exception: connection timed out"}
{"level":50,"time":1717007883669,"pid":33,"hostname":"f6af1c7b-7980-45b8-b40b-aff131c6921a","err":{"type":"MongoServerSelectionError","message":"connection timed out","stack":"MongoServerSelectionError: connection timed out\n    at Timeout._onTimeout (/home/container/node_modules/mongodb/src/sdam/topology.ts:567:30)\n    at listOnTimeout (node:internal/timers:573:17)\n    at processTimers (node:internal/timers:514:7)","reason":{"type":"ReplicaSetNoPrimary","servers":{},"stale":false,"compatible":true,"heartbeatFrequencyMS":10000,"localThresholdMS":15,"setName":"atlas-5jecz8-shard-0","maxElectionId":"7fffffff00000000000000ac","maxSetVersion":6,"commonWireVersion":0,"logicalSessionTimeoutMinutes":null}},"msg":"Unhandled exception: connection timed out"}
{"level":50,"time":1717007943673,"pid":33,"hostname":"f6af1c7b-7980-45b8-b40b-aff131c6921a","err":{"type":"MongoServerSelectionError","message":"connection timed out","stack":"MongoServerSelectionError: connection timed out\n    at Timeout._onTimeout (/home/container/node_modules/mongodb/src/sdam/topology.ts:567:30)\n    at listOnTimeout (node:internal/timers:573:17)\n    at processTimers (node:internal/timers:514:7)","reason":{"type":"ReplicaSetNoPrimary","servers":{},"stale":false,"compatible":true,"heartbeatFrequencyMS":10000,"localThresholdMS":15,"setName":"atlas-5jecz8-shard-0","maxElectionId":"7fffffff00000000000000ac","maxSetVersion":6,"commonWireVersion":0,"logicalSessionTimeoutMinutes":null}},"msg":"Unhandled exception: connection timed out"}
{"level":50,"time":1717008003673,"pid":33,"hostname":"f6af1c7b-7980-45b8-b40b-aff131c6921a","err":{"type":"MongoServerSelectionError","message":"connection timed out","stack":"MongoServerSelectionError: connection timed out\n    at Timeout._onTimeout (/home/container/node_modules/mongodb/src/sdam/topology.ts:567:30)\n    at listOnTimeout (node:internal/timers:573:17)\n    at processTimers (node:internal/timers:514:7)","reason":{"type":"ReplicaSetNoPrimary","servers":{},"stale":false,"compatible":true,"heartbeatFrequencyMS":10000,"localThresholdMS":15,"setName":"atlas-5jecz8-shard-0","maxElectionId":"7fffffff00000000000000ac","maxSetVersion":6,"commonWireVersion":0,"logicalSessionTimeoutMinutes":null}},"msg":"Unhandled exception: connection timed out"}
{"level":50,"time":1717008063672,"pid":33,"hostname":"f6af1c7b-7980-45b8-b40b-aff131c6921a","err":{"type":"MongoServerSelectionError","message":"connection timed out","stack":"MongoServerSelectionError: connection timed out\n    at Timeout._onTimeout (/home/container/node_modules/mongodb/src/sdam/topology.ts:567:30)\n    at listOnTimeout (node:internal/timers:573:17)\n    at processTimers (node:internal/timers:514:7)","reason":{"type":"ReplicaSetNoPrimary","servers":{},"stale":false,"compatible":true,"heartbeatFrequencyMS":10000,"localThresholdMS":15,"setName":"atlas-5jecz8-shard-0","maxElectionId":"7fffffff00000000000000ac","maxSetVersion":6,"commonWireVersion":0,"logicalSessionTimeoutMinutes":null}},"msg":"Unhandled exception: connection timed out"}
{"level":50,"time":1717008123683,"pid":33,"hostname":"f6af1c7b-7980-45b8-b40b-aff131c6921a","err":{"type":"MongoServerSelectionError","message":"connection timed out","stack":"MongoServerSelectionError: connection timed out\n    at Timeout._onTimeout (/home/container/node_modules/mongodb/src/sdam/topology.ts:567:30)\n    at listOnTimeout (node:internal/timers:573:17)\n    at processTimers (node:internal/timers:514:7)","reason":{"type":"ReplicaSetNoPrimary","servers":{},"stale":false,"compatible":true,"heartbeatFrequencyMS":10000,"localThresholdMS":15,"setName":"atlas-5jecz8-shard-0","maxElectionId":"7fffffff00000000000000ac","maxSetVersion":6,"commonWireVersion":0,"logicalSessionTimeoutMinutes":null}},"msg":"Unhandled exception: connection timed out"}
{"level":50,"time":1717008183680,"pid":33,"hostname":"f6af1c7b-7980-45b8-b40b-aff131c6921a","err":{"type":"MongoServerSelectionError","message":"connection timed out","stack":"MongoServerSelectionError: connection timed out\n    at Timeout._onTimeout (/home/container/node_modules/mongodb/src/sdam/topology.ts:567:30)\n    at listOnTimeout (node:internal/timers:573:17)\n    at processTimers (node:internal/timers:514:7)","reason":{"type":"ReplicaSetNoPrimary","servers":{},"stale":false,"compatible":true,"heartbeatFrequencyMS":10000,"localThresholdMS":15,"setName":"atlas-5jecz8-shard-0","maxElectionId":"7fffffff00000000000000ac","maxSetVersion":6,"commonWireVersion":0,"logicalSessionTimeoutMinutes":null}},"msg":"Unhandled exception: connection timed out"}
{"level":50,"time":1717008243682,"pid":33,"hostname":"f6af1c7b-7980-45b8-b40b-aff131c6921a","err":{"type":"MongoServerSelectionError","message":"connection timed out","stack":"MongoServerSelectionError: connection timed out\n    at Timeout._onTimeout (/home/container/node_modules/mongodb/src/sdam/topology.ts:567:30)\n    at listOnTimeout (node:internal/timers:573:17)\n    at processTimers (node:internal/timers:514:7)","reason":{"type":"ReplicaSetNoPrimary","servers":{},"stale":false,"compatible":true,"heartbeatFrequencyMS":10000,"localThresholdMS":15,"setName":"atlas-5jecz8-shard-0","maxElectionId":"7fffffff00000000000000ac","maxSetVersion":6,"commonWireVersion":0,"logicalSessionTimeoutMinutes":null}},"msg":"Unhandled exception: connection timed out"}
{"level":50,"time":1717008303689,"pid":33,"hostname":"f6af1c7b-7980-45b8-b40b-aff131c6921a","err":{"type":"MongoServerSelectionError","message":"connection timed out","stack":"MongoServerSelectionError: connection timed out\n    at Timeout._onTimeout (/home/container/node_modules/mongodb/src/sdam/topology.ts:567:30)\n    at listOnTimeout (node:internal/timers:573:17)\n    at processTimers (node:internal/timers:514:7)","reason":{"type":"ReplicaSetNoPrimary","servers":{},"stale":false,"compatible":true,"heartbeatFrequencyMS":10000,"localThresholdMS":15,"setName":"atlas-5jecz8-shard-0","maxElectionId":"7fffffff00000000000000ac","maxSetVersion":6,"commonWireVersion":0,"logicalSessionTimeoutMinutes":null}},"msg":"Unhandled exception: connection timed out"}
{"level":50,"time":1717008363699,"pid":33,"hostname":"f6af1c7b-7980-45b8-b40b-aff131c6921a","err":{"type":"MongoServerSelectionError","message":"connection timed out","stack":"MongoServerSelectionError: connection timed out\n    at Timeout._onTimeout (/home/container/node_modules/mongodb/src/sdam/topology.ts:567:30)\n    at listOnTimeout (node:internal/timers:573:17)\n    at processTimers (node:internal/timers:514:7)","reason":{"type":"ReplicaSetNoPrimary","servers":{},"stale":false,"compatible":true,"heartbeatFrequencyMS":10000,"localThresholdMS":15,"setName":"atlas-5jecz8-shard-0","maxElectionId":"7fffffff00000000000000ac","maxSetVersion":6,"commonWireVersion":0,"logicalSessionTimeoutMinutes":null}},"msg":"Unhandled exception: connection timed out"}
{"level":50,"time":1717008423704,"pid":33,"hostname":"f6af1c7b-7980-45b8-b40b-aff131c6921a","err":{"type":"MongoServerSelectionError","message":"connection timed out","stack":"MongoServerSelectionError: connection timed out\n    at Timeout._onTimeout (/home/container/node_modules/mongodb/src/sdam/topology.ts:567:30)\n    at listOnTimeout (node:internal/timers:573:17)\n    at processTimers (node:internal/timers:514:7)","reason":{"type":"ReplicaSetNoPrimary","servers":{},"stale":false,"compatible":true,"heartbeatFrequencyMS":10000,"localThresholdMS":15,"setName":"atlas-5jecz8-shard-0","maxElectionId":"7fffffff00000000000000ac","maxSetVersion":6,"commonWireVersion":0,"logicalSessionTimeoutMinutes":null}},"msg":"Unhandled exception: connection timed out"}
{"level":50,"time":1717008483707,"pid":33,"hostname":"f6af1c7b-7980-45b8-b40b-aff131c6921a","err":{"type":"MongoServerSelectionError","message":"connection timed out","stack":"MongoServerSelectionError: connection timed out\n    at Timeout._onTimeout (/home/container/node_modules/mongodb/src/sdam/topology.ts:567:30)\n    at listOnTimeout (node:internal/timers:573:17)\n    at processTimers (node:internal/timers:514:7)","reason":{"type":"ReplicaSetNoPrimary","servers":{},"stale":false,"compatible":true,"heartbeatFrequencyMS":10000,"localThresholdMS":15,"setName":"atlas-5jecz8-shard-0","maxElectionId":"7fffffff00000000000000ac","maxSetVersion":6,"commonWireVersion":0,"logicalSessionTimeoutMinutes":null}},"msg":"Unhandled exception: connection timed out"}
{"level":50,"time":1717008543717,"pid":33,"hostname":"f6af1c7b-7980-45b8-b40b-aff131c6921a","err":{"type":"MongoServerSelectionError","message":"connection timed out","stack":"MongoServerSelectionError: connection timed out\n    at Timeout._onTimeout (/home/container/node_modules/mongodb/src/sdam/topology.ts:567:30)\n    at listOnTimeout (node:internal/timers:573:17)\n    at processTimers (node:internal/timers:514:7)","reason":{"type":"ReplicaSetNoPrimary","servers":{},"stale":false,"compatible":true,"heartbeatFrequencyMS":10000,"localThresholdMS":15,"setName":"atlas-5jecz8-shard-0","maxElectionId":"7fffffff00000000000000ac","maxSetVersion":6,"commonWireVersion":0,"logicalSessionTimeoutMinutes":null}},"msg":"Unhandled exception: connection timed out"}
{"level":50,"time":1717008603716,"pid":33,"hostname":"f6af1c7b-7980-45b8-b40b-aff131c6921a","err":{"type":"MongoServerSelectionError","message":"connection timed out","stack":"MongoServerSelectionError: connection timed out\n    at Timeout._onTimeout (/home/container/node_modules/mongodb/src/sdam/topology.ts:567:30)\n    at listOnTimeout (node:internal/timers:573:17)\n    at processTimers (node:internal/timers:514:7)","reason":{"type":"ReplicaSetNoPrimary","servers":{},"stale":false,"compatible":true,"heartbeatFrequencyMS":10000,"localThresholdMS":15,"setName":"atlas-5jecz8-shard-0","maxElectionId":"7fffffff00000000000000ac","maxSetVersion":6,"commonWireVersion":0,"logicalSessionTimeoutMinutes":null}},"msg":"Unhandled exception: connection timed out"}
{"level":50,"time":1717008663725,"pid":33,"hostname":"f6af1c7b-7980-45b8-b40b-aff131c6921a","err":{"type":"MongoServerSelectionError","message":"connection timed out","stack":"MongoServerSelectionError: connection timed out\n    at Timeout._onTimeout (/home/container/node_modules/mongodb/src/sdam/topology.ts:567:30)\n    at listOnTimeout (node:internal/timers:573:17)\n    at processTimers (node:internal/timers:514:7)","reason":{"type":"ReplicaSetNoPrimary","servers":{},"stale":false,"compatible":true,"heartbeatFrequencyMS":10000,"localThresholdMS":15,"setName":"atlas-5jecz8-shard-0","maxElectionId":"7fffffff00000000000000ac","maxSetVersion":6,"commonWireVersion":0,"logicalSessionTimeoutMinutes":null}},"msg":"Unhandled exception: connection timed out"}
{"level":50,"time":1717008723726,"pid":33,"hostname":"f6af1c7b-7980-45b8-b40b-aff131c6921a","err":{"type":"MongoServerSelectionError","message":"connection timed out","stack":"MongoServerSelectionError: connection timed out\n    at Timeout._onTimeout (/home/container/node_modules/mongodb/src/sdam/topology.ts:567:30)\n    at listOnTimeout (node:internal/timers:573:17)\n    at processTimers (node:internal/timers:514:7)","reason":{"type":"ReplicaSetNoPrimary","servers":{},"stale":false,"compatible":true,"heartbeatFrequencyMS":10000,"localThresholdMS":15,"setName":"atlas-5jecz8-shard-0","maxElectionId":"7fffffff00000000000000ac","maxSetVersion":6,"commonWireVersion":0,"logicalSessionTimeoutMinutes":null}},"msg":"Unhandled exception: connection timed out"}
{"level":50,"time":1717008783732,"pid":33,"hostname":"f6af1c7b-7980-45b8-b40b-aff131c6921a","err":{"type":"MongoServerSelectionError","message":"connection timed out","stack":"MongoServerSelectionError: connection timed out\n    at Timeout._onTimeout (/home/container/node_modules/mongodb/src/sdam/topology.ts:567:30)\n    at listOnTimeout (node:internal/timers:573:17)\n    at processTimers (node:internal/timers:514:7)","reason":{"type":"ReplicaSetNoPrimary","servers":{},"stale":false,"compatible":true,"heartbeatFrequencyMS":10000,"localThresholdMS":15,"setName":"atlas-5jecz8-shard-0","maxElectionId":"7fffffff00000000000000ac","maxSetVersion":6,"commonWireVersion":0,"logicalSessionTimeoutMinutes":null}},"msg":"Unhandled exception: connection timed out"}
{"level":50,"time":1717008843735,"pid":33,"hostname":"f6af1c7b-7980-45b8-b40b-aff131c6921a","err":{"type":"MongoServerSelectionError","message":"connection timed out","stack":"MongoServerSelectionError: connection timed out\n    at Timeout._onTimeout (/home/container/node_modules/mongodb/src/sdam/topology.ts:567:30)\n    at listOnTimeout (node:internal/timers:573:17)\n    at processTimers (node:internal/timers:514:7)","reason":{"type":"ReplicaSetNoPrimary","servers":{},"stale":false,"compatible":true,"heartbeatFrequencyMS":10000,"localThresholdMS":15,"setName":"atlas-5jecz8-shard-0","maxElectionId":"7fffffff00000000000000ac","maxSetVersion":6,"commonWireVersion":0,"logicalSessionTimeoutMinutes":null}},"msg":"Unhandled exception: connection timed out"}
{"level":50,"time":1717008903734,"pid":33,"hostname":"f6af1c7b-7980-45b8-b40b-aff131c6921a","err":{"type":"MongoServerSelectionError","message":"connection timed out","stack":"MongoServerSelectionError: connection timed out\n    at Timeout._onTimeout (/home/container/node_modules/mongodb/src/sdam/topology.ts:567:30)\n    at listOnTimeout (node:internal/timers:573:17)\n    at processTimers (node:internal/timers:514:7)","reason":{"type":"ReplicaSetNoPrimary","servers":{},"stale":false,"compatible":true,"heartbeatFrequencyMS":10000,"localThresholdMS":15,"setName":"atlas-5jecz8-shard-0","maxElectionId":"7fffffff00000000000000ac","maxSetVersion":6,"commonWireVersion":0,"logicalSessionTimeoutMinutes":null}},"msg":"Unhandled exception: connection timed out"}
{"level":50,"time":1717008963737,"pid":33,"hostname":"f6af1c7b-7980-45b8-b40b-aff131c6921a","err":{"type":"MongoServerSelectionError","message":"connection timed out","stack":"MongoServerSelectionError: connection timed out\n    at Timeout._onTimeout (/home/container/node_modules/mongodb/src/sdam/topology.ts:567:30)\n    at listOnTimeout (node:internal/timers:573:17)\n    at processTimers (node:internal/timers:514:7)","reason":{"type":"ReplicaSetNoPrimary","servers":{},"stale":false,"compatible":true,"heartbeatFrequencyMS":10000,"localThresholdMS":15,"setName":"atlas-5jecz8-shard-0","maxElectionId":"7fffffff00000000000000ac","maxSetVersion":6,"commonWireVersion":0,"logicalSessionTimeoutMinutes":null}},"msg":"Unhandled exception: connection timed out"}
{"level":50,"time":1717009023746,"pid":33,"hostname":"f6af1c7b-7980-45b8-b40b-aff131c6921a","err":{"type":"MongoServerSelectionError","message":"connection timed out","stack":"MongoServerSelectionError: connection timed out\n    at Timeout._onTimeout (/home/container/node_modules/mongodb/src/sdam/topology.ts:567:30)\n    at listOnTimeout (node:internal/timers:573:17)\n    at processTimers (node:internal/timers:514:7)","reason":{"type":"ReplicaSetNoPrimary","servers":{},"stale":false,"compatible":true,"heartbeatFrequencyMS":10000,"localThresholdMS":15,"setName":"atlas-5jecz8-shard-0","maxElectionId":"7fffffff00000000000000ac","maxSetVersion":6,"commonWireVersion":0,"logicalSessionTimeoutMinutes":null}},"msg":"Unhandled exception: connection timed out"}
{"level":50,"time":1717009083750,"pid":33,"hostname":"f6af1c7b-7980-45b8-b40b-aff131c6921a","err":{"type":"MongoServerSelectionError","message":"connection timed out","stack":"MongoServerSelectionError: connection timed out\n    at Timeout._onTimeout (/home/container/node_modules/mongodb/src/sdam/topology.ts:567:30)\n    at listOnTimeout (node:internal/timers:573:17)\n    at processTimers (node:internal/timers:514:7)","reason":{"type":"ReplicaSetNoPrimary","servers":{},"stale":false,"compatible":true,"heartbeatFrequencyMS":10000,"localThresholdMS":15,"setName":"atlas-5jecz8-shard-0","maxElectionId":"7fffffff00000000000000ac","maxSetVersion":6,"commonWireVersion":0,"logicalSessionTimeoutMinutes":null}},"msg":"Unhandled exception: connection timed out"}
{"level":50,"time":1717009143746,"pid":33,"hostname":"f6af1c7b-7980-45b8-b40b-aff131c6921a","err":{"type":"MongoServerSelectionError","message":"connection timed out","stack":"MongoServerSelectionError: connection timed out\n    at Timeout._onTimeout (/home/container/node_modules/mongodb/src/sdam/topology.ts:567:30)\n    at listOnTimeout (node:internal/timers:573:17)\n    at processTimers (node:internal/timers:514:7)","reason":{"type":"ReplicaSetNoPrimary","servers":{},"stale":false,"compatible":true,"heartbeatFrequencyMS":10000,"localThresholdMS":15,"setName":"atlas-5jecz8-shard-0","maxElectionId":"7fffffff00000000000000ac","maxSetVersion":6,"commonWireVersion":0,"logicalSessionTimeoutMinutes":null}},"msg":"Unhandled exception: connection timed out"}
{"level":50,"time":1717009203744,"pid":33,"hostname":"f6af1c7b-7980-45b8-b40b-aff131c6921a","err":{"type":"MongoServerSelectionError","message":"connection timed out","stack":"MongoServerSelectionError: connection timed out\n    at Timeout._onTimeout (/home/container/node_modules/mongodb/src/sdam/topology.ts:567:30)\n    at listOnTimeout (node:internal/timers:573:17)\n    at processTimers (node:internal/timers:514:7)","reason":{"type":"ReplicaSetNoPrimary","servers":{},"stale":false,"compatible":true,"heartbeatFrequencyMS":10000,"localThresholdMS":15,"setName":"atlas-5jecz8-shard-0","maxElectionId":"7fffffff00000000000000ac","maxSetVersion":6,"commonWireVersion":0,"logicalSessionTimeoutMinutes":null}},"msg":"Unhandled exception: connection timed out"}
{"level":50,"time":1717009263747,"pid":33,"hostname":"f6af1c7b-7980-45b8-b40b-aff131c6921a","err":{"type":"MongoServerSelectionError","message":"connection timed out","stack":"MongoServerSelectionError: connection timed out\n    at Timeout._onTimeout (/home/container/node_modules/mongodb/src/sdam/topology.ts:567:30)\n    at listOnTimeout (node:internal/timers:573:17)\n    at processTimers (node:internal/timers:514:7)","reason":{"type":"ReplicaSetNoPrimary","servers":{},"stale":false,"compatible":true,"heartbeatFrequencyMS":10000,"localThresholdMS":15,"setName":"atlas-5jecz8-shard-0","maxElectionId":"7fffffff00000000000000ac","maxSetVersion":6,"commonWireVersion":0,"logicalSessionTimeoutMinutes":null}},"msg":"Unhandled exception: connection timed out"}
{"level":50,"time":1717009346046,"pid":33,"hostname":"f6af1c7b-7980-45b8-b40b-aff131c6921a","err":{"type":"MongoNetworkError","message":"getaddrinfo EAI_AGAIN ac-9loqot0-shard-00-02.edphqgj.mongodb.net: getaddrinfo EAI_AGAIN ac-9loqot0-shard-00-02.edphqgj.mongodb.net","stack":"MongoNetworkError: getaddrinfo EAI_AGAIN ac-9loqot0-shard-00-02.edphqgj.mongodb.net\n    at connectionFailureError (/home/container/node_modules/mongodb/src/cmap/connect.ts:493:14)\n    at TLSSocket.<anonymous> (/home/container/node_modules/mongodb/src/cmap/connect.ts:394:16)\n    at Object.onceWrapper (node:events:628:26)\n    at TLSSocket.emit (node:events:513:28)\n    at TLSSocket.emit (node:domain:489:12)\n    at emitErrorNT (node:internal/streams/destroy:151:8)\n    at emitErrorCloseNT (node:internal/streams/destroy:116:3)\n    at processTicksAndRejections (node:internal/process/task_queues:82:21)\ncaused by: Error: getaddrinfo EAI_AGAIN ac-9loqot0-shard-00-02.edphqgj.mongodb.net\n    at GetAddrInfoReqWrap.onlookup [as oncomplete] (node:dns:107:26)","connectionGeneration":55},"msg":"Unhandled exception: getaddrinfo EAI_AGAIN ac-9loqot0-shard-00-02.edphqgj.mongodb.net"}
{"level":50,"time":1717009383748,"pid":33,"hostname":"f6af1c7b-7980-45b8-b40b-aff131c6921a","err":{"type":"MongoServerSelectionError","message":"getaddrinfo EAI_AGAIN ac-9loqot0-shard-00-00.edphqgj.mongodb.net","stack":"MongoServerSelectionError: getaddrinfo EAI_AGAIN ac-9loqot0-shard-00-00.edphqgj.mongodb.net\n    at Timeout._onTimeout (/home/container/node_modules/mongodb/src/sdam/topology.ts:567:30)\n    at listOnTimeout (node:internal/timers:573:17)\n    at processTimers (node:internal/timers:514:7)","reason":{"type":"ReplicaSetNoPrimary","servers":{},"stale":false,"compatible":true,"heartbeatFrequencyMS":10000,"localThresholdMS":15,"setName":"atlas-5jecz8-shard-0","maxElectionId":"7fffffff00000000000000ac","maxSetVersion":6,"commonWireVersion":0,"logicalSessionTimeoutMinutes":30}},"msg":"Unhandled exception: getaddrinfo EAI_AGAIN ac-9loqot0-shard-00-00.edphqgj.mongodb.net"}
{"level":50,"time":1717009443748,"pid":33,"hostname":"f6af1c7b-7980-45b8-b40b-aff131c6921a","err":{"type":"MongoServerSelectionError","message":"connection timed out","stack":"MongoServerSelectionError: connection timed out\n    at Timeout._onTimeout (/home/container/node_modules/mongodb/src/sdam/topology.ts:567:30)\n    at listOnTimeout (node:internal/timers:573:17)\n    at processTimers (node:internal/timers:514:7)","reason":{"type":"ReplicaSetNoPrimary","servers":{},"stale":false,"compatible":true,"heartbeatFrequencyMS":10000,"localThresholdMS":15,"setName":"atlas-5jecz8-shard-0","maxElectionId":"7fffffff00000000000000ac","maxSetVersion":6,"commonWireVersion":0,"logicalSessionTimeoutMinutes":null}},"msg":"Unhandled exception: connection timed out"}
{"level":50,"time":1717009503747,"pid":33,"hostname":"f6af1c7b-7980-45b8-b40b-aff131c6921a","err":{"type":"MongoServerSelectionError","message":"connection timed out","stack":"MongoServerSelectionError: connection timed out\n    at Timeout._onTimeout (/home/container/node_modules/mongodb/src/sdam/topology.ts:567:30)\n    at listOnTimeout (node:internal/timers:573:17)\n    at processTimers (node:internal/timers:514:7)","reason":{"type":"ReplicaSetNoPrimary","servers":{},"stale":false,"compatible":true,"heartbeatFrequencyMS":10000,"localThresholdMS":15,"setName":"atlas-5jecz8-shard-0","maxElectionId":"7fffffff00000000000000ac","maxSetVersion":6,"commonWireVersion":0,"logicalSessionTimeoutMinutes":null}},"msg":"Unhandled exception: connection timed out"}
{"level":50,"time":1717009563750,"pid":33,"hostname":"f6af1c7b-7980-45b8-b40b-aff131c6921a","err":{"type":"MongoServerSelectionError","message":"connection timed out","stack":"MongoServerSelectionError: connection timed out\n    at Timeout._onTimeout (/home/container/node_modules/mongodb/src/sdam/topology.ts:567:30)\n    at listOnTimeout (node:internal/timers:573:17)\n    at processTimers (node:internal/timers:514:7)","reason":{"type":"ReplicaSetNoPrimary","servers":{},"stale":false,"compatible":true,"heartbeatFrequencyMS":10000,"localThresholdMS":15,"setName":"atlas-5jecz8-shard-0","maxElectionId":"7fffffff00000000000000ac","maxSetVersion":6,"commonWireVersion":0,"logicalSessionTimeoutMinutes":null}},"msg":"Unhandled exception: connection timed out"}
{"level":50,"time":1717009608007,"pid":33,"hostname":"f6af1c7b-7980-45b8-b40b-aff131c6921a","err":{"type":"MongoNetworkError","message":"getaddrinfo EAI_AGAIN ac-9loqot0-shard-00-01.edphqgj.mongodb.net: getaddrinfo EAI_AGAIN ac-9loqot0-shard-00-01.edphqgj.mongodb.net","stack":"MongoNetworkError: getaddrinfo EAI_AGAIN ac-9loqot0-shard-00-01.edphqgj.mongodb.net\n    at connectionFailureError (/home/container/node_modules/mongodb/src/cmap/connect.ts:493:14)\n    at TLSSocket.<anonymous> (/home/container/node_modules/mongodb/src/cmap/connect.ts:394:16)\n    at Object.onceWrapper (node:events:628:26)\n    at TLSSocket.emit (node:events:513:28)\n    at TLSSocket.emit (node:domain:489:12)\n    at emitErrorNT (node:internal/streams/destroy:151:8)\n    at emitErrorCloseNT (node:internal/streams/destroy:116:3)\n    at processTicksAndRejections (node:internal/process/task_queues:82:21)\ncaused by: Error: getaddrinfo EAI_AGAIN ac-9loqot0-shard-00-01.edphqgj.mongodb.net\n    at GetAddrInfoReqWrap.onlookup [as oncomplete] (node:dns:107:26)","connectionGeneration":61},"msg":"Unhandled exception: getaddrinfo EAI_AGAIN ac-9loqot0-shard-00-01.edphqgj.mongodb.net"}
{"level":50,"time":1717009743758,"pid":33,"hostname":"f6af1c7b-7980-45b8-b40b-aff131c6921a","err":{"type":"MongoServerSelectionError","message":"connection <monitor> to 52.47.197.12:27017 timed out","stack":"MongoServerSelectionError: connection <monitor> to 52.47.197.12:27017 timed out\n    at Timeout._onTimeout (/home/container/node_modules/mongodb/src/sdam/topology.ts:567:30)\n    at listOnTimeout (node:internal/timers:573:17)\n    at processTimers (node:internal/timers:514:7)","reason":{"type":"ReplicaSetNoPrimary","servers":{},"stale":false,"compatible":true,"heartbeatFrequencyMS":10000,"localThresholdMS":15,"setName":"atlas-5jecz8-shard-0","maxElectionId":"7fffffff00000000000000ad","maxSetVersion":6,"commonWireVersion":0,"logicalSessionTimeoutMinutes":null}},"msg":"Unhandled exception: connection <monitor> to 52.47.197.12:27017 timed out"}
{"level":50,"time":1717009803761,"pid":33,"hostname":"f6af1c7b-7980-45b8-b40b-aff131c6921a","err":{"type":"MongoServerSelectionError","message":"connection timed out","stack":"MongoServerSelectionError: connection timed out\n    at Timeout._onTimeout (/home/container/node_modules/mongodb/src/sdam/topology.ts:567:30)\n    at listOnTimeout (node:internal/timers:573:17)\n    at processTimers (node:internal/timers:514:7)","reason":{"type":"ReplicaSetNoPrimary","servers":{},"stale":false,"compatible":true,"heartbeatFrequencyMS":10000,"localThresholdMS":15,"setName":"atlas-5jecz8-shard-0","maxElectionId":"7fffffff00000000000000ad","maxSetVersion":6,"commonWireVersion":0,"logicalSessionTimeoutMinutes":null}},"msg":"Unhandled exception: connection timed out"}
{"level":50,"time":1717009863763,"pid":33,"hostname":"f6af1c7b-7980-45b8-b40b-aff131c6921a","err":{"type":"MongoServerSelectionError","message":"connection timed out","stack":"MongoServerSelectionError: connection timed out\n    at Timeout._onTimeout (/home/container/node_modules/mongodb/src/sdam/topology.ts:567:30)\n    at listOnTimeout (node:internal/timers:573:17)\n    at processTimers (node:internal/timers:514:7)","reason":{"type":"ReplicaSetNoPrimary","servers":{},"stale":false,"compatible":true,"heartbeatFrequencyMS":10000,"localThresholdMS":15,"setName":"atlas-5jecz8-shard-0","maxElectionId":"7fffffff00000000000000ad","maxSetVersion":6,"commonWireVersion":0,"logicalSessionTimeoutMinutes":null}},"msg":"Unhandled exception: connection timed out"}
{"level":50,"time":1717009923766,"pid":33,"hostname":"f6af1c7b-7980-45b8-b40b-aff131c6921a","err":{"type":"MongoServerSelectionError","message":"connection timed out","stack":"MongoServerSelectionError: connection timed out\n    at Timeout._onTimeout (/home/container/node_modules/mongodb/src/sdam/topology.ts:567:30)\n    at listOnTimeout (node:internal/timers:573:17)\n    at processTimers (node:internal/timers:514:7)","reason":{"type":"ReplicaSetNoPrimary","servers":{},"stale":false,"compatible":true,"heartbeatFrequencyMS":10000,"localThresholdMS":15,"setName":"atlas-5jecz8-shard-0","maxElectionId":"7fffffff00000000000000ad","maxSetVersion":6,"commonWireVersion":0,"logicalSessionTimeoutMinutes":null}},"msg":"Unhandled exception: connection timed out"}
{"level":50,"time":1717009983770,"pid":33,"hostname":"f6af1c7b-7980-45b8-b40b-aff131c6921a","err":{"type":"MongoServerSelectionError","message":"connection timed out","stack":"MongoServerSelectionError: connection timed out\n    at Timeout._onTimeout (/home/container/node_modules/mongodb/src/sdam/topology.ts:567:30)\n    at listOnTimeout (node:internal/timers:573:17)\n    at processTimers (node:internal/timers:514:7)","reason":{"type":"ReplicaSetNoPrimary","servers":{},"stale":false,"compatible":true,"heartbeatFrequencyMS":10000,"localThresholdMS":15,"setName":"atlas-5jecz8-shard-0","maxElectionId":"7fffffff00000000000000ad","maxSetVersion":6,"commonWireVersion":0,"logicalSessionTimeoutMinutes":null}},"msg":"Unhandled exception: connection timed out"}
{"level":50,"time":1717010043773,"pid":33,"hostname":"f6af1c7b-7980-45b8-b40b-aff131c6921a","err":{"type":"MongoServerSelectionError","message":"connection timed out","stack":"MongoServerSelectionError: connection timed out\n    at Timeout._onTimeout (/home/container/node_modules/mongodb/src/sdam/topology.ts:567:30)\n    at listOnTimeout (node:internal/timers:573:17)\n    at processTimers (node:internal/timers:514:7)","reason":{"type":"ReplicaSetNoPrimary","servers":{},"stale":false,"compatible":true,"heartbeatFrequencyMS":10000,"localThresholdMS":15,"setName":"atlas-5jecz8-shard-0","maxElectionId":"7fffffff00000000000000ad","maxSetVersion":6,"commonWireVersion":0,"logicalSessionTimeoutMinutes":null}},"msg":"Unhandled exception: connection timed out"}
{"level":50,"time":1717010103776,"pid":33,"hostname":"f6af1c7b-7980-45b8-b40b-aff131c6921a","err":{"type":"MongoServerSelectionError","message":"connection timed out","stack":"MongoServerSelectionError: connection timed out\n    at Timeout._onTimeout (/home/container/node_modules/mongodb/src/sdam/topology.ts:567:30)\n    at listOnTimeout (node:internal/timers:573:17)\n    at processTimers (node:internal/timers:514:7)","reason":{"type":"ReplicaSetNoPrimary","servers":{},"stale":false,"compatible":true,"heartbeatFrequencyMS":10000,"localThresholdMS":15,"setName":"atlas-5jecz8-shard-0","maxElectionId":"7fffffff00000000000000ad","maxSetVersion":6,"commonWireVersion":0,"logicalSessionTimeoutMinutes":null}},"msg":"Unhandled exception: connection timed out"}
{"level":50,"time":1717010163781,"pid":33,"hostname":"f6af1c7b-7980-45b8-b40b-aff131c6921a","err":{"type":"MongoServerSelectionError","message":"connection timed out","stack":"MongoServerSelectionError: connection timed out\n    at Timeout._onTimeout (/home/container/node_modules/mongodb/src/sdam/topology.ts:567:30)\n    at listOnTimeout (node:internal/timers:573:17)\n    at processTimers (node:internal/timers:514:7)","reason":{"type":"ReplicaSetNoPrimary","servers":{},"stale":false,"compatible":true,"heartbeatFrequencyMS":10000,"localThresholdMS":15,"setName":"atlas-5jecz8-shard-0","maxElectionId":"7fffffff00000000000000ad","maxSetVersion":6,"commonWireVersion":0,"logicalSessionTimeoutMinutes":null}},"msg":"Unhandled exception: connection timed out"}
{"level":50,"time":1717010223784,"pid":33,"hostname":"f6af1c7b-7980-45b8-b40b-aff131c6921a","err":{"type":"MongoServerSelectionError","message":"connection timed out","stack":"MongoServerSelectionError: connection timed out\n    at Timeout._onTimeout (/home/container/node_modules/mongodb/src/sdam/topology.ts:567:30)\n    at listOnTimeout (node:internal/timers:573:17)\n    at processTimers (node:internal/timers:514:7)","reason":{"type":"ReplicaSetNoPrimary","servers":{},"stale":false,"compatible":true,"heartbeatFrequencyMS":10000,"localThresholdMS":15,"setName":"atlas-5jecz8-shard-0","maxElectionId":"7fffffff00000000000000ad","maxSetVersion":6,"commonWireVersion":0,"logicalSessionTimeoutMinutes":null}},"msg":"Unhandled exception: connection timed out"}
{"level":50,"time":1717010283787,"pid":33,"hostname":"f6af1c7b-7980-45b8-b40b-aff131c6921a","err":{"type":"MongoServerSelectionError","message":"connection timed out","stack":"MongoServerSelectionError: connection timed out\n    at Timeout._onTimeout (/home/container/node_modules/mongodb/src/sdam/topology.ts:567:30)\n    at listOnTimeout (node:internal/timers:573:17)\n    at processTimers (node:internal/timers:514:7)","reason":{"type":"ReplicaSetNoPrimary","servers":{},"stale":false,"compatible":true,"heartbeatFrequencyMS":10000,"localThresholdMS":15,"setName":"atlas-5jecz8-shard-0","maxElectionId":"7fffffff00000000000000ad","maxSetVersion":6,"commonWireVersion":0,"logicalSessionTimeoutMinutes":null}},"msg":"Unhandled exception: connection timed out"}
{"level":50,"time":1717010343791,"pid":33,"hostname":"f6af1c7b-7980-45b8-b40b-aff131c6921a","err":{"type":"MongoServerSelectionError","message":"connection timed out","stack":"MongoServerSelectionError: connection timed out\n    at Timeout._onTimeout (/home/container/node_modules/mongodb/src/sdam/topology.ts:567:30)\n    at listOnTimeout (node:internal/timers:573:17)\n    at processTimers (node:internal/timers:514:7)","reason":{"type":"ReplicaSetNoPrimary","servers":{},"stale":false,"compatible":true,"heartbeatFrequencyMS":10000,"localThresholdMS":15,"setName":"atlas-5jecz8-shard-0","maxElectionId":"7fffffff00000000000000ad","maxSetVersion":6,"commonWireVersion":0,"logicalSessionTimeoutMinutes":null}},"msg":"Unhandled exception: connection timed out"}
{"level":50,"time":1717010403791,"pid":33,"hostname":"f6af1c7b-7980-45b8-b40b-aff131c6921a","err":{"type":"MongoServerSelectionError","message":"connection timed out","stack":"MongoServerSelectionError: connection timed out\n    at Timeout._onTimeout (/home/container/node_modules/mongodb/src/sdam/topology.ts:567:30)\n    at listOnTimeout (node:internal/timers:573:17)\n    at processTimers (node:internal/timers:514:7)","reason":{"type":"ReplicaSetNoPrimary","servers":{},"stale":false,"compatible":true,"heartbeatFrequencyMS":10000,"localThresholdMS":15,"setName":"atlas-5jecz8-shard-0","maxElectionId":"7fffffff00000000000000ad","maxSetVersion":6,"commonWireVersion":0,"logicalSessionTimeoutMinutes":null}},"msg":"Unhandled exception: connection timed out"}
{"level":50,"time":1717010463794,"pid":33,"hostname":"f6af1c7b-7980-45b8-b40b-aff131c6921a","err":{"type":"MongoServerSelectionError","message":"connection timed out","stack":"MongoServerSelectionError: connection timed out\n    at Timeout._onTimeout (/home/container/node_modules/mongodb/src/sdam/topology.ts:567:30)\n    at listOnTimeout (node:internal/timers:573:17)\n    at processTimers (node:internal/timers:514:7)","reason":{"type":"ReplicaSetNoPrimary","servers":{},"stale":false,"compatible":true,"heartbeatFrequencyMS":10000,"localThresholdMS":15,"setName":"atlas-5jecz8-shard-0","maxElectionId":"7fffffff00000000000000ad","maxSetVersion":6,"commonWireVersion":0,"logicalSessionTimeoutMinutes":null}},"msg":"Unhandled exception: connection timed out"}
{"level":50,"time":1717011510458,"pid":33,"hostname":"f6af1c7b-7980-45b8-b40b-aff131c6921a","err":{"type":"PoolClearedOnNetworkError","message":"Connection to ac-9loqot0-shard-00-01.edphqgj.mongodb.net:27017 interrupted due to server monitor timeout","stack":"PoolClearedOnNetworkError: Connection to ac-9loqot0-shard-00-01.edphqgj.mongodb.net:27017 interrupted due to server monitor timeout\n    at ConnectionPool.interruptInUseConnections (/home/container/node_modules/mongodb/src/cmap/connection_pool.ts:485:28)\n    at /home/container/node_modules/mongodb/src/cmap/connection_pool.ts:470:35\n    at processTicksAndRejections (node:internal/process/task_queues:77:11)","address":"ac-9loqot0-shard-00-01.edphqgj.mongodb.net:27017"},"msg":"Unhandled exception: Connection to ac-9loqot0-shard-00-01.edphqgj.mongodb.net:27017 interrupted due to server monitor timeout"}
{"level":50,"time":1717011543844,"pid":33,"hostname":"f6af1c7b-7980-45b8-b40b-aff131c6921a","err":{"type":"MongoServerSelectionError","message":"connection <monitor> to 13.37.162.155:27017 timed out","stack":"MongoServerSelectionError: connection <monitor> to 13.37.162.155:27017 timed out\n    at Timeout._onTimeout (/home/container/node_modules/mongodb/src/sdam/topology.ts:567:30)\n    at listOnTimeout (node:internal/timers:573:17)\n    at processTimers (node:internal/timers:514:7)","reason":{"type":"ReplicaSetNoPrimary","servers":{},"stale":false,"compatible":true,"heartbeatFrequencyMS":10000,"localThresholdMS":15,"setName":"atlas-5jecz8-shard-0","maxElectionId":"7fffffff00000000000000ad","maxSetVersion":6,"commonWireVersion":0,"logicalSessionTimeoutMinutes":30}},"msg":"Unhandled exception: connection <monitor> to 13.37.162.155:27017 timed out"}
{"level":50,"time":1717011609893,"pid":33,"hostname":"f6af1c7b-7980-45b8-b40b-aff131c6921a","err":{"type":"MongoNetworkError","message":"getaddrinfo EAI_AGAIN ac-9loqot0-shard-00-01.edphqgj.mongodb.net: getaddrinfo EAI_AGAIN ac-9loqot0-shard-00-01.edphqgj.mongodb.net","stack":"MongoNetworkError: getaddrinfo EAI_AGAIN ac-9loqot0-shard-00-01.edphqgj.mongodb.net\n    at connectionFailureError (/home/container/node_modules/mongodb/src/cmap/connect.ts:493:14)\n    at TLSSocket.<anonymous> (/home/container/node_modules/mongodb/src/cmap/connect.ts:394:16)\n    at Object.onceWrapper (node:events:628:26)\n    at TLSSocket.emit (node:events:513:28)\n    at TLSSocket.emit (node:domain:489:12)\n    at emitErrorNT (node:internal/streams/destroy:151:8)\n    at emitErrorCloseNT (node:internal/streams/destroy:116:3)\n    at processTicksAndRejections (node:internal/process/task_queues:82:21)\ncaused by: Error: getaddrinfo EAI_AGAIN ac-9loqot0-shard-00-01.edphqgj.mongodb.net\n    at GetAddrInfoReqWrap.onlookup [as oncomplete] (node:dns:107:26)","connectionGeneration":88},"msg":"Unhandled exception: getaddrinfo EAI_AGAIN ac-9loqot0-shard-00-01.edphqgj.mongodb.net"}
