{"level":30,"time":1714071900361,"pid":44,"hostname":"26d957ae-c7ab-4b65-8316-7b0c744c6531","msg":"Validation du fichier de configuration et des variables d'environnement"}
{"level":40,"time":1714071900363,"pid":44,"hostname":"26d957ae-c7ab-4b65-8316-7b0c744c6531","msg":"env: STRANGE_API_KEY est manquant. Les commandes d'image ne fonctionneront pas"}
{"level":30,"time":1714071900417,"pid":44,"hostname":"26d957ae-c7ab-4b65-8316-7b0c744c6531","msg":"Loading commands..."}
{"level":20,"time":1714071901020,"pid":44,"hostname":"26d957ae-c7ab-4b65-8316-7b0c744c6531","msg":"Skipping Command filter. Category IMAGE is disabled"}
{"level":20,"time":1714071901021,"pid":44,"hostname":"26d957ae-c7ab-4b65-8316-7b0c744c6531","msg":"Skipping Command generator. Category IMAGE is disabled"}
{"level":20,"time":1714071901023,"pid":44,"hostname":"26d957ae-c7ab-4b65-8316-7b0c744c6531","msg":"Skipping Command overlay. Category IMAGE is disabled"}
{"level":20,"time":1714071901032,"pid":44,"hostname":"26d957ae-c7ab-4b65-8316-7b0c744c6531","msg":"Skipping slash command avatar. Disabled!"}
{"level":20,"time":1714071901034,"pid":44,"hostname":"26d957ae-c7ab-4b65-8316-7b0c744c6531","msg":"Skipping slash command botinvite. Disabled!"}
{"level":20,"time":1714071901037,"pid":44,"hostname":"26d957ae-c7ab-4b65-8316-7b0c744c6531","msg":"Skipping slash command botstats. Disabled!"}
{"level":20,"time":1714071901039,"pid":44,"hostname":"26d957ae-c7ab-4b65-8316-7b0c744c6531","msg":"Skipping slash command channelinfo. Disabled!"}
{"level":20,"time":1714071901041,"pid":44,"hostname":"26d957ae-c7ab-4b65-8316-7b0c744c6531","msg":"Skipping slash command emojiinfo. Disabled!"}
{"level":20,"time":1714071901059,"pid":44,"hostname":"26d957ae-c7ab-4b65-8316-7b0c744c6531","msg":"Skipping slash command guildinfo. Disabled!"}
{"level":20,"time":1714071901061,"pid":44,"hostname":"26d957ae-c7ab-4b65-8316-7b0c744c6531","msg":"Skipping slash command uptime. Disabled!"}
{"level":20,"time":1714071901063,"pid":44,"hostname":"26d957ae-c7ab-4b65-8316-7b0c744c6531","msg":"Skipping slash command userinfo. Disabled!"}
{"level":20,"time":1714071901066,"pid":44,"hostname":"26d957ae-c7ab-4b65-8316-7b0c744c6531","msg":"Skipping command bot. Disabled!"}
{"level":20,"time":1714071901068,"pid":44,"hostname":"26d957ae-c7ab-4b65-8316-7b0c744c6531","msg":"Skipping command info. Disabled!"}
{"level":20,"time":1714071901083,"pid":44,"hostname":"26d957ae-c7ab-4b65-8316-7b0c744c6531","msg":"Skipping slash command deafen. Disabled!"}
{"level":20,"time":1714071901085,"pid":44,"hostname":"26d957ae-c7ab-4b65-8316-7b0c744c6531","msg":"Skipping slash command disconnect. Disabled!"}
{"level":20,"time":1714071901086,"pid":44,"hostname":"26d957ae-c7ab-4b65-8316-7b0c744c6531","msg":"Skipping slash command move. Disabled!"}
{"level":20,"time":1714071901087,"pid":44,"hostname":"26d957ae-c7ab-4b65-8316-7b0c744c6531","msg":"Skipping slash command purge. Disabled!"}
{"level":20,"time":1714071901088,"pid":44,"hostname":"26d957ae-c7ab-4b65-8316-7b0c744c6531","msg":"Skipping slash command purgeattach. Disabled!"}
{"level":20,"time":1714071901089,"pid":44,"hostname":"26d957ae-c7ab-4b65-8316-7b0c744c6531","msg":"Skipping slash command purgebots. Disabled!"}
{"level":20,"time":1714071901090,"pid":44,"hostname":"26d957ae-c7ab-4b65-8316-7b0c744c6531","msg":"Skipping slash command purgelinks. Disabled!"}
{"level":20,"time":1714071901091,"pid":44,"hostname":"26d957ae-c7ab-4b65-8316-7b0c744c6531","msg":"Skipping slash command purgetoken. Disabled!"}
{"level":20,"time":1714071901092,"pid":44,"hostname":"26d957ae-c7ab-4b65-8316-7b0c744c6531","msg":"Skipping slash command purgeuser. Disabled!"}
{"level":20,"time":1714071901094,"pid":44,"hostname":"26d957ae-c7ab-4b65-8316-7b0c744c6531","msg":"Skipping slash command undeafen. Disabled!"}
{"level":20,"time":1714071901095,"pid":44,"hostname":"26d957ae-c7ab-4b65-8316-7b0c744c6531","msg":"Skipping slash command vmute. Disabled!"}
{"level":20,"time":1714071901097,"pid":44,"hostname":"26d957ae-c7ab-4b65-8316-7b0c744c6531","msg":"Skipping slash command vunmute. Disabled!"}
{"level":20,"time":1714071901100,"pid":44,"hostname":"26d957ae-c7ab-4b65-8316-7b0c744c6531","msg":"Skipping command purge. Disabled!"}
{"level":20,"time":1714071901102,"pid":44,"hostname":"26d957ae-c7ab-4b65-8316-7b0c744c6531","msg":"Skipping command voice. Disabled!"}
{"level":20,"time":1714071901110,"pid":44,"hostname":"26d957ae-c7ab-4b65-8316-7b0c744c6531","msg":"Skipping Command bassboost. Category MUSIC is disabled"}
{"level":20,"time":1714071901113,"pid":44,"hostname":"26d957ae-c7ab-4b65-8316-7b0c744c6531","msg":"Skipping Command loop. Category MUSIC is disabled"}
{"level":20,"time":1714071901114,"pid":44,"hostname":"26d957ae-c7ab-4b65-8316-7b0c744c6531","msg":"Skipping Command lyric. Category MUSIC is disabled"}
{"level":20,"time":1714071901116,"pid":44,"hostname":"26d957ae-c7ab-4b65-8316-7b0c744c6531","msg":"Skipping Command np. Category MUSIC is disabled"}
{"level":20,"time":1714071901117,"pid":44,"hostname":"26d957ae-c7ab-4b65-8316-7b0c744c6531","msg":"Skipping Command pause. Category MUSIC is disabled"}
{"level":20,"time":1714071901118,"pid":44,"hostname":"26d957ae-c7ab-4b65-8316-7b0c744c6531","msg":"Skipping Command play. Category MUSIC is disabled"}
{"level":20,"time":1714071901119,"pid":44,"hostname":"26d957ae-c7ab-4b65-8316-7b0c744c6531","msg":"Skipping Command queue. Category MUSIC is disabled"}
{"level":20,"time":1714071901120,"pid":44,"hostname":"26d957ae-c7ab-4b65-8316-7b0c744c6531","msg":"Skipping Command resume. Category MUSIC is disabled"}
{"level":20,"time":1714071901121,"pid":44,"hostname":"26d957ae-c7ab-4b65-8316-7b0c744c6531","msg":"Skipping Command search. Category MUSIC is disabled"}
{"level":20,"time":1714071901121,"pid":44,"hostname":"26d957ae-c7ab-4b65-8316-7b0c744c6531","msg":"Skipping Command seek. Category MUSIC is disabled"}
{"level":20,"time":1714071901122,"pid":44,"hostname":"26d957ae-c7ab-4b65-8316-7b0c744c6531","msg":"Skipping Command shuffle. Category MUSIC is disabled"}
{"level":20,"time":1714071901123,"pid":44,"hostname":"26d957ae-c7ab-4b65-8316-7b0c744c6531","msg":"Skipping Command skip. Category MUSIC is disabled"}
{"level":20,"time":1714071901124,"pid":44,"hostname":"26d957ae-c7ab-4b65-8316-7b0c744c6531","msg":"Skipping Command stop. Category MUSIC is disabled"}
{"level":20,"time":1714071901125,"pid":44,"hostname":"26d957ae-c7ab-4b65-8316-7b0c744c6531","msg":"Skipping Command volume. Category MUSIC is disabled"}
{"level":20,"time":1714071901126,"pid":44,"hostname":"26d957ae-c7ab-4b65-8316-7b0c744c6531","msg":"Skipping slash command eval. Disabled!"}
{"level":20,"time":1714071901126,"pid":44,"hostname":"26d957ae-c7ab-4b65-8316-7b0c744c6531","msg":"Skipping slash command leaveserver. Disabled!"}
{"level":20,"time":1714071901127,"pid":44,"hostname":"26d957ae-c7ab-4b65-8316-7b0c744c6531","msg":"Skipping slash command listservers. Disabled!"}
{"level":50,"time":1714071901337,"pid":44,"hostname":"26d957ae-c7ab-4b65-8316-7b0c744c6531","msg":"Failed to load /home/container/src/commands/utility/link.js Reason: Le nom de la commande doit être une chaîne minuscule."}
{"level":30,"time":1714071901344,"pid":44,"hostname":"26d957ae-c7ab-4b65-8316-7b0c744c6531","msg":"Loaded 88 commands"}
{"level":30,"time":1714071901344,"pid":44,"hostname":"26d957ae-c7ab-4b65-8316-7b0c744c6531","msg":"Loaded 69 slash commands"}
{"level":30,"time":1714071901344,"pid":44,"hostname":"26d957ae-c7ab-4b65-8316-7b0c744c6531","msg":"Loading contexts..."}
{"level":30,"time":1714071901346,"pid":44,"hostname":"26d957ae-c7ab-4b65-8316-7b0c744c6531","msg":"Loaded 0 USER contexts"}
{"level":30,"time":1714071901346,"pid":44,"hostname":"26d957ae-c7ab-4b65-8316-7b0c744c6531","msg":"Loaded 0 MESSAGE contexts"}
{"level":30,"time":1714071901346,"pid":44,"hostname":"26d957ae-c7ab-4b65-8316-7b0c744c6531","msg":"Loading events..."}
{"level":30,"time":1714071901455,"pid":44,"hostname":"26d957ae-c7ab-4b65-8316-7b0c744c6531","msg":"Loaded 16 events. Success (16) Failed (0)"}
{"level":40,"time":1714071901806,"pid":44,"hostname":"26d957ae-c7ab-4b65-8316-7b0c744c6531","msg":"VersionCheck: 5.5.0 update is available"}
{"level":40,"time":1714071901806,"pid":44,"hostname":"26d957ae-c7ab-4b65-8316-7b0c744c6531","msg":"download: https://github.com/saiteja-madha/discord-js-bot/releases/latest"}
{"level":30,"time":1714071901806,"pid":44,"hostname":"26d957ae-c7ab-4b65-8316-7b0c744c6531","msg":"Lancement du tableau de bord"}
{"level":30,"time":1714071902055,"pid":44,"hostname":"26d957ae-c7ab-4b65-8316-7b0c744c6531","msg":"Connecting to MongoDb..."}
{"level":30,"time":1714071902750,"pid":44,"hostname":"26d957ae-c7ab-4b65-8316-7b0c744c6531","msg":"Mongoose: Database connection established"}
{"level":30,"time":1714071902799,"pid":44,"hostname":"26d957ae-c7ab-4b65-8316-7b0c744c6531","msg":"Le Dashboard fonctionne sous le port 8081"}
{"level":30,"time":1714071915089,"pid":44,"hostname":"26d957ae-c7ab-4b65-8316-7b0c744c6531","msg":"Connecté à VersaLink(BETA)#0390! (1229810158645809253)"}
{"level":30,"time":1714071915089,"pid":44,"hostname":"26d957ae-c7ab-4b65-8316-7b0c744c6531","msg":"Initialisation du système de Giveways..."}
{"level":30,"time":1714071915156,"pid":44,"hostname":"26d957ae-c7ab-4b65-8316-7b0c744c6531","msg":"Gestionaire de Giveways initialisé !"}
{"level":30,"time":1714071915545,"pid":44,"hostname":"26d957ae-c7ab-4b65-8316-7b0c744c6531","msg":"Successfully registered interactions"}
