{"level":30,"time":1718203353039,"pid":53,"hostname":"f6af1c7b-7980-45b8-b40b-aff131c6921a","msg":"Validation du fichier de configuration et des variables d'environnement"}
{"level":40,"time":1718203353041,"pid":53,"hostname":"f6af1c7b-7980-45b8-b40b-aff131c6921a","msg":"env: STRANGE_API_KEY est manquant. Les commandes d'image ne fonctionneront pas"}
{"level":30,"time":1718203353097,"pid":53,"hostname":"f6af1c7b-7980-45b8-b40b-aff131c6921a","msg":"Loading commands..."}
{"level":20,"time":1718203353627,"pid":53,"hostname":"f6af1c7b-7980-45b8-b40b-aff131c6921a","msg":"Skipping Command filter. Category IMAGE is disabled"}
{"level":20,"time":1718203353628,"pid":53,"hostname":"f6af1c7b-7980-45b8-b40b-aff131c6921a","msg":"Skipping Command generator. Category IMAGE is disabled"}
{"level":20,"time":1718203353629,"pid":53,"hostname":"f6af1c7b-7980-45b8-b40b-aff131c6921a","msg":"Skipping Command overlay. Category IMAGE is disabled"}
{"level":20,"time":1718203353635,"pid":53,"hostname":"f6af1c7b-7980-45b8-b40b-aff131c6921a","msg":"Skipping slash command avatar. Disabled!"}
{"level":20,"time":1718203353636,"pid":53,"hostname":"f6af1c7b-7980-45b8-b40b-aff131c6921a","msg":"Skipping slash command botinvite. Disabled!"}
{"level":20,"time":1718203353638,"pid":53,"hostname":"f6af1c7b-7980-45b8-b40b-aff131c6921a","msg":"Skipping slash command botstats. Disabled!"}
{"level":20,"time":1718203353640,"pid":53,"hostname":"f6af1c7b-7980-45b8-b40b-aff131c6921a","msg":"Skipping slash command channelinfo. Disabled!"}
{"level":20,"time":1718203353641,"pid":53,"hostname":"f6af1c7b-7980-45b8-b40b-aff131c6921a","msg":"Skipping slash command emojiinfo. Disabled!"}
{"level":20,"time":1718203353655,"pid":53,"hostname":"f6af1c7b-7980-45b8-b40b-aff131c6921a","msg":"Skipping slash command guildinfo. Disabled!"}
{"level":20,"time":1718203353656,"pid":53,"hostname":"f6af1c7b-7980-45b8-b40b-aff131c6921a","msg":"Skipping slash command uptime. Disabled!"}
{"level":20,"time":1718203353657,"pid":53,"hostname":"f6af1c7b-7980-45b8-b40b-aff131c6921a","msg":"Skipping slash command userinfo. Disabled!"}
{"level":20,"time":1718203353659,"pid":53,"hostname":"f6af1c7b-7980-45b8-b40b-aff131c6921a","msg":"Skipping command bot. Disabled!"}
{"level":20,"time":1718203353660,"pid":53,"hostname":"f6af1c7b-7980-45b8-b40b-aff131c6921a","msg":"Skipping command info. Disabled!"}
{"level":20,"time":1718203353672,"pid":53,"hostname":"f6af1c7b-7980-45b8-b40b-aff131c6921a","msg":"Skipping slash command deafen. Disabled!"}
{"level":20,"time":1718203353674,"pid":53,"hostname":"f6af1c7b-7980-45b8-b40b-aff131c6921a","msg":"Skipping slash command disconnect. Disabled!"}
{"level":20,"time":1718203353676,"pid":53,"hostname":"f6af1c7b-7980-45b8-b40b-aff131c6921a","msg":"Skipping slash command move. Disabled!"}
{"level":20,"time":1718203353676,"pid":53,"hostname":"f6af1c7b-7980-45b8-b40b-aff131c6921a","msg":"Skipping slash command purge. Disabled!"}
{"level":20,"time":1718203353677,"pid":53,"hostname":"f6af1c7b-7980-45b8-b40b-aff131c6921a","msg":"Skipping slash command purgeattach. Disabled!"}
{"level":20,"time":1718203353678,"pid":53,"hostname":"f6af1c7b-7980-45b8-b40b-aff131c6921a","msg":"Skipping slash command purgebots. Disabled!"}
{"level":20,"time":1718203353678,"pid":53,"hostname":"f6af1c7b-7980-45b8-b40b-aff131c6921a","msg":"Skipping slash command purgelinks. Disabled!"}
{"level":20,"time":1718203353679,"pid":53,"hostname":"f6af1c7b-7980-45b8-b40b-aff131c6921a","msg":"Skipping slash command purgetoken. Disabled!"}
{"level":20,"time":1718203353680,"pid":53,"hostname":"f6af1c7b-7980-45b8-b40b-aff131c6921a","msg":"Skipping slash command purgeuser. Disabled!"}
{"level":20,"time":1718203353681,"pid":53,"hostname":"f6af1c7b-7980-45b8-b40b-aff131c6921a","msg":"Skipping slash command undeafen. Disabled!"}
{"level":20,"time":1718203353682,"pid":53,"hostname":"f6af1c7b-7980-45b8-b40b-aff131c6921a","msg":"Skipping slash command vmute. Disabled!"}
{"level":20,"time":1718203353683,"pid":53,"hostname":"f6af1c7b-7980-45b8-b40b-aff131c6921a","msg":"Skipping slash command vunmute. Disabled!"}
{"level":20,"time":1718203353685,"pid":53,"hostname":"f6af1c7b-7980-45b8-b40b-aff131c6921a","msg":"Skipping command purge. Disabled!"}
{"level":20,"time":1718203353686,"pid":53,"hostname":"f6af1c7b-7980-45b8-b40b-aff131c6921a","msg":"Skipping command voice. Disabled!"}
{"level":20,"time":1718203353691,"pid":53,"hostname":"f6af1c7b-7980-45b8-b40b-aff131c6921a","msg":"Skipping Command bassboost. Category MUSIC is disabled"}
{"level":20,"time":1718203353693,"pid":53,"hostname":"f6af1c7b-7980-45b8-b40b-aff131c6921a","msg":"Skipping Command loop. Category MUSIC is disabled"}
{"level":20,"time":1718203353693,"pid":53,"hostname":"f6af1c7b-7980-45b8-b40b-aff131c6921a","msg":"Skipping Command lyric. Category MUSIC is disabled"}
{"level":20,"time":1718203353695,"pid":53,"hostname":"f6af1c7b-7980-45b8-b40b-aff131c6921a","msg":"Skipping Command np. Category MUSIC is disabled"}
{"level":20,"time":1718203353695,"pid":53,"hostname":"f6af1c7b-7980-45b8-b40b-aff131c6921a","msg":"Skipping Command pause. Category MUSIC is disabled"}
{"level":20,"time":1718203353697,"pid":53,"hostname":"f6af1c7b-7980-45b8-b40b-aff131c6921a","msg":"Skipping Command play. Category MUSIC is disabled"}
{"level":20,"time":1718203353697,"pid":53,"hostname":"f6af1c7b-7980-45b8-b40b-aff131c6921a","msg":"Skipping Command queue. Category MUSIC is disabled"}
{"level":20,"time":1718203353698,"pid":53,"hostname":"f6af1c7b-7980-45b8-b40b-aff131c6921a","msg":"Skipping Command resume. Category MUSIC is disabled"}
{"level":20,"time":1718203353699,"pid":53,"hostname":"f6af1c7b-7980-45b8-b40b-aff131c6921a","msg":"Skipping Command search. Category MUSIC is disabled"}
{"level":20,"time":1718203353699,"pid":53,"hostname":"f6af1c7b-7980-45b8-b40b-aff131c6921a","msg":"Skipping Command seek. Category MUSIC is disabled"}
{"level":20,"time":1718203353700,"pid":53,"hostname":"f6af1c7b-7980-45b8-b40b-aff131c6921a","msg":"Skipping Command shuffle. Category MUSIC is disabled"}
{"level":20,"time":1718203353700,"pid":53,"hostname":"f6af1c7b-7980-45b8-b40b-aff131c6921a","msg":"Skipping Command skip. Category MUSIC is disabled"}
{"level":20,"time":1718203353701,"pid":53,"hostname":"f6af1c7b-7980-45b8-b40b-aff131c6921a","msg":"Skipping Command stop. Category MUSIC is disabled"}
{"level":20,"time":1718203353701,"pid":53,"hostname":"f6af1c7b-7980-45b8-b40b-aff131c6921a","msg":"Skipping Command volume. Category MUSIC is disabled"}
{"level":20,"time":1718203353702,"pid":53,"hostname":"f6af1c7b-7980-45b8-b40b-aff131c6921a","msg":"Skipping slash command eval. Disabled!"}
{"level":20,"time":1718203353703,"pid":53,"hostname":"f6af1c7b-7980-45b8-b40b-aff131c6921a","msg":"Skipping slash command leaveserver. Disabled!"}
{"level":20,"time":1718203353703,"pid":53,"hostname":"f6af1c7b-7980-45b8-b40b-aff131c6921a","msg":"Skipping slash command listservers. Disabled!"}
{"level":20,"time":1718203353814,"pid":53,"hostname":"f6af1c7b-7980-45b8-b40b-aff131c6921a","msg":"Skipping command link. Disabled!"}
{"level":20,"time":1718203353814,"pid":53,"hostname":"f6af1c7b-7980-45b8-b40b-aff131c6921a","msg":"Skipping slash command link. Disabled!"}
{"level":30,"time":1718203353819,"pid":53,"hostname":"f6af1c7b-7980-45b8-b40b-aff131c6921a","msg":"Loaded 88 commands"}
{"level":30,"time":1718203353820,"pid":53,"hostname":"f6af1c7b-7980-45b8-b40b-aff131c6921a","msg":"Loaded 69 slash commands"}
{"level":30,"time":1718203353820,"pid":53,"hostname":"f6af1c7b-7980-45b8-b40b-aff131c6921a","msg":"Loading contexts..."}
{"level":30,"time":1718203353821,"pid":53,"hostname":"f6af1c7b-7980-45b8-b40b-aff131c6921a","msg":"Loaded 0 USER contexts"}
{"level":30,"time":1718203353821,"pid":53,"hostname":"f6af1c7b-7980-45b8-b40b-aff131c6921a","msg":"Loaded 0 MESSAGE contexts"}
{"level":30,"time":1718203353822,"pid":53,"hostname":"f6af1c7b-7980-45b8-b40b-aff131c6921a","msg":"Loading events..."}
{"level":30,"time":1718203353885,"pid":53,"hostname":"f6af1c7b-7980-45b8-b40b-aff131c6921a","msg":"Loaded 16 events. Success (16) Failed (0)"}
{"level":40,"time":1718203354210,"pid":53,"hostname":"f6af1c7b-7980-45b8-b40b-aff131c6921a","msg":"VersionCheck: 5.5.0 update is available"}
{"level":40,"time":1718203354210,"pid":53,"hostname":"f6af1c7b-7980-45b8-b40b-aff131c6921a","msg":"download: https://github.com/saiteja-madha/discord-js-bot/releases/latest"}
{"level":30,"time":1718203354211,"pid":53,"hostname":"f6af1c7b-7980-45b8-b40b-aff131c6921a","msg":"Lancement du tableau de bord"}
{"level":30,"time":1718203354434,"pid":53,"hostname":"f6af1c7b-7980-45b8-b40b-aff131c6921a","msg":"Connecting to MongoDb..."}
{"level":30,"time":1718203355160,"pid":53,"hostname":"f6af1c7b-7980-45b8-b40b-aff131c6921a","msg":"Mongoose: Database connection established"}
{"level":30,"time":1718203355221,"pid":53,"hostname":"f6af1c7b-7980-45b8-b40b-aff131c6921a","msg":"Le Dashboard fonctionne sous le port 4577"}
{"level":30,"time":1718203361737,"pid":53,"hostname":"f6af1c7b-7980-45b8-b40b-aff131c6921a","msg":"Connecté à VersaLink(BETA)#0390! (1229810158645809253)"}
{"level":30,"time":1718203361737,"pid":53,"hostname":"f6af1c7b-7980-45b8-b40b-aff131c6921a","msg":"Initialisation du système de Giveways..."}
{"level":30,"time":1718203361801,"pid":53,"hostname":"f6af1c7b-7980-45b8-b40b-aff131c6921a","msg":"Gestionaire de Giveways initialisé !"}
{"level":30,"time":1718203362207,"pid":53,"hostname":"f6af1c7b-7980-45b8-b40b-aff131c6921a","msg":"Successfully registered interactions"}
