{"level":30,"time":1713895971751,"pid":44,"hostname":"26d957ae-c7ab-4b65-8316-7b0c744c6531","msg":"Validation du fichier de configuration et des variables d'environnement"}
{"level":40,"time":1713895971754,"pid":44,"hostname":"26d957ae-c7ab-4b65-8316-7b0c744c6531","msg":"env: STRANGE_API_KEY est manquant. Les commandes d'image ne fonctionneront pas"}
{"level":30,"time":1713895971891,"pid":44,"hostname":"26d957ae-c7ab-4b65-8316-7b0c744c6531","msg":"Loading commands..."}
{"level":20,"time":1713895972863,"pid":44,"hostname":"26d957ae-c7ab-4b65-8316-7b0c744c6531","msg":"Skipping Command filter. Category IMAGE is disabled"}
{"level":20,"time":1713895972865,"pid":44,"hostname":"26d957ae-c7ab-4b65-8316-7b0c744c6531","msg":"Skipping Command generator. Category IMAGE is disabled"}
{"level":20,"time":1713895972867,"pid":44,"hostname":"26d957ae-c7ab-4b65-8316-7b0c744c6531","msg":"Skipping Command overlay. Category IMAGE is disabled"}
{"level":20,"time":1713895972893,"pid":44,"hostname":"26d957ae-c7ab-4b65-8316-7b0c744c6531","msg":"Skipping slash command avatar. Disabled!"}
{"level":20,"time":1713895972896,"pid":44,"hostname":"26d957ae-c7ab-4b65-8316-7b0c744c6531","msg":"Skipping slash command botinvite. Disabled!"}
{"level":20,"time":1713895972900,"pid":44,"hostname":"26d957ae-c7ab-4b65-8316-7b0c744c6531","msg":"Skipping slash command botstats. Disabled!"}
{"level":20,"time":1713895972904,"pid":44,"hostname":"26d957ae-c7ab-4b65-8316-7b0c744c6531","msg":"Skipping slash command channelinfo. Disabled!"}
{"level":20,"time":1713895972907,"pid":44,"hostname":"26d957ae-c7ab-4b65-8316-7b0c744c6531","msg":"Skipping slash command emojiinfo. Disabled!"}
{"level":20,"time":1713895972940,"pid":44,"hostname":"26d957ae-c7ab-4b65-8316-7b0c744c6531","msg":"Skipping slash command guildinfo. Disabled!"}
{"level":20,"time":1713895972942,"pid":44,"hostname":"26d957ae-c7ab-4b65-8316-7b0c744c6531","msg":"Skipping slash command uptime. Disabled!"}
{"level":20,"time":1713895972945,"pid":44,"hostname":"26d957ae-c7ab-4b65-8316-7b0c744c6531","msg":"Skipping slash command userinfo. Disabled!"}
{"level":20,"time":1713895972949,"pid":44,"hostname":"26d957ae-c7ab-4b65-8316-7b0c744c6531","msg":"Skipping command bot. Disabled!"}
{"level":20,"time":1713895972952,"pid":44,"hostname":"26d957ae-c7ab-4b65-8316-7b0c744c6531","msg":"Skipping command info. Disabled!"}
{"level":20,"time":1713895972981,"pid":44,"hostname":"26d957ae-c7ab-4b65-8316-7b0c744c6531","msg":"Skipping slash command deafen. Disabled!"}
{"level":20,"time":1713895972984,"pid":44,"hostname":"26d957ae-c7ab-4b65-8316-7b0c744c6531","msg":"Skipping slash command disconnect. Disabled!"}
{"level":20,"time":1713895972987,"pid":44,"hostname":"26d957ae-c7ab-4b65-8316-7b0c744c6531","msg":"Skipping slash command move. Disabled!"}
{"level":20,"time":1713895972988,"pid":44,"hostname":"26d957ae-c7ab-4b65-8316-7b0c744c6531","msg":"Skipping slash command purge. Disabled!"}
{"level":20,"time":1713895972989,"pid":44,"hostname":"26d957ae-c7ab-4b65-8316-7b0c744c6531","msg":"Skipping slash command purgeattach. Disabled!"}
{"level":20,"time":1713895972990,"pid":44,"hostname":"26d957ae-c7ab-4b65-8316-7b0c744c6531","msg":"Skipping slash command purgebots. Disabled!"}
{"level":20,"time":1713895972992,"pid":44,"hostname":"26d957ae-c7ab-4b65-8316-7b0c744c6531","msg":"Skipping slash command purgelinks. Disabled!"}
{"level":20,"time":1713895972993,"pid":44,"hostname":"26d957ae-c7ab-4b65-8316-7b0c744c6531","msg":"Skipping slash command purgetoken. Disabled!"}
{"level":20,"time":1713895972995,"pid":44,"hostname":"26d957ae-c7ab-4b65-8316-7b0c744c6531","msg":"Skipping slash command purgeuser. Disabled!"}
{"level":20,"time":1713895972997,"pid":44,"hostname":"26d957ae-c7ab-4b65-8316-7b0c744c6531","msg":"Skipping slash command undeafen. Disabled!"}
{"level":20,"time":1713895972999,"pid":44,"hostname":"26d957ae-c7ab-4b65-8316-7b0c744c6531","msg":"Skipping slash command vmute. Disabled!"}
{"level":20,"time":1713895973001,"pid":44,"hostname":"26d957ae-c7ab-4b65-8316-7b0c744c6531","msg":"Skipping slash command vunmute. Disabled!"}
{"level":20,"time":1713895973005,"pid":44,"hostname":"26d957ae-c7ab-4b65-8316-7b0c744c6531","msg":"Skipping command purge. Disabled!"}
{"level":20,"time":1713895973007,"pid":44,"hostname":"26d957ae-c7ab-4b65-8316-7b0c744c6531","msg":"Skipping command voice. Disabled!"}
{"level":20,"time":1713895973019,"pid":44,"hostname":"26d957ae-c7ab-4b65-8316-7b0c744c6531","msg":"Skipping Command bassboost. Category MUSIC is disabled"}
{"level":20,"time":1713895973022,"pid":44,"hostname":"26d957ae-c7ab-4b65-8316-7b0c744c6531","msg":"Skipping Command loop. Category MUSIC is disabled"}
{"level":20,"time":1713895973024,"pid":44,"hostname":"26d957ae-c7ab-4b65-8316-7b0c744c6531","msg":"Skipping Command lyric. Category MUSIC is disabled"}
{"level":20,"time":1713895973027,"pid":44,"hostname":"26d957ae-c7ab-4b65-8316-7b0c744c6531","msg":"Skipping Command np. Category MUSIC is disabled"}
{"level":20,"time":1713895973028,"pid":44,"hostname":"26d957ae-c7ab-4b65-8316-7b0c744c6531","msg":"Skipping Command pause. Category MUSIC is disabled"}
{"level":20,"time":1713895973030,"pid":44,"hostname":"26d957ae-c7ab-4b65-8316-7b0c744c6531","msg":"Skipping Command play. Category MUSIC is disabled"}
{"level":20,"time":1713895973032,"pid":44,"hostname":"26d957ae-c7ab-4b65-8316-7b0c744c6531","msg":"Skipping Command queue. Category MUSIC is disabled"}
{"level":20,"time":1713895973034,"pid":44,"hostname":"26d957ae-c7ab-4b65-8316-7b0c744c6531","msg":"Skipping Command resume. Category MUSIC is disabled"}
{"level":20,"time":1713895973036,"pid":44,"hostname":"26d957ae-c7ab-4b65-8316-7b0c744c6531","msg":"Skipping Command search. Category MUSIC is disabled"}
{"level":20,"time":1713895973037,"pid":44,"hostname":"26d957ae-c7ab-4b65-8316-7b0c744c6531","msg":"Skipping Command seek. Category MUSIC is disabled"}
{"level":20,"time":1713895973039,"pid":44,"hostname":"26d957ae-c7ab-4b65-8316-7b0c744c6531","msg":"Skipping Command shuffle. Category MUSIC is disabled"}
{"level":20,"time":1713895973040,"pid":44,"hostname":"26d957ae-c7ab-4b65-8316-7b0c744c6531","msg":"Skipping Command skip. Category MUSIC is disabled"}
{"level":20,"time":1713895973042,"pid":44,"hostname":"26d957ae-c7ab-4b65-8316-7b0c744c6531","msg":"Skipping Command stop. Category MUSIC is disabled"}
{"level":20,"time":1713895973043,"pid":44,"hostname":"26d957ae-c7ab-4b65-8316-7b0c744c6531","msg":"Skipping Command volume. Category MUSIC is disabled"}
{"level":20,"time":1713895973046,"pid":44,"hostname":"26d957ae-c7ab-4b65-8316-7b0c744c6531","msg":"Skipping slash command eval. Disabled!"}
{"level":20,"time":1713895973047,"pid":44,"hostname":"26d957ae-c7ab-4b65-8316-7b0c744c6531","msg":"Skipping slash command leaveserver. Disabled!"}
{"level":20,"time":1713895973049,"pid":44,"hostname":"26d957ae-c7ab-4b65-8316-7b0c744c6531","msg":"Skipping slash command listservers. Disabled!"}
{"level":50,"time":1713895973429,"pid":44,"hostname":"26d957ae-c7ab-4b65-8316-7b0c744c6531","msg":"Failed to load /home/container/src/commands/utility/link.js Reason: Le nom de la commande doit être une chaîne minuscule."}
{"level":30,"time":1713895973456,"pid":44,"hostname":"26d957ae-c7ab-4b65-8316-7b0c744c6531","msg":"Loaded 88 commands"}
{"level":30,"time":1713895973456,"pid":44,"hostname":"26d957ae-c7ab-4b65-8316-7b0c744c6531","msg":"Loaded 69 slash commands"}
{"level":30,"time":1713895973457,"pid":44,"hostname":"26d957ae-c7ab-4b65-8316-7b0c744c6531","msg":"Loading contexts..."}
{"level":30,"time":1713895973466,"pid":44,"hostname":"26d957ae-c7ab-4b65-8316-7b0c744c6531","msg":"Loaded 0 USER contexts"}
{"level":30,"time":1713895973466,"pid":44,"hostname":"26d957ae-c7ab-4b65-8316-7b0c744c6531","msg":"Loaded 0 MESSAGE contexts"}
{"level":30,"time":1713895973466,"pid":44,"hostname":"26d957ae-c7ab-4b65-8316-7b0c744c6531","msg":"Loading events..."}
{"level":30,"time":1713895973612,"pid":44,"hostname":"26d957ae-c7ab-4b65-8316-7b0c744c6531","msg":"Loaded 16 events. Success (16) Failed (0)"}
{"level":40,"time":1713895974024,"pid":44,"hostname":"26d957ae-c7ab-4b65-8316-7b0c744c6531","msg":"VersionCheck: 5.5.0 update is available"}
{"level":40,"time":1713895974025,"pid":44,"hostname":"26d957ae-c7ab-4b65-8316-7b0c744c6531","msg":"download: https://github.com/saiteja-madha/discord-js-bot/releases/latest"}
{"level":30,"time":1713895974025,"pid":44,"hostname":"26d957ae-c7ab-4b65-8316-7b0c744c6531","msg":"Lancement du tableau de bord"}
{"level":30,"time":1713895974434,"pid":44,"hostname":"26d957ae-c7ab-4b65-8316-7b0c744c6531","msg":"Connecting to MongoDb..."}
{"level":30,"time":1713895975104,"pid":44,"hostname":"26d957ae-c7ab-4b65-8316-7b0c744c6531","msg":"Mongoose: Database connection established"}
{"level":30,"time":1713895975167,"pid":44,"hostname":"26d957ae-c7ab-4b65-8316-7b0c744c6531","msg":"Le Dashboard fonctionne sous le port 8081"}
{"level":30,"time":1713895976573,"pid":44,"hostname":"26d957ae-c7ab-4b65-8316-7b0c744c6531","msg":"Connecté à VersaLink(BETA)#0390! (1229810158645809253)"}
{"level":30,"time":1713895976573,"pid":44,"hostname":"26d957ae-c7ab-4b65-8316-7b0c744c6531","msg":"Initialisation du système de Giveways..."}
{"level":30,"time":1713895976640,"pid":44,"hostname":"26d957ae-c7ab-4b65-8316-7b0c744c6531","msg":"Gestionaire de Giveways initialisé !"}
{"level":30,"time":1713895977235,"pid":44,"hostname":"26d957ae-c7ab-4b65-8316-7b0c744c6531","msg":"Successfully registered interactions"}
{"level":50,"time":1713935246008,"pid":44,"hostname":"26d957ae-c7ab-4b65-8316-7b0c744c6531","err":{"type":"MongoServerSelectionError","message":"connection <monitor> to 13.37.162.155:27017 timed out","stack":"MongoServerSelectionError: connection <monitor> to 13.37.162.155:27017 timed out\n    at Timeout._onTimeout (/home/container/node_modules/mongodb/src/sdam/topology.ts:567:30)\n    at listOnTimeout (node:internal/timers:573:17)\n    at processTimers (node:internal/timers:514:7)","reason":{"type":"ReplicaSetNoPrimary","servers":{},"stale":false,"compatible":true,"heartbeatFrequencyMS":10000,"localThresholdMS":15,"setName":"atlas-5jecz8-shard-0","maxElectionId":"7fffffff00000000000000a9","maxSetVersion":3,"commonWireVersion":0,"logicalSessionTimeoutMinutes":30}},"msg":"Unhandled exception: connection <monitor> to 13.37.162.155:27017 timed out"}
